Replace Part C1 Cer_Cap in C:\it_works\Vit\Scope_evtA\Digital.SchDot with Cer_Cap from Capacitors.SchLib
Replace Part C2 JR100 in C:\it_works\Vit\Scope_evtA\Digital.SchDot with JR100 from Scheet.SchLib
Replace Part C3 MLCC in C:\it_works\Vit\Scope_evtA\Digital.SchDot with MLCC from Scheet.SchLib
Replace Part C4 Cer_Cap in C:\it_works\Vit\Scope_evtA\Digital.SchDot with Cer_Cap from Capacitors.SchLib
Replace Part C5 Cer_Cap in C:\it_works\Vit\Scope_evtA\Digital.SchDot with Cer_Cap from Capacitors.SchLib
Replace Part C6 Cer_Cap in C:\it_works\Vit\Scope_evtA\Digital.SchDot with Cer_Cap from Capacitors.SchLib
Replace Part C7 Cer_Cap in C:\it_works\Vit\Scope_evtA\Digital.SchDot with Cer_Cap from Capacitors.SchLib
Replace Part C8 Cer_Cap in C:\it_works\Vit\Scope_evtA\Digital.SchDot with Cer_Cap from Capacitors.SchLib
Replace Part C9 Cer_Cap in C:\it_works\Vit\Scope_evtA\Digital.SchDot with Cer_Cap from Capacitors.SchLib
Replace Part C10 MLCC in C:\it_works\Vit\Scope_evtA\Digital.SchDot with MLCC from Scheet.SchLib
Replace Part C11 MLCC in C:\it_works\Vit\Scope_evtA\Digital.SchDot with MLCC from Scheet.SchLib
Replace Part C12 MLCC in C:\it_works\Vit\Scope_evtA\Digital.SchDot with MLCC from Scheet.SchLib
Replace Part C13 MLCC in C:\it_works\Vit\Scope_evtA\Digital.SchDot with MLCC from Scheet.SchLib
Replace Part C14 MLCC in C:\it_works\Vit\Scope_evtA\Digital.SchDot with MLCC from Scheet.SchLib
Replace Part C15 MLCC in C:\it_works\Vit\Scope_evtA\Digital.SchDot with MLCC from Scheet.SchLib
Replace Part C16 MLCC in C:\it_works\Vit\Scope_evtA\Digital.SchDot with MLCC from Scheet.SchLib
Replace Part C17 MLCC in C:\it_works\Vit\Scope_evtA\Digital.SchDot with MLCC from Scheet.SchLib
Replace Part C18 MLCC in C:\it_works\Vit\Scope_evtA\Digital.SchDot with MLCC from Scheet.SchLib
Replace Part C19 MLCC in C:\it_works\Vit\Scope_evtA\Digital.SchDot with MLCC from Scheet.SchLib
Replace Part C20 MLCC in C:\it_works\Vit\Scope_evtA\Digital.SchDot with MLCC from Scheet.SchLib
Replace Part C21 MLCC in C:\it_works\Vit\Scope_evtA\Digital.SchDot with MLCC from Scheet.SchLib
Replace Part C22 MLCC in C:\it_works\Vit\Scope_evtA\Digital.SchDot with MLCC from Scheet.SchLib
Replace Part C23 MLCC in C:\it_works\Vit\Scope_evtA\Digital.SchDot with MLCC from Scheet.SchLib
Replace Part C24 MLCC in C:\it_works\Vit\Scope_evtA\Digital.SchDot with MLCC from Scheet.SchLib
Replace Part C25 MLCC in C:\it_works\Vit\Scope_evtA\Digital.SchDot with MLCC from Scheet.SchLib
Replace Part C26 MLCC in C:\it_works\Vit\Scope_evtA\Digital.SchDot with MLCC from Scheet.SchLib
Replace Part C27 MLCC in C:\it_works\Vit\Scope_evtA\Digital.SchDot with MLCC from Scheet.SchLib
Replace Part C28 MLCC in C:\it_works\Vit\Scope_evtA\Digital.SchDot with MLCC from Scheet.SchLib
Replace Part C29 MLCC in C:\it_works\Vit\Scope_evtA\Digital.SchDot with MLCC from Scheet.SchLib
Replace Part C30 MLCC in C:\it_works\Vit\Scope_evtA\Digital.SchDot with MLCC from Scheet.SchLib
Replace Part DD1 THS4551IRGTR in C:\it_works\Vit\Scope_evtA\Digital.SchDot with THS4551IRGTR from Scheet.SchLib
Replace Part DD2 STM32G491CCU6 in C:\it_works\Vit\Scope_evtA\Digital.SchDot with STM32G491CCU6 from Scheet.SchLib
Replace Part G1 CX2016SA24000F0FLLG1 in C:\it_works\Vit\Scope_evtA\Digital.SchDot with CX2016SA24000F0FLLG1 from Scheet.SchLib
Replace Part J1 112640 in C:\it_works\Vit\Scope_evtA\Digital.SchDot with 112640 from Scheet.SchLib
Replace Part J2 629004113921 in C:\it_works\Vit\Scope_evtA\Digital.SchDot with 629004113921 from Scheet.SchLib
Replace Part K1 TLP3412R in C:\it_works\Vit\Scope_evtA\Digital.SchDot with TLP3412R from Scheet.SchLib
Replace Part L1 BLM15PX471SN1D in C:\it_works\Vit\Scope_evtA\Digital.SchDot with BLM15PX471SN1D from Scheet.SchLib
Replace Part R1 Resistor SMD in C:\it_works\Vit\Scope_evtA\Digital.SchDot with Resistor SMD from Resistors.SchLib
Replace Part R2 Resistor SMD in C:\it_works\Vit\Scope_evtA\Digital.SchDot with Resistor SMD from Resistors.SchLib
Replace Part R3 Resistor SMD in C:\it_works\Vit\Scope_evtA\Digital.SchDot with Resistor SMD from Resistors.SchLib
Replace Part R4 Resistor SMD in C:\it_works\Vit\Scope_evtA\Digital.SchDot with Resistor SMD from Resistors.SchLib
Replace Part R5 Resistor SMD in C:\it_works\Vit\Scope_evtA\Digital.SchDot with Resistor SMD from Resistors.SchLib
Replace Part R6 Resistor SMD in C:\it_works\Vit\Scope_evtA\Digital.SchDot with Resistor SMD from Resistors.SchLib
Replace Part R7 Resistor SMD in C:\it_works\Vit\Scope_evtA\Digital.SchDot with Resistor SMD from Resistors.SchLib
Replace Part R8 Resistor SMD in C:\it_works\Vit\Scope_evtA\Digital.SchDot with Resistor SMD from Resistors.SchLib
Replace Part R9 Resistor SMD in C:\it_works\Vit\Scope_evtA\Digital.SchDot with Resistor SMD from Resistors.SchLib
Replace Part R10 Resistor SMD in C:\it_works\Vit\Scope_evtA\Digital.SchDot with Resistor SMD from Resistors.SchLib
Replace Part R11 Resistor SMD in C:\it_works\Vit\Scope_evtA\Digital.SchDot with Resistor SMD from Resistors.SchLib
Replace Part R12 Resistor SMD in C:\it_works\Vit\Scope_evtA\Digital.SchDot with Resistor SMD from Resistors.SchLib
Replace Part R13 Resistor SMD in C:\it_works\Vit\Scope_evtA\Digital.SchDot with Resistor SMD from Resistors.SchLib
Replace Part R14 Resistor SMD in C:\it_works\Vit\Scope_evtA\Digital.SchDot with Resistor SMD from Resistors.SchLib
Replace Part R15 SMD Resistor in C:\it_works\Vit\Scope_evtA\Digital.SchDot with SMD Resistor from Scheet.SchLib
Replace Part R16 Resistor SMD in C:\it_works\Vit\Scope_evtA\Digital.SchDot with Resistor SMD from Resistors.SchLib
Replace Part R17 SMD Resistor in C:\it_works\Vit\Scope_evtA\Digital.SchDot with SMD Resistor from Scheet.SchLib
Replace Part R18 Resistor SMD in C:\it_works\Vit\Scope_evtA\Digital.SchDot with Resistor SMD from Resistors.SchLib
Replace Part R19 Resistor SMD in C:\it_works\Vit\Scope_evtA\Digital.SchDot with Resistor SMD from Resistors.SchLib
Replace Part R20 Resistor SMD in C:\it_works\Vit\Scope_evtA\Digital.SchDot with Resistor SMD from Resistors.SchLib
Replace Part R21 Resistor SMD in C:\it_works\Vit\Scope_evtA\Digital.SchDot with Resistor SMD from Resistors.SchLib
Replace Part R22 Resistor SMD in C:\it_works\Vit\Scope_evtA\Digital.SchDot with Resistor SMD from Resistors.SchLib
Replace Part R23 Resistor SMD in C:\it_works\Vit\Scope_evtA\Digital.SchDot with Resistor SMD from Resistors.SchLib
Replace Part R24 Resistor SMD in C:\it_works\Vit\Scope_evtA\Digital.SchDot with Resistor SMD from Resistors.SchLib
Replace Part R25 Resistor SMD in C:\it_works\Vit\Scope_evtA\Digital.SchDot with Resistor SMD from Resistors.SchLib
Replace Part R26 Resistor SMD in C:\it_works\Vit\Scope_evtA\Digital.SchDot with Resistor SMD from Resistors.SchLib
Replace Part R27 Resistor SMD in C:\it_works\Vit\Scope_evtA\Digital.SchDot with Resistor SMD from Resistors.SchLib
Replace Part S1 MS093-10C in C:\it_works\Vit\Scope_evtA\Digital.SchDot with MS093-10C from Scheet.SchLib
Replace Part S2 MS093-10C in C:\it_works\Vit\Scope_evtA\Digital.SchDot with MS093-10C from Scheet.SchLib
Replace Part U1 ADS7057IRUGR in C:\it_works\Vit\Scope_evtA\Digital.SchDot with ADS7057IRUGR from Scheet.SchLib
Replace Part U2 TCR15AG33,LF in C:\it_works\Vit\Scope_evtA\Digital.SchDot with TCR15AG33,LF from Scheet.SchLib
Replace Part U3 TCR15AG33,LF in C:\it_works\Vit\Scope_evtA\Digital.SchDot with TCR15AG33,LF from Scheet.SchLib
Replace Part VD1 EZA-EG2A50AX in C:\it_works\Vit\Scope_evtA\Digital.SchDot with EZA-EG2A50AX from Scheet.SchLib
Replace Part VD2 8231706A in C:\it_works\Vit\Scope_evtA\Digital.SchDot with 8231706A from Scheet.SchLib
Replace Part VD3 8231706A in C:\it_works\Vit\Scope_evtA\Digital.SchDot with 8231706A from Scheet.SchLib
Replace Part VD4 150044M155260 in C:\it_works\Vit\Scope_evtA\Digital.SchDot with 150044M155260 from Scheet.SchLib
Replace Part VD4 150044M155260 in C:\it_works\Vit\Scope_evtA\Digital.SchDot with 150044M155260 from Scheet.SchLib
Replace Part VD4 150044M155260 in C:\it_works\Vit\Scope_evtA\Digital.SchDot with 150044M155260 from Scheet.SchLib
