Added Pin To Net: NetName=DAC_Out Pin=DD5-3
Added Pin To Net: NetName=SD_Output Pin=DD5-5
Added Pin To Net: NetName=Trig_Ref Pin=DD6-4
Added Pin To Net: NetName=SD_Input Pin=DD7-3
Added Pin To Net: NetName=D_0 Pin=DD7-17
Added Pin To Net: NetName=D_1 Pin=DD7-18
Added Pin To Net: NetName=D_2 Pin=DD7-19
Added Pin To Net: NetName=D_10 Pin=DD7-22
Added Pin To Net: NetName=D_11 Pin=DD7-24
Added Pin To Net: NetName=D_12 Pin=DD7-25
Added Pin To Net: NetName=D_13 Pin=DD7-26
Added Pin To Net: NetName=USB_N Pin=DD7-33
Added Pin To Net: NetName=USB_P Pin=DD7-34
Added Pin To Net: NetName=Trig Pin=DD7-38
Added Pin To Net: NetName=D_3 Pin=DD7-41
Added Pin To Net: NetName=D_4 Pin=DD7-42
Added Pin To Net: NetName=D_5 Pin=DD7-43
Added Pin To Net: NetName=D_6 Pin=DD7-44
Added Pin To Net: NetName=D_7 Pin=DD7-45
Added Pin To Net: NetName=D_8 Pin=DD7-46
Added Pin To Net: NetName=D_9 Pin=DD7-47
Added Pin To Net: NetName=ADC_CLK Pin=R21-2
Added Pin To Net: NetName=OTR Pin=R41-1
Added Pin To Net: NetName=PDWN Pin=R42-1
Added Pin To Net: NetName=Sense Pin=R45-1
Added Pin To Net: NetName=Mode Pin=R47-2
Added Pin To Net: NetName=Mode Pin=R48-1
Added Pin To Net: NetName=USB_Pin Pin=R49-1
