Removed Pin From Net: NetName=NetC51_2 Pin=C51-2
Removed Pin From Net: NetName=NetC53_1 Pin=C53-1
Removed Pin From Net: NetName=NetC5_1 Pin=FB1-1
Removed Pin From Net: NetName=+Vin Pin=FB1-2
Removed Pin From Net: NetName=NetC16_1 Pin=FB2-1
Removed Pin From Net: NetName=+Vboost Pin=FB2-2
Removed Pin From Net: NetName=NetC34_1 Pin=FB3-1
Removed Pin From Net: NetName=-Vneg Pin=FB3-2
Removed Pin From Net: NetName=NetC43_1 Pin=FB4-1
Removed Pin From Net: NetName=+3.3VADC Pin=FB4-2
Removed Member From Class: ClassName=Analog Member=C75
Removed Member From Class: ClassName=Analog Member=C76
Change Component Footprint: Designator=FB1 Old Footprint=R0402 New Footprint=L0603
Change Component Footprint: Designator=FB2 Old Footprint=R0402 New Footprint=L0603
Change Component Footprint: Designator=FB3 Old Footprint=R0402 New Footprint=L0603
Change Component Footprint: Designator=FB4 Old Footprint=R0402 New Footprint=L0603
Change Component Comment : Designator=FB1 Old Comment=BLM15PX471SN1D New Comment=MPZ1608S102ATA00
Change Component Comment : Designator=FB2 Old Comment=BLM15PX471SN1D New Comment=MPZ1608S102ATA00
Change Component Comment : Designator=FB3 Old Comment=BLM15PX471SN1D New Comment=MPZ1608S102ATA00
Change Component Comment : Designator=FB4 Old Comment=BLM15PX471SN1D New Comment=MPZ1608S102ATA00
Change Component Designator: OldDesignator=C52 NewDesignator=C51
Change Component Designator: OldDesignator=C54 NewDesignator=C52
Change Component Designator: OldDesignator=C55 NewDesignator=C53
Change Component Designator: OldDesignator=C56 NewDesignator=C54
Change Component Designator: OldDesignator=C57 NewDesignator=C55
Change Component Designator: OldDesignator=C58 NewDesignator=C56
Change Component Designator: OldDesignator=C59 NewDesignator=C57
Change Component Designator: OldDesignator=C60 NewDesignator=C58
Change Component Designator: OldDesignator=C61 NewDesignator=C59
Change Component Designator: OldDesignator=C62 NewDesignator=C60
Change Component Designator: OldDesignator=C63 NewDesignator=C61
Change Component Designator: OldDesignator=C64 NewDesignator=C62
Change Component Designator: OldDesignator=C65 NewDesignator=C63
Change Component Designator: OldDesignator=C66 NewDesignator=C64
Change Component Designator: OldDesignator=C67 NewDesignator=C65
Change Component Designator: OldDesignator=C68 NewDesignator=C66
Change Component Designator: OldDesignator=C69 NewDesignator=C67
Change Component Designator: OldDesignator=C70 NewDesignator=C68
Change Component Designator: OldDesignator=C71 NewDesignator=C69
Change Component Designator: OldDesignator=C72 NewDesignator=C70
Change Component Designator: OldDesignator=C73 NewDesignator=C71
Change Component Designator: OldDesignator=C74 NewDesignator=C72
Change Component Designator: OldDesignator=C75 NewDesignator=C73
Change Component Designator: OldDesignator=C76 NewDesignator=C74
Change Component Designator: OldDesignator=C77 NewDesignator=C75
Change Component Designator: OldDesignator=C78 NewDesignator=C76
Change Component Designator: OldDesignator=C79 NewDesignator=C77
Change Component Designator: OldDesignator=C80 NewDesignator=C78
Change Component Designator: OldDesignator=C81 NewDesignator=C79
Change Component Designator: OldDesignator=C82 NewDesignator=C80
Change Component Designator: OldDesignator=C83 NewDesignator=C81
Change Component Designator: OldDesignator=C84 NewDesignator=C82
Change Component Designator: OldDesignator=C85 NewDesignator=C83
Change Component Designator: OldDesignator=C86 NewDesignator=C84
Change component parameters: Designator = "FB1" ("FB1"); Footprint = "R0402"; UniqueID = "\MLUKSNKW" ("\MLUKSNKW")
Change component parameters (AddParameter): Name = "Case"; Value = "0603"; VariantName = "[No Variations]"
Change component parameters (AddParameter): Name = "Component Type"; Value = "Ferrite Beads"; VariantName = "[No Variations]"
Change component parameters (AddParameter): Name = "ComponentLink1Description"; Value = "Datasheet"; VariantName = "[No Variations]"
Change component parameters (AddParameter): Name = "ComponentLink1URL"; Value = "https://product.tdk.com/system/files/dam/doc/product/emc/emc/beads/catalog/beads_commercial_power_mpz1608_en.pdf"; VariantName = "[No Variations]"
Change component parameters (AddParameter): Name = "ComponentLink2Description"; Value = "Link"; VariantName = "[No Variations]"
Change component parameters (AddParameter): Name = "ComponentLink2URL"; Value = "https://eu.mouser.com/ProductDetail/TDK/MPZ1608S102ATA00?qs=8Kz9Wu9QwqXjw56MUD5REw%3D%3D"; VariantName = "[No Variations]"
Change component parameters (AddParameter): Name = "Manufacturer"; Value = "TDK"; VariantName = "[No Variations]"
Change component parameters (AddParameter): Name = "P/N"; Value = "MPZ1608S102ATA00"; VariantName = "[No Variations]"
Change component parameters (AddParameter): Name = "Value"; Value = "1k"; VariantName = "[No Variations]"
Change component parameters: Designator = "FB2" ("FB2"); Footprint = "R0402"; UniqueID = "\DTKFDVBA" ("\DTKFDVBA")
Change component parameters (AddParameter): Name = "Case"; Value = "0603"; VariantName = "[No Variations]"
Change component parameters (AddParameter): Name = "Component Type"; Value = "Ferrite Beads"; VariantName = "[No Variations]"
Change component parameters (AddParameter): Name = "ComponentLink1Description"; Value = "Datasheet"; VariantName = "[No Variations]"
Change component parameters (AddParameter): Name = "ComponentLink1URL"; Value = "https://product.tdk.com/system/files/dam/doc/product/emc/emc/beads/catalog/beads_commercial_power_mpz1608_en.pdf"; VariantName = "[No Variations]"
Change component parameters (AddParameter): Name = "ComponentLink2Description"; Value = "Link"; VariantName = "[No Variations]"
Change component parameters (AddParameter): Name = "ComponentLink2URL"; Value = "https://eu.mouser.com/ProductDetail/TDK/MPZ1608S102ATA00?qs=8Kz9Wu9QwqXjw56MUD5REw%3D%3D"; VariantName = "[No Variations]"
Change component parameters (AddParameter): Name = "Manufacturer"; Value = "TDK"; VariantName = "[No Variations]"
Change component parameters (AddParameter): Name = "P/N"; Value = "MPZ1608S102ATA00"; VariantName = "[No Variations]"
Change component parameters (AddParameter): Name = "Value"; Value = "1k"; VariantName = "[No Variations]"
Change component parameters: Designator = "FB3" ("FB3"); Footprint = "R0402"; UniqueID = "\BFILEEBR" ("\BFILEEBR")
Change component parameters (AddParameter): Name = "Case"; Value = "0603"; VariantName = "[No Variations]"
Change component parameters (AddParameter): Name = "Component Type"; Value = "Ferrite Beads"; VariantName = "[No Variations]"
Change component parameters (AddParameter): Name = "ComponentLink1Description"; Value = "Datasheet"; VariantName = "[No Variations]"
Change component parameters (AddParameter): Name = "ComponentLink1URL"; Value = "https://product.tdk.com/system/files/dam/doc/product/emc/emc/beads/catalog/beads_commercial_power_mpz1608_en.pdf"; VariantName = "[No Variations]"
Change component parameters (AddParameter): Name = "ComponentLink2Description"; Value = "Link"; VariantName = "[No Variations]"
Change component parameters (AddParameter): Name = "ComponentLink2URL"; Value = "https://eu.mouser.com/ProductDetail/TDK/MPZ1608S102ATA00?qs=8Kz9Wu9QwqXjw56MUD5REw%3D%3D"; VariantName = "[No Variations]"
Change component parameters (AddParameter): Name = "Manufacturer"; Value = "TDK"; VariantName = "[No Variations]"
Change component parameters (AddParameter): Name = "P/N"; Value = "MPZ1608S102ATA00"; VariantName = "[No Variations]"
Change component parameters (AddParameter): Name = "Value"; Value = "1k"; VariantName = "[No Variations]"
Change component parameters: Designator = "FB4" ("FB4"); Footprint = "R0402"; UniqueID = "\KAZVPDSW" ("\KAZVPDSW")
Change component parameters (AddParameter): Name = "Case"; Value = "0603"; VariantName = "[No Variations]"
Change component parameters (AddParameter): Name = "Component Type"; Value = "Ferrite Beads"; VariantName = "[No Variations]"
Change component parameters (AddParameter): Name = "ComponentLink1Description"; Value = "Datasheet"; VariantName = "[No Variations]"
Change component parameters (AddParameter): Name = "ComponentLink1URL"; Value = "https://product.tdk.com/system/files/dam/doc/product/emc/emc/beads/catalog/beads_commercial_power_mpz1608_en.pdf"; VariantName = "[No Variations]"
Change component parameters (AddParameter): Name = "ComponentLink2Description"; Value = "Link"; VariantName = "[No Variations]"
Change component parameters (AddParameter): Name = "ComponentLink2URL"; Value = "https://eu.mouser.com/ProductDetail/TDK/MPZ1608S102ATA00?qs=8Kz9Wu9QwqXjw56MUD5REw%3D%3D"; VariantName = "[No Variations]"
Change component parameters (AddParameter): Name = "Manufacturer"; Value = "TDK"; VariantName = "[No Variations]"
Change component parameters (AddParameter): Name = "P/N"; Value = "MPZ1608S102ATA00"; VariantName = "[No Variations]"
Change component parameters (AddParameter): Name = "Value"; Value = "1k"; VariantName = "[No Variations]"
Added Pin To Net: NetName=NetC5_1 Pin=FB1-2
Added Pin To Net: NetName=NetC16_1 Pin=FB2-2
Added Pin To Net: NetName=NetC34_1 Pin=FB3-2
Added Pin To Net: NetName=NetC43_1 Pin=FB4-2
Change Net Name : Old Net Name=NetC51_2 New Net Name=NetDA2_11
Change Net Name : Old Net Name=NetC52_1 New Net Name=NetC51_1
Change Net Name : Old Net Name=NetC53_1 New Net Name=NetDA2_9
Change Net Name : Old Net Name=NetC56_1 New Net Name=NetC54_1
Change Net Name : Old Net Name=NetC70_1 New Net Name=NetC68_1
Change Net Name : Old Net Name=NetC70_2 New Net Name=NetC68_2
Change Net Name : Old Net Name=NetC72_2 New Net Name=NetC70_2
Change Net Name : Old Net Name=NetC77_1 New Net Name=NetC75_1
Change Net Name : Old Net Name=NetC78_1 New Net Name=NetC76_1
Added Room: Name=Analog
Added Room: Name=MCU
Added Room: Name=Power
