Removed Pin From Net: NetName=GND Pin=C3-1
Removed Pin From Net: NetName=+3.3VADC Pin=C3-2
Removed Pin From Net: NetName=GND Pin=C4-1
Removed Pin From Net: NetName=+3.3VDC Pin=C4-2
Removed Pin From Net: NetName=+3.3VADC Pin=C12-1
Removed Pin From Net: NetName=GND Pin=C12-2
Removed Pin From Net: NetName=+3.3VDC Pin=C13-1
Removed Pin From Net: NetName=GND Pin=C13-2
Removed Pin From Net: NetName=AC/DC Pin=K1-1
Removed Pin From Net: NetName=GND Pin=K1-2
Removed Pin From Net: NetName=NetC6_2 Pin=K1-3
Removed Pin From Net: NetName=NetC2_1 Pin=K1-4
Removed Pin From Net: NetName=NetJ2_1 Pin=L1-1
Removed Pin From Net: NetName=GND Pin=L1-3
Removed Pin From Net: NetName=+Vin Pin=L1-4
Removed Pin From Net: NetName=USB_P Pin=R16-1
Removed Pin From Net: NetName=+3.3VDC Pin=R16-2
Removed Pin From Net: NetName=LED_R Pin=R22-1
Removed Pin From Net: NetName=LED_G Pin=R24-1
Removed Pin From Net: NetName=NetDD2_12 Pin=R25-1
Removed Pin From Net: NetName=LED_B Pin=R26-1
Removed Pin From Net: NetName=NetDD2_18 Pin=R27-1
Change Component Footprint: Designator=L1 Old Footprint=1210 inductance New Footprint=R0402
Change Component Comment : Designator=R14 Old Comment=* New Comment=22 R
Change Component Comment : Designator=R15 Old Comment=* New Comment=22 R
Change Component Comment : Designator=L1 Old Comment=ACT32P-102-2P-TL01 New Comment=BLM15PX471SN1D
Change Component Designator: OldDesignator=C5 NewDesignator=C3
Change Component Designator: OldDesignator=C6 NewDesignator=C4
Change Component Designator: OldDesignator=C7 NewDesignator=C5
Change Component Designator: OldDesignator=C8 NewDesignator=C6
Change Component Designator: OldDesignator=C9 NewDesignator=C7
Change Component Designator: OldDesignator=C10 NewDesignator=C8
Change Component Designator: OldDesignator=C11 NewDesignator=C9
Change Component Designator: OldDesignator=C14 NewDesignator=C11
Change Component Designator: OldDesignator=C15 NewDesignator=C12
Change Component Designator: OldDesignator=C16 NewDesignator=C13
Change Component Designator: OldDesignator=C17 NewDesignator=C14
Change Component Designator: OldDesignator=C18 NewDesignator=C15
Change Component Designator: OldDesignator=C19 NewDesignator=C16
Change Component Designator: OldDesignator=C20 NewDesignator=C17
Change Component Designator: OldDesignator=C21 NewDesignator=C18
Change Component Designator: OldDesignator=C22 NewDesignator=C19
Change Component Designator: OldDesignator=C23 NewDesignator=C20
Change Component Designator: OldDesignator=C24 NewDesignator=C21
Change Component Designator: OldDesignator=C25 NewDesignator=C22
Change Component Designator: OldDesignator=C26 NewDesignator=C23
Change Component Designator: OldDesignator=C27 NewDesignator=C24
Change Component Designator: OldDesignator=C28 NewDesignator=C25
Change Component Designator: OldDesignator=C29 NewDesignator=C26
Change Component Designator: OldDesignator=C30 NewDesignator=C27
Change Component Designator: OldDesignator=C31 NewDesignator=C28
Change Component Designator: OldDesignator=R17 NewDesignator=R16
Change Component Designator: OldDesignator=R18 NewDesignator=R17
Change Component Designator: OldDesignator=R19 NewDesignator=R18
Change Component Designator: OldDesignator=R20 NewDesignator=R19
Change Component Designator: OldDesignator=R21 NewDesignator=R20
Change Component Designator: OldDesignator=R23 NewDesignator=R21
Change Component Designator: OldDesignator=R27 NewDesignator=R23
Change Component Designator: OldDesignator=R28 NewDesignator=R27
Change Component Designator: OldDesignator=R29 NewDesignator=R28
Change component parameters: Designator = "R14" ("R14"); Footprint = "R0402"; UniqueID = "\KUFQLVRX" ("\KUFQLVRX")
Change component parameters (AddParameter): Name = "Case"; Value = "R0402"; VariantName = "[No Variations]"
Change component parameters (AddParameter): Name = "ComponentLink1Description"; Value = "Datasheet"; VariantName = "[No Variations]"
Change component parameters (AddParameter): Name = "ComponentLink1URL"; Value = ""; VariantName = "[No Variations]"
Change component parameters (AddParameter): Name = "ComponentLink2Description"; Value = "Link"; VariantName = "[No Variations]"
Change component parameters (AddParameter): Name = "ComponentLink2URL"; Value = ""; VariantName = "[No Variations]"
Change component parameters (AddParameter): Name = "Manufacturer"; Value = ""; VariantName = "[No Variations]"
Change component parameters (AddParameter): Name = "P/N"; Value = ""; VariantName = "[No Variations]"
Change component parameters (AddParameter): Name = "Value"; Value = "22 R"; VariantName = "[No Variations]"
Change component parameters: Designator = "R15" ("R15"); Footprint = "R0402"; UniqueID = "\EISVPSZY" ("\EISVPSZY")
Change component parameters (AddParameter): Name = "Case"; Value = "R0402"; VariantName = "[No Variations]"
Change component parameters (AddParameter): Name = "ComponentLink1Description"; Value = "Datasheet"; VariantName = "[No Variations]"
Change component parameters (AddParameter): Name = "ComponentLink1URL"; Value = ""; VariantName = "[No Variations]"
Change component parameters (AddParameter): Name = "ComponentLink2Description"; Value = "Link"; VariantName = "[No Variations]"
Change component parameters (AddParameter): Name = "ComponentLink2URL"; Value = ""; VariantName = "[No Variations]"
Change component parameters (AddParameter): Name = "Manufacturer"; Value = ""; VariantName = "[No Variations]"
Change component parameters (AddParameter): Name = "P/N"; Value = ""; VariantName = "[No Variations]"
Change component parameters (AddParameter): Name = "Value"; Value = "22 R"; VariantName = "[No Variations]"
Change component parameters: Designator = "L1" ("L1"); Footprint = "1210 inductance"; UniqueID = "\QRIFXOYA" ("\QRIFXOYA")
Change component parameters (AddParameter): Name = "Case"; Value = "0402"; VariantName = "[No Variations]"
Change component parameters (AddParameter): Name = "Component Type"; Value = "Ferrite Beads"; VariantName = "[No Variations]"
Change component parameters (AddParameter): Name = "ComponentLink1Description"; Value = "Datasheet"; VariantName = "[No Variations]"
Change component parameters (AddParameter): Name = "ComponentLink1URL"; Value = "https://eu.mouser.com/datasheet/2/281/ENFA0018-1915754.pdf"; VariantName = "[No Variations]"
Change component parameters (AddParameter): Name = "ComponentLink2Description"; Value = "Link"; VariantName = "[No Variations]"
Change component parameters (AddParameter): Name = "ComponentLink2URL"; Value = "https://eu.mouser.com/ProductDetail/Murata-Electronics/BLM15PX471SN1D?qs=eTNEoJdcnEJgxrnv%252BsVZMw%3D%3D"; VariantName = "[No Variations]"
Change component parameters (AddParameter): Name = "Manufacturer"; Value = "Murata"; VariantName = "[No Variations]"
Change component parameters (AddParameter): Name = "P/N"; Value = "BLM15PX471SN1D"; VariantName = "[No Variations]"
Change component parameters (AddParameter): Name = "Value"; Value = "470 Ohms, 1A"; VariantName = "[No Variations]"
Added Component: Designator=C10(C0402)
Add component (AddParameter): Name = "Case"; Value = ""; VariantName = "[No Variations]"
Add component (AddParameter): Name = "Component Type"; Value = ""; VariantName = "[No Variations]"
Add component (AddParameter): Name = "ComponentLink1Description"; Value = "Link"; VariantName = "[No Variations]"
Add component (AddParameter): Name = "ComponentLink1URL"; Value = ""; VariantName = "[No Variations]"
Add component (AddParameter): Name = "ComponentLink2Description"; Value = "Datasheet"; VariantName = "[No Variations]"
Add component (AddParameter): Name = "ComponentLink2URL"; Value = ""; VariantName = "[No Variations]"
Add component (AddParameter): Name = "Manufacturer"; Value = ""; VariantName = "[No Variations]"
Add component (AddParameter): Name = "P/N"; Value = ""; VariantName = "[No Variations]"
Add component (AddParameter): Name = "Value"; Value = ""; VariantName = "[No Variations]"
Added Component: Designator=JP1(Solder Bridge Jumper)
Add component (AddParameter): Name = "Case"; Value = ""; VariantName = "[No Variations]"
Add component (AddParameter): Name = "Component Type"; Value = ""; VariantName = "[No Variations]"
Add component (AddParameter): Name = "ComponentLink1Description"; Value = "Datasheet"; VariantName = "[No Variations]"
Add component (AddParameter): Name = "ComponentLink1URL"; Value = ""; VariantName = "[No Variations]"
Add component (AddParameter): Name = "ComponentLink2Description"; Value = "Link"; VariantName = "[No Variations]"
Add component (AddParameter): Name = "ComponentLink2URL"; Value = ""; VariantName = "[No Variations]"
Add component (AddParameter): Name = "Manufacturer"; Value = ""; VariantName = "[No Variations]"
Add component (AddParameter): Name = "P/N"; Value = "Open"; VariantName = "[No Variations]"
Add component (AddParameter): Name = "Value"; Value = ""; VariantName = "[No Variations]"
Added Pin To Net: NetName=GND Pin=C10-2
Added Pin To Net: NetName=GND Pin=J2-4
Added Pin To Net: NetName=GND Pin=JP1-1
Added Pin To Net: NetName=NetC2_1 Pin=K1-1
Added Pin To Net: NetName=NetC6_2 Pin=K1-2
Added Pin To Net: NetName=GND Pin=K1-3
Added Pin To Net: NetName=AC/DC Pin=K1-4
Added Pin To Net: NetName=NetJ2_1 Pin=L1-2
Added Pin To Net: NetName=+3.3VADC Pin=R22-2
Added Pin To Net: NetName=NetDD2_12 Pin=R23-1
Added Pin To Net: NetName=NetDD2_18 Pin=R24-1
Added Pin To Net: NetName=LED_R Pin=R24-2
Added Pin To Net: NetName=LED_G Pin=R25-2
Added Pin To Net: NetName=LED_B Pin=R26-2
Change Net Name : Old Net Name=NetC6_2 New Net Name=NetC4_2
Change Net Name : Old Net Name=NetC8_2 New Net Name=NetC6_2
Change Net Name : Old Net Name=NetC9_1 New Net Name=NetC7_1
Change Net Name : Old Net Name=NetC9_2 New Net Name=NetC7_2
Change Net Name : Old Net Name=NetC10_1 New Net Name=NetC8_1
Change Net Name : Old Net Name=NetC11_1 New Net Name=NetC9_1
Change Net Name : Old Net Name=NetC16_1 New Net Name=NetC13_1
Change Net Name : Old Net Name=NetC26_1 New Net Name=NetC23_1
Added Pin To Net: NetName=NetC10_1 Pin=C10-1
Added Pin To Net: NetName=NetC10_1 Pin=DD2-31
Added Pin To Net: NetName=NetC10_1 Pin=JP1-2
Added Pin To Net: NetName=NetC10_1 Pin=R22-1
Added Net: Name=NetC10_1
Added Pin To Net: NetName=NetDD2_19 Pin=DD2-19
Added Pin To Net: NetName=NetDD2_19 Pin=R25-1
Added Net: Name=NetDD2_19
Added Pin To Net: NetName=NetDD2_20 Pin=DD2-20
Added Pin To Net: NetName=NetDD2_20 Pin=R26-1
Added Net: Name=NetDD2_20
Added Member To Class: ClassName=Digital Member=Component C26 *
Added Member To Class: ClassName=Digital Member=Component JP1 Open
Added Member To Class: ClassName=Digital Member=Component R13 0
Added Member To Class: ClassName=Digital Member=Component R15 22 R
Added Member To Class: ClassName=Digital Member=Component R17 *
Added Member To Class: ClassName=Digital Member=Component R18 1M
Added Member To Class: ClassName=Digital Member=Component R20 *
Added Member To Class: ClassName=Digital Member=Component R21 *
Added Member To Class: ClassName=Digital Member=Component R22 *
Added Room: Name=Digital
