Removed Pin From Net: NetName=NetC1_2 Pin=DD1-2
Removed Pin From Net: NetName=NetC5_2 Pin=DD1-3
Removed Pin From Net: NetName=GND Pin=DD1-13
Removed Pin From Net: NetName=GND Pin=DD1-13
Removed Pin From Net: NetName=GND Pin=DD1-14
Removed Pin From Net: NetName=GND Pin=DD1-15
Removed Pin From Net: NetName=GND Pin=DD1-16
Removed Pin From Net: NetName=GND Pin=J2-0
Removed Pin From Net: NetName=GND Pin=J2-0
Removed Pin From Net: NetName=GND Pin=J2-4
Change Component Footprint: Designator=DD1 Old Footprint=VQFN-16 New Footprint=QFN-10
Change Component Designator: OldDesignator=C2 NewDesignator=C3
Change Component Designator: OldDesignator=C3 NewDesignator=C4
Change Component Designator: OldDesignator=C4 NewDesignator=C2
Change Component Designator: OldDesignator=C5 NewDesignator=C8
Change Component Designator: OldDesignator=C6 NewDesignator=C9
Change Component Designator: OldDesignator=C7 NewDesignator=C6
Change Component Designator: OldDesignator=C8 NewDesignator=C7
Change Component Designator: OldDesignator=C9 NewDesignator=C10
Change Component Designator: OldDesignator=C10 NewDesignator=C11
Change Component Designator: OldDesignator=C11 NewDesignator=C14
Change Component Designator: OldDesignator=C12 NewDesignator=C15
Change Component Designator: OldDesignator=C13 NewDesignator=C23
Change Component Designator: OldDesignator=C14 NewDesignator=C24
Change Component Designator: OldDesignator=C15 NewDesignator=C16
Change Component Designator: OldDesignator=C16 NewDesignator=C17
Change Component Designator: OldDesignator=C17 NewDesignator=C18
Change Component Designator: OldDesignator=C18 NewDesignator=C19
Change Component Designator: OldDesignator=C19 NewDesignator=C20
Change Component Designator: OldDesignator=C20 NewDesignator=C21
Change Component Designator: OldDesignator=C21 NewDesignator=C22
Change Component Designator: OldDesignator=C22 NewDesignator=C25
Change Component Designator: OldDesignator=C23 NewDesignator=C26
Change Component Designator: OldDesignator=C24 NewDesignator=C27
Change Component Designator: OldDesignator=C25 NewDesignator=C28
Change Component Designator: OldDesignator=C26 NewDesignator=C29
Change Component Designator: OldDesignator=C27 NewDesignator=C30
Change Component Designator: OldDesignator=R4 NewDesignator=R6
Change Component Designator: OldDesignator=R5 NewDesignator=R4
Change Component Designator: OldDesignator=R6 NewDesignator=R5
Change Component Designator: OldDesignator=R9 NewDesignator=R11
Change Component Designator: OldDesignator=R10 NewDesignator=R9
Change Component Designator: OldDesignator=R11 NewDesignator=R10
Change Component Designator: OldDesignator=S1 NewDesignator=S2
Change Component Designator: OldDesignator=S2 NewDesignator=S1
Added Component: Designator=C5(C0402)
Add component (AddParameter): Name = "Case"; Value = ""; VariantName = "[No Variations]"
Add component (AddParameter): Name = "Component Type"; Value = ""; VariantName = "[No Variations]"
Add component (AddParameter): Name = "ComponentLink1Description"; Value = "Link"; VariantName = "[No Variations]"
Add component (AddParameter): Name = "ComponentLink1URL"; Value = ""; VariantName = "[No Variations]"
Add component (AddParameter): Name = "ComponentLink2Description"; Value = "Datasheet"; VariantName = "[No Variations]"
Add component (AddParameter): Name = "ComponentLink2URL"; Value = ""; VariantName = "[No Variations]"
Add component (AddParameter): Name = "Manufacturer"; Value = ""; VariantName = "[No Variations]"
Add component (AddParameter): Name = "P/N"; Value = ""; VariantName = "[No Variations]"
Add component (AddParameter): Name = "Value"; Value = ""; VariantName = "[No Variations]"
Added Component: Designator=C12(C0402)
Add component (AddParameter): Name = "Case"; Value = ""; VariantName = "[No Variations]"
Add component (AddParameter): Name = "Component Type"; Value = ""; VariantName = "[No Variations]"
Add component (AddParameter): Name = "ComponentLink1Description"; Value = "Link"; VariantName = "[No Variations]"
Add component (AddParameter): Name = "ComponentLink1URL"; Value = ""; VariantName = "[No Variations]"
Add component (AddParameter): Name = "ComponentLink2Description"; Value = "Datasheet"; VariantName = "[No Variations]"
Add component (AddParameter): Name = "ComponentLink2URL"; Value = ""; VariantName = "[No Variations]"
Add component (AddParameter): Name = "Manufacturer"; Value = ""; VariantName = "[No Variations]"
Add component (AddParameter): Name = "P/N"; Value = ""; VariantName = "[No Variations]"
Add component (AddParameter): Name = "Value"; Value = ""; VariantName = "[No Variations]"
Added Component: Designator=C13(C0402)
Add component (AddParameter): Name = "Case"; Value = ""; VariantName = "[No Variations]"
Add component (AddParameter): Name = "Component Type"; Value = ""; VariantName = "[No Variations]"
Add component (AddParameter): Name = "ComponentLink1Description"; Value = "Link"; VariantName = "[No Variations]"
Add component (AddParameter): Name = "ComponentLink1URL"; Value = ""; VariantName = "[No Variations]"
Add component (AddParameter): Name = "ComponentLink2Description"; Value = "Datasheet"; VariantName = "[No Variations]"
Add component (AddParameter): Name = "ComponentLink2URL"; Value = ""; VariantName = "[No Variations]"
Add component (AddParameter): Name = "Manufacturer"; Value = ""; VariantName = "[No Variations]"
Add component (AddParameter): Name = "P/N"; Value = ""; VariantName = "[No Variations]"
Add component (AddParameter): Name = "Value"; Value = ""; VariantName = "[No Variations]"
Added Component: Designator=DD2(UFQFPN-32)
Add component (AddParameter): Name = "Case"; Value = "UFQFPN-48"; VariantName = "[No Variations]"
Add component (AddParameter): Name = "Component Type"; Value = "ARM Microcontrollers - MCU"; VariantName = "[No Variations]"
Add component (AddParameter): Name = "ComponentLink1Description"; Value = "Datasheet"; VariantName = "[No Variations]"
Add component (AddParameter): Name = "ComponentLink1URL"; Value = "https://eu.mouser.com/datasheet/2/389/stm32g491cc-2079910.pdf"; VariantName = "[No Variations]"
Add component (AddParameter): Name = "ComponentLink2Description"; Value = "Link"; VariantName = "[No Variations]"
Add component (AddParameter): Name = "ComponentLink2URL"; Value = "https://eu.mouser.com/ProductDetail/STMicroelectronics/STM32G491CCU6?qs=eP2BKZSCXI7DW1LAe4ydBg%3D%3D"; VariantName = "[No Variations]"
Add component (AddParameter): Name = "Manufacturer"; Value = "STMicroelectronics"; VariantName = "[No Variations]"
Add component (AddParameter): Name = "P/N"; Value = "STM32G491CCU6"; VariantName = "[No Variations]"
Add component (AddParameter): Name = "Value"; Value = "170 MHz, 256 kB,  4 x 12 bit"; VariantName = "[No Variations]"
Added Component: Designator=G1(Crystal_3.2_2.5_mm)
Add component (AddParameter): Name = "Case"; Value = "3.2 mm x 2.5 mm"; VariantName = "[No Variations]"
Add component (AddParameter): Name = "Component Type"; Value = "Crystals"; VariantName = "[No Variations]"
Add component (AddParameter): Name = "ComponentLink1Description"; Value = "Datasheet"; VariantName = "[No Variations]"
Add component (AddParameter): Name = "ComponentLink1URL"; Value = "https://www.mouser.de/datasheet/2/122/ECX_33Q-938166.pdf"; VariantName = "[No Variations]"
Add component (AddParameter): Name = "ComponentLink2Description"; Value = "Link"; VariantName = "[No Variations]"
Add component (AddParameter): Name = "ComponentLink2URL"; Value = "https://www.mouser.de/ProductDetail/ECS/ECS-160-12-33Q-JES-TR?qs=%2FnKYMpMO73PYvRaxa9KuKg%3D%3D"; VariantName = "[No Variations]"
Add component (AddParameter): Name = "Manufacturer"; Value = "ECS"; VariantName = "[No Variations]"
Add component (AddParameter): Name = "P/N"; Value = "ECS-160-12-33Q-JES-TR"; VariantName = "[No Variations]"
Add component (AddParameter): Name = "Value"; Value = "16 MHz"; VariantName = "[No Variations]"
Added Component: Designator=L1(1808 (4520 metric))
Add component (AddParameter): Name = "Case"; Value = "1808"; VariantName = "[No Variations]"
Add component (AddParameter): Name = "Component Type"; Value = "Common Mode Chokes / Filters"; VariantName = "[No Variations]"
Add component (AddParameter): Name = "ComponentLink1Description"; Value = "Datasheet"; VariantName = "[No Variations]"
Add component (AddParameter): Name = "ComponentLink1URL"; Value = "https://product.tdk.com/system/files/dam/doc/product/emc/emc/cmf_cmc/catalog/cmf_commercial_power_acm4520_en.pdf"; VariantName = "[No Variations]"
Add component (AddParameter): Name = "ComponentLink2Description"; Value = "Link"; VariantName = "[No Variations]"
Add component (AddParameter): Name = "ComponentLink2URL"; Value = "https://eu.mouser.com/ProductDetail/TDK/ACM4520-142-2P-T000?qs=LqEMasVbnSh%2FQElecwEc%252Bg%3D%3D"; VariantName = "[No Variations]"
Add component (AddParameter): Name = "Manufacturer"; Value = "TDK"; VariantName = "[No Variations]"
Add component (AddParameter): Name = "P/N"; Value = "ACM4520-142-2P-T000"; VariantName = "[No Variations]"
Add component (AddParameter): Name = "Value"; Value = "2.5 uH, 1400 Ohms, 1.5 A"; VariantName = "[No Variations]"
Added Component: Designator=R13(R0402)
Add component (AddParameter): Name = "Case"; Value = "R0402"; VariantName = "[No Variations]"
Add component (AddParameter): Name = "ComponentLink1Description"; Value = "Datasheet"; VariantName = "[No Variations]"
Add component (AddParameter): Name = "ComponentLink1URL"; Value = ""; VariantName = "[No Variations]"
Add component (AddParameter): Name = "ComponentLink2Description"; Value = "Link"; VariantName = "[No Variations]"
Add component (AddParameter): Name = "ComponentLink2URL"; Value = ""; VariantName = "[No Variations]"
Add component (AddParameter): Name = "Manufacturer"; Value = ""; VariantName = "[No Variations]"
Add component (AddParameter): Name = "P/N"; Value = ""; VariantName = "[No Variations]"
Add component (AddParameter): Name = "Value"; Value = ""; VariantName = "[No Variations]"
Added Component: Designator=R14(R0402)
Add component (AddParameter): Name = "Case"; Value = "R0402"; VariantName = "[No Variations]"
Add component (AddParameter): Name = "ComponentLink1Description"; Value = "Datasheet"; VariantName = "[No Variations]"
Add component (AddParameter): Name = "ComponentLink1URL"; Value = ""; VariantName = "[No Variations]"
Add component (AddParameter): Name = "ComponentLink2Description"; Value = "Link"; VariantName = "[No Variations]"
Add component (AddParameter): Name = "ComponentLink2URL"; Value = ""; VariantName = "[No Variations]"
Add component (AddParameter): Name = "Manufacturer"; Value = ""; VariantName = "[No Variations]"
Add component (AddParameter): Name = "P/N"; Value = ""; VariantName = "[No Variations]"
Add component (AddParameter): Name = "Value"; Value = ""; VariantName = "[No Variations]"
Added Component: Designator=R15(R0402)
Add component (AddParameter): Name = "Case"; Value = "R0402"; VariantName = "[No Variations]"
Add component (AddParameter): Name = "ComponentLink1Description"; Value = "Datasheet"; VariantName = "[No Variations]"
Add component (AddParameter): Name = "ComponentLink1URL"; Value = ""; VariantName = "[No Variations]"
Add component (AddParameter): Name = "ComponentLink2Description"; Value = "Link"; VariantName = "[No Variations]"
Add component (AddParameter): Name = "ComponentLink2URL"; Value = ""; VariantName = "[No Variations]"
Add component (AddParameter): Name = "Manufacturer"; Value = ""; VariantName = "[No Variations]"
Add component (AddParameter): Name = "P/N"; Value = ""; VariantName = "[No Variations]"
Add component (AddParameter): Name = "Value"; Value = ""; VariantName = "[No Variations]"
Added Component: Designator=R16(R0402)
Add component (AddParameter): Name = "Case"; Value = "R0402"; VariantName = "[No Variations]"
Add component (AddParameter): Name = "ComponentLink1Description"; Value = "Datasheet"; VariantName = "[No Variations]"
Add component (AddParameter): Name = "ComponentLink1URL"; Value = ""; VariantName = "[No Variations]"
Add component (AddParameter): Name = "ComponentLink2Description"; Value = "Link"; VariantName = "[No Variations]"
Add component (AddParameter): Name = "ComponentLink2URL"; Value = ""; VariantName = "[No Variations]"
Add component (AddParameter): Name = "Manufacturer"; Value = ""; VariantName = "[No Variations]"
Add component (AddParameter): Name = "P/N"; Value = ""; VariantName = "[No Variations]"
Add component (AddParameter): Name = "Value"; Value = ""; VariantName = "[No Variations]"
Added Component: Designator=R17(R0402)
Add component (AddParameter): Name = "Case"; Value = "R0402"; VariantName = "[No Variations]"
Add component (AddParameter): Name = "ComponentLink1Description"; Value = "Datasheet"; VariantName = "[No Variations]"
Add component (AddParameter): Name = "ComponentLink1URL"; Value = ""; VariantName = "[No Variations]"
Add component (AddParameter): Name = "ComponentLink2Description"; Value = "Link"; VariantName = "[No Variations]"
Add component (AddParameter): Name = "ComponentLink2URL"; Value = ""; VariantName = "[No Variations]"
Add component (AddParameter): Name = "Manufacturer"; Value = ""; VariantName = "[No Variations]"
Add component (AddParameter): Name = "P/N"; Value = ""; VariantName = "[No Variations]"
Add component (AddParameter): Name = "Value"; Value = ""; VariantName = "[No Variations]"
Added Component: Designator=R18(R0402)
Add component (AddParameter): Name = "Case"; Value = "R0402"; VariantName = "[No Variations]"
Add component (AddParameter): Name = "ComponentLink1Description"; Value = "Datasheet"; VariantName = "[No Variations]"
Add component (AddParameter): Name = "ComponentLink1URL"; Value = ""; VariantName = "[No Variations]"
Add component (AddParameter): Name = "ComponentLink2Description"; Value = "Link"; VariantName = "[No Variations]"
Add component (AddParameter): Name = "ComponentLink2URL"; Value = ""; VariantName = "[No Variations]"
Add component (AddParameter): Name = "Manufacturer"; Value = ""; VariantName = "[No Variations]"
Add component (AddParameter): Name = "P/N"; Value = ""; VariantName = "[No Variations]"
Add component (AddParameter): Name = "Value"; Value = ""; VariantName = "[No Variations]"
Added Component: Designator=R19(R0402)
Add component (AddParameter): Name = "Case"; Value = "R0402"; VariantName = "[No Variations]"
Add component (AddParameter): Name = "ComponentLink1Description"; Value = "Datasheet"; VariantName = "[No Variations]"
Add component (AddParameter): Name = "ComponentLink1URL"; Value = ""; VariantName = "[No Variations]"
Add component (AddParameter): Name = "ComponentLink2Description"; Value = "Link"; VariantName = "[No Variations]"
Add component (AddParameter): Name = "ComponentLink2URL"; Value = ""; VariantName = "[No Variations]"
Add component (AddParameter): Name = "Manufacturer"; Value = ""; VariantName = "[No Variations]"
Add component (AddParameter): Name = "P/N"; Value = ""; VariantName = "[No Variations]"
Add component (AddParameter): Name = "Value"; Value = ""; VariantName = "[No Variations]"
Added Component: Designator=R20(R0402)
Add component (AddParameter): Name = "Case"; Value = "R0402"; VariantName = "[No Variations]"
Add component (AddParameter): Name = "ComponentLink1Description"; Value = "Datasheet"; VariantName = "[No Variations]"
Add component (AddParameter): Name = "ComponentLink1URL"; Value = ""; VariantName = "[No Variations]"
Add component (AddParameter): Name = "ComponentLink2Description"; Value = "Link"; VariantName = "[No Variations]"
Add component (AddParameter): Name = "ComponentLink2URL"; Value = ""; VariantName = "[No Variations]"
Add component (AddParameter): Name = "Manufacturer"; Value = ""; VariantName = "[No Variations]"
Add component (AddParameter): Name = "P/N"; Value = ""; VariantName = "[No Variations]"
Add component (AddParameter): Name = "Value"; Value = ""; VariantName = "[No Variations]"
Added Component: Designator=R21(R0402)
Add component (AddParameter): Name = "Case"; Value = "R0402"; VariantName = "[No Variations]"
Add component (AddParameter): Name = "ComponentLink1Description"; Value = "Datasheet"; VariantName = "[No Variations]"
Add component (AddParameter): Name = "ComponentLink1URL"; Value = ""; VariantName = "[No Variations]"
Add component (AddParameter): Name = "ComponentLink2Description"; Value = "Link"; VariantName = "[No Variations]"
Add component (AddParameter): Name = "ComponentLink2URL"; Value = ""; VariantName = "[No Variations]"
Add component (AddParameter): Name = "Manufacturer"; Value = ""; VariantName = "[No Variations]"
Add component (AddParameter): Name = "P/N"; Value = ""; VariantName = "[No Variations]"
Add component (AddParameter): Name = "Value"; Value = ""; VariantName = "[No Variations]"
Added Component: Designator=R22(R0402)
Add component (AddParameter): Name = "Case"; Value = "R0402"; VariantName = "[No Variations]"
Add component (AddParameter): Name = "ComponentLink1Description"; Value = "Datasheet"; VariantName = "[No Variations]"
Add component (AddParameter): Name = "ComponentLink1URL"; Value = ""; VariantName = "[No Variations]"
Add component (AddParameter): Name = "ComponentLink2Description"; Value = "Link"; VariantName = "[No Variations]"
Add component (AddParameter): Name = "ComponentLink2URL"; Value = ""; VariantName = "[No Variations]"
Add component (AddParameter): Name = "Manufacturer"; Value = ""; VariantName = "[No Variations]"
Add component (AddParameter): Name = "P/N"; Value = ""; VariantName = "[No Variations]"
Add component (AddParameter): Name = "Value"; Value = ""; VariantName = "[No Variations]"
Added Component: Designator=R23(R0402)
Add component (AddParameter): Name = "Case"; Value = "R0402"; VariantName = "[No Variations]"
Add component (AddParameter): Name = "ComponentLink1Description"; Value = "Datasheet"; VariantName = "[No Variations]"
Add component (AddParameter): Name = "ComponentLink1URL"; Value = ""; VariantName = "[No Variations]"
Add component (AddParameter): Name = "ComponentLink2Description"; Value = "Link"; VariantName = "[No Variations]"
Add component (AddParameter): Name = "ComponentLink2URL"; Value = ""; VariantName = "[No Variations]"
Add component (AddParameter): Name = "Manufacturer"; Value = ""; VariantName = "[No Variations]"
Add component (AddParameter): Name = "P/N"; Value = ""; VariantName = "[No Variations]"
Add component (AddParameter): Name = "Value"; Value = ""; VariantName = "[No Variations]"
Added Pin To Net: NetName=Vin Pin=C5-1
Added Pin To Net: NetName=GND Pin=C5-2
Added Pin To Net: NetName=+3.3VADC Pin=C12-1
Added Pin To Net: NetName=GND Pin=C12-2
Added Pin To Net: NetName=+3.3VDC Pin=C13-1
Added Pin To Net: NetName=GND Pin=C13-2
Added Pin To Net: NetName=Ain_P Pin=DD1-1
Added Pin To Net: NetName=NetC1_2 Pin=DD1-4
Added Pin To Net: NetName=GND Pin=DD1-5
Added Pin To Net: NetName=NetC5_2 Pin=DD1-6
Added Pin To Net: NetName=Ain_N Pin=DD1-9
Added Pin To Net: NetName=Vin Pin=DD1-10
Added Pin To Net: NetName=+3.3VDC Pin=DD2-1
Added Pin To Net: NetName=+3.3VDC Pin=DD2-7
Added Pin To Net: NetName=+3.3VADC Pin=DD2-8
Added Pin To Net: NetName=GND Pin=DD2-14
Added Pin To Net: NetName=+3.3VADC Pin=DD2-15
Added Pin To Net: NetName=GND Pin=DD2-16
Added Pin To Net: NetName=+3.3VDC Pin=DD2-17
Added Pin To Net: NetName=GND Pin=DD2-32
Added Pin To Net: NetName=GND Pin=DD2-32
Added Pin To Net: NetName=GND Pin=G1-2
Added Pin To Net: NetName=GND Pin=G1-4
Added Pin To Net: NetName=GND Pin=L1-3
Added Pin To Net: NetName=Vin Pin=L1-4
Added Pin To Net: NetName=Signal_P Pin=R13-2
Added Pin To Net: NetName=Signal_N Pin=R14-2
Added Pin To Net: NetName=\CS Pin=R15-2
Added Pin To Net: NetName=SCLK Pin=R16-2
Added Pin To Net: NetName=AC/DC Pin=R19-2
Added Pin To Net: NetName=USB_N Pin=R21-2
Added Pin To Net: NetName=USB_P Pin=R22-2
Change Net Name : Old Net Name=Ain_N New Net Name=Ain_P
Change Net Name : Old Net Name=Ain_P New Net Name=Ain_N
Change Net Name : Old Net Name=NetC4_1 New Net Name=NetC2_1
Change Net Name : Old Net Name=NetC4_2 New Net Name=NetC2_2
Change Net Name : Old Net Name=NetC5_2 New Net Name=NetC8_2
Change Net Name : Old Net Name=NetC6_1 New Net Name=NetC9_1
Change Net Name : Old Net Name=NetC6_2 New Net Name=NetC9_2
Change Net Name : Old Net Name=NetC7_2 New Net Name=NetC6_2
Change Net Name : Old Net Name=NetC9_1 New Net Name=NetC10_1
Change Net Name : Old Net Name=NetC10_1 New Net Name=NetC11_1
Change Net Name : Old Net Name=NetC15_1 New Net Name=NetC16_1
Change Net Name : Old Net Name=NetC22_1 New Net Name=NetC25_1
Change Net Name : Old Net Name=Vin New Net Name=+Vin
Added Pin To Net: NetName=MISO Pin=R17-2
Added Pin To Net: NetName=MISO Pin=U1-2
Added Net: Name=MISO
Added Pin To Net: NetName=MOSI Pin=R18-2
Added Net: Name=MOSI
Added Pin To Net: NetName=NetDD2_5 Pin=DD2-5
Added Pin To Net: NetName=NetDD2_5 Pin=R13-1
Added Net: Name=NetDD2_5
Added Pin To Net: NetName=NetDD2_6 Pin=DD2-6
Added Pin To Net: NetName=NetDD2_6 Pin=R14-1
Added Net: Name=NetDD2_6
Added Pin To Net: NetName=NetDD2_9 Pin=DD2-9
Added Pin To Net: NetName=NetDD2_9 Pin=R15-1
Added Net: Name=NetDD2_9
Added Pin To Net: NetName=NetDD2_10 Pin=DD2-10
Added Pin To Net: NetName=NetDD2_10 Pin=R16-1
Added Net: Name=NetDD2_10
Added Pin To Net: NetName=NetDD2_11 Pin=DD2-11
Added Pin To Net: NetName=NetDD2_11 Pin=R17-1
Added Net: Name=NetDD2_11
Added Pin To Net: NetName=NetDD2_12 Pin=DD2-12
Added Pin To Net: NetName=NetDD2_12 Pin=R18-1
Added Net: Name=NetDD2_12
Added Pin To Net: NetName=NetDD2_18 Pin=DD2-18
Added Pin To Net: NetName=NetDD2_18 Pin=R19-1
Added Net: Name=NetDD2_18
Added Pin To Net: NetName=NetDD2_21 Pin=DD2-21
Added Pin To Net: NetName=NetDD2_21 Pin=R21-1
Added Net: Name=NetDD2_21
Added Pin To Net: NetName=NetDD2_22 Pin=DD2-22
Added Pin To Net: NetName=NetDD2_22 Pin=R22-1
Added Net: Name=NetDD2_22
Added Pin To Net: NetName=NetG1_1 Pin=G1-1
Added Pin To Net: NetName=NetG1_1 Pin=R20-1
Added Net: Name=NetG1_1
Added Pin To Net: NetName=NetG1_3 Pin=G1-3
Added Pin To Net: NetName=NetG1_3 Pin=R23-1
Added Net: Name=NetG1_3
Added Pin To Net: NetName=NetJ2_0 Pin=J2-0
Added Pin To Net: NetName=NetJ2_0 Pin=J2-0
Added Pin To Net: NetName=NetJ2_0 Pin=J2-4
Added Pin To Net: NetName=NetJ2_0 Pin=L1-2
Added Net: Name=NetJ2_0
Added Pin To Net: NetName=NetJ2_1 Pin=J2-1
Added Pin To Net: NetName=NetJ2_1 Pin=L1-1
Added Net: Name=NetJ2_1
Added Pin To Net: NetName=OSC+ Pin=DD2-3
Added Pin To Net: NetName=OSC+ Pin=R23-2
Added Net: Name=OSC+
Added Pin To Net: NetName=OSC- Pin=DD2-2
Added Pin To Net: NetName=OSC- Pin=R20-2
Added Net: Name=OSC-
Added Member To Class: ClassName=Digital Member=Component C28 *
Added Member To Class: ClassName=Digital Member=Component C29 *
Added Member To Class: ClassName=Digital Member=Component C30 *
Added Member To Class: ClassName=Digital Member=Component DD2 STM32G491CCU6
Added Member To Class: ClassName=Digital Member=Component G1 ECS-160-12-33Q-JES-TR
Added Member To Class: ClassName=Digital Member=Component L1 ACM4520-142-2P-T000
Added Member To Class: ClassName=Digital Member=Component R13 *
Added Member To Class: ClassName=Digital Member=Component R14 *
Added Member To Class: ClassName=Digital Member=Component R15 *
Added Member To Class: ClassName=Digital Member=Component R16 *
Added Member To Class: ClassName=Digital Member=Component R17 *
Added Member To Class: ClassName=Digital Member=Component R18 *
Added Member To Class: ClassName=Digital Member=Component R19 *
Added Member To Class: ClassName=Digital Member=Component R20 *
Added Member To Class: ClassName=Digital Member=Component R21 *
Added Member To Class: ClassName=Digital Member=Component R22 *
Added Member To Class: ClassName=Digital Member=Component R23 *
Added Room: Name=Digital
