Change Physical Footprint: Designator=C1 Old Footprint=C0603 New Footprint=C0603
Change Physical Footprint: Designator=C2 Old Footprint=C0603 New Footprint=C0603
Change Physical Footprint: Designator=C3 Old Footprint=C0603 New Footprint=C0603
Change Physical Footprint: Designator=C4 Old Footprint=C0603 New Footprint=C0603
Change Physical Footprint: Designator=C5 Old Footprint=C0603 New Footprint=C0603
Change Physical Footprint: Designator=C6 Old Footprint=C0603 New Footprint=C0603
Change Physical Footprint: Designator=C7 Old Footprint=C0603 New Footprint=C0603
Change Physical Footprint: Designator=C8 Old Footprint=C0603 New Footprint=C0603
Change Physical Footprint: Designator=C9 Old Footprint=C0603 New Footprint=C0603
Change Physical Footprint: Designator=C10 Old Footprint=C0603 New Footprint=C0603
Change Physical Footprint: Designator=C11 Old Footprint=C0603 New Footprint=C0603
Change Physical Footprint: Designator=C12 Old Footprint=C0603 New Footprint=C0603
Change Physical Footprint: Designator=C13 Old Footprint=C0603 New Footprint=C0603
Change Physical Footprint: Designator=C14 Old Footprint=C0603 New Footprint=C0603
Change Physical Footprint: Designator=C15 Old Footprint=C0603 New Footprint=C0603
Change Physical Footprint: Designator=C16 Old Footprint=C0603 New Footprint=C0603
Change Physical Footprint: Designator=C17 Old Footprint=C0603 New Footprint=C0603
Change Physical Footprint: Designator=C18 Old Footprint=C0603 New Footprint=C0603
Change Physical Footprint: Designator=C19 Old Footprint=C0603 New Footprint=C0603
Change Physical Footprint: Designator=C20 Old Footprint=C0603 New Footprint=C0603
Change Physical Footprint: Designator=C21 Old Footprint=C0603 New Footprint=C0603
Change Physical Footprint: Designator=C22 Old Footprint=C0603 New Footprint=C0603
Change Physical Footprint: Designator=C23 Old Footprint=C0603 New Footprint=C0603
Change Physical Footprint: Designator=C24 Old Footprint=C0603 New Footprint=C0603
Change Physical Footprint: Designator=C25 Old Footprint=C0603 New Footprint=C0603
Change Physical Footprint: Designator=C26 Old Footprint=C0603 New Footprint=C0603
Change Physical Footprint: Designator=C27 Old Footprint=C0603 New Footprint=C0603
Change Physical Footprint: Designator=C28 Old Footprint=C0603 New Footprint=C0603
Change Physical Footprint: Designator=C29 Old Footprint=C0603 New Footprint=C0603
Change Physical Footprint: Designator=C30 Old Footprint=C0603 New Footprint=C0603
Change Physical Footprint: Designator=C31 Old Footprint=C0603 New Footprint=C0603
Change Physical Footprint: Designator=C32 Old Footprint=C0603 New Footprint=C0603
Change Physical Footprint: Designator=C33 Old Footprint=C0603 New Footprint=C0603
Change Physical Footprint: Designator=C34 Old Footprint=C0603 New Footprint=C0603
Change Physical Footprint: Designator=C35 Old Footprint=C0603 New Footprint=C0603
Change Physical Footprint: Designator=C36 Old Footprint=C0603 New Footprint=C0603
Change Physical Footprint: Designator=C37 Old Footprint=C0603 New Footprint=C0603
Change Physical Footprint: Designator=C38 Old Footprint=C0603 New Footprint=C0603
Change Physical Footprint: Designator=C39 Old Footprint=C0603 New Footprint=C0603
Change Physical Footprint: Designator=C40 Old Footprint=C0603 New Footprint=C0603
Change Physical Footprint: Designator=C41 Old Footprint=C0603 New Footprint=C0603
Change Physical Footprint: Designator=C42 Old Footprint=C0603 New Footprint=C0603
Change Physical Footprint: Designator=C43 Old Footprint=C0603 New Footprint=C0603
Change Physical Footprint: Designator=C44 Old Footprint=C0603 New Footprint=C0603
Change Physical Footprint: Designator=C45 Old Footprint=C0603 New Footprint=C0603
Change Physical Footprint: Designator=C46 Old Footprint=C0603 New Footprint=C0603
Change Physical Footprint: Designator=C47 Old Footprint=C0603 New Footprint=C0603
Change Physical Footprint: Designator=C48 Old Footprint=C0603 New Footprint=C0603
Change Physical Footprint: Designator=C49 Old Footprint=C0603 New Footprint=C0603
Change Physical Footprint: Designator=C50 Old Footprint=C0603 New Footprint=C0603
Change Physical Footprint: Designator=C51 Old Footprint=C0603 New Footprint=C0603
Change Physical Footprint: Designator=C52 Old Footprint=C0603 New Footprint=C0603
Change Physical Footprint: Designator=C53 Old Footprint=Trimmer Capacitors New Footprint=Trimmer Capacitors
Change Physical Footprint: Designator=C54 Old Footprint=C0603 New Footprint=C0603
Change Physical Footprint: Designator=C55 Old Footprint=C0603 New Footprint=C0603
Change Physical Footprint: Designator=C56 Old Footprint=C0603 New Footprint=C0603
Change Physical Footprint: Designator=C57 Old Footprint=C0603 New Footprint=C0603
Change Physical Footprint: Designator=C58 Old Footprint=C0603 New Footprint=C0603
Change Physical Footprint: Designator=C59 Old Footprint=C0603 New Footprint=C0603
Change Physical Footprint: Designator=C60 Old Footprint=C0603 New Footprint=C0603
Change Physical Footprint: Designator=C61 Old Footprint=C0603 New Footprint=C0603
Change Physical Footprint: Designator=C62 Old Footprint=C0603 New Footprint=C0603
Change Physical Footprint: Designator=C63 Old Footprint=C0603 New Footprint=C0603
Change Physical Footprint: Designator=C64 Old Footprint=C0603 New Footprint=C0603
Change Physical Footprint: Designator=C65 Old Footprint=C0603 New Footprint=C0603
Change Physical Footprint: Designator=C66 Old Footprint=C0603 New Footprint=C0603
Change Physical Footprint: Designator=C67 Old Footprint=C0603 New Footprint=C0603
Change Physical Footprint: Designator=C68 Old Footprint=C0603 New Footprint=C0603
Change Physical Footprint: Designator=C69 Old Footprint=C0603 New Footprint=C0603
Change Physical Footprint: Designator=C70 Old Footprint=C0603 New Footprint=C0603
Change Physical Footprint: Designator=C71 Old Footprint=C0603 New Footprint=C0603
Change Physical Footprint: Designator=C72 Old Footprint=C0603 New Footprint=C0603
Change Physical Footprint: Designator=C73 Old Footprint=C0603 New Footprint=C0603
Change Physical Footprint: Designator=C74 Old Footprint=C0603 New Footprint=C0603
Change Physical Footprint: Designator=C75 Old Footprint=C0603 New Footprint=C0603
Change Physical Footprint: Designator=C76 Old Footprint=C0603 New Footprint=C0603
Change Physical Footprint: Designator=C77 Old Footprint=C0603 New Footprint=C0603
Change Physical Footprint: Designator=C78 Old Footprint=C0603 New Footprint=C0603
Change Physical Footprint: Designator=C79 Old Footprint=C0603 New Footprint=C0603
Change Physical Footprint: Designator=DA2 Old Footprint=VQFN_16_INA851 New Footprint=VQFN_16_INA851
Change Physical Footprint: Designator=DA3 Old Footprint=LFCSP-32_AD9245 New Footprint=LFCSP-32_AD9245
Change Physical Footprint: Designator=DD1 Old Footprint=SSOP-16 New Footprint=SSOP-16
Change Physical Footprint: Designator=DD2 Old Footprint=SOT-23-6 New Footprint=SOT-23-6
Change Physical Footprint: Designator=DD3 Old Footprint=SOT-23-5 New Footprint=SOT-23-5
Change Physical Footprint: Designator=DD4 Old Footprint=WSON-8 New Footprint=WSON-8
Change Physical Footprint: Designator=DD5 Old Footprint=UFQFPN-48 New Footprint=UFQFPN-48
Change Physical Footprint: Designator=F1 Old Footprint=F0603 New Footprint=F0603
Change Physical Footprint: Designator=FB1 Old Footprint=L0603 New Footprint=L0603
Change Physical Footprint: Designator=FB2 Old Footprint=L0603 New Footprint=L0603
Change Physical Footprint: Designator=FB3 Old Footprint=L0603 New Footprint=L0603
Change Physical Footprint: Designator=FB4 Old Footprint=L0603 New Footprint=L0603
Change Physical Footprint: Designator=G1 Old Footprint=2 mm x 1.6 mm New Footprint=2 mm x 1.6 mm
Change Physical Footprint: Designator=J1 Old Footprint=USB 3.2 Gen 2 New Footprint=USB 3.2 Gen 2
Change Physical Footprint: Designator=J2 Old Footprint=112640 New Footprint=112640
Change Physical Footprint: Designator=J3 Old Footprint=112640 New Footprint=112640
Change Physical Footprint: Designator=L1 Old Footprint=0907 (2520) New Footprint=0907 (2520)
Change Physical Footprint: Designator=L2 Old Footprint=0907 (2520) New Footprint=0907 (2520)
Change Physical Footprint: Designator=L3 Old Footprint=0907 (2520) New Footprint=0907 (2520)
Change Physical Footprint: Designator=L4 Old Footprint=0907 (2520) New Footprint=0907 (2520)
Change Physical Footprint: Designator=L5 Old Footprint=0907 (2520) New Footprint=0907 (2520)
Change Physical Footprint: Designator=R1 Old Footprint=R0603 New Footprint=R0603
Change Physical Footprint: Designator=R2 Old Footprint=R0603 New Footprint=R0603
Change Physical Footprint: Designator=R3 Old Footprint=R0603 New Footprint=R0603
Change Physical Footprint: Designator=R4 Old Footprint=R0603 New Footprint=R0603
Change Physical Footprint: Designator=R5 Old Footprint=R0603 New Footprint=R0603
Change Physical Footprint: Designator=R6 Old Footprint=R0603 New Footprint=R0603
Change Physical Footprint: Designator=R7 Old Footprint=R0603 New Footprint=R0603
Change Physical Footprint: Designator=R8 Old Footprint=R0603 New Footprint=R0603
Change Physical Footprint: Designator=R9 Old Footprint=R0603 New Footprint=R0603
Change Physical Footprint: Designator=R10 Old Footprint=R0603 New Footprint=R0603
Change Physical Footprint: Designator=R11 Old Footprint=R0603 New Footprint=R0603
Change Physical Footprint: Designator=R12 Old Footprint=R0603 New Footprint=R0603
Change Physical Footprint: Designator=R13 Old Footprint=R0603 New Footprint=R0603
Change Physical Footprint: Designator=R14 Old Footprint=R0603 New Footprint=R0603
Change Physical Footprint: Designator=R15 Old Footprint=R0603 New Footprint=R0603
Change Physical Footprint: Designator=R16 Old Footprint=R0603 New Footprint=R0603
Change Physical Footprint: Designator=R17 Old Footprint=R0603 New Footprint=R0603
Change Physical Footprint: Designator=R18 Old Footprint=R0603 New Footprint=R0603
Change Physical Footprint: Designator=R19 Old Footprint=R0603 New Footprint=R0603
Change Physical Footprint: Designator=R20 Old Footprint=R0603 New Footprint=R0603
Change Physical Footprint: Designator=R21 Old Footprint=R0603 New Footprint=R0603
Change Physical Footprint: Designator=R22 Old Footprint=R0603 New Footprint=R0603
Change Physical Footprint: Designator=R23 Old Footprint=R0603 New Footprint=R0603
Change Physical Footprint: Designator=R24 Old Footprint=R0603 New Footprint=R0603
Change Physical Footprint: Designator=R25 Old Footprint=R0603 New Footprint=R0603
Change Physical Footprint: Designator=R26 Old Footprint=R0603 New Footprint=R0603
Change Physical Footprint: Designator=R27 Old Footprint=R0603 New Footprint=R0603
Change Physical Footprint: Designator=R28 Old Footprint=R0603 New Footprint=R0603
Change Physical Footprint: Designator=R29 Old Footprint=R0603 New Footprint=R0603
Change Physical Footprint: Designator=R30 Old Footprint=R0603 New Footprint=R0603
Change Physical Footprint: Designator=R31 Old Footprint=R0603 New Footprint=R0603
Change Physical Footprint: Designator=R32 Old Footprint=R0603 New Footprint=R0603
Change Physical Footprint: Designator=R33 Old Footprint=R0603 New Footprint=R0603
Change Physical Footprint: Designator=R34 Old Footprint=R0603 New Footprint=R0603
Change Physical Footprint: Designator=R35 Old Footprint=R0603 New Footprint=R0603
Change Physical Footprint: Designator=R36 Old Footprint=R0603 New Footprint=R0603
Change Physical Footprint: Designator=R37 Old Footprint=R0603 New Footprint=R0603
Change Physical Footprint: Designator=R38 Old Footprint=R0603 New Footprint=R0603
Change Physical Footprint: Designator=R39 Old Footprint=R0603 New Footprint=R0603
Change Physical Footprint: Designator=R40 Old Footprint=R0603 New Footprint=R0603
Change Physical Footprint: Designator=R41 Old Footprint=R0603 New Footprint=R0603
Change Physical Footprint: Designator=R42 Old Footprint=R0603 New Footprint=R0603
Change Physical Footprint: Designator=R43 Old Footprint=R0603 New Footprint=R0603
Change Physical Footprint: Designator=R44 Old Footprint=R0603 New Footprint=R0603
Change Physical Footprint: Designator=R45 Old Footprint=R0603 New Footprint=R0603
Change Physical Footprint: Designator=R46 Old Footprint=R0603 New Footprint=R0603
Change Physical Footprint: Designator=R47 Old Footprint=R0603 New Footprint=R0603
Change Physical Footprint: Designator=R48 Old Footprint=R0603 New Footprint=R0603
Change Physical Footprint: Designator=R49 Old Footprint=R0603 New Footprint=R0603
Change Physical Footprint: Designator=R50 Old Footprint=R0603 New Footprint=R0603
Change Physical Footprint: Designator=R51 Old Footprint=R0603 New Footprint=R0603
Change Physical Footprint: Designator=T1 Old Footprint=PWB1010 New Footprint=PWB1010
Change Physical Footprint: Designator=TP1 Old Footprint=36-5117-ND New Footprint=36-5117-ND
Change Physical Footprint: Designator=TP2 Old Footprint=36-5117-ND New Footprint=36-5117-ND
Change Physical Footprint: Designator=TP3 Old Footprint=36-5117-ND New Footprint=36-5117-ND
Change Physical Footprint: Designator=TP4 Old Footprint=36-5117-ND New Footprint=36-5117-ND
Change Physical Footprint: Designator=U1 Old Footprint=WCSP-6F-6 New Footprint=WCSP-6F-6
Change Physical Footprint: Designator=U2 Old Footprint=WCSP-6F-6 New Footprint=WCSP-6F-6
Change Physical Footprint: Designator=VD1 Old Footprint=SOT-9X3 New Footprint=SOT-9X3
Change Physical Footprint: Designator=VD2 Old Footprint=0402_VD New Footprint=0402_VD
Change Physical Footprint: Designator=VD3 Old Footprint=SOT-9X3 New Footprint=SOT-9X3
Change Physical Footprint: Designator=VD4 Old Footprint=0402_VD New Footprint=0402_VD
Change Physical Footprint: Designator=VD5 Old Footprint=SMD5050 New Footprint=SMD5050
