Removed Member From Class: ClassName=Main Member=C29
Removed Member From Class: ClassName=Main Member=C34
Removed Member From Class: ClassName=Main Member=C36
Removed Member From Class: ClassName=Main Member=C42
Removed Member From Class: ClassName=Main Member=C44
Removed Member From Class: ClassName=Main Member=C48
Removed Member From Class: ClassName=Main Member=C49
Removed Member From Class: ClassName=Main Member=C50
Removed Member From Class: ClassName=Main Member=R32
Removed Member From Class: ClassName=Main Member=R33
Removed Member From Class: ClassName=Main Member=R34
Removed Member From Class: ClassName=Main Member=R35
Removed Member From Class: ClassName=Main Member=R36
Change Component Footprint: Designator=R2 Old Footprint=R0805 New Footprint=R0402
Added Member To Class: ClassName=Main Member=Component C4 0.1u
Added Member To Class: ClassName=Main Member=Component C7 *
Added Member To Class: ClassName=Main Member=Component C9 150p
Added Member To Class: ClassName=Main Member=Component C10 2p
Added Member To Class: ClassName=Main Member=Component C20 0.1u
Added Member To Class: ClassName=Main Member=Component C21 0.1u
Added Member To Class: ClassName=Main Member=Component C22 4.7u
Added Member To Class: ClassName=Main Member=Component C23 0.1u
Added Member To Class: ClassName=Main Member=Component C24 0.1u
Added Member To Class: ClassName=Main Member=Component C25 4.7u
Added Member To Class: ClassName=Main Member=Component C26 0.1u
Added Member To Class: ClassName=Main Member=Component C27 10p
Added Member To Class: ClassName=Power Member=Component C30 0.1u
Added Member To Class: ClassName=Power Member=Component C31 *
Added Member To Class: ClassName=Power Member=Component C32 *
Added Member To Class: ClassName=Power Member=Component C33 *
Added Member To Class: ClassName=Power Member=Component C35 *
Added Member To Class: ClassName=Power Member=Component C37 *
Added Member To Class: ClassName=Power Member=Component C38 *
Added Member To Class: ClassName=Power Member=Component C39 *
Added Member To Class: ClassName=Power Member=Component C40 *
Added Member To Class: ClassName=Power Member=Component C41 *
Added Member To Class: ClassName=Power Member=Component C43 0.1u
Added Member To Class: ClassName=Power Member=Component DD2 LT3472EDD#TRPBF
Added Member To Class: ClassName=Power Member=Component J2 629004113921
Added Member To Class: ClassName=Main Member=Component R2 1M
Added Member To Class: ClassName=Main Member=Component R3 10R
Added Member To Class: ClassName=Main Member=Component R4 1.5k
Added Member To Class: ClassName=Main Member=Component R5 10R
Added Member To Class: ClassName=Main Member=Component R6 1 k
Added Member To Class: ClassName=Main Member=Component R9 1 k
Added Member To Class: ClassName=Main Member=Component R25 1 k
Added Member To Class: ClassName=Main Member=Component R26 1 k
Added Member To Class: ClassName=Main Member=Component R27 1 k
Added Member To Class: ClassName=Main Member=Component R28 1 k
Added Member To Class: ClassName=Main Member=Component R29 100R
Added Member To Class: ClassName=Power Member=Component U1 TCR15AG33,LF
Added Member To Class: ClassName=Power Member=Component U2 TCR15AG33,LF
Added Room: Name=Main
Added Room: Name=Power
