Removed Pin From Net: NetName=+3.3VADC Pin=C1-1
Removed Pin From Net: NetName=GND Pin=C1-2
Removed Pin From Net: NetName=+3.3VADC Pin=C2-1
Removed Pin From Net: NetName=GND Pin=C2-2
Removed Pin From Net: NetName=+3.3VDC Pin=C3-1
Removed Pin From Net: NetName=GND Pin=C3-2
Removed Pin From Net: NetName=+3.3VADC Pin=C5-1
Removed Pin From Net: NetName=GND Pin=C5-2
Removed Pin From Net: NetName=+3.3VADC Pin=C6-1
Removed Pin From Net: NetName=GND Pin=C6-2
Removed Pin From Net: NetName=+3.3VADC Pin=C8-1
Removed Pin From Net: NetName=GND Pin=C8-2
Removed Pin From Net: NetName=Signal_P Pin=C9-1
Removed Pin From Net: NetName=Signal_N Pin=C9-2
Removed Pin From Net: NetName=NetC10_1 Pin=C10-1
Removed Pin From Net: NetName=NetC10_2 Pin=C10-2
Removed Pin From Net: NetName=+3.3VADC Pin=C13-1
Removed Pin From Net: NetName=GND Pin=C13-2
Removed Pin From Net: NetName=+3.3VADC Pin=C14-1
Removed Pin From Net: NetName=GND Pin=C14-2
Removed Pin From Net: NetName=+3.3VDC Pin=C15-1
Removed Pin From Net: NetName=GND Pin=C15-2
Removed Pin From Net: NetName=+3.3VDC Pin=C16-1
Removed Pin From Net: NetName=GND Pin=C16-2
Removed Pin From Net: NetName=GND Pin=C17-2
Removed Pin From Net: NetName=OSC- Pin=C18-1
Removed Pin From Net: NetName=GND Pin=C28-1
Removed Pin From Net: NetName=+16V Pin=C28-2
Removed Pin From Net: NetName=+3.3VADC Pin=DD1-3
Removed Pin From Net: NetName=GND Pin=DD1-5
Removed Pin From Net: NetName=+3.3VADC Pin=DD1-10
Removed Pin From Net: NetName=+3.3VDC Pin=DD2-1
Removed Pin From Net: NetName=OSC- Pin=DD2-2
Removed Pin From Net: NetName=OSC+ Pin=DD2-3
Removed Pin From Net: NetName=GND Pin=DD2-14
Removed Pin From Net: NetName=+3.3VADC Pin=DD2-15
Removed Pin From Net: NetName=GND Pin=DD2-16
Removed Pin From Net: NetName=+3.3VDC Pin=DD2-17
Removed Pin From Net: NetName=USB_N Pin=DD2-21
Removed Pin From Net: NetName=USB_P Pin=DD2-22
Removed Pin From Net: NetName=SWDIO Pin=DD2-23
Removed Pin From Net: NetName=SWCLK Pin=DD2-24
Removed Pin From Net: NetName=GND Pin=DD2-32
Removed Pin From Net: NetName=GND Pin=DD2-32
Removed Pin From Net: NetName=Signal_P Pin=R1-2
Removed Pin From Net: NetName=Signal_P Pin=R2-2
Removed Pin From Net: NetName=Signal_P Pin=R3-2
Removed Pin From Net: NetName=NetC10_1 Pin=R6-1
Removed Pin From Net: NetName=Signal_N Pin=R7-2
Removed Pin From Net: NetName=NetC10_2 Pin=R9-1
Removed Pin From Net: NetName=GND Pin=R10-2
Removed Pin From Net: NetName=Signal_N Pin=R11-2
Removed Pin From Net: NetName=Signal_N Pin=R12-2
Removed Pin From Net: NetName=Signal_P Pin=R13-1
Removed Pin From Net: NetName=Signal_N Pin=R14-1
Removed Pin From Net: NetName=+3.3VADC Pin=R18-1
Removed Pin From Net: NetName=AC/DC Pin=R20-1
Removed Pin From Net: NetName=LED_G Pin=R22-1
Removed Pin From Net: NetName=LED_B Pin=R23-1
Removed Pin From Net: NetName=OSC+ Pin=R24-2
Removed Pin From Net: NetName=+3.3VDC Pin=U1-4
Removed Pin From Net: NetName=GND Pin=U1-5
Removed Pin From Net: NetName=+3.3VADC Pin=U1-6
Removed Pin From Net: NetName=NetC10_1 Pin=U1-7
Removed Pin From Net: NetName=NetC10_2 Pin=U1-8
Removed Member From Class: ClassName=Power Member=C28
Removed Member From Class: ClassName=Digital Member=DD2
Removed Member From Class: ClassName=Digital Member=J2
Removed Member From Class: ClassName=Digital Member=U1
Change Component Footprint: Designator=C28 Old Footprint=C0603 New Footprint=C0402
Change Component Footprint: Designator=DD1 Old Footprint=QFN-10 New Footprint=UFQFPN-32
Change Component Comment : Designator=C28 Old Comment=* New Comment=10p
Change Component Comment : Designator=C8 Old Comment=0.1u New Comment=2p
Change Component Comment : Designator=C16 Old Comment=0.1u New Comment=4.7u
Change Component Comment : Designator=R1 Old Comment=0R New Comment=1 k
Change Component Comment : Designator=R8 Old Comment=0R New Comment=1 k
Change Component Comment : Designator=R12 Old Comment=0R New Comment=1 k
Change Component Comment : Designator=R10 Old Comment=0R New Comment=10 k
Change Component Comment : Designator=C11 Old Comment=1u New Comment=10p
Change Component Comment : Designator=C2 Old Comment=4.7u New Comment=0.1u
Change Component Comment : Designator=C3 Old Comment=4.7u New Comment=0.1u
Change Component Comment : Designator=C5 Old Comment=4.7u New Comment=0.1u
Change Component Comment : Designator=C13 Old Comment=4.7u New Comment=0.1u
Change Component Comment : Designator=R18 Old Comment=10 k New Comment=1 k
Change Component Comment : Designator=C18 Old Comment=10p New Comment=4.7u
Change Component Comment : Designator=C19 Old Comment=10p New Comment=4.7u
Change Component Comment : Designator=R4 Old Comment=10R New Comment=1M
Change Component Comment : Designator=R24 Old Comment=100R New Comment=1 k
Change Component Comment : Designator=C10 Old Comment=330p New Comment=150p
Change Component Comment : Designator=DD1 Old Comment=THS4551IRGTR New Comment=STM32G491CCU6
Change Component Designator: OldDesignator=C4 NewDesignator=C7
Change Component Designator: OldDesignator=C10 NewDesignator=C9
Change Component Designator: OldDesignator=C20 NewDesignator=C29
Change Component Designator: OldDesignator=C21 NewDesignator=C30
Change Component Designator: OldDesignator=C22 NewDesignator=C31
Change Component Designator: OldDesignator=C23 NewDesignator=C32
Change Component Designator: OldDesignator=C24 NewDesignator=C33
Change Component Designator: OldDesignator=C25 NewDesignator=C34
Change Component Designator: OldDesignator=C26 NewDesignator=C35
Change Component Designator: OldDesignator=C27 NewDesignator=C36
Change Component Designator: OldDesignator=C29 NewDesignator=C38
Change Component Designator: OldDesignator=C30 NewDesignator=C39
Change Component Designator: OldDesignator=C31 NewDesignator=C40
Change Component Designator: OldDesignator=C32 NewDesignator=C41
Change Component Designator: OldDesignator=C33 NewDesignator=C42
Change Component Designator: OldDesignator=C34 NewDesignator=C43
Change Component Designator: OldDesignator=C35 NewDesignator=C44
Change Component Designator: OldDesignator=C36 NewDesignator=C45
Change Component Designator: OldDesignator=C37 NewDesignator=C46
Change Component Designator: OldDesignator=C38 NewDesignator=C47
Change Component Designator: OldDesignator=C39 NewDesignator=C48
Change Component Designator: OldDesignator=C40 NewDesignator=C49
Change Component Designator: OldDesignator=C41 NewDesignator=C50
Change Component Designator: OldDesignator=C42 NewDesignator=C51
Change Component Designator: OldDesignator=C43 NewDesignator=C52
Change Component Designator: OldDesignator=C44 NewDesignator=C53
Change Component Designator: OldDesignator=DD3 NewDesignator=DD2
Change Component Designator: OldDesignator=J3 NewDesignator=J2
Change Component Designator: OldDesignator=R4 NewDesignator=R2
Change Component Designator: OldDesignator=R6 NewDesignator=R3
Change Component Designator: OldDesignator=R9 NewDesignator=R5
Change Component Designator: OldDesignator=R25 NewDesignator=R32
Change Component Designator: OldDesignator=R26 NewDesignator=R33
Change Component Designator: OldDesignator=R27 NewDesignator=R34
Change Component Designator: OldDesignator=R28 NewDesignator=R35
Change Component Designator: OldDesignator=R29 NewDesignator=R36
Change Component Designator: OldDesignator=U2 NewDesignator=U1
Change Component Designator: OldDesignator=U3 NewDesignator=U2
Change component parameters: Designator = "C10" ("C9"); Footprint = "C0402"; UniqueID = "\SKFNCAKR" ("\SKFNCAKR")
Change component parameters (AddParameter): Name = "Case"; Value = "0402"; VariantName = "[No Variations]"
Change component parameters (AddParameter): Name = "Component Type"; Value = "MLCC"; VariantName = "[No Variations]"
Change component parameters (AddParameter): Name = "ComponentLink1Description"; Value = "Link"; VariantName = "[No Variations]"
Change component parameters (AddParameter): Name = "ComponentLink1URL"; Value = "https://eu.mouser.com/ProductDetail/Murata-Electronics/GRM155R71H331JA01D?qs=c4yvaafl%252BAzpmM4Bgmly0Q%3D%3D"; VariantName = "[No Variations]"
Change component parameters (AddParameter): Name = "ComponentLink2Description"; Value = "Datasheet"; VariantName = "[No Variations]"
Change component parameters (AddParameter): Name = "ComponentLink2URL"; Value = "https://eu.mouser.com/datasheet/2/281/1/GRM155R71H331JA01_01A-1984423.pdf"; VariantName = "[No Variations]"
Change component parameters (AddParameter): Name = "Manufacturer"; Value = "Murata"; VariantName = "[No Variations]"
Change component parameters (AddParameter): Name = "P/N"; Value = "GRM155R71H331JA01D"; VariantName = "[No Variations]"
Change component parameters (AddParameter): Name = "Value"; Value = "150p"; VariantName = "[No Variations]"
Change component parameters: Designator = "R4" ("R2"); Footprint = "R0805"; UniqueID = "\FMYVGFBD" ("\FMYVGFBD")
Change component parameters (AddParameter): Name = "Case"; Value = ""; VariantName = "[No Variations]"
Change component parameters (AddParameter): Name = "Component Type"; Value = ""; VariantName = "[No Variations]"
Change component parameters (AddParameter): Name = "ComponentLink1Description"; Value = "Datasheet"; VariantName = "[No Variations]"
Change component parameters (AddParameter): Name = "ComponentLink1URL"; Value = ""; VariantName = "[No Variations]"
Change component parameters (AddParameter): Name = "ComponentLink2Description"; Value = "Link"; VariantName = "[No Variations]"
Change component parameters (AddParameter): Name = "ComponentLink2URL"; Value = ""; VariantName = "[No Variations]"
Change component parameters (AddParameter): Name = "Manufacturer"; Value = ""; VariantName = "[No Variations]"
Change component parameters (AddParameter): Name = "P/N"; Value = ""; VariantName = "[No Variations]"
Change component parameters (AddParameter): Name = "Value"; Value = "1M"; VariantName = "[No Variations]"
Change component parameters: Designator = "C12" ("C12"); Footprint = "C0402"; UniqueID = "\ZAYAZHSO" ("\ZAYAZHSO")
Change component parameters (AddParameter): Name = "Case"; Value = "0402"; VariantName = "[No Variations]"
Change component parameters (AddParameter): Name = "Component Type"; Value = "MLCC"; VariantName = "[No Variations]"
Change component parameters (AddParameter): Name = "ComponentLink1Description"; Value = "Link"; VariantName = "[No Variations]"
Change component parameters (AddParameter): Name = "ComponentLink1URL"; Value = "https://eu.mouser.com/ProductDetail/KEMET/C0402C100K5RACTU?qs=Mv7BduZupUgEdPvwNAxLRQ%3D%3D"; VariantName = "[No Variations]"
Change component parameters (AddParameter): Name = "ComponentLink2Description"; Value = "Datasheet"; VariantName = "[No Variations]"
Change component parameters (AddParameter): Name = "ComponentLink2URL"; Value = "https://eu.mouser.com/datasheet/2/447/KEM_C1002_X7R_SMD-3316098.pdf"; VariantName = "[No Variations]"
Change component parameters (AddParameter): Name = "Manufacturer"; Value = "KEMET"; VariantName = "[No Variations]"
Change component parameters (AddParameter): Name = "P/N"; Value = "C0402C100K5RACTU"; VariantName = "[No Variations]"
Change component parameters (AddParameter): Name = "Value"; Value = "10p"; VariantName = "[No Variations]"
Change component parameters: Designator = "R7" ("R7"); Footprint = "R0402"; UniqueID = "\YEUVOSKH" ("\YEUVOSKH")
Change component parameters (AddParameter): Name = "Case"; Value = "0402"; VariantName = "[No Variations]"
Change component parameters (AddParameter): Name = "ComponentLink1Description"; Value = "Datasheet"; VariantName = "[No Variations]"
Change component parameters (AddParameter): Name = "ComponentLink1URL"; Value = ""; VariantName = "[No Variations]"
Change component parameters (AddParameter): Name = "ComponentLink2Description"; Value = "Link"; VariantName = "[No Variations]"
Change component parameters (AddParameter): Name = "ComponentLink2URL"; Value = ""; VariantName = "[No Variations]"
Change component parameters (AddParameter): Name = "Manufacturer"; Value = "Kamaya"; VariantName = "[No Variations]"
Change component parameters (AddParameter): Name = "P/N"; Value = "RGC1/16SC1001DTH"; VariantName = "[No Variations]"
Change component parameters (AddParameter): Name = "Value"; Value = "1 k"; VariantName = "[No Variations]"
Change component parameters: Designator = "R11" ("R11"); Footprint = "R0402"; UniqueID = "\EEPZXYJM" ("\EEPZXYJM")
Change component parameters (AddParameter): Name = "Case"; Value = "0402"; VariantName = "[No Variations]"
Change component parameters (AddParameter): Name = "ComponentLink1Description"; Value = "Datasheet"; VariantName = "[No Variations]"
Change component parameters (AddParameter): Name = "ComponentLink1URL"; Value = ""; VariantName = "[No Variations]"
Change component parameters (AddParameter): Name = "ComponentLink2Description"; Value = "Link"; VariantName = "[No Variations]"
Change component parameters (AddParameter): Name = "ComponentLink2URL"; Value = ""; VariantName = "[No Variations]"
Change component parameters (AddParameter): Name = "Manufacturer"; Value = "Kamaya"; VariantName = "[No Variations]"
Change component parameters (AddParameter): Name = "P/N"; Value = "RGC1/16SC1001DTH"; VariantName = "[No Variations]"
Change component parameters (AddParameter): Name = "Value"; Value = "1 k"; VariantName = "[No Variations]"
Change component parameters: Designator = "R14" ("R14"); Footprint = "R0402"; UniqueID = "\UAQMXUWI" ("\UAQMXUWI")
Change component parameters (AddParameter): Name = "Case"; Value = "0402"; VariantName = "[No Variations]"
Change component parameters (AddParameter): Name = "ComponentLink1Description"; Value = "Datasheet"; VariantName = "[No Variations]"
Change component parameters (AddParameter): Name = "ComponentLink1URL"; Value = "https://eu.mouser.com/datasheet/2/315/AOA0000C334-1314047.pdf"; VariantName = "[No Variations]"
Change component parameters (AddParameter): Name = "ComponentLink2Description"; Value = "Link"; VariantName = "[No Variations]"
Change component parameters (AddParameter): Name = "ComponentLink2URL"; Value = "https://eu.mouser.com/ProductDetail/Panasonic/ERJ-U02J471X?qs=sGAEpiMZZMvdGkrng054txgTq5MjvbWtfBwA8U7MccU%3D"; VariantName = "[No Variations]"
Change component parameters (AddParameter): Name = "Manufacturer"; Value = "Kamaya"; VariantName = "[No Variations]"
Change component parameters (AddParameter): Name = "P/N"; Value = "RGC1/16SC1001DTH"; VariantName = "[No Variations]"
Change component parameters (AddParameter): Name = "Value"; Value = "1 k"; VariantName = "[No Variations]"
Change component parameters: Designator = "R16" ("R16"); Footprint = "R0402"; UniqueID = "\HCAYELED" ("\HCAYELED")
Change component parameters (AddParameter): Name = "Case"; Value = "0402"; VariantName = "[No Variations]"
Change component parameters (AddParameter): Name = "ComponentLink1Description"; Value = "Datasheet"; VariantName = "[No Variations]"
Change component parameters (AddParameter): Name = "ComponentLink1URL"; Value = "https://eu.mouser.com/datasheet/2/315/AOA0000C334-1314047.pdf"; VariantName = "[No Variations]"
Change component parameters (AddParameter): Name = "ComponentLink2Description"; Value = "Link"; VariantName = "[No Variations]"
Change component parameters (AddParameter): Name = "ComponentLink2URL"; Value = "https://eu.mouser.com/ProductDetail/Panasonic/ERJ-U02J471X?qs=sGAEpiMZZMvdGkrng054txgTq5MjvbWtfBwA8U7MccU%3D"; VariantName = "[No Variations]"
Change component parameters (AddParameter): Name = "Manufacturer"; Value = "Kamaya"; VariantName = "[No Variations]"
Change component parameters (AddParameter): Name = "P/N"; Value = "RGC1/16SC1001DTH"; VariantName = "[No Variations]"
Change component parameters (AddParameter): Name = "Value"; Value = "1 k"; VariantName = "[No Variations]"
Change component parameters: Designator = "R19" ("R19"); Footprint = "R0402"; UniqueID = "\JXSXZILB" ("\JXSXZILB")
Change component parameters (AddParameter): Name = "Case"; Value = "0402"; VariantName = "[No Variations]"
Change component parameters (AddParameter): Name = "ComponentLink1Description"; Value = "Datasheet"; VariantName = "[No Variations]"
Change component parameters (AddParameter): Name = "ComponentLink1URL"; Value = "https://eu.mouser.com/datasheet/2/315/AOA0000C334-1314047.pdf"; VariantName = "[No Variations]"
Change component parameters (AddParameter): Name = "ComponentLink2Description"; Value = "Link"; VariantName = "[No Variations]"
Change component parameters (AddParameter): Name = "ComponentLink2URL"; Value = "https://eu.mouser.com/ProductDetail/Panasonic/ERJ-U02J471X?qs=sGAEpiMZZMvdGkrng054txgTq5MjvbWtfBwA8U7MccU%3D"; VariantName = "[No Variations]"
Change component parameters (AddParameter): Name = "Manufacturer"; Value = "Kamaya"; VariantName = "[No Variations]"
Change component parameters (AddParameter): Name = "P/N"; Value = "RGC1/16SC1001DTH"; VariantName = "[No Variations]"
Change component parameters (AddParameter): Name = "Value"; Value = "1 k"; VariantName = "[No Variations]"
Change component parameters: Designator = "R23" ("R23"); Footprint = "R0402"; UniqueID = "\DBFZLXFV" ("\DBFZLXFV")
Change component parameters (AddParameter): Name = "Case"; Value = "0402"; VariantName = "[No Variations]"
Change component parameters (AddParameter): Name = "ComponentLink1Description"; Value = "Datasheet"; VariantName = "[No Variations]"
Change component parameters (AddParameter): Name = "ComponentLink1URL"; Value = ""; VariantName = "[No Variations]"
Change component parameters (AddParameter): Name = "ComponentLink2Description"; Value = "Link"; VariantName = "[No Variations]"
Change component parameters (AddParameter): Name = "ComponentLink2URL"; Value = ""; VariantName = "[No Variations]"
Change component parameters (AddParameter): Name = "Manufacturer"; Value = "Kamaya"; VariantName = "[No Variations]"
Change component parameters (AddParameter): Name = "P/N"; Value = "RGC1/16SC1001DTH"; VariantName = "[No Variations]"
Change component parameters (AddParameter): Name = "Value"; Value = "1 k"; VariantName = "[No Variations]"
Change component parameters: Designator = "C2" ("C2"); Footprint = "C0402"; UniqueID = "\SDXGHRHI" ("\SDXGHRHI")
Change component parameters (AddParameter): Name = "Case"; Value = "0402"; VariantName = "[No Variations]"
Change component parameters (AddParameter): Name = "Component Type"; Value = "MLCC"; VariantName = "[No Variations]"
Change component parameters (AddParameter): Name = "ComponentLink1Description"; Value = "Link"; VariantName = "[No Variations]"
Change component parameters (AddParameter): Name = "ComponentLink1URL"; Value = ""; VariantName = "[No Variations]"
Change component parameters (AddParameter): Name = "ComponentLink2Description"; Value = "Datasheet"; VariantName = "[No Variations]"
Change component parameters (AddParameter): Name = "ComponentLink2URL"; Value = ""; VariantName = "[No Variations]"
Change component parameters (AddParameter): Name = "Manufacturer"; Value = "Murate"; VariantName = "[No Variations]"
Change component parameters (AddParameter): Name = "P/N"; Value = "GRM155C81H104ME14D"; VariantName = "[No Variations]"
Change component parameters (AddParameter): Name = "Value"; Value = "0.1u"; VariantName = "[No Variations]"
Change component parameters: Designator = "C3" ("C3"); Footprint = "C0402"; UniqueID = "\DTWGPQWX" ("\DTWGPQWX")
Change component parameters (AddParameter): Name = "Case"; Value = "0402"; VariantName = "[No Variations]"
Change component parameters (AddParameter): Name = "Component Type"; Value = "MLCC"; VariantName = "[No Variations]"
Change component parameters (AddParameter): Name = "ComponentLink1Description"; Value = "Link"; VariantName = "[No Variations]"
Change component parameters (AddParameter): Name = "ComponentLink1URL"; Value = ""; VariantName = "[No Variations]"
Change component parameters (AddParameter): Name = "ComponentLink2Description"; Value = "Datasheet"; VariantName = "[No Variations]"
Change component parameters (AddParameter): Name = "ComponentLink2URL"; Value = ""; VariantName = "[No Variations]"
Change component parameters (AddParameter): Name = "Manufacturer"; Value = "Murate"; VariantName = "[No Variations]"
Change component parameters (AddParameter): Name = "P/N"; Value = "GRM155C81H104ME14D"; VariantName = "[No Variations]"
Change component parameters (AddParameter): Name = "Value"; Value = "0.1u"; VariantName = "[No Variations]"
Change component parameters: Designator = "C5" ("C5"); Footprint = "C0402"; UniqueID = "\PKPDCLXL" ("\PKPDCLXL")
Change component parameters (AddParameter): Name = "Case"; Value = "0402"; VariantName = "[No Variations]"
Change component parameters (AddParameter): Name = "Component Type"; Value = "MLCC"; VariantName = "[No Variations]"
Change component parameters (AddParameter): Name = "ComponentLink1Description"; Value = "Link"; VariantName = "[No Variations]"
Change component parameters (AddParameter): Name = "ComponentLink1URL"; Value = ""; VariantName = "[No Variations]"
Change component parameters (AddParameter): Name = "ComponentLink2Description"; Value = "Datasheet"; VariantName = "[No Variations]"
Change component parameters (AddParameter): Name = "ComponentLink2URL"; Value = ""; VariantName = "[No Variations]"
Change component parameters (AddParameter): Name = "Manufacturer"; Value = "Murate"; VariantName = "[No Variations]"
Change component parameters (AddParameter): Name = "P/N"; Value = "GRM155C81H104ME14D"; VariantName = "[No Variations]"
Change component parameters (AddParameter): Name = "Value"; Value = "0.1u"; VariantName = "[No Variations]"
Change component parameters: Designator = "C13" ("C13"); Footprint = "C0402"; UniqueID = "\MJSCYZOX" ("\MJSCYZOX")
Change component parameters (AddParameter): Name = "Case"; Value = "0402"; VariantName = "[No Variations]"
Change component parameters (AddParameter): Name = "Component Type"; Value = "MLCC"; VariantName = "[No Variations]"
Change component parameters (AddParameter): Name = "ComponentLink1Description"; Value = "Link"; VariantName = "[No Variations]"
Change component parameters (AddParameter): Name = "ComponentLink1URL"; Value = ""; VariantName = "[No Variations]"
Change component parameters (AddParameter): Name = "ComponentLink2Description"; Value = "Datasheet"; VariantName = "[No Variations]"
Change component parameters (AddParameter): Name = "ComponentLink2URL"; Value = ""; VariantName = "[No Variations]"
Change component parameters (AddParameter): Name = "Manufacturer"; Value = "Murate"; VariantName = "[No Variations]"
Change component parameters (AddParameter): Name = "P/N"; Value = "GRM155C81H104ME14D"; VariantName = "[No Variations]"
Change component parameters (AddParameter): Name = "Value"; Value = "0.1u"; VariantName = "[No Variations]"
Change component parameters: Designator = "C16" ("C16"); Footprint = "C0402"; UniqueID = "\MUBXHTLT" ("\MUBXHTLT")
Change component parameters (AddParameter): Name = "Case"; Value = "0402"; VariantName = "[No Variations]"
Change component parameters (AddParameter): Name = "Component Type"; Value = "MLCC"; VariantName = "[No Variations]"
Change component parameters (AddParameter): Name = "ComponentLink1Description"; Value = "Link"; VariantName = "[No Variations]"
Change component parameters (AddParameter): Name = "ComponentLink1URL"; Value = ""; VariantName = "[No Variations]"
Change component parameters (AddParameter): Name = "ComponentLink2Description"; Value = "Datasheet"; VariantName = "[No Variations]"
Change component parameters (AddParameter): Name = "ComponentLink2URL"; Value = ""; VariantName = "[No Variations]"
Change component parameters (AddParameter): Name = "Manufacturer"; Value = "Murata"; VariantName = "[No Variations]"
Change component parameters (AddParameter): Name = "P/N"; Value = "GRT155C81A475ME13D"; VariantName = "[No Variations]"
Change component parameters (AddParameter): Name = "Value"; Value = "4.7u"; VariantName = "[No Variations]"
Change component parameters: Designator = "C19" ("C19"); Footprint = "C0402"; UniqueID = "\BKQXMIMW" ("\BKQXMIMW")
Change component parameters (AddParameter): Name = "Case"; Value = "0402"; VariantName = "[No Variations]"
Change component parameters (AddParameter): Name = "Component Type"; Value = "MLCC"; VariantName = "[No Variations]"
Change component parameters (AddParameter): Name = "ComponentLink1Description"; Value = "Link"; VariantName = "[No Variations]"
Change component parameters (AddParameter): Name = "ComponentLink1URL"; Value = ""; VariantName = "[No Variations]"
Change component parameters (AddParameter): Name = "ComponentLink2Description"; Value = "Datasheet"; VariantName = "[No Variations]"
Change component parameters (AddParameter): Name = "ComponentLink2URL"; Value = ""; VariantName = "[No Variations]"
Change component parameters (AddParameter): Name = "Manufacturer"; Value = "Murata"; VariantName = "[No Variations]"
Change component parameters (AddParameter): Name = "P/N"; Value = "GRT155C81A475ME13D"; VariantName = "[No Variations]"
Change component parameters (AddParameter): Name = "Value"; Value = "4.7u"; VariantName = "[No Variations]"
Change component parameters: Designator = "R10" ("R10"); Footprint = "R0402"; UniqueID = "\VXZKGVLY" ("\VXZKGVLY")
Change component parameters (AddParameter): Name = "Case"; Value = "0402"; VariantName = "[No Variations]"
Change component parameters (AddParameter): Name = "ComponentLink1Description"; Value = "Datasheet"; VariantName = "[No Variations]"
Change component parameters (AddParameter): Name = "ComponentLink1URL"; Value = "https://eu.mouser.com/datasheet/2/315/AOA0000C304-1149620.pdf"; VariantName = "[No Variations]"
Change component parameters (AddParameter): Name = "ComponentLink2Description"; Value = "Link"; VariantName = "[No Variations]"
Change component parameters (AddParameter): Name = "ComponentLink2URL"; Value = "https://eu.mouser.com/ProductDetail/Panasonic/ERJ-2RKF2202X?qs=sGAEpiMZZMvdGkrng054t8AJgcdMkx7xGCv6QlnvaAM%3D"; VariantName = "[No Variations]"
Change component parameters (AddParameter): Name = "Manufacturer"; Value = "Panasonic"; VariantName = "[No Variations]"
Change component parameters (AddParameter): Name = "P/N"; Value = "ERJ-2RHD103X"; VariantName = "[No Variations]"
Change component parameters (AddParameter): Name = "Value"; Value = "10 k"; VariantName = "[No Variations]"
Change component parameters: Designator = "C28" ("C28"); Footprint = "C0603"; UniqueID = "\CYOUMQPO" ("\CYOUMQPO")
Change component parameters (AddParameter): Name = "Case"; Value = "0402"; VariantName = "[No Variations]"
Change component parameters (AddParameter): Name = "Component Type"; Value = "MLCC"; VariantName = "[No Variations]"
Change component parameters (AddParameter): Name = "ComponentLink1Description"; Value = "Link"; VariantName = "[No Variations]"
Change component parameters (AddParameter): Name = "ComponentLink1URL"; Value = ""; VariantName = "[No Variations]"
Change component parameters (AddParameter): Name = "ComponentLink2Description"; Value = "Datasheet"; VariantName = "[No Variations]"
Change component parameters (AddParameter): Name = "ComponentLink2URL"; Value = ""; VariantName = "[No Variations]"
Change component parameters (AddParameter): Name = "Manufacturer"; Value = "KEMET"; VariantName = "[No Variations]"
Change component parameters (AddParameter): Name = "P/N"; Value = "C0402C100K5RACTU"; VariantName = "[No Variations]"
Change component parameters (AddParameter): Name = "Value"; Value = "10p"; VariantName = "[No Variations]"
Change component parameters: Designator = "C8" ("C8"); Footprint = "C0402"; UniqueID = "\NUHCAWDZ" ("\NUHCAWDZ")
Change component parameters (AddParameter): Name = "Case"; Value = "0402"; VariantName = "[No Variations]"
Change component parameters (AddParameter): Name = "Component Type"; Value = "MLCC"; VariantName = "[No Variations]"
Change component parameters (AddParameter): Name = "ComponentLink1Description"; Value = "Link"; VariantName = "[No Variations]"
Change component parameters (AddParameter): Name = "ComponentLink1URL"; Value = "https://eu.mouser.com/ProductDetail/KEMET/C0402C100K5RACTU?qs=Mv7BduZupUgEdPvwNAxLRQ%3D%3D"; VariantName = "[No Variations]"
Change component parameters (AddParameter): Name = "ComponentLink2Description"; Value = "Datasheet"; VariantName = "[No Variations]"
Change component parameters (AddParameter): Name = "ComponentLink2URL"; Value = "https://eu.mouser.com/datasheet/2/447/KEM_C1002_X7R_SMD-3316098.pdf"; VariantName = "[No Variations]"
Change component parameters (AddParameter): Name = "Manufacturer"; Value = "KEMET"; VariantName = "[No Variations]"
Change component parameters (AddParameter): Name = "P/N"; Value = "C0402C100K5RACTU"; VariantName = "[No Variations]"
Change component parameters (AddParameter): Name = "Value"; Value = "2p"; VariantName = "[No Variations]"
Change component parameters: Designator = "C11" ("C11"); Footprint = "C0402"; UniqueID = "\FDHVDWDR" ("\FDHVDWDR")
Change component parameters (AddParameter): Name = "Case"; Value = "0402"; VariantName = "[No Variations]"
Change component parameters (AddParameter): Name = "Component Type"; Value = "MLCC"; VariantName = "[No Variations]"
Change component parameters (AddParameter): Name = "ComponentLink1Description"; Value = "Link"; VariantName = "[No Variations]"
Change component parameters (AddParameter): Name = "ComponentLink1URL"; Value = "https://eu.mouser.com/ProductDetail/KEMET/C0402C100K5RACTU?qs=Mv7BduZupUgEdPvwNAxLRQ%3D%3D"; VariantName = "[No Variations]"
Change component parameters (AddParameter): Name = "ComponentLink2Description"; Value = "Datasheet"; VariantName = "[No Variations]"
Change component parameters (AddParameter): Name = "ComponentLink2URL"; Value = "https://eu.mouser.com/datasheet/2/447/KEM_C1002_X7R_SMD-3316098.pdf"; VariantName = "[No Variations]"
Change component parameters (AddParameter): Name = "Manufacturer"; Value = "KEMET"; VariantName = "[No Variations]"
Change component parameters (AddParameter): Name = "P/N"; Value = "C0402C100K5RACTU"; VariantName = "[No Variations]"
Change component parameters (AddParameter): Name = "Value"; Value = "10p"; VariantName = "[No Variations]"
Change component parameters: Designator = "C18" ("C18"); Footprint = "C0402"; UniqueID = "\XBKHSFNV" ("\XBKHSFNV")
Change component parameters (AddParameter): Name = "Case"; Value = "0402"; VariantName = "[No Variations]"
Change component parameters (AddParameter): Name = "Component Type"; Value = "MLCC"; VariantName = "[No Variations]"
Change component parameters (AddParameter): Name = "ComponentLink1Description"; Value = "Link"; VariantName = "[No Variations]"
Change component parameters (AddParameter): Name = "ComponentLink1URL"; Value = ""; VariantName = "[No Variations]"
Change component parameters (AddParameter): Name = "ComponentLink2Description"; Value = "Datasheet"; VariantName = "[No Variations]"
Change component parameters (AddParameter): Name = "ComponentLink2URL"; Value = ""; VariantName = "[No Variations]"
Change component parameters (AddParameter): Name = "Manufacturer"; Value = "Murata"; VariantName = "[No Variations]"
Change component parameters (AddParameter): Name = "P/N"; Value = "GRT155C81A475ME13D"; VariantName = "[No Variations]"
Change component parameters (AddParameter): Name = "Value"; Value = "4.7u"; VariantName = "[No Variations]"
Change component parameters: Designator = "R1" ("R1"); Footprint = "R0402"; UniqueID = "\EUGYOCEY" ("\EUGYOCEY")
Change component parameters (AddParameter): Name = "Case"; Value = "0402"; VariantName = "[No Variations]"
Change component parameters (AddParameter): Name = "ComponentLink1Description"; Value = "Datasheet"; VariantName = "[No Variations]"
Change component parameters (AddParameter): Name = "ComponentLink1URL"; Value = ""; VariantName = "[No Variations]"
Change component parameters (AddParameter): Name = "ComponentLink2Description"; Value = "Link"; VariantName = "[No Variations]"
Change component parameters (AddParameter): Name = "ComponentLink2URL"; Value = ""; VariantName = "[No Variations]"
Change component parameters (AddParameter): Name = "Manufacturer"; Value = "Kamaya"; VariantName = "[No Variations]"
Change component parameters (AddParameter): Name = "P/N"; Value = "RGC1/16SC1001DTH"; VariantName = "[No Variations]"
Change component parameters (AddParameter): Name = "Value"; Value = "1 k"; VariantName = "[No Variations]"
Change component parameters: Designator = "R8" ("R8"); Footprint = "R0402"; UniqueID = "\FMCYZXZT" ("\FMCYZXZT")
Change component parameters (AddParameter): Name = "Case"; Value = "0402"; VariantName = "[No Variations]"
Change component parameters (AddParameter): Name = "ComponentLink1Description"; Value = "Datasheet"; VariantName = "[No Variations]"
Change component parameters (AddParameter): Name = "ComponentLink1URL"; Value = ""; VariantName = "[No Variations]"
Change component parameters (AddParameter): Name = "ComponentLink2Description"; Value = "Link"; VariantName = "[No Variations]"
Change component parameters (AddParameter): Name = "ComponentLink2URL"; Value = ""; VariantName = "[No Variations]"
Change component parameters (AddParameter): Name = "Manufacturer"; Value = "Kamaya"; VariantName = "[No Variations]"
Change component parameters (AddParameter): Name = "P/N"; Value = "RGC1/16SC1001DTH"; VariantName = "[No Variations]"
Change component parameters (AddParameter): Name = "Value"; Value = "1 k"; VariantName = "[No Variations]"
Change component parameters: Designator = "R12" ("R12"); Footprint = "R0402"; UniqueID = "\ALVWGXRJ" ("\ALVWGXRJ")
Change component parameters (AddParameter): Name = "Case"; Value = "0402"; VariantName = "[No Variations]"
Change component parameters (AddParameter): Name = "ComponentLink1Description"; Value = "Datasheet"; VariantName = "[No Variations]"
Change component parameters (AddParameter): Name = "ComponentLink1URL"; Value = ""; VariantName = "[No Variations]"
Change component parameters (AddParameter): Name = "ComponentLink2Description"; Value = "Link"; VariantName = "[No Variations]"
Change component parameters (AddParameter): Name = "ComponentLink2URL"; Value = ""; VariantName = "[No Variations]"
Change component parameters (AddParameter): Name = "Manufacturer"; Value = "Kamaya"; VariantName = "[No Variations]"
Change component parameters (AddParameter): Name = "P/N"; Value = "RGC1/16SC1001DTH"; VariantName = "[No Variations]"
Change component parameters (AddParameter): Name = "Value"; Value = "1 k"; VariantName = "[No Variations]"
Change component parameters: Designator = "R18" ("R18"); Footprint = "R0402"; UniqueID = "\GQXDKJHT" ("\GQXDKJHT")
Change component parameters (AddParameter): Name = "Case"; Value = "0402"; VariantName = "[No Variations]"
Change component parameters (AddParameter): Name = "ComponentLink1Description"; Value = "Datasheet"; VariantName = "[No Variations]"
Change component parameters (AddParameter): Name = "ComponentLink1URL"; Value = "https://eu.mouser.com/datasheet/2/315/AOA0000C334-1314047.pdf"; VariantName = "[No Variations]"
Change component parameters (AddParameter): Name = "ComponentLink2Description"; Value = "Link"; VariantName = "[No Variations]"
Change component parameters (AddParameter): Name = "ComponentLink2URL"; Value = "https://eu.mouser.com/ProductDetail/Panasonic/ERJ-U02J471X?qs=sGAEpiMZZMvdGkrng054txgTq5MjvbWtfBwA8U7MccU%3D"; VariantName = "[No Variations]"
Change component parameters (AddParameter): Name = "Manufacturer"; Value = "Kamaya"; VariantName = "[No Variations]"
Change component parameters (AddParameter): Name = "P/N"; Value = "RGC1/16SC1001DTH"; VariantName = "[No Variations]"
Change component parameters (AddParameter): Name = "Value"; Value = "1 k"; VariantName = "[No Variations]"
Change component parameters: Designator = "R24" ("R24"); Footprint = "R0402"; UniqueID = "\MGCFDYJP" ("\MGCFDYJP")
Change component parameters (AddParameter): Name = "Case"; Value = "0402"; VariantName = "[No Variations]"
Change component parameters (AddParameter): Name = "ComponentLink1Description"; Value = "Datasheet"; VariantName = "[No Variations]"
Change component parameters (AddParameter): Name = "ComponentLink1URL"; Value = ""; VariantName = "[No Variations]"
Change component parameters (AddParameter): Name = "ComponentLink2Description"; Value = "Link"; VariantName = "[No Variations]"
Change component parameters (AddParameter): Name = "ComponentLink2URL"; Value = ""; VariantName = "[No Variations]"
Change component parameters (AddParameter): Name = "Manufacturer"; Value = "Kamaya"; VariantName = "[No Variations]"
Change component parameters (AddParameter): Name = "P/N"; Value = "RGC1/16SC1001DTH"; VariantName = "[No Variations]"
Change component parameters (AddParameter): Name = "Value"; Value = "1 k"; VariantName = "[No Variations]"
Change component parameters: Designator = "DD1" ("DD1"); Footprint = "QFN-10"; UniqueID = "\MQDTITWD" ("\MQDTITWD")
Change component parameters (AddParameter): Name = "Case"; Value = "UFQFPN-48"; VariantName = "[No Variations]"
Change component parameters (AddParameter): Name = "Component Type"; Value = "ARM Microcontrollers - MCU"; VariantName = "[No Variations]"
Change component parameters (AddParameter): Name = "ComponentLink1Description"; Value = "Datasheet"; VariantName = "[No Variations]"
Change component parameters (AddParameter): Name = "ComponentLink1URL"; Value = "https://eu.mouser.com/datasheet/2/389/stm32g491cc-2079910.pdf"; VariantName = "[No Variations]"
Change component parameters (AddParameter): Name = "ComponentLink2Description"; Value = "Link"; VariantName = "[No Variations]"
Change component parameters (AddParameter): Name = "ComponentLink2URL"; Value = "https://eu.mouser.com/ProductDetail/STMicroelectronics/STM32G491CCU6?qs=eP2BKZSCXI7DW1LAe4ydBg%3D%3D"; VariantName = "[No Variations]"
Change component parameters (AddParameter): Name = "Manufacturer"; Value = "STMicroelectronics"; VariantName = "[No Variations]"
Change component parameters (AddParameter): Name = "P/N"; Value = "STM32G491CCU6"; VariantName = "[No Variations]"
Change component parameters (AddParameter): Name = "Value"; Value = "170 MHz, 256 kB,  4 x 12 bit"; VariantName = "[No Variations]"
Added Component: Designator=C4(C0402)
Add component (AddParameter): Name = "Case"; Value = "0402"; VariantName = "[No Variations]"
Add component (AddParameter): Name = "Component Type"; Value = "MLCC"; VariantName = "[No Variations]"
Add component (AddParameter): Name = "ComponentLink1Description"; Value = "Link"; VariantName = "[No Variations]"
Add component (AddParameter): Name = "ComponentLink1URL"; Value = ""; VariantName = "[No Variations]"
Add component (AddParameter): Name = "ComponentLink2Description"; Value = "Datasheet"; VariantName = "[No Variations]"
Add component (AddParameter): Name = "ComponentLink2URL"; Value = ""; VariantName = "[No Variations]"
Add component (AddParameter): Name = "Manufacturer"; Value = "Murate"; VariantName = "[No Variations]"
Add component (AddParameter): Name = "P/N"; Value = "GRM155C81H104ME14D"; VariantName = "[No Variations]"
Add component (AddParameter): Name = "Value"; Value = "0.1u"; VariantName = "[No Variations]"
Added Component: Designator=C10(C0402)
Add component (AddParameter): Name = "Case"; Value = "0402"; VariantName = "[No Variations]"
Add component (AddParameter): Name = "Component Type"; Value = "MLCC"; VariantName = "[No Variations]"
Add component (AddParameter): Name = "ComponentLink1Description"; Value = "Link"; VariantName = "[No Variations]"
Add component (AddParameter): Name = "ComponentLink1URL"; Value = "https://eu.mouser.com/ProductDetail/KEMET/C0402C100K5RACTU?qs=Mv7BduZupUgEdPvwNAxLRQ%3D%3D"; VariantName = "[No Variations]"
Add component (AddParameter): Name = "ComponentLink2Description"; Value = "Datasheet"; VariantName = "[No Variations]"
Add component (AddParameter): Name = "ComponentLink2URL"; Value = "https://eu.mouser.com/datasheet/2/447/KEM_C1002_X7R_SMD-3316098.pdf"; VariantName = "[No Variations]"
Add component (AddParameter): Name = "Manufacturer"; Value = "KEMET"; VariantName = "[No Variations]"
Add component (AddParameter): Name = "P/N"; Value = "C0402C100K5RACTU"; VariantName = "[No Variations]"
Add component (AddParameter): Name = "Value"; Value = "2p"; VariantName = "[No Variations]"
Added Component: Designator=C20(C0402)
Add component (AddParameter): Name = "Case"; Value = "0402"; VariantName = "[No Variations]"
Add component (AddParameter): Name = "Component Type"; Value = "MLCC"; VariantName = "[No Variations]"
Add component (AddParameter): Name = "ComponentLink1Description"; Value = "Link"; VariantName = "[No Variations]"
Add component (AddParameter): Name = "ComponentLink1URL"; Value = ""; VariantName = "[No Variations]"
Add component (AddParameter): Name = "ComponentLink2Description"; Value = "Datasheet"; VariantName = "[No Variations]"
Add component (AddParameter): Name = "ComponentLink2URL"; Value = ""; VariantName = "[No Variations]"
Add component (AddParameter): Name = "Manufacturer"; Value = "Murate"; VariantName = "[No Variations]"
Add component (AddParameter): Name = "P/N"; Value = "GRM155C81H104ME14D"; VariantName = "[No Variations]"
Add component (AddParameter): Name = "Value"; Value = "0.1u"; VariantName = "[No Variations]"
Added Component: Designator=C21(C0402)
Add component (AddParameter): Name = "Case"; Value = "0402"; VariantName = "[No Variations]"
Add component (AddParameter): Name = "Component Type"; Value = "MLCC"; VariantName = "[No Variations]"
Add component (AddParameter): Name = "ComponentLink1Description"; Value = "Link"; VariantName = "[No Variations]"
Add component (AddParameter): Name = "ComponentLink1URL"; Value = ""; VariantName = "[No Variations]"
Add component (AddParameter): Name = "ComponentLink2Description"; Value = "Datasheet"; VariantName = "[No Variations]"
Add component (AddParameter): Name = "ComponentLink2URL"; Value = ""; VariantName = "[No Variations]"
Add component (AddParameter): Name = "Manufacturer"; Value = "Murate"; VariantName = "[No Variations]"
Add component (AddParameter): Name = "P/N"; Value = "GRM155C81H104ME14D"; VariantName = "[No Variations]"
Add component (AddParameter): Name = "Value"; Value = "0.1u"; VariantName = "[No Variations]"
Added Component: Designator=C22(C0402)
Add component (AddParameter): Name = "Case"; Value = "0402"; VariantName = "[No Variations]"
Add component (AddParameter): Name = "Component Type"; Value = "MLCC"; VariantName = "[No Variations]"
Add component (AddParameter): Name = "ComponentLink1Description"; Value = "Link"; VariantName = "[No Variations]"
Add component (AddParameter): Name = "ComponentLink1URL"; Value = ""; VariantName = "[No Variations]"
Add component (AddParameter): Name = "ComponentLink2Description"; Value = "Datasheet"; VariantName = "[No Variations]"
Add component (AddParameter): Name = "ComponentLink2URL"; Value = ""; VariantName = "[No Variations]"
Add component (AddParameter): Name = "Manufacturer"; Value = "Murata"; VariantName = "[No Variations]"
Add component (AddParameter): Name = "P/N"; Value = "GRT155C81A475ME13D"; VariantName = "[No Variations]"
Add component (AddParameter): Name = "Value"; Value = "4.7u"; VariantName = "[No Variations]"
Added Component: Designator=C23(C0402)
Add component (AddParameter): Name = "Case"; Value = "0402"; VariantName = "[No Variations]"
Add component (AddParameter): Name = "Component Type"; Value = "MLCC"; VariantName = "[No Variations]"
Add component (AddParameter): Name = "ComponentLink1Description"; Value = "Link"; VariantName = "[No Variations]"
Add component (AddParameter): Name = "ComponentLink1URL"; Value = ""; VariantName = "[No Variations]"
Add component (AddParameter): Name = "ComponentLink2Description"; Value = "Datasheet"; VariantName = "[No Variations]"
Add component (AddParameter): Name = "ComponentLink2URL"; Value = ""; VariantName = "[No Variations]"
Add component (AddParameter): Name = "Manufacturer"; Value = "Murate"; VariantName = "[No Variations]"
Add component (AddParameter): Name = "P/N"; Value = "GRM155C81H104ME14D"; VariantName = "[No Variations]"
Add component (AddParameter): Name = "Value"; Value = "0.1u"; VariantName = "[No Variations]"
Added Component: Designator=C24(C0402)
Add component (AddParameter): Name = "Case"; Value = "0402"; VariantName = "[No Variations]"
Add component (AddParameter): Name = "Component Type"; Value = "MLCC"; VariantName = "[No Variations]"
Add component (AddParameter): Name = "ComponentLink1Description"; Value = "Link"; VariantName = "[No Variations]"
Add component (AddParameter): Name = "ComponentLink1URL"; Value = ""; VariantName = "[No Variations]"
Add component (AddParameter): Name = "ComponentLink2Description"; Value = "Datasheet"; VariantName = "[No Variations]"
Add component (AddParameter): Name = "ComponentLink2URL"; Value = ""; VariantName = "[No Variations]"
Add component (AddParameter): Name = "Manufacturer"; Value = "Murate"; VariantName = "[No Variations]"
Add component (AddParameter): Name = "P/N"; Value = "GRM155C81H104ME14D"; VariantName = "[No Variations]"
Add component (AddParameter): Name = "Value"; Value = "0.1u"; VariantName = "[No Variations]"
Added Component: Designator=C25(C0402)
Add component (AddParameter): Name = "Case"; Value = "0402"; VariantName = "[No Variations]"
Add component (AddParameter): Name = "Component Type"; Value = "MLCC"; VariantName = "[No Variations]"
Add component (AddParameter): Name = "ComponentLink1Description"; Value = "Link"; VariantName = "[No Variations]"
Add component (AddParameter): Name = "ComponentLink1URL"; Value = ""; VariantName = "[No Variations]"
Add component (AddParameter): Name = "ComponentLink2Description"; Value = "Datasheet"; VariantName = "[No Variations]"
Add component (AddParameter): Name = "ComponentLink2URL"; Value = ""; VariantName = "[No Variations]"
Add component (AddParameter): Name = "Manufacturer"; Value = "Murata"; VariantName = "[No Variations]"
Add component (AddParameter): Name = "P/N"; Value = "GRT155C81A475ME13D"; VariantName = "[No Variations]"
Add component (AddParameter): Name = "Value"; Value = "4.7u"; VariantName = "[No Variations]"
Added Component: Designator=C26(C0402)
Add component (AddParameter): Name = "Case"; Value = "0402"; VariantName = "[No Variations]"
Add component (AddParameter): Name = "Component Type"; Value = "MLCC"; VariantName = "[No Variations]"
Add component (AddParameter): Name = "ComponentLink1Description"; Value = "Link"; VariantName = "[No Variations]"
Add component (AddParameter): Name = "ComponentLink1URL"; Value = ""; VariantName = "[No Variations]"
Add component (AddParameter): Name = "ComponentLink2Description"; Value = "Datasheet"; VariantName = "[No Variations]"
Add component (AddParameter): Name = "ComponentLink2URL"; Value = ""; VariantName = "[No Variations]"
Add component (AddParameter): Name = "Manufacturer"; Value = "Murate"; VariantName = "[No Variations]"
Add component (AddParameter): Name = "P/N"; Value = "GRM155C81H104ME14D"; VariantName = "[No Variations]"
Add component (AddParameter): Name = "Value"; Value = "0.1u"; VariantName = "[No Variations]"
Added Component: Designator=C27(C0402)
Add component (AddParameter): Name = "Case"; Value = "0402"; VariantName = "[No Variations]"
Add component (AddParameter): Name = "Component Type"; Value = "MLCC"; VariantName = "[No Variations]"
Add component (AddParameter): Name = "ComponentLink1Description"; Value = "Link"; VariantName = "[No Variations]"
Add component (AddParameter): Name = "ComponentLink1URL"; Value = "https://eu.mouser.com/ProductDetail/KEMET/C0402C100K5RACTU?qs=Mv7BduZupUgEdPvwNAxLRQ%3D%3D"; VariantName = "[No Variations]"
Add component (AddParameter): Name = "ComponentLink2Description"; Value = "Datasheet"; VariantName = "[No Variations]"
Add component (AddParameter): Name = "ComponentLink2URL"; Value = "https://eu.mouser.com/datasheet/2/447/KEM_C1002_X7R_SMD-3316098.pdf"; VariantName = "[No Variations]"
Add component (AddParameter): Name = "Manufacturer"; Value = "KEMET"; VariantName = "[No Variations]"
Add component (AddParameter): Name = "P/N"; Value = "C0402C100K5RACTU"; VariantName = "[No Variations]"
Add component (AddParameter): Name = "Value"; Value = "10p"; VariantName = "[No Variations]"
Added Component: Designator=C37(C0603)
Add component (AddParameter): Name = "Case"; Value = ""; VariantName = "[No Variations]"
Add component (AddParameter): Name = "Component Type"; Value = ""; VariantName = "[No Variations]"
Add component (AddParameter): Name = "ComponentLink1Description"; Value = "Link"; VariantName = "[No Variations]"
Add component (AddParameter): Name = "ComponentLink1URL"; Value = ""; VariantName = "[No Variations]"
Add component (AddParameter): Name = "ComponentLink2Description"; Value = "Datasheet"; VariantName = "[No Variations]"
Add component (AddParameter): Name = "ComponentLink2URL"; Value = ""; VariantName = "[No Variations]"
Add component (AddParameter): Name = "Manufacturer"; Value = ""; VariantName = "[No Variations]"
Add component (AddParameter): Name = "P/N"; Value = ""; VariantName = "[No Variations]"
Add component (AddParameter): Name = "Value"; Value = ""; VariantName = "[No Variations]"
Added Component: Designator=DA1(VQFN_16_INA851)
Add component (AddParameter): Name = "Case"; Value = "VQFN-16"; VariantName = "[No Variations]"
Add component (AddParameter): Name = "Component Type"; Value = "Instrumentation Amplifiers"; VariantName = "[No Variations]"
Add component (AddParameter): Name = "ComponentLink1Description"; Value = "Datasheet"; VariantName = "[No Variations]"
Add component (AddParameter): Name = "ComponentLink1URL"; Value = "https://www.ti.com/lit/ds/symlink/ina851.pdf?ts=1707581186124&ref_url=https%253A%252F%252Feu.mouser.com%252F"; VariantName = "[No Variations]"
Add component (AddParameter): Name = "ComponentLink2Description"; Value = "Link"; VariantName = "[No Variations]"
Add component (AddParameter): Name = "ComponentLink2URL"; Value = "https://eu.mouser.com/ProductDetail/Texas-Instruments/INA851RGTR?qs=Y0Uzf4wQF3kbGQkgMC0HWQ%3D%3D"; VariantName = "[No Variations]"
Add component (AddParameter): Name = "Manufacturer"; Value = "Texas Instruments"; VariantName = "[No Variations]"
Add component (AddParameter): Name = "P/N"; Value = "INA851RGTR"; VariantName = "[No Variations]"
Add component (AddParameter): Name = "Value"; Value = "3.2 nV/vHz. +-40V"; VariantName = "[No Variations]"
Added Component: Designator=DA2(LFCSP-32_AD9245)
Add component (AddParameter): Name = "Case"; Value = "LFCSP-32"; VariantName = "[No Variations]"
Add component (AddParameter): Name = "Component Type"; Value = "Analog to Digital Converters - ADC"; VariantName = "[No Variations]"
Add component (AddParameter): Name = "ComponentLink1Description"; Value = "Datasheet"; VariantName = "[No Variations]"
Add component (AddParameter): Name = "ComponentLink1URL"; Value = "https://eu.mouser.com/datasheet/2/609/AD9245-3134626.pdf"; VariantName = "[No Variations]"
Add component (AddParameter): Name = "ComponentLink2Description"; Value = "Link"; VariantName = "[No Variations]"
Add component (AddParameter): Name = "ComponentLink2URL"; Value = "https://eu.mouser.com/ProductDetail/Analog-Devices/AD9245BCPZ-20?qs=%2FtpEQrCGXCyn%2FB%2F5xLQAJw%3D%3D"; VariantName = "[No Variations]"
Add component (AddParameter): Name = "Manufacturer"; Value = "Analog Devices Inc."; VariantName = "[No Variations]"
Add component (AddParameter): Name = "P/N"; Value = "AD9245BCPZ-20"; VariantName = "[No Variations]"
Add component (AddParameter): Name = "Value"; Value = "14 bit,  20 MS/s"; VariantName = "[No Variations]"
Added Component: Designator=L8(R0402)
Add component (AddParameter): Name = "Case"; Value = "0402"; VariantName = "[No Variations]"
Add component (AddParameter): Name = "Component Type"; Value = "Ferrite Beads"; VariantName = "[No Variations]"
Add component (AddParameter): Name = "ComponentLink1Description"; Value = "Datasheet"; VariantName = "[No Variations]"
Add component (AddParameter): Name = "ComponentLink1URL"; Value = "https://eu.mouser.com/datasheet/2/281/ENFA0018-1915754.pdf"; VariantName = "[No Variations]"
Add component (AddParameter): Name = "ComponentLink2Description"; Value = "Link"; VariantName = "[No Variations]"
Add component (AddParameter): Name = "ComponentLink2URL"; Value = "https://eu.mouser.com/ProductDetail/Murata-Electronics/BLM15PX471SN1D?qs=eTNEoJdcnEJgxrnv%252BsVZMw%3D%3D"; VariantName = "[No Variations]"
Add component (AddParameter): Name = "Manufacturer"; Value = "Murata"; VariantName = "[No Variations]"
Add component (AddParameter): Name = "P/N"; Value = "BLM15PX471SN1D"; VariantName = "[No Variations]"
Add component (AddParameter): Name = "Value"; Value = "470 Ohms, 1A"; VariantName = "[No Variations]"
Added Component: Designator=R4(R0402)
Add component (AddParameter): Name = "Case"; Value = "0402"; VariantName = "[No Variations]"
Add component (AddParameter): Name = "ComponentLink1Description"; Value = "Datasheet"; VariantName = "[No Variations]"
Add component (AddParameter): Name = "ComponentLink1URL"; Value = "https://eu.mouser.com/datasheet/2/210/kamaya_products_RGC__english_20170424_101024-1651573.pdf"; VariantName = "[No Variations]"
Add component (AddParameter): Name = "ComponentLink2Description"; Value = "Link"; VariantName = "[No Variations]"
Add component (AddParameter): Name = "ComponentLink2URL"; Value = "https://eu.mouser.com/ProductDetail/Kamaya/RGC1-16SC1001DTH?qs=KAq9QXcE8HAz3iV8i32W5A%3D%3D"; VariantName = "[No Variations]"
Add component (AddParameter): Name = "Manufacturer"; Value = ""; VariantName = "[No Variations]"
Add component (AddParameter): Name = "P/N"; Value = ""; VariantName = "[No Variations]"
Add component (AddParameter): Name = "Value"; Value = "1.5k"; VariantName = "[No Variations]"
Added Component: Designator=R6(R0402)
Add component (AddParameter): Name = "Case"; Value = "0402"; VariantName = "[No Variations]"
Add component (AddParameter): Name = "ComponentLink1Description"; Value = "Datasheet"; VariantName = "[No Variations]"
Add component (AddParameter): Name = "ComponentLink1URL"; Value = ""; VariantName = "[No Variations]"
Add component (AddParameter): Name = "ComponentLink2Description"; Value = "Link"; VariantName = "[No Variations]"
Add component (AddParameter): Name = "ComponentLink2URL"; Value = ""; VariantName = "[No Variations]"
Add component (AddParameter): Name = "Manufacturer"; Value = "Kamaya"; VariantName = "[No Variations]"
Add component (AddParameter): Name = "P/N"; Value = "RGC1/16SC1001DTH"; VariantName = "[No Variations]"
Add component (AddParameter): Name = "Value"; Value = "1 k"; VariantName = "[No Variations]"
Added Component: Designator=R9(R0402)
Add component (AddParameter): Name = "Case"; Value = "0402"; VariantName = "[No Variations]"
Add component (AddParameter): Name = "ComponentLink1Description"; Value = "Datasheet"; VariantName = "[No Variations]"
Add component (AddParameter): Name = "ComponentLink1URL"; Value = ""; VariantName = "[No Variations]"
Add component (AddParameter): Name = "ComponentLink2Description"; Value = "Link"; VariantName = "[No Variations]"
Add component (AddParameter): Name = "ComponentLink2URL"; Value = ""; VariantName = "[No Variations]"
Add component (AddParameter): Name = "Manufacturer"; Value = "Kamaya"; VariantName = "[No Variations]"
Add component (AddParameter): Name = "P/N"; Value = "RGC1/16SC1001DTH"; VariantName = "[No Variations]"
Add component (AddParameter): Name = "Value"; Value = "1 k"; VariantName = "[No Variations]"
Added Component: Designator=R25(R0402)
Add component (AddParameter): Name = "Case"; Value = "0402"; VariantName = "[No Variations]"
Add component (AddParameter): Name = "ComponentLink1Description"; Value = "Datasheet"; VariantName = "[No Variations]"
Add component (AddParameter): Name = "ComponentLink1URL"; Value = "https://eu.mouser.com/datasheet/2/315/AOA0000C334-1314047.pdf"; VariantName = "[No Variations]"
Add component (AddParameter): Name = "ComponentLink2Description"; Value = "Link"; VariantName = "[No Variations]"
Add component (AddParameter): Name = "ComponentLink2URL"; Value = "https://eu.mouser.com/ProductDetail/Panasonic/ERJ-U02J471X?qs=sGAEpiMZZMvdGkrng054txgTq5MjvbWtfBwA8U7MccU%3D"; VariantName = "[No Variations]"
Add component (AddParameter): Name = "Manufacturer"; Value = "Kamaya"; VariantName = "[No Variations]"
Add component (AddParameter): Name = "P/N"; Value = "RGC1/16SC1001DTH"; VariantName = "[No Variations]"
Add component (AddParameter): Name = "Value"; Value = "1 k"; VariantName = "[No Variations]"
Added Component: Designator=R26(R0402)
Add component (AddParameter): Name = "Case"; Value = "0402"; VariantName = "[No Variations]"
Add component (AddParameter): Name = "ComponentLink1Description"; Value = "Datasheet"; VariantName = "[No Variations]"
Add component (AddParameter): Name = "ComponentLink1URL"; Value = ""; VariantName = "[No Variations]"
Add component (AddParameter): Name = "ComponentLink2Description"; Value = "Link"; VariantName = "[No Variations]"
Add component (AddParameter): Name = "ComponentLink2URL"; Value = ""; VariantName = "[No Variations]"
Add component (AddParameter): Name = "Manufacturer"; Value = "Kamaya"; VariantName = "[No Variations]"
Add component (AddParameter): Name = "P/N"; Value = "RGC1/16SC1001DTH"; VariantName = "[No Variations]"
Add component (AddParameter): Name = "Value"; Value = "1 k"; VariantName = "[No Variations]"
Added Component: Designator=R27(R0402)
Add component (AddParameter): Name = "Case"; Value = "0402"; VariantName = "[No Variations]"
Add component (AddParameter): Name = "ComponentLink1Description"; Value = "Datasheet"; VariantName = "[No Variations]"
Add component (AddParameter): Name = "ComponentLink1URL"; Value = ""; VariantName = "[No Variations]"
Add component (AddParameter): Name = "ComponentLink2Description"; Value = "Link"; VariantName = "[No Variations]"
Add component (AddParameter): Name = "ComponentLink2URL"; Value = ""; VariantName = "[No Variations]"
Add component (AddParameter): Name = "Manufacturer"; Value = "Kamaya"; VariantName = "[No Variations]"
Add component (AddParameter): Name = "P/N"; Value = "RGC1/16SC1001DTH"; VariantName = "[No Variations]"
Add component (AddParameter): Name = "Value"; Value = "1 k"; VariantName = "[No Variations]"
Added Component: Designator=R28(R0402)
Add component (AddParameter): Name = "Case"; Value = "0402"; VariantName = "[No Variations]"
Add component (AddParameter): Name = "ComponentLink1Description"; Value = "Datasheet"; VariantName = "[No Variations]"
Add component (AddParameter): Name = "ComponentLink1URL"; Value = "https://eu.mouser.com/datasheet/2/315/AOA0000C334-1314047.pdf"; VariantName = "[No Variations]"
Add component (AddParameter): Name = "ComponentLink2Description"; Value = "Link"; VariantName = "[No Variations]"
Add component (AddParameter): Name = "ComponentLink2URL"; Value = "https://eu.mouser.com/ProductDetail/Panasonic/ERJ-U02J471X?qs=sGAEpiMZZMvdGkrng054txgTq5MjvbWtfBwA8U7MccU%3D"; VariantName = "[No Variations]"
Add component (AddParameter): Name = "Manufacturer"; Value = "Kamaya"; VariantName = "[No Variations]"
Add component (AddParameter): Name = "P/N"; Value = "RGC1/16SC1001DTH"; VariantName = "[No Variations]"
Add component (AddParameter): Name = "Value"; Value = "1 k"; VariantName = "[No Variations]"
Added Component: Designator=R29(R0402)
Add component (AddParameter): Name = "Case"; Value = "0402"; VariantName = "[No Variations]"
Add component (AddParameter): Name = "ComponentLink1Description"; Value = "Datasheet"; VariantName = "[No Variations]"
Add component (AddParameter): Name = "ComponentLink1URL"; Value = "https://eu.mouser.com/datasheet/2/315/AOA0000C301-1488782.pdf"; VariantName = "[No Variations]"
Add component (AddParameter): Name = "ComponentLink2Description"; Value = "Link"; VariantName = "[No Variations]"
Add component (AddParameter): Name = "ComponentLink2URL"; Value = "https://eu.mouser.com/ProductDetail/Panasonic/ERJ-2GEJ101X?qs=sGAEpiMZZMvdGkrng054t8ugkoYZivkgDJYBiBKVgh4%3D"; VariantName = "[No Variations]"
Add component (AddParameter): Name = "Manufacturer"; Value = "Panasonic"; VariantName = "[No Variations]"
Add component (AddParameter): Name = "P/N"; Value = "ERJ-2GEJ101X"; VariantName = "[No Variations]"
Add component (AddParameter): Name = "Value"; Value = "100R"; VariantName = "[No Variations]"
Added Component: Designator=R30(R0402)
Add component (AddParameter): Name = "Case"; Value = "0402"; VariantName = "[No Variations]"
Add component (AddParameter): Name = "ComponentLink1Description"; Value = "Datasheet"; VariantName = "[No Variations]"
Add component (AddParameter): Name = "ComponentLink1URL"; Value = ""; VariantName = "[No Variations]"
Add component (AddParameter): Name = "ComponentLink2Description"; Value = "Link"; VariantName = "[No Variations]"
Add component (AddParameter): Name = "ComponentLink2URL"; Value = ""; VariantName = "[No Variations]"
Add component (AddParameter): Name = "Manufacturer"; Value = "Kamaya"; VariantName = "[No Variations]"
Add component (AddParameter): Name = "P/N"; Value = "RGC1/16SC1001DTH"; VariantName = "[No Variations]"
Add component (AddParameter): Name = "Value"; Value = "1 k"; VariantName = "[No Variations]"
Added Component: Designator=R31(R0402)
Add component (AddParameter): Name = "Case"; Value = "0402"; VariantName = "[No Variations]"
Add component (AddParameter): Name = "ComponentLink1Description"; Value = "Datasheet"; VariantName = "[No Variations]"
Add component (AddParameter): Name = "ComponentLink1URL"; Value = ""; VariantName = "[No Variations]"
Add component (AddParameter): Name = "ComponentLink2Description"; Value = "Link"; VariantName = "[No Variations]"
Add component (AddParameter): Name = "ComponentLink2URL"; Value = ""; VariantName = "[No Variations]"
Add component (AddParameter): Name = "Manufacturer"; Value = "Kamaya"; VariantName = "[No Variations]"
Add component (AddParameter): Name = "P/N"; Value = "RGC1/16SC1001DTH"; VariantName = "[No Variations]"
Add component (AddParameter): Name = "Value"; Value = "1 k"; VariantName = "[No Variations]"
Added Component: Designator=R37(R0402)
Add component (AddParameter): Name = "Case"; Value = "0402"; VariantName = "[No Variations]"
Add component (AddParameter): Name = "ComponentLink1Description"; Value = "Datasheet"; VariantName = "[No Variations]"
Add component (AddParameter): Name = "ComponentLink1URL"; Value = "https://eu.mouser.com/datasheet/2/315/AOA0000C304-1149620.pdf"; VariantName = "[No Variations]"
Add component (AddParameter): Name = "ComponentLink2Description"; Value = "Link"; VariantName = "[No Variations]"
Add component (AddParameter): Name = "ComponentLink2URL"; Value = "https://eu.mouser.com/ProductDetail/Panasonic/ERJ-2RKF2202X?qs=sGAEpiMZZMvdGkrng054t8AJgcdMkx7xGCv6QlnvaAM%3D"; VariantName = "[No Variations]"
Add component (AddParameter): Name = "Manufacturer"; Value = "Panasonic"; VariantName = "[No Variations]"
Add component (AddParameter): Name = "P/N"; Value = "ERJ-2RHD103X"; VariantName = "[No Variations]"
Add component (AddParameter): Name = "Value"; Value = "10 k"; VariantName = "[No Variations]"
Added Component: Designator=R38(R0402)
Add component (AddParameter): Name = "Case"; Value = "0402"; VariantName = "[No Variations]"
Add component (AddParameter): Name = "ComponentLink1Description"; Value = "Datasheet"; VariantName = "[No Variations]"
Add component (AddParameter): Name = "ComponentLink1URL"; Value = "https://eu.mouser.com/datasheet/2/315/AOA0000C304-1149620.pdf"; VariantName = "[No Variations]"
Add component (AddParameter): Name = "ComponentLink2Description"; Value = "Link"; VariantName = "[No Variations]"
Add component (AddParameter): Name = "ComponentLink2URL"; Value = "https://eu.mouser.com/ProductDetail/Panasonic/ERJ-2RKF2202X?qs=sGAEpiMZZMvdGkrng054t8AJgcdMkx7xGCv6QlnvaAM%3D"; VariantName = "[No Variations]"
Add component (AddParameter): Name = "Manufacturer"; Value = "Panasonic"; VariantName = "[No Variations]"
Add component (AddParameter): Name = "P/N"; Value = "ERJ-2RHD103X"; VariantName = "[No Variations]"
Add component (AddParameter): Name = "Value"; Value = "10 k"; VariantName = "[No Variations]"
Added Pin To Net: NetName=GND Pin=C1-1
Added Pin To Net: NetName=GND Pin=C2-1
Added Pin To Net: NetName=+16V Pin=C2-2
Added Pin To Net: NetName=GND Pin=C3-1
Added Pin To Net: NetName=+3.3VADC Pin=C3-2
Added Pin To Net: NetName=GND Pin=C4-1
Added Pin To Net: NetName=+3.3VDC Pin=C4-2
Added Pin To Net: NetName=GND Pin=C5-1
Added Pin To Net: NetName=+3.3VADC Pin=C5-2
Added Pin To Net: NetName=GND Pin=C6-1
Added Pin To Net: NetName=+3.3VADC Pin=C6-2
Added Pin To Net: NetName=NetC4_1 Pin=C7-2
Added Pin To Net: NetName=NetC10_1 Pin=C10-1
Added Pin To Net: NetName=NetC10_2 Pin=C10-2
Added Pin To Net: NetName=GND Pin=C12-2
Added Pin To Net: NetName=GND Pin=C13-1
Added Pin To Net: NetName=-16V Pin=C13-2
Added Pin To Net: NetName=GND Pin=C17-1
Added Pin To Net: NetName=GND Pin=C20-1
Added Pin To Net: NetName=GND Pin=C21-1
Added Pin To Net: NetName=+3.3VADC Pin=C22-1
Added Pin To Net: NetName=GND Pin=C22-2
Added Pin To Net: NetName=+3.3VADC Pin=C23-1
Added Pin To Net: NetName=GND Pin=C23-2
Added Pin To Net: NetName=+3.3VDC Pin=C24-1
Added Pin To Net: NetName=GND Pin=C24-2
Added Pin To Net: NetName=+3.3VDC Pin=C25-1
Added Pin To Net: NetName=GND Pin=C25-2
Added Pin To Net: NetName=GND Pin=C26-2
Added Pin To Net: NetName=OSC- Pin=C27-1
Added Pin To Net: NetName=GND Pin=C27-2
Added Pin To Net: NetName=GND Pin=C28-2
Added Pin To Net: NetName=GND Pin=C37-1
Added Pin To Net: NetName=+16V Pin=C37-2
Added Pin To Net: NetName=Signal_N Pin=DA1-1
Added Pin To Net: NetName=Signal_P Pin=DA1-4
Added Pin To Net: NetName=GND Pin=DA1-5
Added Pin To Net: NetName=NetC10_2 Pin=DA1-6
Added Pin To Net: NetName=-16V Pin=DA1-7
Added Pin To Net: NetName=-16V Pin=DA1-7
Added Pin To Net: NetName=NetC10_1 Pin=DA1-9
Added Pin To Net: NetName=NetC10_1 Pin=DA1-10
Added Pin To Net: NetName=+16V Pin=DA1-14
Added Pin To Net: NetName=+3.3VADC Pin=DA1-16
Added Pin To Net: NetName=GND Pin=DA2-15
Added Pin To Net: NetName=+3.3VDC Pin=DA2-16
Added Pin To Net: NetName=+3.3VADC Pin=DA2-27
Added Pin To Net: NetName=GND Pin=DA2-28
Added Pin To Net: NetName=GND Pin=DA2-28
Added Pin To Net: NetName=GND Pin=DA2-31
Added Pin To Net: NetName=+3.3VADC Pin=DA2-32
Added Pin To Net: NetName=+3.3VDC Pin=DD1-1
Added Pin To Net: NetName=OSC- Pin=DD1-2
Added Pin To Net: NetName=OSC+ Pin=DD1-3
Added Pin To Net: NetName=GND Pin=DD1-14
Added Pin To Net: NetName=+3.3VADC Pin=DD1-15
Added Pin To Net: NetName=GND Pin=DD1-16
Added Pin To Net: NetName=+3.3VDC Pin=DD1-17
Added Pin To Net: NetName=USB_N Pin=DD1-21
Added Pin To Net: NetName=USB_P Pin=DD1-22
Added Pin To Net: NetName=SWDIO Pin=DD1-23
Added Pin To Net: NetName=SWCLK Pin=DD1-24
Added Pin To Net: NetName=GND Pin=DD1-32
Added Pin To Net: NetName=GND Pin=DD1-32
Added Pin To Net: NetName=GND Pin=J1-2
Added Pin To Net: NetName=GND Pin=J1-2
Added Pin To Net: NetName=GND Pin=J1-2
Added Pin To Net: NetName=GND Pin=J1-2
Added Pin To Net: NetName=NetC4_1 Pin=K1-2
Added Pin To Net: NetName=Signal_P Pin=R1-1
Added Pin To Net: NetName=NetC4_1 Pin=R1-2
Added Pin To Net: NetName=GND Pin=R2-1
Added Pin To Net: NetName=NetC4_1 Pin=R2-2
Added Pin To Net: NetName=NetC10_1 Pin=R5-2
Added Pin To Net: NetName=Signal_N Pin=R6-1
Added Pin To Net: NetName=GND Pin=R6-2
Added Pin To Net: NetName=GND Pin=R7-2
Added Pin To Net: NetName=GND Pin=R8-2
Added Pin To Net: NetName=GND Pin=R9-2
Added Pin To Net: NetName=+3.3VADC Pin=R10-1
Added Pin To Net: NetName=GND Pin=R13-2
Added Pin To Net: NetName=LED_G Pin=R22-2
Added Pin To Net: NetName=LED_B Pin=R24-2
Added Pin To Net: NetName=OSC+ Pin=R29-1
Added Pin To Net: NetName=AC/DC Pin=R31-1
Added Pin To Net: NetName=+3.3VADC Pin=R37-2
Added Pin To Net: NetName=GND Pin=R38-2
Added Pin To Net: NetName=GND Pin=VD1-2
Change Net Name : Old Net Name=NetC4_1 New Net Name=NetC7_1
Change Net Name : Old Net Name=NetC22_1 New Net Name=NetC31_1
Change Net Name : Old Net Name=NetC22_2 New Net Name=NetC31_2
Change Net Name : Old Net Name=NetC23_1 New Net Name=NetC32_1
Change Net Name : Old Net Name=NetC23_2 New Net Name=NetC32_2
Change Net Name : Old Net Name=NetC24_1 New Net Name=NetC33_1
Change Net Name : Old Net Name=NetC24_2 New Net Name=NetC33_2
Change Net Name : Old Net Name=NetC31_1 New Net Name=NetC40_1
Change Net Name : Old Net Name=NetC32_1 New Net Name=NetC41_1
Change Net Name : Old Net Name=NetC35_2 New Net Name=NetC44_2
Change Net Name : Old Net Name=NetC41_2 New Net Name=NetC50_2
Change Net Name : Old Net Name=NetC42_1 New Net Name=NetC51_1
Change Net Name : Old Net Name=NetDD3_1 New Net Name=NetDD2_1
Change Net Name : Old Net Name=NetJ3_0 New Net Name=NetJ2_0
Change Net Name : Old Net Name=NetJ3_1 New Net Name=NetJ2_1
Change Net Name : Old Net Name=NetJ3_2 New Net Name=NetJ2_2
Change Net Name : Old Net Name=NetJ3_3 New Net Name=NetJ2_3
Added Pin To Net: NetName=ADC_CLK Pin=DA2-2
Added Pin To Net: NetName=ADC_CLK Pin=R30-2
Added Net: Name=ADC_CLK
Added Pin To Net: NetName=Boot Pin=C26-1
Added Pin To Net: NetName=Boot Pin=DD1-31
Added Pin To Net: NetName=Boot Pin=JP1-2
Added Pin To Net: NetName=Boot Pin=R10-2
Added Net: Name=Boot
Added Pin To Net: NetName=D_0 Pin=DA2-5
Added Pin To Net: NetName=D_0 Pin=R11-1
Added Net: Name=D_0
Added Pin To Net: NetName=D_1 Pin=DA2-6
Added Pin To Net: NetName=D_1 Pin=R12-1
Added Net: Name=D_1
Added Pin To Net: NetName=D_2 Pin=DA2-7
Added Pin To Net: NetName=D_2 Pin=R15-1
Added Net: Name=D_2
Added Pin To Net: NetName=D_3 Pin=DA2-8
Added Pin To Net: NetName=D_3 Pin=R17-1
Added Net: Name=D_3
Added Pin To Net: NetName=D_4 Pin=DA2-9
Added Pin To Net: NetName=D_4 Pin=R19-1
Added Net: Name=D_4
Added Pin To Net: NetName=D_5 Pin=DA2-10
Added Pin To Net: NetName=D_5 Pin=R21-1
Added Net: Name=D_5
Added Pin To Net: NetName=D_6 Pin=DA2-11
Added Pin To Net: NetName=D_6 Pin=R23-1
Added Net: Name=D_6
Added Pin To Net: NetName=D_7 Pin=DA2-12
Added Pin To Net: NetName=D_7 Pin=R25-1
Added Net: Name=D_7
Added Pin To Net: NetName=D_8 Pin=DA2-13
Added Pin To Net: NetName=D_8 Pin=R26-1
Added Net: Name=D_8
Added Pin To Net: NetName=D_9 Pin=DA2-14
Added Pin To Net: NetName=D_9 Pin=R27-1
Added Net: Name=D_9
Added Pin To Net: NetName=D_10 Pin=DA2-17
Added Pin To Net: NetName=D_10 Pin=R28-1
Added Net: Name=D_10
Added Pin To Net: NetName=D_11 Pin=DA2-18
Added Pin To Net: NetName=D_11 Pin=R14-2
Added Net: Name=D_11
Added Pin To Net: NetName=D_12 Pin=DA2-19
Added Pin To Net: NetName=D_12 Pin=R16-2
Added Net: Name=D_12
Added Pin To Net: NetName=D_13 Pin=DA2-20
Added Pin To Net: NetName=D_13 Pin=R18-2
Added Net: Name=D_13
Added Pin To Net: NetName=NetC8_1 Pin=C8-1
Added Pin To Net: NetName=NetC8_1 Pin=DA1-15
Added Net: Name=NetC8_1
Added Pin To Net: NetName=NetC8_2 Pin=C8-2
Added Pin To Net: NetName=NetC8_2 Pin=DA1-11
Added Pin To Net: NetName=NetC8_2 Pin=DA1-12
Added Pin To Net: NetName=NetC8_2 Pin=R3-2
Added Net: Name=NetC8_2
Added Pin To Net: NetName=NetC14_1 Pin=C14-1
Added Pin To Net: NetName=NetC14_1 Pin=C15-2
Added Pin To Net: NetName=NetC14_1 Pin=C16-2
Added Pin To Net: NetName=NetC14_1 Pin=C21-2
Added Pin To Net: NetName=NetC14_1 Pin=DA2-25
Added Net: Name=NetC14_1
Added Pin To Net: NetName=NetC14_2 Pin=C14-2
Added Pin To Net: NetName=NetC14_2 Pin=C15-1
Added Pin To Net: NetName=NetC14_2 Pin=C16-1
Added Pin To Net: NetName=NetC14_2 Pin=C20-2
Added Pin To Net: NetName=NetC14_2 Pin=DA2-26
Added Net: Name=NetC14_2
Added Pin To Net: NetName=NetC17_2 Pin=C17-2
Added Pin To Net: NetName=NetC17_2 Pin=C18-1
Added Pin To Net: NetName=NetC17_2 Pin=C19-1
Added Pin To Net: NetName=NetC17_2 Pin=DA2-24
Added Net: Name=NetC17_2
Added Pin To Net: NetName=NetC28_1 Pin=C28-1
Added Pin To Net: NetName=NetC28_1 Pin=G1-1
Added Pin To Net: NetName=NetC28_1 Pin=R29-2
Added Net: Name=NetC28_1
Added Pin To Net: NetName=NetDA1_2 Pin=DA1-2
Added Pin To Net: NetName=NetDA1_2 Pin=R4-2
Added Net: Name=NetDA1_2
Added Pin To Net: NetName=NetDA1_3 Pin=DA1-3
Added Pin To Net: NetName=NetDA1_3 Pin=R4-1
Added Net: Name=NetDA1_3
Added Pin To Net: NetName=NetDA2_4 Pin=DA2-4
Added Pin To Net: NetName=NetDA2_4 Pin=R9-1
Added Net: Name=NetDA2_4
Added Pin To Net: NetName=NetDA2_22 Pin=DA2-22
Added Pin To Net: NetName=NetDA2_22 Pin=R7-1
Added Net: Name=NetDA2_22
Added Pin To Net: NetName=NetDA2_23 Pin=DA2-23
Added Pin To Net: NetName=NetDA2_23 Pin=R8-1
Added Net: Name=NetDA2_23
Added Pin To Net: NetName=NetDD1_4 Pin=DD1-4
Added Pin To Net: NetName=NetDD1_4 Pin=R30-1
Added Net: Name=NetDD1_4
Added Pin To Net: NetName=NetDD1_5 Pin=DD1-5
Added Pin To Net: NetName=NetDD1_5 Pin=R11-2
Added Net: Name=NetDD1_5
Added Pin To Net: NetName=NetDD1_6 Pin=DD1-6
Added Pin To Net: NetName=NetDD1_6 Pin=R12-2
Added Net: Name=NetDD1_6
Added Pin To Net: NetName=NetDD1_7 Pin=DD1-7
Added Pin To Net: NetName=NetDD1_7 Pin=R15-2
Added Net: Name=NetDD1_7
Added Pin To Net: NetName=NetDD1_8 Pin=DD1-8
Added Pin To Net: NetName=NetDD1_8 Pin=R17-2
Added Net: Name=NetDD1_8
Added Pin To Net: NetName=NetDD1_9 Pin=DD1-9
Added Pin To Net: NetName=NetDD1_9 Pin=R19-2
Added Net: Name=NetDD1_9
Added Pin To Net: NetName=NetDD1_10 Pin=DD1-10
Added Pin To Net: NetName=NetDD1_10 Pin=R21-2
Added Net: Name=NetDD1_10
Added Pin To Net: NetName=NetDD1_11 Pin=DD1-11
Added Pin To Net: NetName=NetDD1_11 Pin=R23-2
Added Net: Name=NetDD1_11
Added Pin To Net: NetName=NetDD1_12 Pin=DD1-12
Added Pin To Net: NetName=NetDD1_12 Pin=R25-2
Added Net: Name=NetDD1_12
Added Pin To Net: NetName=NetDD1_13 Pin=DD1-13
Added Pin To Net: NetName=NetDD1_13 Pin=R14-1
Added Net: Name=NetDD1_13
Added Pin To Net: NetName=NetDD1_18 Pin=DD1-18
Added Pin To Net: NetName=NetDD1_18 Pin=R26-2
Added Net: Name=NetDD1_18
Added Pin To Net: NetName=NetDD1_19 Pin=DD1-19
Added Pin To Net: NetName=NetDD1_19 Pin=R27-2
Added Net: Name=NetDD1_19
Added Pin To Net: NetName=NetDD1_20 Pin=DD1-20
Added Pin To Net: NetName=NetDD1_20 Pin=R28-2
Added Net: Name=NetDD1_20
Added Pin To Net: NetName=NetDD1_25 Pin=DD1-25
Added Pin To Net: NetName=NetDD1_25 Pin=R31-2
Added Net: Name=NetDD1_25
Added Pin To Net: NetName=NetDD1_26 Pin=DD1-26
Added Pin To Net: NetName=NetDD1_26 Pin=R16-1
Added Net: Name=NetDD1_26
Added Pin To Net: NetName=NetDD1_27 Pin=DD1-27
Added Pin To Net: NetName=NetDD1_27 Pin=R18-1
Added Net: Name=NetDD1_27
Added Pin To Net: NetName=NetDD1_28 Pin=DD1-28
Added Pin To Net: NetName=NetDD1_28 Pin=R20-1
Added Net: Name=NetDD1_28
Added Pin To Net: NetName=NetDD1_29 Pin=DD1-29
Added Pin To Net: NetName=NetDD1_29 Pin=R22-1
Added Net: Name=NetDD1_29
Added Pin To Net: NetName=NetDD1_30 Pin=DD1-30
Added Pin To Net: NetName=NetDD1_30 Pin=R24-1
Added Net: Name=NetDD1_30
Added Pin To Net: NetName=NetL8_1 Pin=L8-1
Added Pin To Net: NetName=NetL8_1 Pin=R37-1
Added Pin To Net: NetName=NetL8_1 Pin=R38-1
Added Net: Name=NetL8_1
Added Pin To Net: NetName=NetR13_1 Pin=R13-1
Added Pin To Net: NetName=NetR13_1 Pin=VD2-2
Added Net: Name=NetR13_1
Added Pin To Net: NetName=OTR Pin=DA2-21
Added Pin To Net: NetName=OTR Pin=R20-2
Added Net: Name=OTR
Added Pin To Net: NetName=Out_N Pin=C9-2
Added Pin To Net: NetName=Out_N Pin=C11-1
Added Pin To Net: NetName=Out_N Pin=DA2-30
Added Pin To Net: NetName=Out_N Pin=R5-1
Added Net: Name=Out_N
Added Pin To Net: NetName=Out_P Pin=C9-1
Added Pin To Net: NetName=Out_P Pin=C12-1
Added Pin To Net: NetName=Out_P Pin=DA2-29
Added Pin To Net: NetName=Out_P Pin=R3-1
Added Net: Name=Out_P
Added Pin To Net: NetName=Vocm Pin=C1-2
Added Pin To Net: NetName=Vocm Pin=DA1-13
Added Pin To Net: NetName=Vocm Pin=L8-2
Added Net: Name=Vocm
Change Class Name : Old Net Name=Digital New Net Name=Main
Added Differential Pair: Name=Out
Added Member To Class: ClassName=Main Member=Component C20 0.1u
Added Member To Class: ClassName=Main Member=Component C21 0.1u
Added Member To Class: ClassName=Main Member=Component C22 4.7u
Added Member To Class: ClassName=Main Member=Component C23 0.1u
Added Member To Class: ClassName=Main Member=Component C24 0.1u
Added Member To Class: ClassName=Main Member=Component C25 4.7u
Added Member To Class: ClassName=Main Member=Component C26 0.1u
Added Member To Class: ClassName=Main Member=Component C27 10p
Added Member To Class: ClassName=Main Member=Component C28 10p
Added Member To Class: ClassName=Power Member=Component C46 0.1u
Added Member To Class: ClassName=Main Member=Component DA1 INA851RGTR
Added Member To Class: ClassName=Main Member=Component DA2 AD9245BCPZ-20
Added Member To Class: ClassName=Power Member=Component L8 BLM15PX471SN1D
Added Member To Class: ClassName=Main Member=Component R25 1 k
Added Member To Class: ClassName=Main Member=Component R26 1 k
Added Member To Class: ClassName=Main Member=Component R27 1 k
Added Member To Class: ClassName=Main Member=Component R28 1 k
Added Member To Class: ClassName=Main Member=Component R29 100R
Added Member To Class: ClassName=Main Member=Component R30 1 k
Added Member To Class: ClassName=Main Member=Component R31 1 k
Added Member To Class: ClassName=Power Member=Component R37 10 k
Added Member To Class: ClassName=Power Member=Component R38 10 k
Added Member To Class: ClassName=Power Member=Component S1 MS130-10S
Added Member To Class: ClassName=Power Member=Component S2 MS130-10S
Added Room: Name=Main
Added Room: Name=Power
