Change Physical Footprint: Designator=C7 Old Footprint=C0603 New Footprint=C0603
Change Physical Footprint: Designator=C9 Old Footprint=C0603 New Footprint=C0603
Change Physical Footprint: Designator=C10 Old Footprint=C0603 New Footprint=C0603
Change Physical Footprint: Designator=C43 Old Footprint=C0603 New Footprint=C0603
Change Physical Footprint: Designator=C60 Old Footprint=C0603 New Footprint=C0603
Change Physical Footprint: Designator=C61 Old Footprint=C0603 New Footprint=C0603
Change Physical Footprint: Designator=DA3 Old Footprint=LFCSP-32_AD9245 New Footprint=LFCSP-32_AD9245
Change Physical Footprint: Designator=DD1 Old Footprint=SSOP-16 New Footprint=SSOP-16
Change Physical Footprint: Designator=FB1 Old Footprint=L0603 New Footprint=L0603
Change Physical Footprint: Designator=FB2 Old Footprint=L0603 New Footprint=L0603
Change Physical Footprint: Designator=FB3 Old Footprint=L0603 New Footprint=L0603
Change Physical Footprint: Designator=FB4 Old Footprint=L0603 New Footprint=L0603
Change Physical Footprint: Designator=J2 Old Footprint=112640 New Footprint=112640
Change Physical Footprint: Designator=J3 Old Footprint=112640 New Footprint=112640
Change Physical Footprint: Designator=L1 Old Footprint=0907 (2520) New Footprint=0907 (2520)
Change Physical Footprint: Designator=L5 Old Footprint=0907 (2520) New Footprint=0907 (2520)
Change Physical Footprint: Designator=R1 Old Footprint=R0603 New Footprint=R0603
Change Physical Footprint: Designator=R2 Old Footprint=R0603 New Footprint=R0603
Change Physical Footprint: Designator=R3 Old Footprint=R0603 New Footprint=R0603
Change Physical Footprint: Designator=R4 Old Footprint=R0603 New Footprint=R0603
Change Physical Footprint: Designator=R5 Old Footprint=R0603 New Footprint=R0603
Change Physical Footprint: Designator=R6 Old Footprint=R0603 New Footprint=R0603
Change Physical Footprint: Designator=R7 Old Footprint=R0603 New Footprint=R0603
Change Physical Footprint: Designator=R8 Old Footprint=R0603 New Footprint=R0603
Change Physical Footprint: Designator=R9 Old Footprint=R0603 New Footprint=R0603
Change Physical Footprint: Designator=R10 Old Footprint=R0603 New Footprint=R0603
Change Physical Footprint: Designator=R11 Old Footprint=R0603 New Footprint=R0603
Change Physical Footprint: Designator=R12 Old Footprint=R0603 New Footprint=R0603
Change Physical Footprint: Designator=R13 Old Footprint=R0603 New Footprint=R0603
Change Physical Footprint: Designator=R14 Old Footprint=R0603 New Footprint=R0603
Change Physical Footprint: Designator=R15 Old Footprint=R0603 New Footprint=R0603
Change Physical Footprint: Designator=R16 Old Footprint=R0603 New Footprint=R0603
Change Physical Footprint: Designator=R17 Old Footprint=R0603 New Footprint=R0603
Change Physical Footprint: Designator=R18 Old Footprint=R0603 New Footprint=R0603
Change Physical Footprint: Designator=R19 Old Footprint=R0603 New Footprint=R0603
Change Physical Footprint: Designator=R20 Old Footprint=R0603 New Footprint=R0603
Change Physical Footprint: Designator=R21 Old Footprint=R0603 New Footprint=R0603
Change Physical Footprint: Designator=R22 Old Footprint=R0603 New Footprint=R0603
Change Physical Footprint: Designator=R23 Old Footprint=R0603 New Footprint=R0603
Change Physical Footprint: Designator=R24 Old Footprint=R0603 New Footprint=R0603
Change Physical Footprint: Designator=R25 Old Footprint=R0603 New Footprint=R0603
Change Physical Footprint: Designator=R26 Old Footprint=R0603 New Footprint=R0603
Change Physical Footprint: Designator=R27 Old Footprint=R0603 New Footprint=R0603
Change Physical Footprint: Designator=R28 Old Footprint=R0603 New Footprint=R0603
Change Physical Footprint: Designator=R29 Old Footprint=R0603 New Footprint=R0603
Change Physical Footprint: Designator=R30 Old Footprint=R0603 New Footprint=R0603
Change Physical Footprint: Designator=R31 Old Footprint=R0603 New Footprint=R0603
Change Physical Footprint: Designator=R32 Old Footprint=R0603 New Footprint=R0603
Change Physical Footprint: Designator=R33 Old Footprint=R0603 New Footprint=R0603
Change Physical Footprint: Designator=R34 Old Footprint=R0603 New Footprint=R0603
Change Physical Footprint: Designator=R35 Old Footprint=R0603 New Footprint=R0603
Change Physical Footprint: Designator=R36 Old Footprint=R0603 New Footprint=R0603
Change Physical Footprint: Designator=R37 Old Footprint=R0603 New Footprint=R0603
Change Physical Footprint: Designator=R38 Old Footprint=R0603 New Footprint=R0603
Change Physical Footprint: Designator=R39 Old Footprint=R0603 New Footprint=R0603
Change Physical Footprint: Designator=R40 Old Footprint=R0603 New Footprint=R0603
Change Physical Footprint: Designator=R41 Old Footprint=R0603 New Footprint=R0603
Change Physical Footprint: Designator=R42 Old Footprint=R0603 New Footprint=R0603
Change Physical Footprint: Designator=R43 Old Footprint=R0603 New Footprint=R0603
Change Physical Footprint: Designator=R44 Old Footprint=R0603 New Footprint=R0603
Change Physical Footprint: Designator=R45 Old Footprint=R0603 New Footprint=R0603
Change Physical Footprint: Designator=R46 Old Footprint=R0603 New Footprint=R0603
Change Physical Footprint: Designator=R47 Old Footprint=R0603 New Footprint=R0603
Change Physical Footprint: Designator=R48 Old Footprint=R0603 New Footprint=R0603
Change Physical Footprint: Designator=R49 Old Footprint=R0603 New Footprint=R0603
Change Physical Footprint: Designator=R50 Old Footprint=R0603 New Footprint=R0603
Change Physical Footprint: Designator=R51 Old Footprint=R0603 New Footprint=R0603
Change Physical Footprint: Designator=TP1 Old Footprint=36-5117-ND New Footprint=36-5117-ND
Change Physical Footprint: Designator=TP2 Old Footprint=36-5117-ND New Footprint=36-5117-ND
Change Physical Footprint: Designator=TP3 Old Footprint=36-5117-ND New Footprint=36-5117-ND
Change Physical Footprint: Designator=TP4 Old Footprint=36-5117-ND New Footprint=36-5117-ND
Change Physical Footprint: Designator=U1 Old Footprint=WCSP-6F-6 New Footprint=WCSP-6F-6
Change Physical Footprint: Designator=VD2 Old Footprint=0402_VD New Footprint=0402_VD
