Change Component Footprint: Designator=C1 Old Footprint=C0402 New Footprint=C0603
Change Component Footprint: Designator=C2 Old Footprint=C0402 New Footprint=C0603
Change Component Footprint: Designator=C3 Old Footprint=C0402 New Footprint=C0603
Change Component Footprint: Designator=C4 Old Footprint=C0402 New Footprint=C0603
Change Component Footprint: Designator=C5 Old Footprint=C0402 New Footprint=C0603
Change Component Footprint: Designator=C6 Old Footprint=C0402 New Footprint=C0603
Change Component Footprint: Designator=C7 Old Footprint=C0402 New Footprint=C0603
Change Component Footprint: Designator=C8 Old Footprint=C0402 New Footprint=C0603
Change Component Footprint: Designator=C9 Old Footprint=C0402 New Footprint=C0603
Change Component Footprint: Designator=C10 Old Footprint=C0402 New Footprint=C0603
Change Component Footprint: Designator=C11 Old Footprint=C0402 New Footprint=C0603
Change Component Footprint: Designator=C12 Old Footprint=C0402 New Footprint=C0603
Change Component Footprint: Designator=C13 Old Footprint=C0402 New Footprint=C0603
Change Component Footprint: Designator=C14 Old Footprint=C0402 New Footprint=C0603
Change Component Footprint: Designator=C15 Old Footprint=C0402 New Footprint=C0603
Change Component Footprint: Designator=C16 Old Footprint=C0402 New Footprint=C0603
Change Component Footprint: Designator=C17 Old Footprint=C0402 New Footprint=C0603
Change Component Footprint: Designator=C18 Old Footprint=C0402 New Footprint=C0603
Change Component Footprint: Designator=C19 Old Footprint=C0402 New Footprint=C0603
Change Component Footprint: Designator=C20 Old Footprint=C0402 New Footprint=C0603
Change Component Footprint: Designator=C21 Old Footprint=C0402 New Footprint=C0603
Change Component Footprint: Designator=C22 Old Footprint=C0402 New Footprint=C0603
Change Component Footprint: Designator=C23 Old Footprint=C0402 New Footprint=C0603
Change Component Footprint: Designator=C24 Old Footprint=C0402 New Footprint=C0603
Change Component Footprint: Designator=C25 Old Footprint=C0402 New Footprint=C0603
Change Component Footprint: Designator=C26 Old Footprint=C0402 New Footprint=C0603
Change Component Footprint: Designator=C27 Old Footprint=C0402 New Footprint=C0603
Change Component Footprint: Designator=C28 Old Footprint=C0402 New Footprint=C0603
Change Component Footprint: Designator=C29 Old Footprint=C0402 New Footprint=C0603
Change Component Footprint: Designator=C30 Old Footprint=C0402 New Footprint=C0603
Change Component Footprint: Designator=C31 Old Footprint=C0402 New Footprint=C0603
Change Component Footprint: Designator=C32 Old Footprint=C0402 New Footprint=C0603
Change Component Footprint: Designator=C33 Old Footprint=C0402 New Footprint=C0603
Change Component Footprint: Designator=C34 Old Footprint=C0402 New Footprint=C0603
Change Component Footprint: Designator=C35 Old Footprint=C0402 New Footprint=C0603
Change Component Footprint: Designator=C36 Old Footprint=C0402 New Footprint=C0603
Change Component Footprint: Designator=C37 Old Footprint=C0402 New Footprint=C0603
Change Component Footprint: Designator=C38 Old Footprint=C0402 New Footprint=C0603
Change Component Footprint: Designator=C39 Old Footprint=C0402 New Footprint=C0603
Change Component Footprint: Designator=C40 Old Footprint=C0402 New Footprint=C0603
Change Component Footprint: Designator=C41 Old Footprint=C0402 New Footprint=C0603
Change Component Footprint: Designator=C42 Old Footprint=C0402 New Footprint=C0603
Change Component Footprint: Designator=C43 Old Footprint=C0402 New Footprint=C0603
Change Component Footprint: Designator=C44 Old Footprint=C0402 New Footprint=C0603
Change Component Footprint: Designator=C45 Old Footprint=C0402 New Footprint=C0603
Change Component Footprint: Designator=C46 Old Footprint=C0402 New Footprint=C0603
Change Component Footprint: Designator=C47 Old Footprint=C0402 New Footprint=C0603
Change Component Footprint: Designator=C48 Old Footprint=C0402 New Footprint=C0603
Change Component Footprint: Designator=C49 Old Footprint=C0402 New Footprint=C0603
Change Component Footprint: Designator=C50 Old Footprint=C0402 New Footprint=C0603
Change Component Footprint: Designator=C51 Old Footprint=C0402 New Footprint=C0603
Change Component Footprint: Designator=C53 Old Footprint=C0402 New Footprint=C0603
Change Component Footprint: Designator=C54 Old Footprint=C0402 New Footprint=C0603
Change Component Footprint: Designator=C55 Old Footprint=C0402 New Footprint=C0603
Change Component Footprint: Designator=C56 Old Footprint=C0402 New Footprint=C0603
Change Component Footprint: Designator=C57 Old Footprint=C0402 New Footprint=C0603
Change Component Footprint: Designator=C58 Old Footprint=C0402 New Footprint=C0603
Change Component Footprint: Designator=C59 Old Footprint=C0402 New Footprint=C0603
Change Component Footprint: Designator=C60 Old Footprint=C0402 New Footprint=C0603
Change Component Footprint: Designator=C61 Old Footprint=C0402 New Footprint=C0603
Change Component Footprint: Designator=C62 Old Footprint=C0402 New Footprint=C0603
Change Component Footprint: Designator=C63 Old Footprint=C0402 New Footprint=C0603
Change Component Footprint: Designator=C64 Old Footprint=C0402 New Footprint=C0603
Change Component Footprint: Designator=C65 Old Footprint=C0402 New Footprint=C0603
Change Component Footprint: Designator=C66 Old Footprint=C0402 New Footprint=C0603
Change Component Footprint: Designator=C67 Old Footprint=C0402 New Footprint=C0603
Change Component Footprint: Designator=C68 Old Footprint=C0402 New Footprint=C0603
Change Component Footprint: Designator=C69 Old Footprint=C0402 New Footprint=C0603
Change Component Footprint: Designator=C70 Old Footprint=C0402 New Footprint=C0603
Change Component Footprint: Designator=C71 Old Footprint=C0402 New Footprint=C0603
Change Component Footprint: Designator=C72 Old Footprint=C0402 New Footprint=C0603
Change Component Footprint: Designator=C73 Old Footprint=C0402 New Footprint=C0603
Change Component Footprint: Designator=C74 Old Footprint=C0402 New Footprint=C0603
Change Component Footprint: Designator=C75 Old Footprint=C0402 New Footprint=C0603
Change Component Footprint: Designator=C76 Old Footprint=C0402 New Footprint=C0603
Change Component Footprint: Designator=C77 Old Footprint=C0402 New Footprint=C0603
Change Component Footprint: Designator=C78 Old Footprint=C0402 New Footprint=C0603
Change Component Footprint: Designator=C79 Old Footprint=C0402 New Footprint=C0603
Change Component Footprint: Designator=C80 Old Footprint=C0402 New Footprint=C0603
Change Component Footprint: Designator=C81 Old Footprint=C0402 New Footprint=C0603
Change Component Footprint: Designator=C82 Old Footprint=C0402 New Footprint=C0603
Change Component Footprint: Designator=C83 Old Footprint=C0402 New Footprint=C0603
Change Component Footprint: Designator=C84 Old Footprint=C0402 New Footprint=C0603
Change Component Footprint: Designator=C85 Old Footprint=C0402 New Footprint=C0603
Change Component Footprint: Designator=C86 Old Footprint=C0402 New Footprint=C0603
Change Component Footprint: Designator=R1 Old Footprint=R0402 New Footprint=R0603
Change Component Footprint: Designator=R2 Old Footprint=R0402 New Footprint=R0603
Change Component Footprint: Designator=R3 Old Footprint=R0402 New Footprint=R0603
Change Component Footprint: Designator=R4 Old Footprint=R0402 New Footprint=R0603
Change Component Footprint: Designator=R5 Old Footprint=R0402 New Footprint=R0603
Change Component Footprint: Designator=R6 Old Footprint=R0402 New Footprint=R0603
Change Component Footprint: Designator=R7 Old Footprint=R0402 New Footprint=R0603
Change Component Footprint: Designator=R8 Old Footprint=R0402 New Footprint=R0603
Change Component Footprint: Designator=R9 Old Footprint=R0402 New Footprint=R0603
Change Component Footprint: Designator=R10 Old Footprint=R0402 New Footprint=R0603
Change Component Footprint: Designator=R11 Old Footprint=R0402 New Footprint=R0603
Change Component Footprint: Designator=R12 Old Footprint=R0402 New Footprint=R0603
Change Component Footprint: Designator=R13 Old Footprint=R0402 New Footprint=R0603
Change Component Footprint: Designator=R14 Old Footprint=R0402 New Footprint=R0603
Change Component Footprint: Designator=R15 Old Footprint=R0402 New Footprint=R0603
Change Component Footprint: Designator=R16 Old Footprint=R0402 New Footprint=R0603
Change Component Footprint: Designator=R17 Old Footprint=R0402 New Footprint=R0603
Change Component Footprint: Designator=R18 Old Footprint=R0402 New Footprint=R0603
Change Component Footprint: Designator=R19 Old Footprint=R0402 New Footprint=R0603
Change Component Footprint: Designator=R20 Old Footprint=R0402 New Footprint=R0603
Change Component Footprint: Designator=R21 Old Footprint=R0402 New Footprint=R0603
Change Component Footprint: Designator=R22 Old Footprint=R0402 New Footprint=R0603
Change Component Footprint: Designator=R23 Old Footprint=R0402 New Footprint=R0603
Change Component Footprint: Designator=R24 Old Footprint=R0402 New Footprint=R0603
Change Component Footprint: Designator=R25 Old Footprint=R0402 New Footprint=R0603
Change Component Footprint: Designator=R26 Old Footprint=R0402 New Footprint=R0603
Change Component Footprint: Designator=R27 Old Footprint=R0402 New Footprint=R0603
Change Component Footprint: Designator=R28 Old Footprint=R0402 New Footprint=R0603
Change Component Footprint: Designator=R29 Old Footprint=R0402 New Footprint=R0603
Change Component Footprint: Designator=R30 Old Footprint=R0402 New Footprint=R0603
Change Component Footprint: Designator=R31 Old Footprint=R0402 New Footprint=R0603
Change Component Footprint: Designator=R32 Old Footprint=R0402 New Footprint=R0603
Change Component Footprint: Designator=R33 Old Footprint=R0402 New Footprint=R0603
Change Component Footprint: Designator=R34 Old Footprint=R0402 New Footprint=R0603
Change Component Footprint: Designator=R35 Old Footprint=R0402 New Footprint=R0603
Change Component Footprint: Designator=R36 Old Footprint=R0402 New Footprint=R0603
Change Component Footprint: Designator=R37 Old Footprint=R0402 New Footprint=R0603
Change Component Footprint: Designator=R38 Old Footprint=R0402 New Footprint=R0603
Change Component Footprint: Designator=R39 Old Footprint=R0402 New Footprint=R0603
Change Component Footprint: Designator=R40 Old Footprint=R0402 New Footprint=R0603
Change Component Footprint: Designator=R41 Old Footprint=R0402 New Footprint=R0603
Change Component Footprint: Designator=R42 Old Footprint=R0402 New Footprint=R0603
Change Component Footprint: Designator=R43 Old Footprint=R0402 New Footprint=R0603
Change Component Footprint: Designator=R44 Old Footprint=R0402 New Footprint=R0603
Change Component Footprint: Designator=R45 Old Footprint=R0402 New Footprint=R0603
Change Component Footprint: Designator=R46 Old Footprint=R0402 New Footprint=R0603
Change Component Footprint: Designator=R47 Old Footprint=R0402 New Footprint=R0603
Change Component Footprint: Designator=R48 Old Footprint=R0402 New Footprint=R0603
Change Component Footprint: Designator=R49 Old Footprint=R0402 New Footprint=R0603
Change Component Footprint: Designator=R50 Old Footprint=R0402 New Footprint=R0603
Change Component Footprint: Designator=R51 Old Footprint=R0402 New Footprint=R0603
Change Component Footprint: Designator=R52 Old Footprint=R0402 New Footprint=R0603
Change Component Comment : Designator=R21 Old Comment=1.5k New Comment=100R
Change Component Comment : Designator=R22 Old Comment=1.5k New Comment=100R
Change Component Comment : Designator=R23 Old Comment=1.5k New Comment=100R
Change Component Comment : Designator=R24 Old Comment=1.5k New Comment=100R
Change Component Comment : Designator=R25 Old Comment=1.5k New Comment=100R
Change Component Comment : Designator=R26 Old Comment=1.5k New Comment=100R
Change Component Comment : Designator=R27 Old Comment=1.5k New Comment=100R
Change Component Comment : Designator=R29 Old Comment=1.5k New Comment=100R
Change Component Comment : Designator=R31 Old Comment=1.5k New Comment=100R
Change Component Comment : Designator=R32 Old Comment=1.5k New Comment=100R
Change Component Comment : Designator=R33 Old Comment=1.5k New Comment=100R
Change Component Comment : Designator=R34 Old Comment=1.5k New Comment=100R
Change Component Comment : Designator=R37 Old Comment=1.5k New Comment=100R
Change Component Comment : Designator=R38 Old Comment=1.5k New Comment=100R
Change Component Comment : Designator=R39 Old Comment=1.5k New Comment=100R
Change Component Comment : Designator=R41 Old Comment=1.5k New Comment=100R
Change Component Comment : Designator=R42 Old Comment=1.5k New Comment=100R
Change Component Comment : Designator=R43 Old Comment=1.5k New Comment=100R
Change Component Comment : Designator=R44 Old Comment=1.5k New Comment=100R
Change Component Comment : Designator=R45 Old Comment=1.5k New Comment=100R
Change Component Comment : Designator=R46 Old Comment=1.5k New Comment=100R
Change Component Comment : Designator=R49 Old Comment=1.5k New Comment=100R
Change Component Comment : Designator=R35 Old Comment=22 R New Comment=100R
Change Component Comment : Designator=R50 Old Comment=22 R New Comment=100R
Change Component Comment : Designator=R51 Old Comment=22 R New Comment=100R
Change component parameters: Designator = "R21" ("R21"); Footprint = "R0402"; UniqueID = "\NYPVRZTF" ("\NYPVRZTF")
Change component parameters (AddParameter): Name = "Case"; Value = "0402"; VariantName = "[No Variations]"
Change component parameters (AddParameter): Name = "ComponentLink1Description"; Value = "Datasheet"; VariantName = "[No Variations]"
Change component parameters (AddParameter): Name = "ComponentLink1URL"; Value = "https://eu.mouser.com/datasheet/2/210/kamaya_products_RGC__english_20170424_101024-1651573.pdf"; VariantName = "[No Variations]"
Change component parameters (AddParameter): Name = "ComponentLink2Description"; Value = "Link"; VariantName = "[No Variations]"
Change component parameters (AddParameter): Name = "ComponentLink2URL"; Value = "https://eu.mouser.com/ProductDetail/Kamaya/RGC1-16SC1001DTH?qs=KAq9QXcE8HAz3iV8i32W5A%3D%3D"; VariantName = "[No Variations]"
Change component parameters (AddParameter): Name = "Manufacturer"; Value = ""; VariantName = "[No Variations]"
Change component parameters (AddParameter): Name = "P/N"; Value = ""; VariantName = "[No Variations]"
Change component parameters (AddParameter): Name = "Value"; Value = "100R"; VariantName = "[No Variations]"
Change component parameters: Designator = "R22" ("R22"); Footprint = "R0402"; UniqueID = "\JKRMRNCY" ("\JKRMRNCY")
Change component parameters (AddParameter): Name = "Case"; Value = "0402"; VariantName = "[No Variations]"
Change component parameters (AddParameter): Name = "ComponentLink1Description"; Value = "Datasheet"; VariantName = "[No Variations]"
Change component parameters (AddParameter): Name = "ComponentLink1URL"; Value = "https://eu.mouser.com/datasheet/2/210/kamaya_products_RGC__english_20170424_101024-1651573.pdf"; VariantName = "[No Variations]"
Change component parameters (AddParameter): Name = "ComponentLink2Description"; Value = "Link"; VariantName = "[No Variations]"
Change component parameters (AddParameter): Name = "ComponentLink2URL"; Value = "https://eu.mouser.com/ProductDetail/Kamaya/RGC1-16SC1001DTH?qs=KAq9QXcE8HAz3iV8i32W5A%3D%3D"; VariantName = "[No Variations]"
Change component parameters (AddParameter): Name = "Manufacturer"; Value = ""; VariantName = "[No Variations]"
Change component parameters (AddParameter): Name = "P/N"; Value = ""; VariantName = "[No Variations]"
Change component parameters (AddParameter): Name = "Value"; Value = "100R"; VariantName = "[No Variations]"
Change component parameters: Designator = "R23" ("R23"); Footprint = "R0402"; UniqueID = "\RWGOTXJB" ("\RWGOTXJB")
Change component parameters (AddParameter): Name = "Case"; Value = "0402"; VariantName = "[No Variations]"
Change component parameters (AddParameter): Name = "ComponentLink1Description"; Value = "Datasheet"; VariantName = "[No Variations]"
Change component parameters (AddParameter): Name = "ComponentLink1URL"; Value = "https://eu.mouser.com/datasheet/2/210/kamaya_products_RGC__english_20170424_101024-1651573.pdf"; VariantName = "[No Variations]"
Change component parameters (AddParameter): Name = "ComponentLink2Description"; Value = "Link"; VariantName = "[No Variations]"
Change component parameters (AddParameter): Name = "ComponentLink2URL"; Value = "https://eu.mouser.com/ProductDetail/Kamaya/RGC1-16SC1001DTH?qs=KAq9QXcE8HAz3iV8i32W5A%3D%3D"; VariantName = "[No Variations]"
Change component parameters (AddParameter): Name = "Manufacturer"; Value = ""; VariantName = "[No Variations]"
Change component parameters (AddParameter): Name = "P/N"; Value = ""; VariantName = "[No Variations]"
Change component parameters (AddParameter): Name = "Value"; Value = "100R"; VariantName = "[No Variations]"
Change component parameters: Designator = "R24" ("R24"); Footprint = "R0402"; UniqueID = "\RUEULESS" ("\RUEULESS")
Change component parameters (AddParameter): Name = "Case"; Value = "0402"; VariantName = "[No Variations]"
Change component parameters (AddParameter): Name = "ComponentLink1Description"; Value = "Datasheet"; VariantName = "[No Variations]"
Change component parameters (AddParameter): Name = "ComponentLink1URL"; Value = "https://eu.mouser.com/datasheet/2/210/kamaya_products_RGC__english_20170424_101024-1651573.pdf"; VariantName = "[No Variations]"
Change component parameters (AddParameter): Name = "ComponentLink2Description"; Value = "Link"; VariantName = "[No Variations]"
Change component parameters (AddParameter): Name = "ComponentLink2URL"; Value = "https://eu.mouser.com/ProductDetail/Kamaya/RGC1-16SC1001DTH?qs=KAq9QXcE8HAz3iV8i32W5A%3D%3D"; VariantName = "[No Variations]"
Change component parameters (AddParameter): Name = "Manufacturer"; Value = ""; VariantName = "[No Variations]"
Change component parameters (AddParameter): Name = "P/N"; Value = ""; VariantName = "[No Variations]"
Change component parameters (AddParameter): Name = "Value"; Value = "100R"; VariantName = "[No Variations]"
Change component parameters: Designator = "R25" ("R25"); Footprint = "R0402"; UniqueID = "\IBXKKUWJ" ("\IBXKKUWJ")
Change component parameters (AddParameter): Name = "Case"; Value = "0402"; VariantName = "[No Variations]"
Change component parameters (AddParameter): Name = "ComponentLink1Description"; Value = "Datasheet"; VariantName = "[No Variations]"
Change component parameters (AddParameter): Name = "ComponentLink1URL"; Value = "https://eu.mouser.com/datasheet/2/210/kamaya_products_RGC__english_20170424_101024-1651573.pdf"; VariantName = "[No Variations]"
Change component parameters (AddParameter): Name = "ComponentLink2Description"; Value = "Link"; VariantName = "[No Variations]"
Change component parameters (AddParameter): Name = "ComponentLink2URL"; Value = "https://eu.mouser.com/ProductDetail/Kamaya/RGC1-16SC1001DTH?qs=KAq9QXcE8HAz3iV8i32W5A%3D%3D"; VariantName = "[No Variations]"
Change component parameters (AddParameter): Name = "Manufacturer"; Value = ""; VariantName = "[No Variations]"
Change component parameters (AddParameter): Name = "P/N"; Value = ""; VariantName = "[No Variations]"
Change component parameters (AddParameter): Name = "Value"; Value = "100R"; VariantName = "[No Variations]"
Change component parameters: Designator = "R26" ("R26"); Footprint = "R0402"; UniqueID = "\WUXFTDIC" ("\WUXFTDIC")
Change component parameters (AddParameter): Name = "Case"; Value = "0402"; VariantName = "[No Variations]"
Change component parameters (AddParameter): Name = "ComponentLink1Description"; Value = "Datasheet"; VariantName = "[No Variations]"
Change component parameters (AddParameter): Name = "ComponentLink1URL"; Value = "https://eu.mouser.com/datasheet/2/210/kamaya_products_RGC__english_20170424_101024-1651573.pdf"; VariantName = "[No Variations]"
Change component parameters (AddParameter): Name = "ComponentLink2Description"; Value = "Link"; VariantName = "[No Variations]"
Change component parameters (AddParameter): Name = "ComponentLink2URL"; Value = "https://eu.mouser.com/ProductDetail/Kamaya/RGC1-16SC1001DTH?qs=KAq9QXcE8HAz3iV8i32W5A%3D%3D"; VariantName = "[No Variations]"
Change component parameters (AddParameter): Name = "Manufacturer"; Value = ""; VariantName = "[No Variations]"
Change component parameters (AddParameter): Name = "P/N"; Value = ""; VariantName = "[No Variations]"
Change component parameters (AddParameter): Name = "Value"; Value = "100R"; VariantName = "[No Variations]"
Change component parameters: Designator = "R27" ("R27"); Footprint = "R0402"; UniqueID = "\QVZLNASH" ("\QVZLNASH")
Change component parameters (AddParameter): Name = "Case"; Value = "0402"; VariantName = "[No Variations]"
Change component parameters (AddParameter): Name = "ComponentLink1Description"; Value = "Datasheet"; VariantName = "[No Variations]"
Change component parameters (AddParameter): Name = "ComponentLink1URL"; Value = "https://eu.mouser.com/datasheet/2/210/kamaya_products_RGC__english_20170424_101024-1651573.pdf"; VariantName = "[No Variations]"
Change component parameters (AddParameter): Name = "ComponentLink2Description"; Value = "Link"; VariantName = "[No Variations]"
Change component parameters (AddParameter): Name = "ComponentLink2URL"; Value = "https://eu.mouser.com/ProductDetail/Kamaya/RGC1-16SC1001DTH?qs=KAq9QXcE8HAz3iV8i32W5A%3D%3D"; VariantName = "[No Variations]"
Change component parameters (AddParameter): Name = "Manufacturer"; Value = ""; VariantName = "[No Variations]"
Change component parameters (AddParameter): Name = "P/N"; Value = ""; VariantName = "[No Variations]"
Change component parameters (AddParameter): Name = "Value"; Value = "100R"; VariantName = "[No Variations]"
Change component parameters: Designator = "R29" ("R29"); Footprint = "R0402"; UniqueID = "\UNRBKCWR" ("\UNRBKCWR")
Change component parameters (AddParameter): Name = "Case"; Value = "0402"; VariantName = "[No Variations]"
Change component parameters (AddParameter): Name = "ComponentLink1Description"; Value = "Datasheet"; VariantName = "[No Variations]"
Change component parameters (AddParameter): Name = "ComponentLink1URL"; Value = "https://eu.mouser.com/datasheet/2/210/kamaya_products_RGC__english_20170424_101024-1651573.pdf"; VariantName = "[No Variations]"
Change component parameters (AddParameter): Name = "ComponentLink2Description"; Value = "Link"; VariantName = "[No Variations]"
Change component parameters (AddParameter): Name = "ComponentLink2URL"; Value = "https://eu.mouser.com/ProductDetail/Kamaya/RGC1-16SC1001DTH?qs=KAq9QXcE8HAz3iV8i32W5A%3D%3D"; VariantName = "[No Variations]"
Change component parameters (AddParameter): Name = "Manufacturer"; Value = ""; VariantName = "[No Variations]"
Change component parameters (AddParameter): Name = "P/N"; Value = ""; VariantName = "[No Variations]"
Change component parameters (AddParameter): Name = "Value"; Value = "100R"; VariantName = "[No Variations]"
Change component parameters: Designator = "R31" ("R31"); Footprint = "R0402"; UniqueID = "\APFOIBAC" ("\APFOIBAC")
Change component parameters (AddParameter): Name = "Case"; Value = "0402"; VariantName = "[No Variations]"
Change component parameters (AddParameter): Name = "ComponentLink1Description"; Value = "Datasheet"; VariantName = "[No Variations]"
Change component parameters (AddParameter): Name = "ComponentLink1URL"; Value = "https://eu.mouser.com/datasheet/2/210/kamaya_products_RGC__english_20170424_101024-1651573.pdf"; VariantName = "[No Variations]"
Change component parameters (AddParameter): Name = "ComponentLink2Description"; Value = "Link"; VariantName = "[No Variations]"
Change component parameters (AddParameter): Name = "ComponentLink2URL"; Value = "https://eu.mouser.com/ProductDetail/Kamaya/RGC1-16SC1001DTH?qs=KAq9QXcE8HAz3iV8i32W5A%3D%3D"; VariantName = "[No Variations]"
Change component parameters (AddParameter): Name = "Manufacturer"; Value = ""; VariantName = "[No Variations]"
Change component parameters (AddParameter): Name = "P/N"; Value = ""; VariantName = "[No Variations]"
Change component parameters (AddParameter): Name = "Value"; Value = "100R"; VariantName = "[No Variations]"
Change component parameters: Designator = "R32" ("R32"); Footprint = "R0402"; UniqueID = "\BHQLKWWK" ("\BHQLKWWK")
Change component parameters (AddParameter): Name = "Case"; Value = "0402"; VariantName = "[No Variations]"
Change component parameters (AddParameter): Name = "ComponentLink1Description"; Value = "Datasheet"; VariantName = "[No Variations]"
Change component parameters (AddParameter): Name = "ComponentLink1URL"; Value = "https://eu.mouser.com/datasheet/2/210/kamaya_products_RGC__english_20170424_101024-1651573.pdf"; VariantName = "[No Variations]"
Change component parameters (AddParameter): Name = "ComponentLink2Description"; Value = "Link"; VariantName = "[No Variations]"
Change component parameters (AddParameter): Name = "ComponentLink2URL"; Value = "https://eu.mouser.com/ProductDetail/Kamaya/RGC1-16SC1001DTH?qs=KAq9QXcE8HAz3iV8i32W5A%3D%3D"; VariantName = "[No Variations]"
Change component parameters (AddParameter): Name = "Manufacturer"; Value = ""; VariantName = "[No Variations]"
Change component parameters (AddParameter): Name = "P/N"; Value = ""; VariantName = "[No Variations]"
Change component parameters (AddParameter): Name = "Value"; Value = "100R"; VariantName = "[No Variations]"
Change component parameters: Designator = "R33" ("R33"); Footprint = "R0402"; UniqueID = "\PUNUSDTM" ("\PUNUSDTM")
Change component parameters (AddParameter): Name = "Case"; Value = "0402"; VariantName = "[No Variations]"
Change component parameters (AddParameter): Name = "ComponentLink1Description"; Value = "Datasheet"; VariantName = "[No Variations]"
Change component parameters (AddParameter): Name = "ComponentLink1URL"; Value = "https://eu.mouser.com/datasheet/2/210/kamaya_products_RGC__english_20170424_101024-1651573.pdf"; VariantName = "[No Variations]"
Change component parameters (AddParameter): Name = "ComponentLink2Description"; Value = "Link"; VariantName = "[No Variations]"
Change component parameters (AddParameter): Name = "ComponentLink2URL"; Value = "https://eu.mouser.com/ProductDetail/Kamaya/RGC1-16SC1001DTH?qs=KAq9QXcE8HAz3iV8i32W5A%3D%3D"; VariantName = "[No Variations]"
Change component parameters (AddParameter): Name = "Manufacturer"; Value = ""; VariantName = "[No Variations]"
Change component parameters (AddParameter): Name = "P/N"; Value = ""; VariantName = "[No Variations]"
Change component parameters (AddParameter): Name = "Value"; Value = "100R"; VariantName = "[No Variations]"
Change component parameters: Designator = "R34" ("R34"); Footprint = "R0402"; UniqueID = "\MPQWBZKW" ("\MPQWBZKW")
Change component parameters (AddParameter): Name = "Case"; Value = "0402"; VariantName = "[No Variations]"
Change component parameters (AddParameter): Name = "ComponentLink1Description"; Value = "Datasheet"; VariantName = "[No Variations]"
Change component parameters (AddParameter): Name = "ComponentLink1URL"; Value = "https://eu.mouser.com/datasheet/2/210/kamaya_products_RGC__english_20170424_101024-1651573.pdf"; VariantName = "[No Variations]"
Change component parameters (AddParameter): Name = "ComponentLink2Description"; Value = "Link"; VariantName = "[No Variations]"
Change component parameters (AddParameter): Name = "ComponentLink2URL"; Value = "https://eu.mouser.com/ProductDetail/Kamaya/RGC1-16SC1001DTH?qs=KAq9QXcE8HAz3iV8i32W5A%3D%3D"; VariantName = "[No Variations]"
Change component parameters (AddParameter): Name = "Manufacturer"; Value = ""; VariantName = "[No Variations]"
Change component parameters (AddParameter): Name = "P/N"; Value = ""; VariantName = "[No Variations]"
Change component parameters (AddParameter): Name = "Value"; Value = "100R"; VariantName = "[No Variations]"
Change component parameters: Designator = "R35" ("R35"); Footprint = "R0402"; UniqueID = "\BPAXVEJM" ("\BPAXVEJM")
Change component parameters (AddParameter): Name = "Case"; Value = "0402"; VariantName = "[No Variations]"
Change component parameters (AddParameter): Name = "ComponentLink1Description"; Value = "Datasheet"; VariantName = "[No Variations]"
Change component parameters (AddParameter): Name = "ComponentLink1URL"; Value = ""; VariantName = "[No Variations]"
Change component parameters (AddParameter): Name = "ComponentLink2Description"; Value = "Link"; VariantName = "[No Variations]"
Change component parameters (AddParameter): Name = "ComponentLink2URL"; Value = ""; VariantName = "[No Variations]"
Change component parameters (AddParameter): Name = "Manufacturer"; Value = "Panasonic"; VariantName = "[No Variations]"
Change component parameters (AddParameter): Name = "P/N"; Value = "ERJ-2GEJ220X"; VariantName = "[No Variations]"
Change component parameters (AddParameter): Name = "Value"; Value = "100R"; VariantName = "[No Variations]"
Change component parameters: Designator = "R37" ("R37"); Footprint = "R0402"; UniqueID = "\MBNQZRMH" ("\MBNQZRMH")
Change component parameters (AddParameter): Name = "Case"; Value = "0402"; VariantName = "[No Variations]"
Change component parameters (AddParameter): Name = "ComponentLink1Description"; Value = "Datasheet"; VariantName = "[No Variations]"
Change component parameters (AddParameter): Name = "ComponentLink1URL"; Value = "https://eu.mouser.com/datasheet/2/210/kamaya_products_RGC__english_20170424_101024-1651573.pdf"; VariantName = "[No Variations]"
Change component parameters (AddParameter): Name = "ComponentLink2Description"; Value = "Link"; VariantName = "[No Variations]"
Change component parameters (AddParameter): Name = "ComponentLink2URL"; Value = "https://eu.mouser.com/ProductDetail/Kamaya/RGC1-16SC1001DTH?qs=KAq9QXcE8HAz3iV8i32W5A%3D%3D"; VariantName = "[No Variations]"
Change component parameters (AddParameter): Name = "Manufacturer"; Value = ""; VariantName = "[No Variations]"
Change component parameters (AddParameter): Name = "P/N"; Value = ""; VariantName = "[No Variations]"
Change component parameters (AddParameter): Name = "Value"; Value = "100R"; VariantName = "[No Variations]"
Change component parameters: Designator = "R38" ("R38"); Footprint = "R0402"; UniqueID = "\VJLITVJW" ("\VJLITVJW")
Change component parameters (AddParameter): Name = "Case"; Value = "0402"; VariantName = "[No Variations]"
Change component parameters (AddParameter): Name = "ComponentLink1Description"; Value = "Datasheet"; VariantName = "[No Variations]"
Change component parameters (AddParameter): Name = "ComponentLink1URL"; Value = "https://eu.mouser.com/datasheet/2/210/kamaya_products_RGC__english_20170424_101024-1651573.pdf"; VariantName = "[No Variations]"
Change component parameters (AddParameter): Name = "ComponentLink2Description"; Value = "Link"; VariantName = "[No Variations]"
Change component parameters (AddParameter): Name = "ComponentLink2URL"; Value = "https://eu.mouser.com/ProductDetail/Kamaya/RGC1-16SC1001DTH?qs=KAq9QXcE8HAz3iV8i32W5A%3D%3D"; VariantName = "[No Variations]"
Change component parameters (AddParameter): Name = "Manufacturer"; Value = ""; VariantName = "[No Variations]"
Change component parameters (AddParameter): Name = "P/N"; Value = ""; VariantName = "[No Variations]"
Change component parameters (AddParameter): Name = "Value"; Value = "100R"; VariantName = "[No Variations]"
Change component parameters: Designator = "R39" ("R39"); Footprint = "R0402"; UniqueID = "\QWPBNDDR" ("\QWPBNDDR")
Change component parameters (AddParameter): Name = "Case"; Value = "0402"; VariantName = "[No Variations]"
Change component parameters (AddParameter): Name = "ComponentLink1Description"; Value = "Datasheet"; VariantName = "[No Variations]"
Change component parameters (AddParameter): Name = "ComponentLink1URL"; Value = "https://eu.mouser.com/datasheet/2/210/kamaya_products_RGC__english_20170424_101024-1651573.pdf"; VariantName = "[No Variations]"
Change component parameters (AddParameter): Name = "ComponentLink2Description"; Value = "Link"; VariantName = "[No Variations]"
Change component parameters (AddParameter): Name = "ComponentLink2URL"; Value = "https://eu.mouser.com/ProductDetail/Kamaya/RGC1-16SC1001DTH?qs=KAq9QXcE8HAz3iV8i32W5A%3D%3D"; VariantName = "[No Variations]"
Change component parameters (AddParameter): Name = "Manufacturer"; Value = ""; VariantName = "[No Variations]"
Change component parameters (AddParameter): Name = "P/N"; Value = ""; VariantName = "[No Variations]"
Change component parameters (AddParameter): Name = "Value"; Value = "100R"; VariantName = "[No Variations]"
Change component parameters: Designator = "R41" ("R41"); Footprint = "R0402"; UniqueID = "\QDXXHZKI" ("\QDXXHZKI")
Change component parameters (AddParameter): Name = "Case"; Value = "0402"; VariantName = "[No Variations]"
Change component parameters (AddParameter): Name = "ComponentLink1Description"; Value = "Datasheet"; VariantName = "[No Variations]"
Change component parameters (AddParameter): Name = "ComponentLink1URL"; Value = "https://eu.mouser.com/datasheet/2/210/kamaya_products_RGC__english_20170424_101024-1651573.pdf"; VariantName = "[No Variations]"
Change component parameters (AddParameter): Name = "ComponentLink2Description"; Value = "Link"; VariantName = "[No Variations]"
Change component parameters (AddParameter): Name = "ComponentLink2URL"; Value = "https://eu.mouser.com/ProductDetail/Kamaya/RGC1-16SC1001DTH?qs=KAq9QXcE8HAz3iV8i32W5A%3D%3D"; VariantName = "[No Variations]"
Change component parameters (AddParameter): Name = "Manufacturer"; Value = ""; VariantName = "[No Variations]"
Change component parameters (AddParameter): Name = "P/N"; Value = ""; VariantName = "[No Variations]"
Change component parameters (AddParameter): Name = "Value"; Value = "100R"; VariantName = "[No Variations]"
Change component parameters: Designator = "R42" ("R42"); Footprint = "R0402"; UniqueID = "\KDXQNGQY" ("\KDXQNGQY")
Change component parameters (AddParameter): Name = "Case"; Value = "0402"; VariantName = "[No Variations]"
Change component parameters (AddParameter): Name = "ComponentLink1Description"; Value = "Datasheet"; VariantName = "[No Variations]"
Change component parameters (AddParameter): Name = "ComponentLink1URL"; Value = "https://eu.mouser.com/datasheet/2/210/kamaya_products_RGC__english_20170424_101024-1651573.pdf"; VariantName = "[No Variations]"
Change component parameters (AddParameter): Name = "ComponentLink2Description"; Value = "Link"; VariantName = "[No Variations]"
Change component parameters (AddParameter): Name = "ComponentLink2URL"; Value = "https://eu.mouser.com/ProductDetail/Kamaya/RGC1-16SC1001DTH?qs=KAq9QXcE8HAz3iV8i32W5A%3D%3D"; VariantName = "[No Variations]"
Change component parameters (AddParameter): Name = "Manufacturer"; Value = ""; VariantName = "[No Variations]"
Change component parameters (AddParameter): Name = "P/N"; Value = ""; VariantName = "[No Variations]"
Change component parameters (AddParameter): Name = "Value"; Value = "100R"; VariantName = "[No Variations]"
Change component parameters: Designator = "R43" ("R43"); Footprint = "R0402"; UniqueID = "\AWVPFSGL" ("\AWVPFSGL")
Change component parameters (AddParameter): Name = "Case"; Value = "0402"; VariantName = "[No Variations]"
Change component parameters (AddParameter): Name = "ComponentLink1Description"; Value = "Datasheet"; VariantName = "[No Variations]"
Change component parameters (AddParameter): Name = "ComponentLink1URL"; Value = "https://eu.mouser.com/datasheet/2/210/kamaya_products_RGC__english_20170424_101024-1651573.pdf"; VariantName = "[No Variations]"
Change component parameters (AddParameter): Name = "ComponentLink2Description"; Value = "Link"; VariantName = "[No Variations]"
Change component parameters (AddParameter): Name = "ComponentLink2URL"; Value = "https://eu.mouser.com/ProductDetail/Kamaya/RGC1-16SC1001DTH?qs=KAq9QXcE8HAz3iV8i32W5A%3D%3D"; VariantName = "[No Variations]"
Change component parameters (AddParameter): Name = "Manufacturer"; Value = ""; VariantName = "[No Variations]"
Change component parameters (AddParameter): Name = "P/N"; Value = ""; VariantName = "[No Variations]"
Change component parameters (AddParameter): Name = "Value"; Value = "100R"; VariantName = "[No Variations]"
Change component parameters: Designator = "R44" ("R44"); Footprint = "R0402"; UniqueID = "\HVVSFDYK" ("\HVVSFDYK")
Change component parameters (AddParameter): Name = "Case"; Value = "0402"; VariantName = "[No Variations]"
Change component parameters (AddParameter): Name = "ComponentLink1Description"; Value = "Datasheet"; VariantName = "[No Variations]"
Change component parameters (AddParameter): Name = "ComponentLink1URL"; Value = "https://eu.mouser.com/datasheet/2/210/kamaya_products_RGC__english_20170424_101024-1651573.pdf"; VariantName = "[No Variations]"
Change component parameters (AddParameter): Name = "ComponentLink2Description"; Value = "Link"; VariantName = "[No Variations]"
Change component parameters (AddParameter): Name = "ComponentLink2URL"; Value = "https://eu.mouser.com/ProductDetail/Kamaya/RGC1-16SC1001DTH?qs=KAq9QXcE8HAz3iV8i32W5A%3D%3D"; VariantName = "[No Variations]"
Change component parameters (AddParameter): Name = "Manufacturer"; Value = ""; VariantName = "[No Variations]"
Change component parameters (AddParameter): Name = "P/N"; Value = ""; VariantName = "[No Variations]"
Change component parameters (AddParameter): Name = "Value"; Value = "100R"; VariantName = "[No Variations]"
Change component parameters: Designator = "R45" ("R45"); Footprint = "R0402"; UniqueID = "\UTUAVSQE" ("\UTUAVSQE")
Change component parameters (AddParameter): Name = "Case"; Value = "0402"; VariantName = "[No Variations]"
Change component parameters (AddParameter): Name = "ComponentLink1Description"; Value = "Datasheet"; VariantName = "[No Variations]"
Change component parameters (AddParameter): Name = "ComponentLink1URL"; Value = "https://eu.mouser.com/datasheet/2/210/kamaya_products_RGC__english_20170424_101024-1651573.pdf"; VariantName = "[No Variations]"
Change component parameters (AddParameter): Name = "ComponentLink2Description"; Value = "Link"; VariantName = "[No Variations]"
Change component parameters (AddParameter): Name = "ComponentLink2URL"; Value = "https://eu.mouser.com/ProductDetail/Kamaya/RGC1-16SC1001DTH?qs=KAq9QXcE8HAz3iV8i32W5A%3D%3D"; VariantName = "[No Variations]"
Change component parameters (AddParameter): Name = "Manufacturer"; Value = ""; VariantName = "[No Variations]"
Change component parameters (AddParameter): Name = "P/N"; Value = ""; VariantName = "[No Variations]"
Change component parameters (AddParameter): Name = "Value"; Value = "100R"; VariantName = "[No Variations]"
Change component parameters: Designator = "R46" ("R46"); Footprint = "R0402"; UniqueID = "\AGKBBNUY" ("\AGKBBNUY")
Change component parameters (AddParameter): Name = "Case"; Value = "0402"; VariantName = "[No Variations]"
Change component parameters (AddParameter): Name = "ComponentLink1Description"; Value = "Datasheet"; VariantName = "[No Variations]"
Change component parameters (AddParameter): Name = "ComponentLink1URL"; Value = "https://eu.mouser.com/datasheet/2/210/kamaya_products_RGC__english_20170424_101024-1651573.pdf"; VariantName = "[No Variations]"
Change component parameters (AddParameter): Name = "ComponentLink2Description"; Value = "Link"; VariantName = "[No Variations]"
Change component parameters (AddParameter): Name = "ComponentLink2URL"; Value = "https://eu.mouser.com/ProductDetail/Kamaya/RGC1-16SC1001DTH?qs=KAq9QXcE8HAz3iV8i32W5A%3D%3D"; VariantName = "[No Variations]"
Change component parameters (AddParameter): Name = "Manufacturer"; Value = ""; VariantName = "[No Variations]"
Change component parameters (AddParameter): Name = "P/N"; Value = ""; VariantName = "[No Variations]"
Change component parameters (AddParameter): Name = "Value"; Value = "100R"; VariantName = "[No Variations]"
Change component parameters: Designator = "R49" ("R49"); Footprint = "R0402"; UniqueID = "\DSXDUQCG" ("\DSXDUQCG")
Change component parameters (AddParameter): Name = "Case"; Value = "0402"; VariantName = "[No Variations]"
Change component parameters (AddParameter): Name = "ComponentLink1Description"; Value = "Datasheet"; VariantName = "[No Variations]"
Change component parameters (AddParameter): Name = "ComponentLink1URL"; Value = "https://eu.mouser.com/datasheet/2/210/kamaya_products_RGC__english_20170424_101024-1651573.pdf"; VariantName = "[No Variations]"
Change component parameters (AddParameter): Name = "ComponentLink2Description"; Value = "Link"; VariantName = "[No Variations]"
Change component parameters (AddParameter): Name = "ComponentLink2URL"; Value = "https://eu.mouser.com/ProductDetail/Kamaya/RGC1-16SC1001DTH?qs=KAq9QXcE8HAz3iV8i32W5A%3D%3D"; VariantName = "[No Variations]"
Change component parameters (AddParameter): Name = "Manufacturer"; Value = ""; VariantName = "[No Variations]"
Change component parameters (AddParameter): Name = "P/N"; Value = ""; VariantName = "[No Variations]"
Change component parameters (AddParameter): Name = "Value"; Value = "100R"; VariantName = "[No Variations]"
Change component parameters: Designator = "R50" ("R50"); Footprint = "R0402"; UniqueID = "\IUWBDGUV" ("\IUWBDGUV")
Change component parameters (AddParameter): Name = "Case"; Value = "0402"; VariantName = "[No Variations]"
Change component parameters (AddParameter): Name = "ComponentLink1Description"; Value = "Datasheet"; VariantName = "[No Variations]"
Change component parameters (AddParameter): Name = "ComponentLink1URL"; Value = ""; VariantName = "[No Variations]"
Change component parameters (AddParameter): Name = "ComponentLink2Description"; Value = "Link"; VariantName = "[No Variations]"
Change component parameters (AddParameter): Name = "ComponentLink2URL"; Value = ""; VariantName = "[No Variations]"
Change component parameters (AddParameter): Name = "Manufacturer"; Value = "Panasonic"; VariantName = "[No Variations]"
Change component parameters (AddParameter): Name = "P/N"; Value = "ERJ-2GEJ220X"; VariantName = "[No Variations]"
Change component parameters (AddParameter): Name = "Value"; Value = "100R"; VariantName = "[No Variations]"
Change component parameters: Designator = "R51" ("R51"); Footprint = "R0402"; UniqueID = "\LNSBCWZG" ("\LNSBCWZG")
Change component parameters (AddParameter): Name = "Case"; Value = "0402"; VariantName = "[No Variations]"
Change component parameters (AddParameter): Name = "ComponentLink1Description"; Value = "Datasheet"; VariantName = "[No Variations]"
Change component parameters (AddParameter): Name = "ComponentLink1URL"; Value = ""; VariantName = "[No Variations]"
Change component parameters (AddParameter): Name = "ComponentLink2Description"; Value = "Link"; VariantName = "[No Variations]"
Change component parameters (AddParameter): Name = "ComponentLink2URL"; Value = ""; VariantName = "[No Variations]"
Change component parameters (AddParameter): Name = "Manufacturer"; Value = "Panasonic"; VariantName = "[No Variations]"
Change component parameters (AddParameter): Name = "P/N"; Value = "ERJ-2GEJ220X"; VariantName = "[No Variations]"
Change component parameters (AddParameter): Name = "Value"; Value = "100R"; VariantName = "[No Variations]"
Added Pin To Net: NetName=PWM_LED Pin=VD5-4
Added Room: Name=Analog
Added Room: Name=MCU
Added Room: Name=Power
