Removed Pin From Net: NetName=+Vboost Pin=C2-2
Removed Pin From Net: NetName=Out_P Pin=C8-1
Removed Pin From Net: NetName=Out_N Pin=C8-2
Removed Pin From Net: NetName=GND Pin=C13-1
Removed Pin From Net: NetName=-Vneg Pin=C13-2
Removed Pin From Net: NetName=+3.3VDC Pin=C44-1
Removed Pin From Net: NetName=GND Pin=C44-2
Removed Pin From Net: NetName=-Vneg Pin=C52-1
Removed Pin From Net: NetName=GND Pin=C52-2
Removed Pin From Net: NetName=-Vneg Pin=C53-1
Removed Pin From Net: NetName=GND Pin=C53-2
Removed Pin From Net: NetName=Vocm Pin=C61-1
Removed Pin From Net: NetName=+Vboost Pin=DA1-14
Removed Pin From Net: NetName=OSC- Pin=DD1-2
Removed Pin From Net: NetName=OSC+ Pin=DD1-3
Removed Pin From Net: NetName=OSC- Pin=G1-3
Removed Pin From Net: NetName=Out_P Pin=R3-1
Removed Pin From Net: NetName=NetC7_2 Pin=R3-2
Removed Pin From Net: NetName=Out_N Pin=R6-1
Removed Pin From Net: NetName=NetC9_1 Pin=R6-2
Removed Pin From Net: NetName=NetDA2_22 Pin=R8-2
Removed Pin From Net: NetName=NetDA2_23 Pin=R9-2
Removed Pin From Net: NetName=GND Pin=R10-1
Removed Pin From Net: NetName=NetDA2_4 Pin=R10-2
Removed Pin From Net: NetName=OSC+ Pin=R12-1
Removed Pin From Net: NetName=Trigger Pin=R31-1
Removed Pin From Net: NetName=NetDD3_D4 Pin=R41-1
Removed Pin From Net: NetName=+Vboost Pin=R41-2
Removed Pin From Net: NetName=NetDD3_E2 Pin=R46-1
Removed Pin From Net: NetName=-Vneg Pin=R46-2
Removed Pin From Net: NetName=NetDD3_D3 Pin=R48-1
Removed Pin From Net: NetName=GND Pin=R48-2
Removed Pin From Net: NetName=GND Pin=R49-2
Removed Pin From Net: NetName=+Vin Pin=TP4-1
Removed Pin From Net: NetName=-Vneg Pin=VD7-1
Removed Member From Class: ClassName=Power Member=C44
Removed Member From Class: ClassName=Power Member=R41
Change Component Footprint: Designator=G1 Old Footprint=0806 (2016 metric) New Footprint=2 mm x 1.6 mm
Change Component Footprint: Designator=L4 Old Footprint=R0402 New Footprint=L0603
Change Component Comment : Designator=R44 Old Comment=* New Comment=10k
Change Component Comment : Designator=R45 Old Comment=* New Comment=20k
Change Component Comment : Designator=R42 Old Comment=* New Comment=100k
Change Component Comment : Designator=R43 Old Comment=* New Comment=100k
Change Component Comment : Designator=C61 Old Comment=0.1u New Comment=1u
Change Component Comment : Designator=C50 Old Comment=0.1u New Comment=2.2n
Change Component Comment : Designator=C13 Old Comment=0.1u New Comment=10p
Change Component Comment : Designator=C51 Old Comment=0.1u New Comment=390p
Change Component Comment : Designator=R8 Old Comment=1.5k New Comment=10 k
Change Component Comment : Designator=R9 Old Comment=1.5k New Comment=10 k
Change Component Comment : Designator=R10 Old Comment=1.5k New Comment=20k
Change Component Comment : Designator=R31 Old Comment=1.5k New Comment=22 R
Change Component Comment : Designator=R49 Old Comment=10 k New Comment=1M
Change Component Comment : Designator=R47 Old Comment=10 k New Comment=20k
Change Component Comment : Designator=R48 Old Comment=10 k New Comment=100k
Change Component Comment : Designator=R3 Old Comment=10R New Comment=22 R
Change Component Comment : Designator=R6 Old Comment=10R New Comment=22 R
Change Component Comment : Designator=L4 Old Comment=BLM15PX471SN1D New Comment=BRC2016T220K
Change Component Comment : Designator=G1 Old Comment=CX2016SA24000F0FLLG1 New Comment=ECS-200-10-37B-CKY-TR
Change Component Comment : Designator=L1 Old Comment=LQM18DZ470M70L New Comment=BRC2016T220K
Change Component Comment : Designator=L2 Old Comment=LQM18DZ470M70L New Comment=BRC2016T220K
Change Component Comment : Designator=L6 Old Comment=LQM18DZ470M70L New Comment=BRC2016T220K
Change Component Designator: OldDesignator=C1 NewDesignator=C2
Change Component Designator: OldDesignator=C2 NewDesignator=C3
Change Component Designator: OldDesignator=C3 NewDesignator=C5
Change Component Designator: OldDesignator=C4 NewDesignator=C8
Change Component Designator: OldDesignator=C5 NewDesignator=C10
Change Component Designator: OldDesignator=C6 NewDesignator=C11
Change Component Designator: OldDesignator=C7 NewDesignator=C12
Change Component Designator: OldDesignator=C9 NewDesignator=C15
Change Component Designator: OldDesignator=C10 NewDesignator=C18
Change Component Designator: OldDesignator=C11 NewDesignator=C16
Change Component Designator: OldDesignator=C12 NewDesignator=C17
Change Component Designator: OldDesignator=C14 NewDesignator=C22
Change Component Designator: OldDesignator=C15 NewDesignator=C21
Change Component Designator: OldDesignator=C16 NewDesignator=C23
Change Component Designator: OldDesignator=C17 NewDesignator=C24
Change Component Designator: OldDesignator=C18 NewDesignator=C25
Change Component Designator: OldDesignator=C19 NewDesignator=C26
Change Component Designator: OldDesignator=C20 NewDesignator=C27
Change Component Designator: OldDesignator=C21 NewDesignator=C28
Change Component Designator: OldDesignator=C22 NewDesignator=C29
Change Component Designator: OldDesignator=C23 NewDesignator=C31
Change Component Designator: OldDesignator=C24 NewDesignator=C32
Change Component Designator: OldDesignator=C25 NewDesignator=C35
Change Component Designator: OldDesignator=C26 NewDesignator=C33
Change Component Designator: OldDesignator=C27 NewDesignator=C34
Change Component Designator: OldDesignator=C28 NewDesignator=C36
Change Component Designator: OldDesignator=C29 NewDesignator=C37
Change Component Designator: OldDesignator=C30 NewDesignator=C38
Change Component Designator: OldDesignator=C31 NewDesignator=C39
Change Component Designator: OldDesignator=C32 NewDesignator=C40
Change Component Designator: OldDesignator=C33 NewDesignator=C41
Change Component Designator: OldDesignator=C34 NewDesignator=C42
Change Component Designator: OldDesignator=C35 NewDesignator=C43
Change Component Designator: OldDesignator=C36 NewDesignator=C44
Change Component Designator: OldDesignator=C37 NewDesignator=C45
Change Component Designator: OldDesignator=C38 NewDesignator=C46
Change Component Designator: OldDesignator=C39 NewDesignator=C47
Change Component Designator: OldDesignator=C40 NewDesignator=C48
Change Component Designator: OldDesignator=C41 NewDesignator=C49
Change Component Designator: OldDesignator=C42 NewDesignator=C50
Change Component Designator: OldDesignator=C43 NewDesignator=C51
Change Component Designator: OldDesignator=C45 NewDesignator=C53
Change Component Designator: OldDesignator=C46 NewDesignator=C54
Change Component Designator: OldDesignator=C47 NewDesignator=C56
Change Component Designator: OldDesignator=C48 NewDesignator=C58
Change Component Designator: OldDesignator=C49 NewDesignator=C59
Change Component Designator: OldDesignator=C50 NewDesignator=C63
Change Component Designator: OldDesignator=C51 NewDesignator=C64
Change Component Designator: OldDesignator=C52 NewDesignator=C60
Change Component Designator: OldDesignator=C53 NewDesignator=C62
Change Component Designator: OldDesignator=C54 NewDesignator=C65
Change Component Designator: OldDesignator=C55 NewDesignator=C66
Change Component Designator: OldDesignator=C56 NewDesignator=C67
Change Component Designator: OldDesignator=C57 NewDesignator=C68
Change Component Designator: OldDesignator=C58 NewDesignator=C69
Change Component Designator: OldDesignator=C59 NewDesignator=C70
Change Component Designator: OldDesignator=C60 NewDesignator=C71
Change Component Designator: OldDesignator=L3 NewDesignator=L5
Change Component Designator: OldDesignator=L5 NewDesignator=L6
Change Component Designator: OldDesignator=L6 NewDesignator=L7
Change Component Designator: OldDesignator=R11 NewDesignator=R12
Change Component Designator: OldDesignator=R29 NewDesignator=R30
Change Component Designator: OldDesignator=R30 NewDesignator=R32
Change Component Designator: OldDesignator=R32 NewDesignator=R33
Change Component Designator: OldDesignator=R33 NewDesignator=R34
Change Component Designator: OldDesignator=R34 NewDesignator=R35
Change Component Designator: OldDesignator=R35 NewDesignator=R36
Change Component Designator: OldDesignator=R36 NewDesignator=R37
Change Component Designator: OldDesignator=R37 NewDesignator=R38
Change Component Designator: OldDesignator=R38 NewDesignator=R39
Change Component Designator: OldDesignator=R39 NewDesignator=R40
Change Component Designator: OldDesignator=R40 NewDesignator=R41
Change Component Designator: OldDesignator=R42 NewDesignator=R43
Change Component Designator: OldDesignator=R43 NewDesignator=R44
Change Component Designator: OldDesignator=R44 NewDesignator=R45
Change Component Designator: OldDesignator=R45 NewDesignator=R46
Change component parameters: Designator = "C50" ("C63"); Footprint = "C0402"; UniqueID = "\OCYWGHOA" ("\OCYWGHOA")
Change component parameters (AddParameter): Name = "Case"; Value = "0402"; VariantName = "[No Variations]"
Change component parameters (AddParameter): Name = "Component Type"; Value = "MLCC"; VariantName = "[No Variations]"
Change component parameters (AddParameter): Name = "ComponentLink1Description"; Value = "Link"; VariantName = "[No Variations]"
Change component parameters (AddParameter): Name = "ComponentLink1URL"; Value = ""; VariantName = "[No Variations]"
Change component parameters (AddParameter): Name = "ComponentLink2Description"; Value = "Datasheet"; VariantName = "[No Variations]"
Change component parameters (AddParameter): Name = "ComponentLink2URL"; Value = ""; VariantName = "[No Variations]"
Change component parameters (AddParameter): Name = "Manufacturer"; Value = "Murata"; VariantName = "[No Variations]"
Change component parameters (AddParameter): Name = "P/N"; Value = "GRM155C81H104ME14D"; VariantName = "[No Variations]"
Change component parameters (AddParameter): Name = "Value"; Value = "2.2n"; VariantName = "[No Variations]"
Change component parameters: Designator = "C51" ("C64"); Footprint = "C0402"; UniqueID = "\SRYLLZGH" ("\SRYLLZGH")
Change component parameters (AddParameter): Name = "Case"; Value = "0402"; VariantName = "[No Variations]"
Change component parameters (AddParameter): Name = "Component Type"; Value = "MLCC"; VariantName = "[No Variations]"
Change component parameters (AddParameter): Name = "ComponentLink1Description"; Value = "Link"; VariantName = "[No Variations]"
Change component parameters (AddParameter): Name = "ComponentLink1URL"; Value = ""; VariantName = "[No Variations]"
Change component parameters (AddParameter): Name = "ComponentLink2Description"; Value = "Datasheet"; VariantName = "[No Variations]"
Change component parameters (AddParameter): Name = "ComponentLink2URL"; Value = ""; VariantName = "[No Variations]"
Change component parameters (AddParameter): Name = "Manufacturer"; Value = "Murata"; VariantName = "[No Variations]"
Change component parameters (AddParameter): Name = "P/N"; Value = "GRM155C81H104ME14D"; VariantName = "[No Variations]"
Change component parameters (AddParameter): Name = "Value"; Value = "390p"; VariantName = "[No Variations]"
Change component parameters: Designator = "R10" ("R10"); Footprint = "R0402"; UniqueID = "\SYNPKMLJ" ("\SYNPKMLJ")
Change component parameters (AddParameter): Name = "Case"; Value = "0402"; VariantName = "[No Variations]"
Change component parameters (AddParameter): Name = "ComponentLink1Description"; Value = "Datasheet"; VariantName = "[No Variations]"
Change component parameters (AddParameter): Name = "ComponentLink1URL"; Value = "https://eu.mouser.com/datasheet/2/210/kamaya_products_RGC__english_20170424_101024-1651573.pdf"; VariantName = "[No Variations]"
Change component parameters (AddParameter): Name = "ComponentLink2Description"; Value = "Link"; VariantName = "[No Variations]"
Change component parameters (AddParameter): Name = "ComponentLink2URL"; Value = "https://eu.mouser.com/ProductDetail/Kamaya/RGC1-16SC1001DTH?qs=KAq9QXcE8HAz3iV8i32W5A%3D%3D"; VariantName = "[No Variations]"
Change component parameters (AddParameter): Name = "Manufacturer"; Value = ""; VariantName = "[No Variations]"
Change component parameters (AddParameter): Name = "P/N"; Value = ""; VariantName = "[No Variations]"
Change component parameters (AddParameter): Name = "Value"; Value = "20k"; VariantName = "[No Variations]"
Change component parameters: Designator = "R42" ("R43"); Footprint = "R0402"; UniqueID = "\SWUELVWQ" ("\SWUELVWQ")
Change component parameters (AddParameter): Name = "Case"; Value = "0402"; VariantName = "[No Variations]"
Change component parameters (AddParameter): Name = "ComponentLink1Description"; Value = "Datasheet"; VariantName = "[No Variations]"
Change component parameters (AddParameter): Name = "ComponentLink1URL"; Value = "https://eu.mouser.com/datasheet/2/315/AOA0000C304-1149620.pdf"; VariantName = "[No Variations]"
Change component parameters (AddParameter): Name = "ComponentLink2Description"; Value = "Link"; VariantName = "[No Variations]"
Change component parameters (AddParameter): Name = "ComponentLink2URL"; Value = "https://eu.mouser.com/ProductDetail/Panasonic/ERJ-2RKF2202X?qs=sGAEpiMZZMvdGkrng054t8AJgcdMkx7xGCv6QlnvaAM%3D"; VariantName = "[No Variations]"
Change component parameters (AddParameter): Name = "Manufacturer"; Value = ""; VariantName = "[No Variations]"
Change component parameters (AddParameter): Name = "P/N"; Value = ""; VariantName = "[No Variations]"
Change component parameters (AddParameter): Name = "Value"; Value = "100k"; VariantName = "[No Variations]"
Change component parameters: Designator = "R43" ("R44"); Footprint = "R0402"; UniqueID = "\OKHDAYDR" ("\OKHDAYDR")
Change component parameters (AddParameter): Name = "Case"; Value = "0402"; VariantName = "[No Variations]"
Change component parameters (AddParameter): Name = "ComponentLink1Description"; Value = "Datasheet"; VariantName = "[No Variations]"
Change component parameters (AddParameter): Name = "ComponentLink1URL"; Value = ""; VariantName = "[No Variations]"
Change component parameters (AddParameter): Name = "ComponentLink2Description"; Value = "Link"; VariantName = "[No Variations]"
Change component parameters (AddParameter): Name = "ComponentLink2URL"; Value = ""; VariantName = "[No Variations]"
Change component parameters (AddParameter): Name = "Manufacturer"; Value = ""; VariantName = "[No Variations]"
Change component parameters (AddParameter): Name = "P/N"; Value = ""; VariantName = "[No Variations]"
Change component parameters (AddParameter): Name = "Value"; Value = "100k"; VariantName = "[No Variations]"
Change component parameters: Designator = "R44" ("R45"); Footprint = "R0402"; UniqueID = "\IVIRMJNF" ("\IVIRMJNF")
Change component parameters (AddParameter): Name = "Case"; Value = "0402"; VariantName = "[No Variations]"
Change component parameters (AddParameter): Name = "ComponentLink1Description"; Value = "Datasheet"; VariantName = "[No Variations]"
Change component parameters (AddParameter): Name = "ComponentLink1URL"; Value = "https://eu.mouser.com/datasheet/2/210/kamaya_products_RGC__english_20170424_101024-1651573.pdf"; VariantName = "[No Variations]"
Change component parameters (AddParameter): Name = "ComponentLink2Description"; Value = "Link"; VariantName = "[No Variations]"
Change component parameters (AddParameter): Name = "ComponentLink2URL"; Value = "https://eu.mouser.com/ProductDetail/Kamaya/RGC1-16SC1001DTH?qs=KAq9QXcE8HAz3iV8i32W5A%3D%3D"; VariantName = "[No Variations]"
Change component parameters (AddParameter): Name = "Manufacturer"; Value = ""; VariantName = "[No Variations]"
Change component parameters (AddParameter): Name = "P/N"; Value = ""; VariantName = "[No Variations]"
Change component parameters (AddParameter): Name = "Value"; Value = "10k"; VariantName = "[No Variations]"
Change component parameters: Designator = "R45" ("R46"); Footprint = "R0402"; UniqueID = "\EDFBONSY" ("\EDFBONSY")
Change component parameters (AddParameter): Name = "Case"; Value = "0402"; VariantName = "[No Variations]"
Change component parameters (AddParameter): Name = "ComponentLink1Description"; Value = "Datasheet"; VariantName = "[No Variations]"
Change component parameters (AddParameter): Name = "ComponentLink1URL"; Value = "https://eu.mouser.com/datasheet/2/210/kamaya_products_RGC__english_20170424_101024-1651573.pdf"; VariantName = "[No Variations]"
Change component parameters (AddParameter): Name = "ComponentLink2Description"; Value = "Link"; VariantName = "[No Variations]"
Change component parameters (AddParameter): Name = "ComponentLink2URL"; Value = "https://eu.mouser.com/ProductDetail/Kamaya/RGC1-16SC1001DTH?qs=KAq9QXcE8HAz3iV8i32W5A%3D%3D"; VariantName = "[No Variations]"
Change component parameters (AddParameter): Name = "Manufacturer"; Value = ""; VariantName = "[No Variations]"
Change component parameters (AddParameter): Name = "P/N"; Value = ""; VariantName = "[No Variations]"
Change component parameters (AddParameter): Name = "Value"; Value = "20k"; VariantName = "[No Variations]"
Change component parameters: Designator = "L1" ("L1"); Footprint = "L0603"; UniqueID = "\PJZWFZNJ" ("\PJZWFZNJ")
Change component parameters (AddParameter): Name = "Case"; Value = "0603"; VariantName = "[No Variations]"
Change component parameters (AddParameter): Name = "Component Type"; Value = "Power Inductors - SMD"; VariantName = "[No Variations]"
Change component parameters (AddParameter): Name = "ComponentLink1Description"; Value = "Datasheet"; VariantName = "[No Variations]"
Change component parameters (AddParameter): Name = "ComponentLink1URL"; Value = "https://eu.mouser.com/datasheet/2/281/1/JELF243B_9128-3158890.pdf"; VariantName = "[No Variations]"
Change component parameters (AddParameter): Name = "ComponentLink2Description"; Value = "Link"; VariantName = "[No Variations]"
Change component parameters (AddParameter): Name = "ComponentLink2URL"; Value = "https://eu.mouser.com/ProductDetail/Murata-Electronics/LQM18DZ470M70L?qs=aP1CjGhiNiGa4GC35xm0xg%3D%3D"; VariantName = "[No Variations]"
Change component parameters (AddParameter): Name = "Manufacturer"; Value = ""; VariantName = "[No Variations]"
Change component parameters (AddParameter): Name = "P/N"; Value = "BRC2016T220K"; VariantName = "[No Variations]"
Change component parameters (AddParameter): Name = "Value"; Value = ""; VariantName = "[No Variations]"
Change component parameters: Designator = "L2" ("L2"); Footprint = "L0603"; UniqueID = "\XNOTPKDS" ("\XNOTPKDS")
Change component parameters (AddParameter): Name = "Case"; Value = "0603"; VariantName = "[No Variations]"
Change component parameters (AddParameter): Name = "Component Type"; Value = "Power Inductors - SMD"; VariantName = "[No Variations]"
Change component parameters (AddParameter): Name = "ComponentLink1Description"; Value = "Datasheet"; VariantName = "[No Variations]"
Change component parameters (AddParameter): Name = "ComponentLink1URL"; Value = "https://eu.mouser.com/datasheet/2/281/1/JELF243B_9128-3158890.pdf"; VariantName = "[No Variations]"
Change component parameters (AddParameter): Name = "ComponentLink2Description"; Value = "Link"; VariantName = "[No Variations]"
Change component parameters (AddParameter): Name = "ComponentLink2URL"; Value = "https://eu.mouser.com/ProductDetail/Murata-Electronics/LQM18DZ470M70L?qs=aP1CjGhiNiGa4GC35xm0xg%3D%3D"; VariantName = "[No Variations]"
Change component parameters (AddParameter): Name = "Manufacturer"; Value = ""; VariantName = "[No Variations]"
Change component parameters (AddParameter): Name = "P/N"; Value = "BRC2016T220K"; VariantName = "[No Variations]"
Change component parameters (AddParameter): Name = "Value"; Value = ""; VariantName = "[No Variations]"
Change component parameters: Designator = "L6" ("L7"); Footprint = "L0603"; UniqueID = "\LZGVCZPW" ("\LZGVCZPW")
Change component parameters (AddParameter): Name = "Case"; Value = "0603"; VariantName = "[No Variations]"
Change component parameters (AddParameter): Name = "Component Type"; Value = "Power Inductors - SMD"; VariantName = "[No Variations]"
Change component parameters (AddParameter): Name = "ComponentLink1Description"; Value = "Datasheet"; VariantName = "[No Variations]"
Change component parameters (AddParameter): Name = "ComponentLink1URL"; Value = "https://eu.mouser.com/datasheet/2/281/1/JELF243B_9128-3158890.pdf"; VariantName = "[No Variations]"
Change component parameters (AddParameter): Name = "ComponentLink2Description"; Value = "Link"; VariantName = "[No Variations]"
Change component parameters (AddParameter): Name = "ComponentLink2URL"; Value = "https://eu.mouser.com/ProductDetail/Murata-Electronics/LQM18DZ470M70L?qs=aP1CjGhiNiGa4GC35xm0xg%3D%3D"; VariantName = "[No Variations]"
Change component parameters (AddParameter): Name = "Manufacturer"; Value = ""; VariantName = "[No Variations]"
Change component parameters (AddParameter): Name = "P/N"; Value = "BRC2016T220K"; VariantName = "[No Variations]"
Change component parameters (AddParameter): Name = "Value"; Value = ""; VariantName = "[No Variations]"
Change component parameters: Designator = "R6" ("R6"); Footprint = "R0402"; UniqueID = "\NAKKAXDK" ("\NAKKAXDK")
Change component parameters (AddParameter): Name = "Case"; Value = "0402"; VariantName = "[No Variations]"
Change component parameters (AddParameter): Name = "ComponentLink1Description"; Value = "Datasheet"; VariantName = "[No Variations]"
Change component parameters (AddParameter): Name = "ComponentLink1URL"; Value = ""; VariantName = "[No Variations]"
Change component parameters (AddParameter): Name = "ComponentLink2Description"; Value = "Link"; VariantName = "[No Variations]"
Change component parameters (AddParameter): Name = "ComponentLink2URL"; Value = ""; VariantName = "[No Variations]"
Change component parameters (AddParameter): Name = "Manufacturer"; Value = "Panasonic"; VariantName = "[No Variations]"
Change component parameters (AddParameter): Name = "P/N"; Value = "ERJ-2GEJ220X"; VariantName = "[No Variations]"
Change component parameters (AddParameter): Name = "Value"; Value = "22 R"; VariantName = "[No Variations]"
Change component parameters: Designator = "C61" ("C61"); Footprint = "C0402"; UniqueID = "\HSOGMJXS" ("\HSOGMJXS")
Change component parameters (AddParameter): Name = "Case"; Value = "0402"; VariantName = "[No Variations]"
Change component parameters (AddParameter): Name = "Component Type"; Value = "MLCC"; VariantName = "[No Variations]"
Change component parameters (AddParameter): Name = "ComponentLink1Description"; Value = "Link"; VariantName = "[No Variations]"
Change component parameters (AddParameter): Name = "ComponentLink1URL"; Value = "https://eu.mouser.com/ProductDetail/Murata-Electronics/GCM155C71A105ME38D?qs=QzBtWTOodeV5ddl%2FvWs3LA%3D%3D"; VariantName = "[No Variations]"
Change component parameters (AddParameter): Name = "ComponentLink2Description"; Value = "Datasheet"; VariantName = "[No Variations]"
Change component parameters (AddParameter): Name = "ComponentLink2URL"; Value = "https://eu.mouser.com/datasheet/2/281/1/GCM155C71A105ME38_01A-3142248.pdf"; VariantName = "[No Variations]"
Change component parameters (AddParameter): Name = "Manufacturer"; Value = "Murata"; VariantName = "[No Variations]"
Change component parameters (AddParameter): Name = "P/N"; Value = "GCM155C71A105ME38D"; VariantName = "[No Variations]"
Change component parameters (AddParameter): Name = "Value"; Value = "1u"; VariantName = "[No Variations]"
Change component parameters: Designator = "C13" ("C13"); Footprint = "C0402"; UniqueID = "\VZNTHURP" ("\VZNTHURP")
Change component parameters (AddParameter): Name = "Case"; Value = "0402"; VariantName = "[No Variations]"
Change component parameters (AddParameter): Name = "Component Type"; Value = "MLCC"; VariantName = "[No Variations]"
Change component parameters (AddParameter): Name = "ComponentLink1Description"; Value = "Link"; VariantName = "[No Variations]"
Change component parameters (AddParameter): Name = "ComponentLink1URL"; Value = ""; VariantName = "[No Variations]"
Change component parameters (AddParameter): Name = "ComponentLink2Description"; Value = "Datasheet"; VariantName = "[No Variations]"
Change component parameters (AddParameter): Name = "ComponentLink2URL"; Value = ""; VariantName = "[No Variations]"
Change component parameters (AddParameter): Name = "Manufacturer"; Value = "KEMET"; VariantName = "[No Variations]"
Change component parameters (AddParameter): Name = "P/N"; Value = "C0402C100K5RACTU"; VariantName = "[No Variations]"
Change component parameters (AddParameter): Name = "Value"; Value = "10p"; VariantName = "[No Variations]"
Change component parameters: Designator = "R3" ("R3"); Footprint = "R0402"; UniqueID = "\PERRWFXQ" ("\PERRWFXQ")
Change component parameters (AddParameter): Name = "Case"; Value = "0402"; VariantName = "[No Variations]"
Change component parameters (AddParameter): Name = "ComponentLink1Description"; Value = "Datasheet"; VariantName = "[No Variations]"
Change component parameters (AddParameter): Name = "ComponentLink1URL"; Value = ""; VariantName = "[No Variations]"
Change component parameters (AddParameter): Name = "ComponentLink2Description"; Value = "Link"; VariantName = "[No Variations]"
Change component parameters (AddParameter): Name = "ComponentLink2URL"; Value = ""; VariantName = "[No Variations]"
Change component parameters (AddParameter): Name = "Manufacturer"; Value = "Panasonic"; VariantName = "[No Variations]"
Change component parameters (AddParameter): Name = "P/N"; Value = "ERJ-2GEJ220X"; VariantName = "[No Variations]"
Change component parameters (AddParameter): Name = "Value"; Value = "22 R"; VariantName = "[No Variations]"
Change component parameters: Designator = "R8" ("R8"); Footprint = "R0402"; UniqueID = "\SPEVFJHZ" ("\SPEVFJHZ")
Change component parameters (AddParameter): Name = "Case"; Value = "0402"; VariantName = "[No Variations]"
Change component parameters (AddParameter): Name = "ComponentLink1Description"; Value = "Datasheet"; VariantName = "[No Variations]"
Change component parameters (AddParameter): Name = "ComponentLink1URL"; Value = "https://eu.mouser.com/datasheet/2/315/AOA0000C304-1149620.pdf"; VariantName = "[No Variations]"
Change component parameters (AddParameter): Name = "ComponentLink2Description"; Value = "Link"; VariantName = "[No Variations]"
Change component parameters (AddParameter): Name = "ComponentLink2URL"; Value = "https://eu.mouser.com/ProductDetail/Panasonic/ERJ-2RKF2202X?qs=sGAEpiMZZMvdGkrng054t8AJgcdMkx7xGCv6QlnvaAM%3D"; VariantName = "[No Variations]"
Change component parameters (AddParameter): Name = "Manufacturer"; Value = "Panasonic"; VariantName = "[No Variations]"
Change component parameters (AddParameter): Name = "P/N"; Value = "ERJ-2RHD103X"; VariantName = "[No Variations]"
Change component parameters (AddParameter): Name = "Value"; Value = "10 k"; VariantName = "[No Variations]"
Change component parameters: Designator = "R9" ("R9"); Footprint = "R0402"; UniqueID = "\LDVQEDYM" ("\LDVQEDYM")
Change component parameters (AddParameter): Name = "Case"; Value = "0402"; VariantName = "[No Variations]"
Change component parameters (AddParameter): Name = "ComponentLink1Description"; Value = "Datasheet"; VariantName = "[No Variations]"
Change component parameters (AddParameter): Name = "ComponentLink1URL"; Value = "https://eu.mouser.com/datasheet/2/315/AOA0000C304-1149620.pdf"; VariantName = "[No Variations]"
Change component parameters (AddParameter): Name = "ComponentLink2Description"; Value = "Link"; VariantName = "[No Variations]"
Change component parameters (AddParameter): Name = "ComponentLink2URL"; Value = "https://eu.mouser.com/ProductDetail/Panasonic/ERJ-2RKF2202X?qs=sGAEpiMZZMvdGkrng054t8AJgcdMkx7xGCv6QlnvaAM%3D"; VariantName = "[No Variations]"
Change component parameters (AddParameter): Name = "Manufacturer"; Value = "Panasonic"; VariantName = "[No Variations]"
Change component parameters (AddParameter): Name = "P/N"; Value = "ERJ-2RHD103X"; VariantName = "[No Variations]"
Change component parameters (AddParameter): Name = "Value"; Value = "10 k"; VariantName = "[No Variations]"
Change component parameters: Designator = "R31" ("R31"); Footprint = "R0402"; UniqueID = "\YETHUSRK" ("\YETHUSRK")
Change component parameters (AddParameter): Name = "Case"; Value = "0402"; VariantName = "[No Variations]"
Change component parameters (AddParameter): Name = "ComponentLink1Description"; Value = "Datasheet"; VariantName = "[No Variations]"
Change component parameters (AddParameter): Name = "ComponentLink1URL"; Value = ""; VariantName = "[No Variations]"
Change component parameters (AddParameter): Name = "ComponentLink2Description"; Value = "Link"; VariantName = "[No Variations]"
Change component parameters (AddParameter): Name = "ComponentLink2URL"; Value = ""; VariantName = "[No Variations]"
Change component parameters (AddParameter): Name = "Manufacturer"; Value = "Panasonic"; VariantName = "[No Variations]"
Change component parameters (AddParameter): Name = "P/N"; Value = "ERJ-2GEJ220X"; VariantName = "[No Variations]"
Change component parameters (AddParameter): Name = "Value"; Value = "22 R"; VariantName = "[No Variations]"
Change component parameters: Designator = "R47" ("R47"); Footprint = "R0402"; UniqueID = "\LQKOSCHU" ("\LQKOSCHU")
Change component parameters (AddParameter): Name = "Case"; Value = "0402"; VariantName = "[No Variations]"
Change component parameters (AddParameter): Name = "ComponentLink1Description"; Value = "Datasheet"; VariantName = "[No Variations]"
Change component parameters (AddParameter): Name = "ComponentLink1URL"; Value = "https://eu.mouser.com/datasheet/2/210/kamaya_products_RGC__english_20170424_101024-1651573.pdf"; VariantName = "[No Variations]"
Change component parameters (AddParameter): Name = "ComponentLink2Description"; Value = "Link"; VariantName = "[No Variations]"
Change component parameters (AddParameter): Name = "ComponentLink2URL"; Value = "https://eu.mouser.com/ProductDetail/Kamaya/RGC1-16SC1001DTH?qs=KAq9QXcE8HAz3iV8i32W5A%3D%3D"; VariantName = "[No Variations]"
Change component parameters (AddParameter): Name = "Manufacturer"; Value = ""; VariantName = "[No Variations]"
Change component parameters (AddParameter): Name = "P/N"; Value = ""; VariantName = "[No Variations]"
Change component parameters (AddParameter): Name = "Value"; Value = "20k"; VariantName = "[No Variations]"
Change component parameters: Designator = "R48" ("R48"); Footprint = "R0402"; UniqueID = "\NIQTSYGU" ("\NIQTSYGU")
Change component parameters (AddParameter): Name = "Case"; Value = "0402"; VariantName = "[No Variations]"
Change component parameters (AddParameter): Name = "ComponentLink1Description"; Value = "Datasheet"; VariantName = "[No Variations]"
Change component parameters (AddParameter): Name = "ComponentLink1URL"; Value = ""; VariantName = "[No Variations]"
Change component parameters (AddParameter): Name = "ComponentLink2Description"; Value = "Link"; VariantName = "[No Variations]"
Change component parameters (AddParameter): Name = "ComponentLink2URL"; Value = ""; VariantName = "[No Variations]"
Change component parameters (AddParameter): Name = "Manufacturer"; Value = ""; VariantName = "[No Variations]"
Change component parameters (AddParameter): Name = "P/N"; Value = ""; VariantName = "[No Variations]"
Change component parameters (AddParameter): Name = "Value"; Value = "100k"; VariantName = "[No Variations]"
Change component parameters: Designator = "G1" ("G1"); Footprint = "0806 (2016 metric)"; UniqueID = "\KQHUBBKO" ("\KQHUBBKO")
Change component parameters (AddParameter): Name = "Case"; Value = "2 mm x 1.6 mm"; VariantName = "[No Variations]"
Change component parameters (AddParameter): Name = "Component Type"; Value = "Crystals"; VariantName = "[No Variations]"
Change component parameters (AddParameter): Name = "ComponentLink1Description"; Value = "Datasheet"; VariantName = "[No Variations]"
Change component parameters (AddParameter): Name = "ComponentLink1URL"; Value = "https://eu.mouser.com/datasheet/2/122/ECX_1637B-1633271.pdf"; VariantName = "[No Variations]"
Change component parameters (AddParameter): Name = "ComponentLink2Description"; Value = "Link"; VariantName = "[No Variations]"
Change component parameters (AddParameter): Name = "ComponentLink2URL"; Value = "https://eu.mouser.com/ProductDetail/ECS/ECS-200-10-37B-CKY-TR?qs=l7cgNqFNU1iRTZcEfH9KUQ%3D%3D"; VariantName = "[No Variations]"
Change component parameters (AddParameter): Name = "Manufacturer"; Value = "ECS"; VariantName = "[No Variations]"
Change component parameters (AddParameter): Name = "P/N"; Value = "ECS-200-10-37B-CKY-TR"; VariantName = "[No Variations]"
Change component parameters (AddParameter): Name = "Value"; Value = "20 MHz,  10 PPM"; VariantName = "[No Variations]"
Change component parameters: Designator = "L4" ("L4"); Footprint = "R0402"; UniqueID = "\RRIJMQHR" ("\RRIJMQHR")
Change component parameters (AddParameter): Name = "Case"; Value = "0603"; VariantName = "[No Variations]"
Change component parameters (AddParameter): Name = "Component Type"; Value = "Power Inductors - SMD"; VariantName = "[No Variations]"
Change component parameters (AddParameter): Name = "ComponentLink1Description"; Value = "Datasheet"; VariantName = "[No Variations]"
Change component parameters (AddParameter): Name = "ComponentLink1URL"; Value = "https://eu.mouser.com/datasheet/2/281/1/JELF243B_9128-3158890.pdf"; VariantName = "[No Variations]"
Change component parameters (AddParameter): Name = "ComponentLink2Description"; Value = "Link"; VariantName = "[No Variations]"
Change component parameters (AddParameter): Name = "ComponentLink2URL"; Value = "https://eu.mouser.com/ProductDetail/Murata-Electronics/LQM18DZ470M70L?qs=aP1CjGhiNiGa4GC35xm0xg%3D%3D"; VariantName = "[No Variations]"
Change component parameters (AddParameter): Name = "Manufacturer"; Value = ""; VariantName = "[No Variations]"
Change component parameters (AddParameter): Name = "P/N"; Value = "BRC2016T220K"; VariantName = "[No Variations]"
Change component parameters (AddParameter): Name = "Value"; Value = ""; VariantName = "[No Variations]"
Change component parameters: Designator = "R49" ("R49"); Footprint = "R0402"; UniqueID = "\PDACSVIU" ("\PDACSVIU")
Change component parameters (AddParameter): Name = "Case"; Value = ""; VariantName = "[No Variations]"
Change component parameters (AddParameter): Name = "Component Type"; Value = ""; VariantName = "[No Variations]"
Change component parameters (AddParameter): Name = "ComponentLink1Description"; Value = "Datasheet"; VariantName = "[No Variations]"
Change component parameters (AddParameter): Name = "ComponentLink1URL"; Value = ""; VariantName = "[No Variations]"
Change component parameters (AddParameter): Name = "ComponentLink2Description"; Value = "Link"; VariantName = "[No Variations]"
Change component parameters (AddParameter): Name = "ComponentLink2URL"; Value = ""; VariantName = "[No Variations]"
Change component parameters (AddParameter): Name = "Manufacturer"; Value = ""; VariantName = "[No Variations]"
Change component parameters (AddParameter): Name = "P/N"; Value = ""; VariantName = "[No Variations]"
Change component parameters (AddParameter): Name = "Value"; Value = "1M"; VariantName = "[No Variations]"
Added Component: Designator=C1(C0402)
Add component (AddParameter): Name = "Case"; Value = "0402"; VariantName = "[No Variations]"
Add component (AddParameter): Name = "Component Type"; Value = "MLCC"; VariantName = "[No Variations]"
Add component (AddParameter): Name = "ComponentLink1Description"; Value = "Link"; VariantName = "[No Variations]"
Add component (AddParameter): Name = "ComponentLink1URL"; Value = "https://eu.mouser.com/ProductDetail/Murata-Electronics/GCM155C71A105ME38D?qs=QzBtWTOodeV5ddl%2FvWs3LA%3D%3D"; VariantName = "[No Variations]"
Add component (AddParameter): Name = "ComponentLink2Description"; Value = "Datasheet"; VariantName = "[No Variations]"
Add component (AddParameter): Name = "ComponentLink2URL"; Value = "https://eu.mouser.com/datasheet/2/281/1/GCM155C71A105ME38_01A-3142248.pdf"; VariantName = "[No Variations]"
Add component (AddParameter): Name = "Manufacturer"; Value = "Murata"; VariantName = "[No Variations]"
Add component (AddParameter): Name = "P/N"; Value = "GCM155C71A105ME38D"; VariantName = "[No Variations]"
Add component (AddParameter): Name = "Value"; Value = "1u"; VariantName = "[No Variations]"
Added Component: Designator=C4(C0402)
Add component (AddParameter): Name = "Case"; Value = "0402"; VariantName = "[No Variations]"
Add component (AddParameter): Name = "Component Type"; Value = "MLCC"; VariantName = "[No Variations]"
Add component (AddParameter): Name = "ComponentLink1Description"; Value = "Link"; VariantName = "[No Variations]"
Add component (AddParameter): Name = "ComponentLink1URL"; Value = "https://eu.mouser.com/ProductDetail/Murata-Electronics/GCM155C71A105ME38D?qs=QzBtWTOodeV5ddl%2FvWs3LA%3D%3D"; VariantName = "[No Variations]"
Add component (AddParameter): Name = "ComponentLink2Description"; Value = "Datasheet"; VariantName = "[No Variations]"
Add component (AddParameter): Name = "ComponentLink2URL"; Value = "https://eu.mouser.com/datasheet/2/281/1/GCM155C71A105ME38_01A-3142248.pdf"; VariantName = "[No Variations]"
Add component (AddParameter): Name = "Manufacturer"; Value = "Murata"; VariantName = "[No Variations]"
Add component (AddParameter): Name = "P/N"; Value = "GCM155C71A105ME38D"; VariantName = "[No Variations]"
Add component (AddParameter): Name = "Value"; Value = "1u"; VariantName = "[No Variations]"
Added Component: Designator=C6(C0402)
Add component (AddParameter): Name = "Case"; Value = "0402"; VariantName = "[No Variations]"
Add component (AddParameter): Name = "Component Type"; Value = "MLCC"; VariantName = "[No Variations]"
Add component (AddParameter): Name = "ComponentLink1Description"; Value = "Link"; VariantName = "[No Variations]"
Add component (AddParameter): Name = "ComponentLink1URL"; Value = "https://eu.mouser.com/ProductDetail/Murata-Electronics/GCM155C71A105ME38D?qs=QzBtWTOodeV5ddl%2FvWs3LA%3D%3D"; VariantName = "[No Variations]"
Add component (AddParameter): Name = "ComponentLink2Description"; Value = "Datasheet"; VariantName = "[No Variations]"
Add component (AddParameter): Name = "ComponentLink2URL"; Value = "https://eu.mouser.com/datasheet/2/281/1/GCM155C71A105ME38_01A-3142248.pdf"; VariantName = "[No Variations]"
Add component (AddParameter): Name = "Manufacturer"; Value = "Murata"; VariantName = "[No Variations]"
Add component (AddParameter): Name = "P/N"; Value = "GCM155C71A105ME38D"; VariantName = "[No Variations]"
Add component (AddParameter): Name = "Value"; Value = "1u"; VariantName = "[No Variations]"
Added Component: Designator=C7(C0402)
Add component (AddParameter): Name = "Case"; Value = "0402"; VariantName = "[No Variations]"
Add component (AddParameter): Name = "Component Type"; Value = "MLCC"; VariantName = "[No Variations]"
Add component (AddParameter): Name = "ComponentLink1Description"; Value = "Link"; VariantName = "[No Variations]"
Add component (AddParameter): Name = "ComponentLink1URL"; Value = "https://eu.mouser.com/ProductDetail/Murata-Electronics/GCM155C71A105ME38D?qs=QzBtWTOodeV5ddl%2FvWs3LA%3D%3D"; VariantName = "[No Variations]"
Add component (AddParameter): Name = "ComponentLink2Description"; Value = "Datasheet"; VariantName = "[No Variations]"
Add component (AddParameter): Name = "ComponentLink2URL"; Value = "https://eu.mouser.com/datasheet/2/281/1/GCM155C71A105ME38_01A-3142248.pdf"; VariantName = "[No Variations]"
Add component (AddParameter): Name = "Manufacturer"; Value = "Murata"; VariantName = "[No Variations]"
Add component (AddParameter): Name = "P/N"; Value = "GCM155C71A105ME38D"; VariantName = "[No Variations]"
Add component (AddParameter): Name = "Value"; Value = "1u"; VariantName = "[No Variations]"
Added Component: Designator=C9(C0402)
Add component (AddParameter): Name = "Case"; Value = "0402"; VariantName = "[No Variations]"
Add component (AddParameter): Name = "Component Type"; Value = "MLCC"; VariantName = "[No Variations]"
Add component (AddParameter): Name = "ComponentLink1Description"; Value = "Link"; VariantName = "[No Variations]"
Add component (AddParameter): Name = "ComponentLink1URL"; Value = "https://eu.mouser.com/ProductDetail/Murata-Electronics/GCM155C71A105ME38D?qs=QzBtWTOodeV5ddl%2FvWs3LA%3D%3D"; VariantName = "[No Variations]"
Add component (AddParameter): Name = "ComponentLink2Description"; Value = "Datasheet"; VariantName = "[No Variations]"
Add component (AddParameter): Name = "ComponentLink2URL"; Value = "https://eu.mouser.com/datasheet/2/281/1/GCM155C71A105ME38_01A-3142248.pdf"; VariantName = "[No Variations]"
Add component (AddParameter): Name = "Manufacturer"; Value = "Murata"; VariantName = "[No Variations]"
Add component (AddParameter): Name = "P/N"; Value = "GCM155C71A105ME38D"; VariantName = "[No Variations]"
Add component (AddParameter): Name = "Value"; Value = "1u"; VariantName = "[No Variations]"
Added Component: Designator=C14(C0402)
Add component (AddParameter): Name = "Case"; Value = "0402"; VariantName = "[No Variations]"
Add component (AddParameter): Name = "Component Type"; Value = "MLCC"; VariantName = "[No Variations]"
Add component (AddParameter): Name = "ComponentLink1Description"; Value = "Link"; VariantName = "[No Variations]"
Add component (AddParameter): Name = "ComponentLink1URL"; Value = ""; VariantName = "[No Variations]"
Add component (AddParameter): Name = "ComponentLink2Description"; Value = "Datasheet"; VariantName = "[No Variations]"
Add component (AddParameter): Name = "ComponentLink2URL"; Value = ""; VariantName = "[No Variations]"
Add component (AddParameter): Name = "Manufacturer"; Value = "KEMET"; VariantName = "[No Variations]"
Add component (AddParameter): Name = "P/N"; Value = "C0402C100K5RACTU"; VariantName = "[No Variations]"
Add component (AddParameter): Name = "Value"; Value = "10p"; VariantName = "[No Variations]"
Added Component: Designator=C19(C0402)
Add component (AddParameter): Name = "Case"; Value = "0402"; VariantName = "[No Variations]"
Add component (AddParameter): Name = "Component Type"; Value = "MLCC"; VariantName = "[No Variations]"
Add component (AddParameter): Name = "ComponentLink1Description"; Value = "Link"; VariantName = "[No Variations]"
Add component (AddParameter): Name = "ComponentLink1URL"; Value = ""; VariantName = "[No Variations]"
Add component (AddParameter): Name = "ComponentLink2Description"; Value = "Datasheet"; VariantName = "[No Variations]"
Add component (AddParameter): Name = "ComponentLink2URL"; Value = ""; VariantName = "[No Variations]"
Add component (AddParameter): Name = "Manufacturer"; Value = "Murata"; VariantName = "[No Variations]"
Add component (AddParameter): Name = "P/N"; Value = "GRM155C81H104ME14D"; VariantName = "[No Variations]"
Add component (AddParameter): Name = "Value"; Value = "0.1u"; VariantName = "[No Variations]"
Added Component: Designator=C20(C0402)
Add component (AddParameter): Name = "Case"; Value = "0402"; VariantName = "[No Variations]"
Add component (AddParameter): Name = "Component Type"; Value = "MLCC"; VariantName = "[No Variations]"
Add component (AddParameter): Name = "ComponentLink1Description"; Value = "Link"; VariantName = "[No Variations]"
Add component (AddParameter): Name = "ComponentLink1URL"; Value = "https://eu.mouser.com/ProductDetail/Murata-Electronics/GCM155C71A105ME38D?qs=QzBtWTOodeV5ddl%2FvWs3LA%3D%3D"; VariantName = "[No Variations]"
Add component (AddParameter): Name = "ComponentLink2Description"; Value = "Datasheet"; VariantName = "[No Variations]"
Add component (AddParameter): Name = "ComponentLink2URL"; Value = "https://eu.mouser.com/datasheet/2/281/1/GCM155C71A105ME38_01A-3142248.pdf"; VariantName = "[No Variations]"
Add component (AddParameter): Name = "Manufacturer"; Value = "Murata"; VariantName = "[No Variations]"
Add component (AddParameter): Name = "P/N"; Value = "GCM155C71A105ME38D"; VariantName = "[No Variations]"
Add component (AddParameter): Name = "Value"; Value = "1u"; VariantName = "[No Variations]"
Added Component: Designator=C30(C0402)
Add component (AddParameter): Name = "Case"; Value = "0402"; VariantName = "[No Variations]"
Add component (AddParameter): Name = "Component Type"; Value = "MLCC"; VariantName = "[No Variations]"
Add component (AddParameter): Name = "ComponentLink1Description"; Value = "Link"; VariantName = "[No Variations]"
Add component (AddParameter): Name = "ComponentLink1URL"; Value = ""; VariantName = "[No Variations]"
Add component (AddParameter): Name = "ComponentLink2Description"; Value = "Datasheet"; VariantName = "[No Variations]"
Add component (AddParameter): Name = "ComponentLink2URL"; Value = ""; VariantName = "[No Variations]"
Add component (AddParameter): Name = "Manufacturer"; Value = "Murata"; VariantName = "[No Variations]"
Add component (AddParameter): Name = "P/N"; Value = "GRM155C81H104ME14D"; VariantName = "[No Variations]"
Add component (AddParameter): Name = "Value"; Value = "0.1u"; VariantName = "[No Variations]"
Added Component: Designator=C52(C0402)
Add component (AddParameter): Name = "Case"; Value = "0402"; VariantName = "[No Variations]"
Add component (AddParameter): Name = "Component Type"; Value = "MLCC"; VariantName = "[No Variations]"
Add component (AddParameter): Name = "ComponentLink1Description"; Value = "Link"; VariantName = "[No Variations]"
Add component (AddParameter): Name = "ComponentLink1URL"; Value = "https://eu.mouser.com/ProductDetail/Murata-Electronics/GRT155C81A475ME13D?qs=ufv2HEpFn%252BRTWI1%252Bv%2F3NwA%3D%3D"; VariantName = "[No Variations]"
Add component (AddParameter): Name = "ComponentLink2Description"; Value = "Datasheet"; VariantName = "[No Variations]"
Add component (AddParameter): Name = "ComponentLink2URL"; Value = "https://eu.mouser.com/datasheet/2/281/1/GRT155C81A475ME13_01A-3135426.pdf"; VariantName = "[No Variations]"
Add component (AddParameter): Name = "Manufacturer"; Value = "Murata"; VariantName = "[No Variations]"
Add component (AddParameter): Name = "P/N"; Value = "GRM155R61A106ME11D"; VariantName = "[No Variations]"
Add component (AddParameter): Name = "Value"; Value = "10 uF"; VariantName = "[No Variations]"
Added Component: Designator=C55(C0402)
Add component (AddParameter): Name = "Case"; Value = "0402"; VariantName = "[No Variations]"
Add component (AddParameter): Name = "Component Type"; Value = "MLCC"; VariantName = "[No Variations]"
Add component (AddParameter): Name = "ComponentLink1Description"; Value = "Link"; VariantName = "[No Variations]"
Add component (AddParameter): Name = "ComponentLink1URL"; Value = ""; VariantName = "[No Variations]"
Add component (AddParameter): Name = "ComponentLink2Description"; Value = "Datasheet"; VariantName = "[No Variations]"
Add component (AddParameter): Name = "ComponentLink2URL"; Value = ""; VariantName = "[No Variations]"
Add component (AddParameter): Name = "Manufacturer"; Value = "Murata"; VariantName = "[No Variations]"
Add component (AddParameter): Name = "P/N"; Value = "GRM155C81H104ME14D"; VariantName = "[No Variations]"
Add component (AddParameter): Name = "Value"; Value = "0.1u"; VariantName = "[No Variations]"
Added Component: Designator=C57(C0402)
Add component (AddParameter): Name = "Case"; Value = "0402"; VariantName = "[No Variations]"
Add component (AddParameter): Name = "Component Type"; Value = "MLCC"; VariantName = "[No Variations]"
Add component (AddParameter): Name = "ComponentLink1Description"; Value = "Link"; VariantName = "[No Variations]"
Add component (AddParameter): Name = "ComponentLink1URL"; Value = "https://eu.mouser.com/ProductDetail/Murata-Electronics/GCM155C71A105ME38D?qs=QzBtWTOodeV5ddl%2FvWs3LA%3D%3D"; VariantName = "[No Variations]"
Add component (AddParameter): Name = "ComponentLink2Description"; Value = "Datasheet"; VariantName = "[No Variations]"
Add component (AddParameter): Name = "ComponentLink2URL"; Value = "https://eu.mouser.com/datasheet/2/281/1/GCM155C71A105ME38_01A-3142248.pdf"; VariantName = "[No Variations]"
Add component (AddParameter): Name = "Manufacturer"; Value = "Murata"; VariantName = "[No Variations]"
Add component (AddParameter): Name = "P/N"; Value = "GCM155C71A105ME38D"; VariantName = "[No Variations]"
Add component (AddParameter): Name = "Value"; Value = "1u"; VariantName = "[No Variations]"
Added Component: Designator=C72(C0402)
Add component (AddParameter): Name = "Case"; Value = "0402"; VariantName = "[No Variations]"
Add component (AddParameter): Name = "Component Type"; Value = "MLCC"; VariantName = "[No Variations]"
Add component (AddParameter): Name = "ComponentLink1Description"; Value = "Link"; VariantName = "[No Variations]"
Add component (AddParameter): Name = "ComponentLink1URL"; Value = "https://eu.mouser.com/ProductDetail/Murata-Electronics/GCM155C71A105ME38D?qs=QzBtWTOodeV5ddl%2FvWs3LA%3D%3D"; VariantName = "[No Variations]"
Add component (AddParameter): Name = "ComponentLink2Description"; Value = "Datasheet"; VariantName = "[No Variations]"
Add component (AddParameter): Name = "ComponentLink2URL"; Value = "https://eu.mouser.com/datasheet/2/281/1/GCM155C71A105ME38_01A-3142248.pdf"; VariantName = "[No Variations]"
Add component (AddParameter): Name = "Manufacturer"; Value = "Murata"; VariantName = "[No Variations]"
Add component (AddParameter): Name = "P/N"; Value = "GCM155C71A105ME38D"; VariantName = "[No Variations]"
Add component (AddParameter): Name = "Value"; Value = "1u"; VariantName = "[No Variations]"
Added Component: Designator=L3(R0402)
Add component (AddParameter): Name = "Case"; Value = "0402"; VariantName = "[No Variations]"
Add component (AddParameter): Name = "Component Type"; Value = "Ferrite Beads"; VariantName = "[No Variations]"
Add component (AddParameter): Name = "ComponentLink1Description"; Value = "Datasheet"; VariantName = "[No Variations]"
Add component (AddParameter): Name = "ComponentLink1URL"; Value = "https://eu.mouser.com/datasheet/2/281/ENFA0018-1915754.pdf"; VariantName = "[No Variations]"
Add component (AddParameter): Name = "ComponentLink2Description"; Value = "Link"; VariantName = "[No Variations]"
Add component (AddParameter): Name = "ComponentLink2URL"; Value = "https://eu.mouser.com/ProductDetail/Murata-Electronics/BLM15PX471SN1D?qs=eTNEoJdcnEJgxrnv%252BsVZMw%3D%3D"; VariantName = "[No Variations]"
Add component (AddParameter): Name = "Manufacturer"; Value = "Murata"; VariantName = "[No Variations]"
Add component (AddParameter): Name = "P/N"; Value = "BLM15PX471SN1D"; VariantName = "[No Variations]"
Add component (AddParameter): Name = "Value"; Value = "470 Ohms, 1A"; VariantName = "[No Variations]"
Added Component: Designator=L8(R0402)
Add component (AddParameter): Name = "Case"; Value = "0402"; VariantName = "[No Variations]"
Add component (AddParameter): Name = "Component Type"; Value = "Ferrite Beads"; VariantName = "[No Variations]"
Add component (AddParameter): Name = "ComponentLink1Description"; Value = "Datasheet"; VariantName = "[No Variations]"
Add component (AddParameter): Name = "ComponentLink1URL"; Value = "https://eu.mouser.com/datasheet/2/281/ENFA0018-1915754.pdf"; VariantName = "[No Variations]"
Add component (AddParameter): Name = "ComponentLink2Description"; Value = "Link"; VariantName = "[No Variations]"
Add component (AddParameter): Name = "ComponentLink2URL"; Value = "https://eu.mouser.com/ProductDetail/Murata-Electronics/BLM15PX471SN1D?qs=eTNEoJdcnEJgxrnv%252BsVZMw%3D%3D"; VariantName = "[No Variations]"
Add component (AddParameter): Name = "Manufacturer"; Value = "Murata"; VariantName = "[No Variations]"
Add component (AddParameter): Name = "P/N"; Value = "BLM15PX471SN1D"; VariantName = "[No Variations]"
Add component (AddParameter): Name = "Value"; Value = "470 Ohms, 1A"; VariantName = "[No Variations]"
Added Component: Designator=R11(R0402)
Add component (AddParameter): Name = "Case"; Value = "0402"; VariantName = "[No Variations]"
Add component (AddParameter): Name = "ComponentLink1Description"; Value = "Datasheet"; VariantName = "[No Variations]"
Add component (AddParameter): Name = "ComponentLink1URL"; Value = "https://eu.mouser.com/datasheet/2/315/AOA0000C304-1149620.pdf"; VariantName = "[No Variations]"
Add component (AddParameter): Name = "ComponentLink2Description"; Value = "Link"; VariantName = "[No Variations]"
Add component (AddParameter): Name = "ComponentLink2URL"; Value = "https://eu.mouser.com/ProductDetail/Panasonic/ERJ-2RKF2202X?qs=sGAEpiMZZMvdGkrng054t8AJgcdMkx7xGCv6QlnvaAM%3D"; VariantName = "[No Variations]"
Add component (AddParameter): Name = "Manufacturer"; Value = "Panasonic"; VariantName = "[No Variations]"
Add component (AddParameter): Name = "P/N"; Value = "ERJ-2RHD103X"; VariantName = "[No Variations]"
Add component (AddParameter): Name = "Value"; Value = "10 k"; VariantName = "[No Variations]"
Added Component: Designator=R29(R0402)
Add component (AddParameter): Name = "Case"; Value = "0402"; VariantName = "[No Variations]"
Add component (AddParameter): Name = "ComponentLink1Description"; Value = "Datasheet"; VariantName = "[No Variations]"
Add component (AddParameter): Name = "ComponentLink1URL"; Value = ""; VariantName = "[No Variations]"
Add component (AddParameter): Name = "ComponentLink2Description"; Value = "Link"; VariantName = "[No Variations]"
Add component (AddParameter): Name = "ComponentLink2URL"; Value = ""; VariantName = "[No Variations]"
Add component (AddParameter): Name = "Manufacturer"; Value = "Panasonic"; VariantName = "[No Variations]"
Add component (AddParameter): Name = "P/N"; Value = "ERJ-2GEJ220X"; VariantName = "[No Variations]"
Add component (AddParameter): Name = "Value"; Value = "22 R"; VariantName = "[No Variations]"
Added Component: Designator=R42(R0402)
Add component (AddParameter): Name = "Case"; Value = ""; VariantName = "[No Variations]"
Add component (AddParameter): Name = "Component Type"; Value = ""; VariantName = "[No Variations]"
Add component (AddParameter): Name = "ComponentLink1Description"; Value = "Datasheet"; VariantName = "[No Variations]"
Add component (AddParameter): Name = "ComponentLink1URL"; Value = ""; VariantName = "[No Variations]"
Add component (AddParameter): Name = "ComponentLink2Description"; Value = "Link"; VariantName = "[No Variations]"
Add component (AddParameter): Name = "ComponentLink2URL"; Value = ""; VariantName = "[No Variations]"
Add component (AddParameter): Name = "Manufacturer"; Value = ""; VariantName = "[No Variations]"
Add component (AddParameter): Name = "P/N"; Value = ""; VariantName = "[No Variations]"
Add component (AddParameter): Name = "Value"; Value = "1M"; VariantName = "[No Variations]"
Added Component: Designator=R50(R0402)
Add component (AddParameter): Name = "Case"; Value = "0402"; VariantName = "[No Variations]"
Add component (AddParameter): Name = "ComponentLink1Description"; Value = "Datasheet"; VariantName = "[No Variations]"
Add component (AddParameter): Name = "ComponentLink1URL"; Value = "https://eu.mouser.com/datasheet/2/210/kamaya_products_RGC__english_20170424_101024-1651573.pdf"; VariantName = "[No Variations]"
Add component (AddParameter): Name = "ComponentLink2Description"; Value = "Link"; VariantName = "[No Variations]"
Add component (AddParameter): Name = "ComponentLink2URL"; Value = "https://eu.mouser.com/ProductDetail/Kamaya/RGC1-16SC1001DTH?qs=KAq9QXcE8HAz3iV8i32W5A%3D%3D"; VariantName = "[No Variations]"
Add component (AddParameter): Name = "Manufacturer"; Value = ""; VariantName = "[No Variations]"
Add component (AddParameter): Name = "P/N"; Value = ""; VariantName = "[No Variations]"
Add component (AddParameter): Name = "Value"; Value = "20k"; VariantName = "[No Variations]"
Added Pin To Net: NetName=GND Pin=C1-1
Added Pin To Net: NetName=Vocm Pin=C1-2
Added Pin To Net: NetName=GND Pin=C4-1
Added Pin To Net: NetName=GND Pin=C6-1
Added Pin To Net: NetName=+3.3VADC Pin=C6-2
Added Pin To Net: NetName=GND Pin=C7-1
Added Pin To Net: NetName=+3.3VDC Pin=C7-2
Added Pin To Net: NetName=GND Pin=C9-1
Added Pin To Net: NetName=+3.3VADC Pin=C9-2
Added Pin To Net: NetName=Out_P Pin=C13-1
Added Pin To Net: NetName=Out_N Pin=C13-2
Added Pin To Net: NetName=Out_P Pin=C14-1
Added Pin To Net: NetName=Out_N Pin=C14-2
Added Pin To Net: NetName=GND Pin=C19-1
Added Pin To Net: NetName=-Vneg Pin=C19-2
Added Pin To Net: NetName=GND Pin=C20-1
Added Pin To Net: NetName=-Vneg Pin=C20-2
Added Pin To Net: NetName=+3.3VADC Pin=C27-1
Added Pin To Net: NetName=+3.3VDC Pin=C30-1
Added Pin To Net: NetName=GND Pin=C30-2
Added Pin To Net: NetName=OSC+ Pin=C34-1
Added Pin To Net: NetName=+Vin Pin=C52-1
Added Pin To Net: NetName=GND Pin=C52-2
Added Pin To Net: NetName=+Vin Pin=C55-1
Added Pin To Net: NetName=GND Pin=C55-2
Added Pin To Net: NetName=GND Pin=C57-1
Added Pin To Net: NetName=+Vboost Pin=C57-2
Added Pin To Net: NetName=GND Pin=C60-1
Added Pin To Net: NetName=GND Pin=C62-1
Added Pin To Net: NetName=GND Pin=C72-1
Added Pin To Net: NetName=Vocm Pin=C72-2
Added Pin To Net: NetName=Trigger Pin=DD1-4
Added Pin To Net: NetName=OSC- Pin=G1-1
Added Pin To Net: NetName=OSC+ Pin=G1-3
Added Pin To Net: NetName=+Vboost Pin=L3-1
Added Pin To Net: NetName=-Vneg Pin=L8-2
Added Pin To Net: NetName=NetC7_2 Pin=R3-1
Added Pin To Net: NetName=Out_P Pin=R3-2
Added Pin To Net: NetName=NetC9_1 Pin=R6-1
Added Pin To Net: NetName=Out_N Pin=R6-2
Added Pin To Net: NetName=NetDA2_23 Pin=R8-2
Added Pin To Net: NetName=NetDA2_4 Pin=R9-2
Added Pin To Net: NetName=NetDA2_22 Pin=R10-1
Added Pin To Net: NetName=+3.3VADC Pin=R10-2
Added Pin To Net: NetName=GND Pin=R11-1
Added Pin To Net: NetName=NetDA2_22 Pin=R11-2
Added Pin To Net: NetName=OSC- Pin=R29-1
Added Pin To Net: NetName=OSC+ Pin=R31-1
Added Pin To Net: NetName=+Vboost Pin=R42-1
Added Pin To Net: NetName=NetDD3_D4 Pin=R42-2
Added Pin To Net: NetName=GND Pin=R48-1
Added Pin To Net: NetName=NetDD3_D3 Pin=R48-2
Added Pin To Net: NetName=NetDD3_E2 Pin=R49-2
Added Pin To Net: NetName=GND Pin=R50-1
Added Pin To Net: NetName=+Vusb Pin=TP4-1
Added Pin To Net: NetName=+3.3VADC Pin=VD2-1
Change Net Name : Old Net Name=+Vboost New Net Name=NetC56_1
Change Net Name : Old Net Name=NetC7_1 New Net Name=NetC12_1
Change Net Name : Old Net Name=NetC7_2 New Net Name=NetC12_2
Change Net Name : Old Net Name=NetC9_1 New Net Name=NetC15_1
Change Net Name : Old Net Name=NetC9_2 New Net Name=NetC15_2
Change Net Name : Old Net Name=NetC10_1 New Net Name=NetC18_1
Change Net Name : Old Net Name=NetC14_1 New Net Name=NetC21_2
Change Net Name : Old Net Name=NetC14_2 New Net Name=NetC21_1
Change Net Name : Old Net Name=NetC16_2 New Net Name=NetC23_2
Change Net Name : Old Net Name=NetC31_1 New Net Name=NetC39_1
Change Net Name : Old Net Name=NetC36_1 New Net Name=NetC44_1
Change Net Name : Old Net Name=NetC37_2 New Net Name=NetC45_2
Change Net Name : Old Net Name=NetC38_1 New Net Name=NetC46_1
Change Net Name : Old Net Name=NetC41_2 New Net Name=NetC49_2
Change Net Name : Old Net Name=NetC49_1 New Net Name=NetC59_1
Change Net Name : Old Net Name=NetC50_1 New Net Name=NetC63_1
Change Net Name : Old Net Name=NetC51_1 New Net Name=NetC64_1
Change Net Name : Old Net Name=NetC55_1 New Net Name=NetC66_1
Change Net Name : Old Net Name=NetC57_2 New Net Name=NetC68_2
Change Net Name : Old Net Name=NetC58_1 New Net Name=NetC69_1
Change Net Name : Old Net Name=NetR30_1 New Net Name=NetR32_1
Change Net Name : Old Net Name=NetR30_2 New Net Name=NetR32_2
Change Net Name : Old Net Name=NetR33_1 New Net Name=NetR34_1
Added Pin To Net: NetName=+Vboost Pin=C3-2
Added Pin To Net: NetName=+Vboost Pin=C4-2
Added Pin To Net: NetName=+Vboost Pin=DA1-14
Added Pin To Net: NetName=+Vboost Pin=L3-2
Added Net: Name=+Vboost
Added Pin To Net: NetName=NetC60_2 Pin=C60-2
Added Pin To Net: NetName=NetC60_2 Pin=C61-1
Added Pin To Net: NetName=NetC60_2 Pin=C62-2
Added Pin To Net: NetName=NetC60_2 Pin=L8-1
Added Pin To Net: NetName=NetC60_2 Pin=R49-1
Added Pin To Net: NetName=NetC60_2 Pin=VD7-1
Added Net: Name=NetC60_2
Added Pin To Net: NetName=NetDD1_2 Pin=DD1-2
Added Pin To Net: NetName=NetDD1_2 Pin=R29-2
Added Net: Name=NetDD1_2
Added Pin To Net: NetName=NetDD1_3 Pin=DD1-3
Added Pin To Net: NetName=NetDD1_3 Pin=R31-2
Added Net: Name=NetDD1_3
Added Pin To Net: NetName=NetL6_1 Pin=L6-1
Added Pin To Net: NetName=NetL6_1 Pin=R47-1
Added Pin To Net: NetName=NetL6_1 Pin=R50-2
Added Net: Name=NetL6_1
Added Member To Class: ClassName=Main Member=Component C29 0.1u
Added Member To Class: ClassName=Main Member=Component C30 0.1u
Added Member To Class: ClassName=Main Member=Component C31 0.1u
Added Member To Class: ClassName=Main Member=Component C32 10 uF
Added Member To Class: ClassName=Main Member=Component C33 10p
Added Member To Class: ClassName=Main Member=Component C34 10p
Added Member To Class: ClassName=Main Member=Component C35 0.1u
Added Member To Class: ClassName=Main Member=Component C36 10p
Added Member To Class: ClassName=Power Member=Component C66 10 uF
Added Member To Class: ClassName=Power Member=Component C68 1u
Added Member To Class: ClassName=Power Member=Component C71 10 uF
Added Member To Class: ClassName=Power Member=Component C72 1u
Added Member To Class: ClassName=Power Member=Component L7 BRC2016T220K
Added Member To Class: ClassName=Power Member=Component L8 BLM15PX471SN1D
Added Member To Class: ClassName=Main Member=Component R34 1.5k
Added Member To Class: ClassName=Power Member=Component R50 20k
Added Room: Name=Main
Added Room: Name=Power
