Removed Pin From Net: NetName=USB_N Pin=J2-2
Removed Pin From Net: NetName=USB_P Pin=J2-3
Removed Pin From Net: NetName=NetJ2_0 Pin=R?-1
Removed Pin From Net: NetName=GND Pin=R?-2
Removed Member From Class: ClassName=Digital Member=C?
Removed Member From Class: ClassName=Digital Member=R?
Change Component Footprint: Designator=L1 Old Footprint=1808 (4520 metric) New Footprint=1210 inductance
Change Component Comment : Designator=L1 Old Comment=ACM4520-142-2P-T000 New Comment=ACT32P-102-2P-TL01
Change Component Designator: OldDesignator=C23 NewDesignator=C24
Change Component Designator: OldDesignator=C24 NewDesignator=C25
Change Component Designator: OldDesignator=C25 NewDesignator=C26
Change Component Designator: OldDesignator=C26 NewDesignator=C27
Change Component Designator: OldDesignator=C27 NewDesignator=C28
Change Component Designator: OldDesignator=C28 NewDesignator=C29
Change Component Designator: OldDesignator=C29 NewDesignator=C30
Change Component Designator: OldDesignator=C30 NewDesignator=C31
Change Component Designator: OldDesignator=C? NewDesignator=C23
Change Component Designator: OldDesignator=R13 NewDesignator=R17
Change Component Designator: OldDesignator=R14 NewDesignator=R18
Change Component Designator: OldDesignator=R15 NewDesignator=R20
Change Component Designator: OldDesignator=R16 NewDesignator=R21
Change Component Designator: OldDesignator=R17 NewDesignator=R23
Change Component Designator: OldDesignator=R18 NewDesignator=R25
Change Component Designator: OldDesignator=R19 NewDesignator=R27
Change Component Designator: OldDesignator=R20 NewDesignator=R28
Change Component Designator: OldDesignator=R21 NewDesignator=R14
Change Component Designator: OldDesignator=R22 NewDesignator=R15
Change Component Designator: OldDesignator=R23 NewDesignator=R29
Change Component Designator: OldDesignator=R? NewDesignator=R19
Change component parameters: Designator = "L1" ("L1"); Footprint = "1808 (4520 metric)"; UniqueID = "\ZBFWISWZ" ("\ZBFWISWZ")
Change component parameters (AddParameter): Name = "Case"; Value = "1210"; VariantName = "[No Variations]"
Change component parameters (AddParameter): Name = "Component Type"; Value = "Common Mode Chokes / Filters"; VariantName = "[No Variations]"
Change component parameters (AddParameter): Name = "ComponentLink1Description"; Value = "Datasheet"; VariantName = "[No Variations]"
Change component parameters (AddParameter): Name = "ComponentLink1URL"; Value = "https://product.tdk.com/system/files/dam/doc/product/emc/emc/cmf_cmc/catalog/cmf_automotive_power_act32p_en.pdf"; VariantName = "[No Variations]"
Change component parameters (AddParameter): Name = "ComponentLink2Description"; Value = "Link"; VariantName = "[No Variations]"
Change component parameters (AddParameter): Name = "ComponentLink2URL"; Value = "https://eu.mouser.com/ProductDetail/TDK/ACT32P-102-2P-TL01?qs=DRkmTr78QASmPpbb1ZzWJg%3D%3D"; VariantName = "[No Variations]"
Change component parameters (AddParameter): Name = "Manufacturer"; Value = "TDK"; VariantName = "[No Variations]"
Change component parameters (AddParameter): Name = "P/N"; Value = "ACT32P-102-2P-TL01"; VariantName = "[No Variations]"
Change component parameters (AddParameter): Name = "Value"; Value = "150 mOhms, 800 mA"; VariantName = "[No Variations]"
Added Component: Designator=R13(R0402)
Add component (AddParameter): Name = "Case"; Value = "R0402"; VariantName = "[No Variations]"
Add component (AddParameter): Name = "ComponentLink1Description"; Value = "Datasheet"; VariantName = "[No Variations]"
Add component (AddParameter): Name = "ComponentLink1URL"; Value = ""; VariantName = "[No Variations]"
Add component (AddParameter): Name = "ComponentLink2Description"; Value = "Link"; VariantName = "[No Variations]"
Add component (AddParameter): Name = "ComponentLink2URL"; Value = ""; VariantName = "[No Variations]"
Add component (AddParameter): Name = "Manufacturer"; Value = ""; VariantName = "[No Variations]"
Add component (AddParameter): Name = "P/N"; Value = ""; VariantName = "[No Variations]"
Add component (AddParameter): Name = "Value"; Value = "0"; VariantName = "[No Variations]"
Added Component: Designator=R16(R0402)
Add component (AddParameter): Name = "Case"; Value = "R0402"; VariantName = "[No Variations]"
Add component (AddParameter): Name = "ComponentLink1Description"; Value = "Datasheet"; VariantName = "[No Variations]"
Add component (AddParameter): Name = "ComponentLink1URL"; Value = ""; VariantName = "[No Variations]"
Add component (AddParameter): Name = "ComponentLink2Description"; Value = "Link"; VariantName = "[No Variations]"
Add component (AddParameter): Name = "ComponentLink2URL"; Value = ""; VariantName = "[No Variations]"
Add component (AddParameter): Name = "Manufacturer"; Value = ""; VariantName = "[No Variations]"
Add component (AddParameter): Name = "P/N"; Value = ""; VariantName = "[No Variations]"
Add component (AddParameter): Name = "Value"; Value = ""; VariantName = "[No Variations]"
Added Component: Designator=R22(R0402)
Add component (AddParameter): Name = "Case"; Value = "R0402"; VariantName = "[No Variations]"
Add component (AddParameter): Name = "ComponentLink1Description"; Value = "Datasheet"; VariantName = "[No Variations]"
Add component (AddParameter): Name = "ComponentLink1URL"; Value = ""; VariantName = "[No Variations]"
Add component (AddParameter): Name = "ComponentLink2Description"; Value = "Link"; VariantName = "[No Variations]"
Add component (AddParameter): Name = "ComponentLink2URL"; Value = ""; VariantName = "[No Variations]"
Add component (AddParameter): Name = "Manufacturer"; Value = ""; VariantName = "[No Variations]"
Add component (AddParameter): Name = "P/N"; Value = ""; VariantName = "[No Variations]"
Add component (AddParameter): Name = "Value"; Value = ""; VariantName = "[No Variations]"
Added Component: Designator=R24(R0402)
Add component (AddParameter): Name = "Case"; Value = "R0402"; VariantName = "[No Variations]"
Add component (AddParameter): Name = "ComponentLink1Description"; Value = "Datasheet"; VariantName = "[No Variations]"
Add component (AddParameter): Name = "ComponentLink1URL"; Value = ""; VariantName = "[No Variations]"
Add component (AddParameter): Name = "ComponentLink2Description"; Value = "Link"; VariantName = "[No Variations]"
Add component (AddParameter): Name = "ComponentLink2URL"; Value = ""; VariantName = "[No Variations]"
Add component (AddParameter): Name = "Manufacturer"; Value = ""; VariantName = "[No Variations]"
Add component (AddParameter): Name = "P/N"; Value = ""; VariantName = "[No Variations]"
Add component (AddParameter): Name = "Value"; Value = ""; VariantName = "[No Variations]"
Added Component: Designator=R26(R0402)
Add component (AddParameter): Name = "Case"; Value = "R0402"; VariantName = "[No Variations]"
Add component (AddParameter): Name = "ComponentLink1Description"; Value = "Datasheet"; VariantName = "[No Variations]"
Add component (AddParameter): Name = "ComponentLink1URL"; Value = ""; VariantName = "[No Variations]"
Add component (AddParameter): Name = "ComponentLink2Description"; Value = "Link"; VariantName = "[No Variations]"
Add component (AddParameter): Name = "ComponentLink2URL"; Value = ""; VariantName = "[No Variations]"
Add component (AddParameter): Name = "Manufacturer"; Value = ""; VariantName = "[No Variations]"
Add component (AddParameter): Name = "P/N"; Value = ""; VariantName = "[No Variations]"
Add component (AddParameter): Name = "Value"; Value = ""; VariantName = "[No Variations]"
Added Component: Designator=TP1(Pogo Pin 0,6mm)
Add component (AddParameter): Name = "Case"; Value = "THT"; VariantName = "[No Variations]"
Add component (AddParameter): Name = "Component Type"; Value = "Test point"; VariantName = "[No Variations]"
Add component (AddParameter): Name = "ComponentLink1Description"; Value = "Datasheet"; VariantName = "[No Variations]"
Add component (AddParameter): Name = "ComponentLink1URL"; Value = "https://ru.mouser.com/datasheet/2/215/5115_5119-744073.pdf"; VariantName = "[No Variations]"
Add component (AddParameter): Name = "ComponentLink2Description"; Value = "Link"; VariantName = "[No Variations]"
Add component (AddParameter): Name = "ComponentLink2URL"; Value = "https://ru.mouser.com/ProductDetail/Keystone-Electronics/5117?qs=%2Fha2pyFadujSuVybhyFc6oqj%252BXCGMBBx2uPmIz4OBqU%3D"; VariantName = "[No Variations]"
Add component (AddParameter): Name = "Manufacturer"; Value = "Keystone Electronics"; VariantName = "[No Variations]"
Add component (AddParameter): Name = "P/N"; Value = "5117"; VariantName = "[No Variations]"
Add component (AddParameter): Name = "Value"; Value = "36-5117"; VariantName = "[No Variations]"
Added Component: Designator=TP2(Pogo Pin 0,6mm)
Add component (AddParameter): Name = "Case"; Value = "THT"; VariantName = "[No Variations]"
Add component (AddParameter): Name = "Component Type"; Value = "Test point"; VariantName = "[No Variations]"
Add component (AddParameter): Name = "ComponentLink1Description"; Value = "Datasheet"; VariantName = "[No Variations]"
Add component (AddParameter): Name = "ComponentLink1URL"; Value = "https://ru.mouser.com/datasheet/2/215/5115_5119-744073.pdf"; VariantName = "[No Variations]"
Add component (AddParameter): Name = "ComponentLink2Description"; Value = "Link"; VariantName = "[No Variations]"
Add component (AddParameter): Name = "ComponentLink2URL"; Value = "https://ru.mouser.com/ProductDetail/Keystone-Electronics/5117?qs=%2Fha2pyFadujSuVybhyFc6oqj%252BXCGMBBx2uPmIz4OBqU%3D"; VariantName = "[No Variations]"
Add component (AddParameter): Name = "Manufacturer"; Value = "Keystone Electronics"; VariantName = "[No Variations]"
Add component (AddParameter): Name = "P/N"; Value = "5117"; VariantName = "[No Variations]"
Add component (AddParameter): Name = "Value"; Value = "36-5117"; VariantName = "[No Variations]"
Added Component: Designator=TP3(Pogo Pin 0,6mm)
Add component (AddParameter): Name = "Case"; Value = "THT"; VariantName = "[No Variations]"
Add component (AddParameter): Name = "Component Type"; Value = "Test point"; VariantName = "[No Variations]"
Add component (AddParameter): Name = "ComponentLink1Description"; Value = "Datasheet"; VariantName = "[No Variations]"
Add component (AddParameter): Name = "ComponentLink1URL"; Value = "https://ru.mouser.com/datasheet/2/215/5115_5119-744073.pdf"; VariantName = "[No Variations]"
Add component (AddParameter): Name = "ComponentLink2Description"; Value = "Link"; VariantName = "[No Variations]"
Add component (AddParameter): Name = "ComponentLink2URL"; Value = "https://ru.mouser.com/ProductDetail/Keystone-Electronics/5117?qs=%2Fha2pyFadujSuVybhyFc6oqj%252BXCGMBBx2uPmIz4OBqU%3D"; VariantName = "[No Variations]"
Add component (AddParameter): Name = "Manufacturer"; Value = "Keystone Electronics"; VariantName = "[No Variations]"
Add component (AddParameter): Name = "P/N"; Value = "5117"; VariantName = "[No Variations]"
Add component (AddParameter): Name = "Value"; Value = "36-5117"; VariantName = "[No Variations]"
Added Component: Designator=TP4(Pogo Pin 0,6mm)
Add component (AddParameter): Name = "Case"; Value = "THT"; VariantName = "[No Variations]"
Add component (AddParameter): Name = "Component Type"; Value = "Test point"; VariantName = "[No Variations]"
Add component (AddParameter): Name = "ComponentLink1Description"; Value = "Datasheet"; VariantName = "[No Variations]"
Add component (AddParameter): Name = "ComponentLink1URL"; Value = "https://ru.mouser.com/datasheet/2/215/5115_5119-744073.pdf"; VariantName = "[No Variations]"
Add component (AddParameter): Name = "ComponentLink2Description"; Value = "Link"; VariantName = "[No Variations]"
Add component (AddParameter): Name = "ComponentLink2URL"; Value = "https://ru.mouser.com/ProductDetail/Keystone-Electronics/5117?qs=%2Fha2pyFadujSuVybhyFc6oqj%252BXCGMBBx2uPmIz4OBqU%3D"; VariantName = "[No Variations]"
Add component (AddParameter): Name = "Manufacturer"; Value = "Keystone Electronics"; VariantName = "[No Variations]"
Add component (AddParameter): Name = "P/N"; Value = "5117"; VariantName = "[No Variations]"
Add component (AddParameter): Name = "Value"; Value = "36-5117"; VariantName = "[No Variations]"
Added Component: Designator=VD2(WSON-6)
Add component (AddParameter): Name = "Case"; Value = "WSON-6"; VariantName = "[No Variations]"
Add component (AddParameter): Name = "Component Type"; Value = "ESD Suppressors"; VariantName = "[No Variations]"
Add component (AddParameter): Name = "ComponentLink1Description"; Value = "Datasheet"; VariantName = "[No Variations]"
Add component (AddParameter): Name = "ComponentLink1URL"; Value = "https://www.ti.com/lit/ds/symlink/tpd2e001.pdf?ts=1706692162160"; VariantName = "[No Variations]"
Add component (AddParameter): Name = "ComponentLink2Description"; Value = "Link"; VariantName = "[No Variations]"
Add component (AddParameter): Name = "ComponentLink2URL"; Value = "https://eu.mouser.com/ProductDetail/Texas-Instruments/TPD2E001DRSR?qs=QyYHynRG50pgu5t2LiIdgQ%3D%3D"; VariantName = "[No Variations]"
Add component (AddParameter): Name = "Manufacturer"; Value = "Texas Instruments"; VariantName = "[No Variations]"
Add component (AddParameter): Name = "P/N"; Value = "TPD2E001DRSR"; VariantName = "[No Variations]"
Add component (AddParameter): Name = "Value"; Value = "2 Channel, 5.5V"; VariantName = "[No Variations]"
Added Component: Designator=VD3(0404(RGB LED))
Add component (AddParameter): Name = "Case"; Value = "0404"; VariantName = "[No Variations]"
Add component (AddParameter): Name = "Component Type"; Value = "Standard LEDs - SMD"; VariantName = "[No Variations]"
Add component (AddParameter): Name = "ComponentLink1Description"; Value = "Datasheet"; VariantName = "[No Variations]"
Add component (AddParameter): Name = "ComponentLink1URL"; Value = "https://www.we-online.com/components/products/datasheet/150044M155260.pdf"; VariantName = "[No Variations]"
Add component (AddParameter): Name = "ComponentLink2Description"; Value = "Link"; VariantName = "[No Variations]"
Add component (AddParameter): Name = "ComponentLink2URL"; Value = "https://eu.mouser.com/ProductDetail/Wurth-Elektronik/150044M155260?qs=u16ybLDytRba39Og9E2ywA%3D%3D"; VariantName = "[No Variations]"
Add component (AddParameter): Name = "Manufacturer"; Value = "Wurth Elektronik"; VariantName = "[No Variations]"
Add component (AddParameter): Name = "P/N"; Value = "150044M155260"; VariantName = "[No Variations]"
Add component (AddParameter): Name = "Value"; Value = "RGB LEDs"; VariantName = "[No Variations]"
Added Pin To Net: NetName=USB_N Pin=DD2-21
Added Pin To Net: NetName=USB_P Pin=DD2-22
Added Pin To Net: NetName=NetC10_1 Pin=R13-1
Added Pin To Net: NetName=GND Pin=R13-2
Added Pin To Net: NetName=USB_P Pin=R16-1
Added Pin To Net: NetName=+3.3VDC Pin=R16-2
Added Pin To Net: NetName=GND Pin=R19-1
Added Pin To Net: NetName=NetJ2_0 Pin=R19-2
Added Pin To Net: NetName=+3.3VDC Pin=TP1-1
Added Pin To Net: NetName=GND Pin=TP2-1
Added Pin To Net: NetName=+Vin Pin=VD2-1
Added Pin To Net: NetName=USB_P Pin=VD2-3
Added Pin To Net: NetName=GND Pin=VD2-4
Added Pin To Net: NetName=GND Pin=VD2-4
Added Pin To Net: NetName=USB_N Pin=VD2-6
Added Pin To Net: NetName=+3.3VDC Pin=VD3-1
Change Net Name : Old Net Name=NetC25_1 New Net Name=NetC26_1
Added Pin To Net: NetName=LED_B Pin=R26-1
Added Pin To Net: NetName=LED_B Pin=VD3-4
Added Net: Name=LED_B
Added Pin To Net: NetName=LED_G Pin=R24-1
Added Pin To Net: NetName=LED_G Pin=VD3-3
Added Net: Name=LED_G
Added Pin To Net: NetName=LED_R Pin=R22-1
Added Pin To Net: NetName=LED_R Pin=VD3-2
Added Net: Name=LED_R
Added Pin To Net: NetName=NetDD2_29 Pin=DD2-29
Added Pin To Net: NetName=NetDD2_29 Pin=R22-2
Added Net: Name=NetDD2_29
Added Pin To Net: NetName=NetDD2_30 Pin=DD2-30
Added Pin To Net: NetName=NetDD2_30 Pin=R24-2
Added Net: Name=NetDD2_30
Added Pin To Net: NetName=NetDD2_31 Pin=DD2-31
Added Pin To Net: NetName=NetDD2_31 Pin=R26-2
Added Net: Name=NetDD2_31
Added Pin To Net: NetName=NetJ2_2 Pin=J2-2
Added Pin To Net: NetName=NetJ2_2 Pin=R14-1
Added Net: Name=NetJ2_2
Added Pin To Net: NetName=NetJ2_3 Pin=J2-3
Added Pin To Net: NetName=NetJ2_3 Pin=R15-1
Added Net: Name=NetJ2_3
Added Pin To Net: NetName=SWCLK Pin=DD2-24
Added Pin To Net: NetName=SWCLK Pin=TP4-1
Added Net: Name=SWCLK
Added Pin To Net: NetName=SWDIO Pin=DD2-23
Added Pin To Net: NetName=SWDIO Pin=TP3-1
Added Net: Name=SWDIO
Added Member To Class: ClassName=Digital Member=Component C31 *
Added Member To Class: ClassName=Digital Member=Component R24 *
Added Member To Class: ClassName=Digital Member=Component R25 *
Added Member To Class: ClassName=Digital Member=Component R26 *
Added Member To Class: ClassName=Digital Member=Component R27 *
Added Member To Class: ClassName=Digital Member=Component R28 *
Added Member To Class: ClassName=Digital Member=Component R29 *
Added Member To Class: ClassName=Digital Member=Component TP1 5117
Added Member To Class: ClassName=Digital Member=Component TP2 5117
Added Member To Class: ClassName=Digital Member=Component TP3 5117
Added Member To Class: ClassName=Digital Member=Component TP4 5117
Added Member To Class: ClassName=Digital Member=Component VD2 TPD2E001DRSR
Added Member To Class: ClassName=Digital Member=Component VD3 150044M155260
Added Room: Name=Digital
