Removed Pin From Net: NetName=GND Pin=TP2-1
Removed Pin From Net: NetName=+Vin Pin=VD2-1
Removed Pin From Net: NetName=USB_P Pin=VD2-3
Removed Pin From Net: NetName=GND Pin=VD2-4
Removed Pin From Net: NetName=GND Pin=VD2-4
Removed Pin From Net: NetName=USB_N Pin=VD2-6
Removed Member From Class: ClassName=Digital Member=TP4
Change Component Footprint: Designator=VD2 Old Footprint=WSON-6 New Footprint=R0402
Change Component Comment : Designator=VD2 Old Comment=TPD2E001DRSR New Comment=8231706A
Change Component Designator: OldDesignator=C20 NewDesignator=C22
Change Component Designator: OldDesignator=C21 NewDesignator=C23
Change Component Designator: OldDesignator=C22 NewDesignator=C24
Change Component Designator: OldDesignator=C23 NewDesignator=C20
Change Component Designator: OldDesignator=C24 NewDesignator=C21
Change Component Designator: OldDesignator=R14 NewDesignator=R15
Change Component Designator: OldDesignator=R15 NewDesignator=R17
Change Component Designator: OldDesignator=R16 NewDesignator=R14
Change Component Designator: OldDesignator=R17 NewDesignator=R16
Change Component Designator: OldDesignator=R18 NewDesignator=R19
Change Component Designator: OldDesignator=R19 NewDesignator=R18
Change Component Designator: OldDesignator=TP3 NewDesignator=TP2
Change Component Designator: OldDesignator=TP4 NewDesignator=TP3
Change Component Designator: OldDesignator=VD3 NewDesignator=VD4
Change component parameters: Designator = "VD2" ("VD2"); Footprint = "WSON-6"; UniqueID = "\XVDJEYQC" ("\XVDJEYQC")
Change component parameters (AddParameter): Name = "Case"; Value = "0402"; VariantName = "[No Variations]"
Change component parameters (AddParameter): Name = "Component Type"; Value = "ESD Suppressors / TVS Diodes"; VariantName = "[No Variations]"
Change component parameters (AddParameter): Name = "ComponentLink1Description"; Value = "Datasheet"; VariantName = "[No Variations]"
Change component parameters (AddParameter): Name = "ComponentLink1URL"; Value = "https://www.we-online.com/components/products/datasheet/8231706A.pdf"; VariantName = "[No Variations]"
Change component parameters (AddParameter): Name = "ComponentLink2Description"; Value = "Link"; VariantName = "[No Variations]"
Change component parameters (AddParameter): Name = "ComponentLink2URL"; Value = "https://eu.mouser.com/ProductDetail/Wurth-Elektronik/8231706A?qs=wnTfsH77Xs6uU3vjj%252BDu6g%3D%3D"; VariantName = "[No Variations]"
Change component parameters (AddParameter): Name = "Manufacturer"; Value = "Wurth Elektronik"; VariantName = "[No Variations]"
Change component parameters (AddParameter): Name = "P/N"; Value = "8231706A"; VariantName = "[No Variations]"
Change component parameters (AddParameter): Name = "Value"; Value = "6 VDC"; VariantName = "[No Variations]"
Added Component: Designator=VD3(R0402)
Add component (AddParameter): Name = "Case"; Value = "0402"; VariantName = "[No Variations]"
Add component (AddParameter): Name = "Component Type"; Value = "ESD Suppressors / TVS Diodes"; VariantName = "[No Variations]"
Add component (AddParameter): Name = "ComponentLink1Description"; Value = "Datasheet"; VariantName = "[No Variations]"
Add component (AddParameter): Name = "ComponentLink1URL"; Value = "https://www.we-online.com/components/products/datasheet/8231706A.pdf"; VariantName = "[No Variations]"
Add component (AddParameter): Name = "ComponentLink2Description"; Value = "Link"; VariantName = "[No Variations]"
Add component (AddParameter): Name = "ComponentLink2URL"; Value = "https://eu.mouser.com/ProductDetail/Wurth-Elektronik/8231706A?qs=wnTfsH77Xs6uU3vjj%252BDu6g%3D%3D"; VariantName = "[No Variations]"
Add component (AddParameter): Name = "Manufacturer"; Value = "Wurth Elektronik"; VariantName = "[No Variations]"
Add component (AddParameter): Name = "P/N"; Value = "8231706A"; VariantName = "[No Variations]"
Add component (AddParameter): Name = "Value"; Value = "6 VDC"; VariantName = "[No Variations]"
Added Pin To Net: NetName=USB_P Pin=VD2-1
Added Pin To Net: NetName=GND Pin=VD2-2
Added Pin To Net: NetName=USB_N Pin=VD3-1
Added Pin To Net: NetName=GND Pin=VD3-2
Change Net Name : Old Net Name=NetC24_1 New Net Name=NetC21_1
Added Member To Class: ClassName=Digital Member=Component C23 4.7u
Added Member To Class: ClassName=Digital Member=Component C24 100n
Added Member To Class: ClassName=Digital Member=Component C26 4.7u
Added Member To Class: ClassName=Digital Member=Component C27 4.7u
Added Member To Class: ClassName=Digital Member=Component C28 100n
Added Member To Class: ClassName=Digital Member=Component VD4 150044M155260
Added Room: Name=Digital
