Removed Pin From Net: NetName=+Vin Pin=C26-1
Removed Pin From Net: NetName=GND Pin=C26-2
Removed Pin From Net: NetName=GND Pin=C34-1
Removed Pin From Net: NetName=GND Pin=C36-1
Removed Pin From Net: NetName=+Vin Pin=DD2-2
Removed Pin From Net: NetName=NetC28_2 Pin=DD2-4
Removed Pin From Net: NetName=NetC28_1 Pin=DD2-5
Removed Pin From Net: NetName=NetC38_1 Pin=DD2-9
Removed Pin From Net: NetName=GND Pin=DD2-11
Removed Pin From Net: NetName=GND Pin=J3-4
Removed Pin From Net: NetName=+Vin Pin=L1-2
Removed Pin From Net: NetName=NetC28_2 Pin=L2-2
Removed Pin From Net: NetName=+Vin Pin=L3-2
Removed Pin From Net: NetName=NetC28_1 Pin=L4-1
Removed Pin From Net: NetName=GND Pin=R34-1
Removed Pin From Net: NetName=+Vin Pin=U1-2A
Removed Pin From Net: NetName=+Vin Pin=U1-2B
Removed Pin From Net: NetName=NetJ1_1 Pin=VD1-1
Removed Pin From Net: NetName=GND Pin=VD1-2
Removed Pin From Net: NetName=USB_P Pin=VD3-1
Removed Pin From Net: NetName=GND Pin=VD3-2
Removed Pin From Net: NetName=USB_N Pin=VD4-1
Removed Pin From Net: NetName=GND Pin=VD4-2
Removed Member From Class: ClassName=Power Member=C26
Removed Member From Class: ClassName=Main Member=C51
Removed Member From Class: ClassName=Power Member=L7
Removed Member From Class: ClassName=Power Member=L8
Removed Member From Class: ClassName=Main Member=R31
Removed Member From Class: ClassName=Main Member=VD2
Removed Member From Class: ClassName=Power Member=VD4
Change Component Footprint: Designator=C28 Old Footprint=C0603 New Footprint=C0402
Change Component Footprint: Designator=C29 Old Footprint=C0603 New Footprint=C0402
Change Component Footprint: Designator=C30 Old Footprint=C0603 New Footprint=C0402
Change Component Footprint: Designator=C31 Old Footprint=C0603 New Footprint=C0402
Change Component Footprint: Designator=C32 Old Footprint=C0603 New Footprint=C0402
Change Component Footprint: Designator=C33 Old Footprint=C0603 New Footprint=C0402
Change Component Footprint: Designator=C34 Old Footprint=C0603 New Footprint=C0402
Change Component Footprint: Designator=C35 Old Footprint=C0603 New Footprint=C0402
Change Component Footprint: Designator=C36 Old Footprint=C0603 New Footprint=C0402
Change Component Footprint: Designator=C37 Old Footprint=C0603 New Footprint=C0402
Change Component Footprint: Designator=C38 Old Footprint=C0603 New Footprint=C0402
Change Component Footprint: Designator=DD2 Old Footprint=DFN-10 New Footprint=WLCSP-20
Change Component Footprint: Designator=L4 Old Footprint=L0603 New Footprint=R0402
Change Component Footprint: Designator=VD3 Old Footprint=R0402 New Footprint=0402_VD
Change Component Footprint: Designator=L1 Old Footprint=R0402 New Footprint=L0603
Change Component Comment : Designator=C30 Old Comment=* New Comment=0.1u
Change Component Comment : Designator=C32 Old Comment=* New Comment=0.1u
Change Component Comment : Designator=C34 Old Comment=* New Comment=0.1u
Change Component Comment : Designator=C35 Old Comment=* New Comment=0.1u
Change Component Comment : Designator=C36 Old Comment=* New Comment=0.1u
Change Component Comment : Designator=C37 Old Comment=* New Comment=0.1u
Change Component Comment : Designator=C38 Old Comment=* New Comment=0.1u
Change Component Comment : Designator=R35 Old Comment=* New Comment=1.5k
Change Component Comment : Designator=R36 Old Comment=* New Comment=1.5k
Change Component Comment : Designator=C28 Old Comment=* New Comment=10u
Change Component Comment : Designator=C29 Old Comment=* New Comment=10u
Change Component Comment : Designator=C31 Old Comment=* New Comment=10u
Change Component Comment : Designator=C33 Old Comment=* New Comment=10u
Change Component Comment : Designator=C27 Old Comment=0.1u New Comment=10u
Change Component Comment : Designator=VD3 Old Comment=8231706A New Comment=CDBQR40
Change Component Comment : Designator=L1 Old Comment=BLM15PX471SN1D New Comment=LQM18DZ470M70L
Change Component Comment : Designator=L4 Old Comment=LQM18DZ470M70L New Comment=BLM15PX471SN1D
Change Component Comment : Designator=DD2 Old Comment=LT3472EDD#TRPBF New Comment=ADP5072ACBZ-R7
Change Component Designator: OldDesignator=C23 NewDesignator=C24
Change Component Designator: OldDesignator=C24 NewDesignator=C25
Change Component Designator: OldDesignator=C25 NewDesignator=C26
Change Component Designator: OldDesignator=C39 NewDesignator=C40
Change Component Designator: OldDesignator=C40 NewDesignator=C41
Change Component Designator: OldDesignator=C41 NewDesignator=C44
Change Component Designator: OldDesignator=C42 NewDesignator=C45
Change Component Designator: OldDesignator=C43 NewDesignator=C46
Change Component Designator: OldDesignator=C44 NewDesignator=C47
Change Component Designator: OldDesignator=C45 NewDesignator=C48
Change Component Designator: OldDesignator=C46 NewDesignator=C49
Change Component Designator: OldDesignator=C47 NewDesignator=C50
Change Component Designator: OldDesignator=C48 NewDesignator=C51
Change Component Designator: OldDesignator=C49 NewDesignator=C52
Change Component Designator: OldDesignator=C50 NewDesignator=C53
Change Component Designator: OldDesignator=C51 NewDesignator=C23
Change Component Designator: OldDesignator=L7 NewDesignator=L5
Change Component Designator: OldDesignator=L8 NewDesignator=L6
Change Component Designator: OldDesignator=R2 NewDesignator=R6
Change Component Designator: OldDesignator=R3 NewDesignator=R2
Change Component Designator: OldDesignator=R4 NewDesignator=R3
Change Component Designator: OldDesignator=R5 NewDesignator=R4
Change Component Designator: OldDesignator=R6 NewDesignator=R5
Change Component Designator: OldDesignator=R10 NewDesignator=R12
Change Component Designator: OldDesignator=R11 NewDesignator=R13
Change Component Designator: OldDesignator=R12 NewDesignator=R14
Change Component Designator: OldDesignator=R14 NewDesignator=R15
Change Component Designator: OldDesignator=R15 NewDesignator=R16
Change Component Designator: OldDesignator=R16 NewDesignator=R17
Change Component Designator: OldDesignator=R17 NewDesignator=R18
Change Component Designator: OldDesignator=R18 NewDesignator=R19
Change Component Designator: OldDesignator=R19 NewDesignator=R20
Change Component Designator: OldDesignator=R20 NewDesignator=R21
Change Component Designator: OldDesignator=R21 NewDesignator=R22
Change Component Designator: OldDesignator=R25 NewDesignator=R24
Change Component Designator: OldDesignator=R26 NewDesignator=R25
Change Component Designator: OldDesignator=R27 NewDesignator=R26
Change Component Designator: OldDesignator=R28 NewDesignator=R27
Change Component Designator: OldDesignator=R29 NewDesignator=R28
Change Component Designator: OldDesignator=R30 NewDesignator=R29
Change Component Designator: OldDesignator=R31 NewDesignator=R30
Change Component Designator: OldDesignator=R32 NewDesignator=R31
Change Component Designator: OldDesignator=R33 NewDesignator=R32
Change Component Designator: OldDesignator=R34 NewDesignator=R33
Change Component Designator: OldDesignator=R37 NewDesignator=R40
Change Component Designator: OldDesignator=R38 NewDesignator=R41
Change Component Designator: OldDesignator=TP2 NewDesignator=TP1
Change Component Designator: OldDesignator=TP3 NewDesignator=TP2
Change Component Designator: OldDesignator=TP4 NewDesignator=TP3
Change Component Designator: OldDesignator=TP5 NewDesignator=TP4
Change Component Designator: OldDesignator=VD2 NewDesignator=VD1
Change component parameters: Designator = "DD2" ("DD2"); Footprint = "DFN-10"; UniqueID = "\SSHORYYW" ("\SSHORYYW")
Change component parameters (AddParameter): Name = "Case"; Value = "WLCSP-20"; VariantName = "[No Variations]"
Change component parameters (AddParameter): Name = "Component Type"; Value = "Switching Voltage Regulators"; VariantName = "[No Variations]"
Change component parameters (AddParameter): Name = "ComponentLink1Description"; Value = "Datasheet"; VariantName = "[No Variations]"
Change component parameters (AddParameter): Name = "ComponentLink1URL"; Value = "https://eu.mouser.com/datasheet/2/609/adp5072-3121366.pdf"; VariantName = "[No Variations]"
Change component parameters (AddParameter): Name = "ComponentLink2Description"; Value = "Link"; VariantName = "[No Variations]"
Change component parameters (AddParameter): Name = "ComponentLink2URL"; Value = "https://eu.mouser.com/ProductDetail/Analog-Devices/ADP5072ACBZ-R7?qs=w%2Fv1CP2dgqoekXcyqSGVnQ%3D%3D"; VariantName = "[No Variations]"
Change component parameters (AddParameter): Name = "Manufacturer"; Value = "Analog Devices Inc."; VariantName = "[No Variations]"
Change component parameters (AddParameter): Name = "P/N"; Value = "ADP5072ACBZ-R7"; VariantName = "[No Variations]"
Change component parameters (AddParameter): Name = "Value"; Value = "- 30 V to 35 V"; VariantName = "[No Variations]"
Change component parameters: Designator = "C32" ("C32"); Footprint = "C0603"; UniqueID = "\XGXAENSV" ("\XGXAENSV")
Change component parameters (AddParameter): Name = "Case"; Value = "0402"; VariantName = "[No Variations]"
Change component parameters (AddParameter): Name = "Component Type"; Value = "MLCC"; VariantName = "[No Variations]"
Change component parameters (AddParameter): Name = "ComponentLink1Description"; Value = "Link"; VariantName = "[No Variations]"
Change component parameters (AddParameter): Name = "ComponentLink1URL"; Value = ""; VariantName = "[No Variations]"
Change component parameters (AddParameter): Name = "ComponentLink2Description"; Value = "Datasheet"; VariantName = "[No Variations]"
Change component parameters (AddParameter): Name = "ComponentLink2URL"; Value = ""; VariantName = "[No Variations]"
Change component parameters (AddParameter): Name = "Manufacturer"; Value = "Murate"; VariantName = "[No Variations]"
Change component parameters (AddParameter): Name = "P/N"; Value = "GRM155C81H104ME14D"; VariantName = "[No Variations]"
Change component parameters (AddParameter): Name = "Value"; Value = "0.1u"; VariantName = "[No Variations]"
Change component parameters: Designator = "C34" ("C34"); Footprint = "C0603"; UniqueID = "\KPTQESIA" ("\KPTQESIA")
Change component parameters (AddParameter): Name = "Case"; Value = "0402"; VariantName = "[No Variations]"
Change component parameters (AddParameter): Name = "Component Type"; Value = "MLCC"; VariantName = "[No Variations]"
Change component parameters (AddParameter): Name = "ComponentLink1Description"; Value = "Link"; VariantName = "[No Variations]"
Change component parameters (AddParameter): Name = "ComponentLink1URL"; Value = ""; VariantName = "[No Variations]"
Change component parameters (AddParameter): Name = "ComponentLink2Description"; Value = "Datasheet"; VariantName = "[No Variations]"
Change component parameters (AddParameter): Name = "ComponentLink2URL"; Value = ""; VariantName = "[No Variations]"
Change component parameters (AddParameter): Name = "Manufacturer"; Value = "Murate"; VariantName = "[No Variations]"
Change component parameters (AddParameter): Name = "P/N"; Value = "GRM155C81H104ME14D"; VariantName = "[No Variations]"
Change component parameters (AddParameter): Name = "Value"; Value = "0.1u"; VariantName = "[No Variations]"
Change component parameters: Designator = "C35" ("C35"); Footprint = "C0603"; UniqueID = "\TVNKAUIV" ("\TVNKAUIV")
Change component parameters (AddParameter): Name = "Case"; Value = "0402"; VariantName = "[No Variations]"
Change component parameters (AddParameter): Name = "Component Type"; Value = "MLCC"; VariantName = "[No Variations]"
Change component parameters (AddParameter): Name = "ComponentLink1Description"; Value = "Link"; VariantName = "[No Variations]"
Change component parameters (AddParameter): Name = "ComponentLink1URL"; Value = ""; VariantName = "[No Variations]"
Change component parameters (AddParameter): Name = "ComponentLink2Description"; Value = "Datasheet"; VariantName = "[No Variations]"
Change component parameters (AddParameter): Name = "ComponentLink2URL"; Value = ""; VariantName = "[No Variations]"
Change component parameters (AddParameter): Name = "Manufacturer"; Value = "Murate"; VariantName = "[No Variations]"
Change component parameters (AddParameter): Name = "P/N"; Value = "GRM155C81H104ME14D"; VariantName = "[No Variations]"
Change component parameters (AddParameter): Name = "Value"; Value = "0.1u"; VariantName = "[No Variations]"
Change component parameters: Designator = "C36" ("C36"); Footprint = "C0603"; UniqueID = "\ZVPWOSRW" ("\ZVPWOSRW")
Change component parameters (AddParameter): Name = "Case"; Value = "0402"; VariantName = "[No Variations]"
Change component parameters (AddParameter): Name = "Component Type"; Value = "MLCC"; VariantName = "[No Variations]"
Change component parameters (AddParameter): Name = "ComponentLink1Description"; Value = "Link"; VariantName = "[No Variations]"
Change component parameters (AddParameter): Name = "ComponentLink1URL"; Value = ""; VariantName = "[No Variations]"
Change component parameters (AddParameter): Name = "ComponentLink2Description"; Value = "Datasheet"; VariantName = "[No Variations]"
Change component parameters (AddParameter): Name = "ComponentLink2URL"; Value = ""; VariantName = "[No Variations]"
Change component parameters (AddParameter): Name = "Manufacturer"; Value = "Murate"; VariantName = "[No Variations]"
Change component parameters (AddParameter): Name = "P/N"; Value = "GRM155C81H104ME14D"; VariantName = "[No Variations]"
Change component parameters (AddParameter): Name = "Value"; Value = "0.1u"; VariantName = "[No Variations]"
Change component parameters: Designator = "C37" ("C37"); Footprint = "C0603"; UniqueID = "\CZFUEPHQ" ("\CZFUEPHQ")
Change component parameters (AddParameter): Name = "Case"; Value = "0402"; VariantName = "[No Variations]"
Change component parameters (AddParameter): Name = "Component Type"; Value = "MLCC"; VariantName = "[No Variations]"
Change component parameters (AddParameter): Name = "ComponentLink1Description"; Value = "Link"; VariantName = "[No Variations]"
Change component parameters (AddParameter): Name = "ComponentLink1URL"; Value = ""; VariantName = "[No Variations]"
Change component parameters (AddParameter): Name = "ComponentLink2Description"; Value = "Datasheet"; VariantName = "[No Variations]"
Change component parameters (AddParameter): Name = "ComponentLink2URL"; Value = ""; VariantName = "[No Variations]"
Change component parameters (AddParameter): Name = "Manufacturer"; Value = "Murate"; VariantName = "[No Variations]"
Change component parameters (AddParameter): Name = "P/N"; Value = "GRM155C81H104ME14D"; VariantName = "[No Variations]"
Change component parameters (AddParameter): Name = "Value"; Value = "0.1u"; VariantName = "[No Variations]"
Change component parameters: Designator = "C38" ("C38"); Footprint = "C0603"; UniqueID = "\SIPJONAP" ("\SIPJONAP")
Change component parameters (AddParameter): Name = "Case"; Value = "0402"; VariantName = "[No Variations]"
Change component parameters (AddParameter): Name = "Component Type"; Value = "MLCC"; VariantName = "[No Variations]"
Change component parameters (AddParameter): Name = "ComponentLink1Description"; Value = "Link"; VariantName = "[No Variations]"
Change component parameters (AddParameter): Name = "ComponentLink1URL"; Value = ""; VariantName = "[No Variations]"
Change component parameters (AddParameter): Name = "ComponentLink2Description"; Value = "Datasheet"; VariantName = "[No Variations]"
Change component parameters (AddParameter): Name = "ComponentLink2URL"; Value = ""; VariantName = "[No Variations]"
Change component parameters (AddParameter): Name = "Manufacturer"; Value = "Murate"; VariantName = "[No Variations]"
Change component parameters (AddParameter): Name = "P/N"; Value = "GRM155C81H104ME14D"; VariantName = "[No Variations]"
Change component parameters (AddParameter): Name = "Value"; Value = "0.1u"; VariantName = "[No Variations]"
Change component parameters: Designator = "C27" ("C27"); Footprint = "C0402"; UniqueID = "\NNZARBMM" ("\NNZARBMM")
Change component parameters (AddParameter): Name = "Case"; Value = "0402"; VariantName = "[No Variations]"
Change component parameters (AddParameter): Name = "Component Type"; Value = "MLCC"; VariantName = "[No Variations]"
Change component parameters (AddParameter): Name = "ComponentLink1Description"; Value = "Link"; VariantName = "[No Variations]"
Change component parameters (AddParameter): Name = "ComponentLink1URL"; Value = "https://eu.mouser.com/ProductDetail/Murata-Electronics/GRT155C81A475ME13D?qs=ufv2HEpFn%252BRTWI1%252Bv%2F3NwA%3D%3D"; VariantName = "[No Variations]"
Change component parameters (AddParameter): Name = "ComponentLink2Description"; Value = "Datasheet"; VariantName = "[No Variations]"
Change component parameters (AddParameter): Name = "ComponentLink2URL"; Value = "https://eu.mouser.com/datasheet/2/281/1/GRT155C81A475ME13_01A-3135426.pdf"; VariantName = "[No Variations]"
Change component parameters (AddParameter): Name = "Manufacturer"; Value = "Murata"; VariantName = "[No Variations]"
Change component parameters (AddParameter): Name = "P/N"; Value = "GRT155C81A475ME13D"; VariantName = "[No Variations]"
Change component parameters (AddParameter): Name = "Value"; Value = "10u"; VariantName = "[No Variations]"
Change component parameters: Designator = "R35" ("R35"); Footprint = "R0402"; UniqueID = "\BZFXQNFY" ("\BZFXQNFY")
Change component parameters (AddParameter): Name = "Case"; Value = "0402"; VariantName = "[No Variations]"
Change component parameters (AddParameter): Name = "ComponentLink1Description"; Value = "Datasheet"; VariantName = "[No Variations]"
Change component parameters (AddParameter): Name = "ComponentLink1URL"; Value = "https://eu.mouser.com/datasheet/2/210/kamaya_products_RGC__english_20170424_101024-1651573.pdf"; VariantName = "[No Variations]"
Change component parameters (AddParameter): Name = "ComponentLink2Description"; Value = "Link"; VariantName = "[No Variations]"
Change component parameters (AddParameter): Name = "ComponentLink2URL"; Value = "https://eu.mouser.com/ProductDetail/Kamaya/RGC1-16SC1001DTH?qs=KAq9QXcE8HAz3iV8i32W5A%3D%3D"; VariantName = "[No Variations]"
Change component parameters (AddParameter): Name = "Manufacturer"; Value = ""; VariantName = "[No Variations]"
Change component parameters (AddParameter): Name = "P/N"; Value = ""; VariantName = "[No Variations]"
Change component parameters (AddParameter): Name = "Value"; Value = "1.5k"; VariantName = "[No Variations]"
Change component parameters: Designator = "R36" ("R36"); Footprint = "R0402"; UniqueID = "\NXIZMGKU" ("\NXIZMGKU")
Change component parameters (AddParameter): Name = "Case"; Value = "0402"; VariantName = "[No Variations]"
Change component parameters (AddParameter): Name = "ComponentLink1Description"; Value = "Datasheet"; VariantName = "[No Variations]"
Change component parameters (AddParameter): Name = "ComponentLink1URL"; Value = "https://eu.mouser.com/datasheet/2/210/kamaya_products_RGC__english_20170424_101024-1651573.pdf"; VariantName = "[No Variations]"
Change component parameters (AddParameter): Name = "ComponentLink2Description"; Value = "Link"; VariantName = "[No Variations]"
Change component parameters (AddParameter): Name = "ComponentLink2URL"; Value = "https://eu.mouser.com/ProductDetail/Kamaya/RGC1-16SC1001DTH?qs=KAq9QXcE8HAz3iV8i32W5A%3D%3D"; VariantName = "[No Variations]"
Change component parameters (AddParameter): Name = "Manufacturer"; Value = ""; VariantName = "[No Variations]"
Change component parameters (AddParameter): Name = "P/N"; Value = ""; VariantName = "[No Variations]"
Change component parameters (AddParameter): Name = "Value"; Value = "1.5k"; VariantName = "[No Variations]"
Change component parameters: Designator = "L1" ("L1"); Footprint = "R0402"; UniqueID = "\FCQFBJGR" ("\FCQFBJGR")
Change component parameters (AddParameter): Name = "Case"; Value = "0603"; VariantName = "[No Variations]"
Change component parameters (AddParameter): Name = "Component Type"; Value = "Power Inductors - SMD"; VariantName = "[No Variations]"
Change component parameters (AddParameter): Name = "ComponentLink1Description"; Value = "Datasheet"; VariantName = "[No Variations]"
Change component parameters (AddParameter): Name = "ComponentLink1URL"; Value = "https://eu.mouser.com/datasheet/2/281/1/JELF243B_9128-3158890.pdf"; VariantName = "[No Variations]"
Change component parameters (AddParameter): Name = "ComponentLink2Description"; Value = "Link"; VariantName = "[No Variations]"
Change component parameters (AddParameter): Name = "ComponentLink2URL"; Value = "https://eu.mouser.com/ProductDetail/Murata-Electronics/LQM18DZ470M70L?qs=aP1CjGhiNiGa4GC35xm0xg%3D%3D"; VariantName = "[No Variations]"
Change component parameters (AddParameter): Name = "Manufacturer"; Value = "Murata"; VariantName = "[No Variations]"
Change component parameters (AddParameter): Name = "P/N"; Value = "LQM18DZ470M70L"; VariantName = "[No Variations]"
Change component parameters (AddParameter): Name = "Value"; Value = "180 mA"; VariantName = "[No Variations]"
Change component parameters: Designator = "L4" ("L4"); Footprint = "L0603"; UniqueID = "\AWLURLFA" ("\AWLURLFA")
Change component parameters (AddParameter): Name = "Case"; Value = "0402"; VariantName = "[No Variations]"
Change component parameters (AddParameter): Name = "Component Type"; Value = "Ferrite Beads"; VariantName = "[No Variations]"
Change component parameters (AddParameter): Name = "ComponentLink1Description"; Value = "Datasheet"; VariantName = "[No Variations]"
Change component parameters (AddParameter): Name = "ComponentLink1URL"; Value = "https://eu.mouser.com/datasheet/2/281/ENFA0018-1915754.pdf"; VariantName = "[No Variations]"
Change component parameters (AddParameter): Name = "ComponentLink2Description"; Value = "Link"; VariantName = "[No Variations]"
Change component parameters (AddParameter): Name = "ComponentLink2URL"; Value = "https://eu.mouser.com/ProductDetail/Murata-Electronics/BLM15PX471SN1D?qs=eTNEoJdcnEJgxrnv%252BsVZMw%3D%3D"; VariantName = "[No Variations]"
Change component parameters (AddParameter): Name = "Manufacturer"; Value = "Murata"; VariantName = "[No Variations]"
Change component parameters (AddParameter): Name = "P/N"; Value = "BLM15PX471SN1D"; VariantName = "[No Variations]"
Change component parameters (AddParameter): Name = "Value"; Value = "470 Ohms, 1A"; VariantName = "[No Variations]"
Change component parameters: Designator = "VD3" ("VD3"); Footprint = "R0402"; UniqueID = "\WKPUTTNP" ("\WKPUTTNP")
Change component parameters (AddParameter): Name = "Case"; Value = "0402"; VariantName = "[No Variations]"
Change component parameters (AddParameter): Name = "Component Type"; Value = "Schottky Diodes & Rectifiers"; VariantName = "[No Variations]"
Change component parameters (AddParameter): Name = "ComponentLink1Description"; Value = "Datasheet"; VariantName = "[No Variations]"
Change component parameters (AddParameter): Name = "ComponentLink1URL"; Value = "https://eu.mouser.com/datasheet/2/80/CDBQR40_HF_RevC811666-2488328.pdf"; VariantName = "[No Variations]"
Change component parameters (AddParameter): Name = "ComponentLink2Description"; Value = "Link"; VariantName = "[No Variations]"
Change component parameters (AddParameter): Name = "ComponentLink2URL"; Value = "https://eu.mouser.com/ProductDetail/Comchip-Technology/CDBQR40?qs=tw%252BuQ%2FB6PO2qnzfzuJamKw%3D%3D"; VariantName = "[No Variations]"
Change component parameters (AddParameter): Name = "Manufacturer"; Value = "Comchip Technology"; VariantName = "[No Variations]"
Change component parameters (AddParameter): Name = "P/N"; Value = "CDBQR40"; VariantName = "[No Variations]"
Change component parameters (AddParameter): Name = "Value"; Value = "200mA, 40V"; VariantName = "[No Variations]"
Change component parameters: Designator = "C28" ("C28"); Footprint = "C0603"; UniqueID = "\QLCUFQIH" ("\QLCUFQIH")
Change component parameters (AddParameter): Name = "Case"; Value = "0402"; VariantName = "[No Variations]"
Change component parameters (AddParameter): Name = "Component Type"; Value = "MLCC"; VariantName = "[No Variations]"
Change component parameters (AddParameter): Name = "ComponentLink1Description"; Value = "Link"; VariantName = "[No Variations]"
Change component parameters (AddParameter): Name = "ComponentLink1URL"; Value = "https://eu.mouser.com/ProductDetail/Murata-Electronics/GRT155C81A475ME13D?qs=ufv2HEpFn%252BRTWI1%252Bv%2F3NwA%3D%3D"; VariantName = "[No Variations]"
Change component parameters (AddParameter): Name = "ComponentLink2Description"; Value = "Datasheet"; VariantName = "[No Variations]"
Change component parameters (AddParameter): Name = "ComponentLink2URL"; Value = "https://eu.mouser.com/datasheet/2/281/1/GRT155C81A475ME13_01A-3135426.pdf"; VariantName = "[No Variations]"
Change component parameters (AddParameter): Name = "Manufacturer"; Value = "Murata"; VariantName = "[No Variations]"
Change component parameters (AddParameter): Name = "P/N"; Value = "GRT155C81A475ME13D"; VariantName = "[No Variations]"
Change component parameters (AddParameter): Name = "Value"; Value = "10u"; VariantName = "[No Variations]"
Change component parameters: Designator = "C29" ("C29"); Footprint = "C0603"; UniqueID = "\TNOJIYWP" ("\TNOJIYWP")
Change component parameters (AddParameter): Name = "Case"; Value = "0402"; VariantName = "[No Variations]"
Change component parameters (AddParameter): Name = "Component Type"; Value = "MLCC"; VariantName = "[No Variations]"
Change component parameters (AddParameter): Name = "ComponentLink1Description"; Value = "Link"; VariantName = "[No Variations]"
Change component parameters (AddParameter): Name = "ComponentLink1URL"; Value = "https://eu.mouser.com/ProductDetail/Murata-Electronics/GRT155C81A475ME13D?qs=ufv2HEpFn%252BRTWI1%252Bv%2F3NwA%3D%3D"; VariantName = "[No Variations]"
Change component parameters (AddParameter): Name = "ComponentLink2Description"; Value = "Datasheet"; VariantName = "[No Variations]"
Change component parameters (AddParameter): Name = "ComponentLink2URL"; Value = "https://eu.mouser.com/datasheet/2/281/1/GRT155C81A475ME13_01A-3135426.pdf"; VariantName = "[No Variations]"
Change component parameters (AddParameter): Name = "Manufacturer"; Value = "Murata"; VariantName = "[No Variations]"
Change component parameters (AddParameter): Name = "P/N"; Value = "GRT155C81A475ME13D"; VariantName = "[No Variations]"
Change component parameters (AddParameter): Name = "Value"; Value = "10u"; VariantName = "[No Variations]"
Change component parameters: Designator = "C30" ("C30"); Footprint = "C0603"; UniqueID = "\LXBQZRIQ" ("\LXBQZRIQ")
Change component parameters (AddParameter): Name = "Case"; Value = "0402"; VariantName = "[No Variations]"
Change component parameters (AddParameter): Name = "Component Type"; Value = "MLCC"; VariantName = "[No Variations]"
Change component parameters (AddParameter): Name = "ComponentLink1Description"; Value = "Link"; VariantName = "[No Variations]"
Change component parameters (AddParameter): Name = "ComponentLink1URL"; Value = "https://eu.mouser.com/ProductDetail/Murata-Electronics/GRM155C81H104ME14D?qs=IPQhFcwEUOignsDjW4gFkg%3D%3D"; VariantName = "[No Variations]"
Change component parameters (AddParameter): Name = "ComponentLink2Description"; Value = "Datasheet"; VariantName = "[No Variations]"
Change component parameters (AddParameter): Name = "ComponentLink2URL"; Value = "https://eu.mouser.com/datasheet/2/281/1/GRM155C81H104ME14_01A-1983691.pdf"; VariantName = "[No Variations]"
Change component parameters (AddParameter): Name = "Manufacturer"; Value = "Murate"; VariantName = "[No Variations]"
Change component parameters (AddParameter): Name = "P/N"; Value = "GRM155C81H104ME14D"; VariantName = "[No Variations]"
Change component parameters (AddParameter): Name = "Value"; Value = "0.1u"; VariantName = "[No Variations]"
Change component parameters: Designator = "C31" ("C31"); Footprint = "C0603"; UniqueID = "\AGGSEXXK" ("\AGGSEXXK")
Change component parameters (AddParameter): Name = "Case"; Value = "0402"; VariantName = "[No Variations]"
Change component parameters (AddParameter): Name = "Component Type"; Value = "MLCC"; VariantName = "[No Variations]"
Change component parameters (AddParameter): Name = "ComponentLink1Description"; Value = "Link"; VariantName = "[No Variations]"
Change component parameters (AddParameter): Name = "ComponentLink1URL"; Value = "https://eu.mouser.com/ProductDetail/Murata-Electronics/GRT155C81A475ME13D?qs=ufv2HEpFn%252BRTWI1%252Bv%2F3NwA%3D%3D"; VariantName = "[No Variations]"
Change component parameters (AddParameter): Name = "ComponentLink2Description"; Value = "Datasheet"; VariantName = "[No Variations]"
Change component parameters (AddParameter): Name = "ComponentLink2URL"; Value = "https://eu.mouser.com/datasheet/2/281/1/GRT155C81A475ME13_01A-3135426.pdf"; VariantName = "[No Variations]"
Change component parameters (AddParameter): Name = "Manufacturer"; Value = "Murata"; VariantName = "[No Variations]"
Change component parameters (AddParameter): Name = "P/N"; Value = "GRT155C81A475ME13D"; VariantName = "[No Variations]"
Change component parameters (AddParameter): Name = "Value"; Value = "10u"; VariantName = "[No Variations]"
Change component parameters: Designator = "C33" ("C33"); Footprint = "C0603"; UniqueID = "\DSZTVECZ" ("\DSZTVECZ")
Change component parameters (AddParameter): Name = "Case"; Value = "0402"; VariantName = "[No Variations]"
Change component parameters (AddParameter): Name = "Component Type"; Value = "MLCC"; VariantName = "[No Variations]"
Change component parameters (AddParameter): Name = "ComponentLink1Description"; Value = "Link"; VariantName = "[No Variations]"
Change component parameters (AddParameter): Name = "ComponentLink1URL"; Value = "https://eu.mouser.com/ProductDetail/Murata-Electronics/GRT155C81A475ME13D?qs=ufv2HEpFn%252BRTWI1%252Bv%2F3NwA%3D%3D"; VariantName = "[No Variations]"
Change component parameters (AddParameter): Name = "ComponentLink2Description"; Value = "Datasheet"; VariantName = "[No Variations]"
Change component parameters (AddParameter): Name = "ComponentLink2URL"; Value = "https://eu.mouser.com/datasheet/2/281/1/GRT155C81A475ME13_01A-3135426.pdf"; VariantName = "[No Variations]"
Change component parameters (AddParameter): Name = "Manufacturer"; Value = "Murata"; VariantName = "[No Variations]"
Change component parameters (AddParameter): Name = "P/N"; Value = "GRT155C81A475ME13D"; VariantName = "[No Variations]"
Change component parameters (AddParameter): Name = "Value"; Value = "10u"; VariantName = "[No Variations]"
Added Component: Designator=C39(C0402)
Add component (AddParameter): Name = "Case"; Value = "0402"; VariantName = "[No Variations]"
Add component (AddParameter): Name = "Component Type"; Value = "MLCC"; VariantName = "[No Variations]"
Add component (AddParameter): Name = "ComponentLink1Description"; Value = "Link"; VariantName = "[No Variations]"
Add component (AddParameter): Name = "ComponentLink1URL"; Value = ""; VariantName = "[No Variations]"
Add component (AddParameter): Name = "ComponentLink2Description"; Value = "Datasheet"; VariantName = "[No Variations]"
Add component (AddParameter): Name = "ComponentLink2URL"; Value = ""; VariantName = "[No Variations]"
Add component (AddParameter): Name = "Manufacturer"; Value = "Murate"; VariantName = "[No Variations]"
Add component (AddParameter): Name = "P/N"; Value = "GRM155C81H104ME14D"; VariantName = "[No Variations]"
Add component (AddParameter): Name = "Value"; Value = "0.1u"; VariantName = "[No Variations]"
Added Component: Designator=C42(C0402)
Add component (AddParameter): Name = "Case"; Value = "0402"; VariantName = "[No Variations]"
Add component (AddParameter): Name = "Component Type"; Value = "MLCC"; VariantName = "[No Variations]"
Add component (AddParameter): Name = "ComponentLink1Description"; Value = "Link"; VariantName = "[No Variations]"
Add component (AddParameter): Name = "ComponentLink1URL"; Value = ""; VariantName = "[No Variations]"
Add component (AddParameter): Name = "ComponentLink2Description"; Value = "Datasheet"; VariantName = "[No Variations]"
Add component (AddParameter): Name = "ComponentLink2URL"; Value = ""; VariantName = "[No Variations]"
Add component (AddParameter): Name = "Manufacturer"; Value = "Murata"; VariantName = "[No Variations]"
Add component (AddParameter): Name = "P/N"; Value = "GRT155C81A475ME13D"; VariantName = "[No Variations]"
Add component (AddParameter): Name = "Value"; Value = "4.7u"; VariantName = "[No Variations]"
Added Component: Designator=C43(C0402)
Add component (AddParameter): Name = "Case"; Value = "0402"; VariantName = "[No Variations]"
Add component (AddParameter): Name = "Component Type"; Value = "MLCC"; VariantName = "[No Variations]"
Add component (AddParameter): Name = "ComponentLink1Description"; Value = "Link"; VariantName = "[No Variations]"
Add component (AddParameter): Name = "ComponentLink1URL"; Value = ""; VariantName = "[No Variations]"
Add component (AddParameter): Name = "ComponentLink2Description"; Value = "Datasheet"; VariantName = "[No Variations]"
Add component (AddParameter): Name = "ComponentLink2URL"; Value = ""; VariantName = "[No Variations]"
Add component (AddParameter): Name = "Manufacturer"; Value = "Murate"; VariantName = "[No Variations]"
Add component (AddParameter): Name = "P/N"; Value = "GRM155C81H104ME14D"; VariantName = "[No Variations]"
Add component (AddParameter): Name = "Value"; Value = "0.1u"; VariantName = "[No Variations]"
Added Component: Designator=DA3(SOIC-16)
Add component (AddParameter): Name = "Case"; Value = "SOIC-16"; VariantName = "[No Variations]"
Add component (AddParameter): Name = "Component Type"; Value = "Isolated DC/DC Converters - SMD"; VariantName = "[No Variations]"
Add component (AddParameter): Name = "ComponentLink1Description"; Value = "Datasheet"; VariantName = "[No Variations]"
Add component (AddParameter): Name = "ComponentLink1URL"; Value = "https://eu.mouser.com/datasheet/2/468/RxxCTExxS-3179767.pdf"; VariantName = "[No Variations]"
Add component (AddParameter): Name = "ComponentLink2Description"; Value = "Link"; VariantName = "[No Variations]"
Add component (AddParameter): Name = "ComponentLink2URL"; Value = "https://eu.mouser.com/ProductDetail/RECOM-Power/R05CTE05S-R?qs=7D1LtPJG0i0SUCKLd%252BnSSQ%3D%3D"; VariantName = "[No Variations]"
Add component (AddParameter): Name = "Manufacturer"; Value = "RECOM"; VariantName = "[No Variations]"
Add component (AddParameter): Name = "P/N"; Value = "R05CTE05S-R"; VariantName = "[No Variations]"
Add component (AddParameter): Name = "Value"; Value = "1 W, 5V"; VariantName = "[No Variations]"
Added Component: Designator=R10(R0402)
Add component (AddParameter): Name = "Case"; Value = "0402"; VariantName = "[No Variations]"
Add component (AddParameter): Name = "ComponentLink1Description"; Value = "Datasheet"; VariantName = "[No Variations]"
Add component (AddParameter): Name = "ComponentLink1URL"; Value = "https://eu.mouser.com/datasheet/2/210/kamaya_products_RGC__english_20170424_101024-1651573.pdf"; VariantName = "[No Variations]"
Add component (AddParameter): Name = "ComponentLink2Description"; Value = "Link"; VariantName = "[No Variations]"
Add component (AddParameter): Name = "ComponentLink2URL"; Value = "https://eu.mouser.com/ProductDetail/Kamaya/RGC1-16SC1001DTH?qs=KAq9QXcE8HAz3iV8i32W5A%3D%3D"; VariantName = "[No Variations]"
Add component (AddParameter): Name = "Manufacturer"; Value = ""; VariantName = "[No Variations]"
Add component (AddParameter): Name = "P/N"; Value = ""; VariantName = "[No Variations]"
Add component (AddParameter): Name = "Value"; Value = "1.5k"; VariantName = "[No Variations]"
Added Component: Designator=R11(R0402)
Add component (AddParameter): Name = "Case"; Value = "0402"; VariantName = "[No Variations]"
Add component (AddParameter): Name = "ComponentLink1Description"; Value = "Datasheet"; VariantName = "[No Variations]"
Add component (AddParameter): Name = "ComponentLink1URL"; Value = "https://eu.mouser.com/datasheet/2/210/kamaya_products_RGC__english_20170424_101024-1651573.pdf"; VariantName = "[No Variations]"
Add component (AddParameter): Name = "ComponentLink2Description"; Value = "Link"; VariantName = "[No Variations]"
Add component (AddParameter): Name = "ComponentLink2URL"; Value = "https://eu.mouser.com/ProductDetail/Kamaya/RGC1-16SC1001DTH?qs=KAq9QXcE8HAz3iV8i32W5A%3D%3D"; VariantName = "[No Variations]"
Add component (AddParameter): Name = "Manufacturer"; Value = ""; VariantName = "[No Variations]"
Add component (AddParameter): Name = "P/N"; Value = ""; VariantName = "[No Variations]"
Add component (AddParameter): Name = "Value"; Value = "1.5k"; VariantName = "[No Variations]"
Added Component: Designator=R34(R0402)
Add component (AddParameter): Name = "Case"; Value = "0402"; VariantName = "[No Variations]"
Add component (AddParameter): Name = "ComponentLink1Description"; Value = "Datasheet"; VariantName = "[No Variations]"
Add component (AddParameter): Name = "ComponentLink1URL"; Value = "https://eu.mouser.com/datasheet/2/210/kamaya_products_RGC__english_20170424_101024-1651573.pdf"; VariantName = "[No Variations]"
Add component (AddParameter): Name = "ComponentLink2Description"; Value = "Link"; VariantName = "[No Variations]"
Add component (AddParameter): Name = "ComponentLink2URL"; Value = "https://eu.mouser.com/ProductDetail/Kamaya/RGC1-16SC1001DTH?qs=KAq9QXcE8HAz3iV8i32W5A%3D%3D"; VariantName = "[No Variations]"
Add component (AddParameter): Name = "Manufacturer"; Value = ""; VariantName = "[No Variations]"
Add component (AddParameter): Name = "P/N"; Value = ""; VariantName = "[No Variations]"
Add component (AddParameter): Name = "Value"; Value = "1.5k"; VariantName = "[No Variations]"
Added Component: Designator=R37(R0402)
Add component (AddParameter): Name = "Case"; Value = "0402"; VariantName = "[No Variations]"
Add component (AddParameter): Name = "ComponentLink1Description"; Value = "Datasheet"; VariantName = "[No Variations]"
Add component (AddParameter): Name = "ComponentLink1URL"; Value = "https://eu.mouser.com/datasheet/2/210/kamaya_products_RGC__english_20170424_101024-1651573.pdf"; VariantName = "[No Variations]"
Add component (AddParameter): Name = "ComponentLink2Description"; Value = "Link"; VariantName = "[No Variations]"
Add component (AddParameter): Name = "ComponentLink2URL"; Value = "https://eu.mouser.com/ProductDetail/Kamaya/RGC1-16SC1001DTH?qs=KAq9QXcE8HAz3iV8i32W5A%3D%3D"; VariantName = "[No Variations]"
Add component (AddParameter): Name = "Manufacturer"; Value = ""; VariantName = "[No Variations]"
Add component (AddParameter): Name = "P/N"; Value = ""; VariantName = "[No Variations]"
Add component (AddParameter): Name = "Value"; Value = "1.5k"; VariantName = "[No Variations]"
Added Component: Designator=R38(R0402)
Add component (AddParameter): Name = "Case"; Value = "0402"; VariantName = "[No Variations]"
Add component (AddParameter): Name = "ComponentLink1Description"; Value = "Datasheet"; VariantName = "[No Variations]"
Add component (AddParameter): Name = "ComponentLink1URL"; Value = "https://eu.mouser.com/datasheet/2/210/kamaya_products_RGC__english_20170424_101024-1651573.pdf"; VariantName = "[No Variations]"
Add component (AddParameter): Name = "ComponentLink2Description"; Value = "Link"; VariantName = "[No Variations]"
Add component (AddParameter): Name = "ComponentLink2URL"; Value = "https://eu.mouser.com/ProductDetail/Kamaya/RGC1-16SC1001DTH?qs=KAq9QXcE8HAz3iV8i32W5A%3D%3D"; VariantName = "[No Variations]"
Add component (AddParameter): Name = "Manufacturer"; Value = ""; VariantName = "[No Variations]"
Add component (AddParameter): Name = "P/N"; Value = ""; VariantName = "[No Variations]"
Add component (AddParameter): Name = "Value"; Value = "1.5k"; VariantName = "[No Variations]"
Added Component: Designator=R39(R0402)
Add component (AddParameter): Name = "Case"; Value = "0402"; VariantName = "[No Variations]"
Add component (AddParameter): Name = "ComponentLink1Description"; Value = "Datasheet"; VariantName = "[No Variations]"
Add component (AddParameter): Name = "ComponentLink1URL"; Value = "https://eu.mouser.com/datasheet/2/210/kamaya_products_RGC__english_20170424_101024-1651573.pdf"; VariantName = "[No Variations]"
Add component (AddParameter): Name = "ComponentLink2Description"; Value = "Link"; VariantName = "[No Variations]"
Add component (AddParameter): Name = "ComponentLink2URL"; Value = "https://eu.mouser.com/ProductDetail/Kamaya/RGC1-16SC1001DTH?qs=KAq9QXcE8HAz3iV8i32W5A%3D%3D"; VariantName = "[No Variations]"
Add component (AddParameter): Name = "Manufacturer"; Value = ""; VariantName = "[No Variations]"
Add component (AddParameter): Name = "P/N"; Value = ""; VariantName = "[No Variations]"
Add component (AddParameter): Name = "Value"; Value = "1.5k"; VariantName = "[No Variations]"
Added Component: Designator=VD2(0402_VD)
Add component (AddParameter): Name = "Case"; Value = "0402"; VariantName = "[No Variations]"
Add component (AddParameter): Name = "Component Type"; Value = "Schottky Diodes & Rectifiers"; VariantName = "[No Variations]"
Add component (AddParameter): Name = "ComponentLink1Description"; Value = "Datasheet"; VariantName = "[No Variations]"
Add component (AddParameter): Name = "ComponentLink1URL"; Value = "https://eu.mouser.com/datasheet/2/80/CDBQR40_HF_RevC811666-2488328.pdf"; VariantName = "[No Variations]"
Add component (AddParameter): Name = "ComponentLink2Description"; Value = "Link"; VariantName = "[No Variations]"
Add component (AddParameter): Name = "ComponentLink2URL"; Value = "https://eu.mouser.com/ProductDetail/Comchip-Technology/CDBQR40?qs=tw%252BuQ%2FB6PO2qnzfzuJamKw%3D%3D"; VariantName = "[No Variations]"
Add component (AddParameter): Name = "Manufacturer"; Value = "Comchip Technology"; VariantName = "[No Variations]"
Add component (AddParameter): Name = "P/N"; Value = "CDBQR40"; VariantName = "[No Variations]"
Add component (AddParameter): Name = "Value"; Value = "200mA, 40V"; VariantName = "[No Variations]"
Added Pin To Net: NetName=NetC28_1 Pin=C29-1
Added Pin To Net: NetName=NetC28_2 Pin=C29-2
Added Pin To Net: NetName=NetC28_1 Pin=C30-1
Added Pin To Net: NetName=NetC28_2 Pin=C30-2
Added Pin To Net: NetName=+Vin Pin=C31-1
Added Pin To Net: NetName=+Vin Pin=C32-1
Added Pin To Net: NetName=GND Pin=C34-2
Added Pin To Net: NetName=GND Pin=C36-2
Added Pin To Net: NetName=GND Pin=C39-2
Added Pin To Net: NetName=GND Pin=C42-2
Added Pin To Net: NetName=GND Pin=C43-2
Added Pin To Net: NetName=NetC28_2 Pin=DA3-1
Added Pin To Net: NetName=NetC28_2 Pin=DA3-2
Added Pin To Net: NetName=NetC28_1 Pin=DA3-3
Added Pin To Net: NetName=NetC28_1 Pin=DA3-4
Added Pin To Net: NetName=NetC28_2 Pin=DA3-5
Added Pin To Net: NetName=NetC28_2 Pin=DA3-6
Added Pin To Net: NetName=NetC28_2 Pin=DA3-7
Added Pin To Net: NetName=NetC28_2 Pin=DA3-8
Added Pin To Net: NetName=GND Pin=DA3-9
Added Pin To Net: NetName=GND Pin=DA3-11
Added Pin To Net: NetName=GND Pin=DA3-12
Added Pin To Net: NetName=+Vin Pin=DA3-13
Added Pin To Net: NetName=+Vin Pin=DA3-14
Added Pin To Net: NetName=GND Pin=DA3-15
Added Pin To Net: NetName=GND Pin=DA3-16
Added Pin To Net: NetName=GND Pin=DD2-A4
Added Pin To Net: NetName=GND Pin=DD2-B4
Added Pin To Net: NetName=GND Pin=DD2-C2
Added Pin To Net: NetName=GND Pin=DD2-D1
Added Pin To Net: NetName=GND Pin=J2-2
Added Pin To Net: NetName=GND Pin=J2-2
Added Pin To Net: NetName=GND Pin=J2-2
Added Pin To Net: NetName=GND Pin=J2-2
Added Pin To Net: NetName=NetC28_1 Pin=J3-1
Added Pin To Net: NetName=NetC28_2 Pin=J3-4
Added Pin To Net: NetName=GND Pin=L3-2
Added Pin To Net: NetName=+Vin Pin=L4-1
Added Pin To Net: NetName=GND Pin=R11-1
Added Pin To Net: NetName=PWM_LED Pin=R30-2
Added Pin To Net: NetName=NetC28_2 Pin=R33-1
Added Pin To Net: NetName=GND Pin=R35-2
Added Pin To Net: NetName=NetC38_1 Pin=R37-1
Change Net Name : Old Net Name=NetC25_1 New Net Name=NetC26_1
Change Net Name : Old Net Name=NetC41_2 New Net Name=NetC44_2
Change Net Name : Old Net Name=NetC47_2 New Net Name=NetC50_2
Change Net Name : Old Net Name=NetC48_1 New Net Name=NetC51_1
Change Net Name : Old Net Name=NetL8_1 New Net Name=NetL6_1
Added Pin To Net: NetName=+4.5V Pin=C2-2
Added Pin To Net: NetName=+4.5V Pin=C35-2
Added Pin To Net: NetName=+4.5V Pin=DA1-14
Added Pin To Net: NetName=+4.5V Pin=VD2-2
Added Net: Name=+4.5V
Added Pin To Net: NetName=-4.5V Pin=C12-2
Added Pin To Net: NetName=-4.5V Pin=C37-1
Added Pin To Net: NetName=-4.5V Pin=DA1-7
Added Pin To Net: NetName=-4.5V Pin=DA1-7
Added Pin To Net: NetName=-4.5V Pin=R38-2
Added Pin To Net: NetName=-4.5V Pin=VD3-1
Added Net: Name=-4.5V
Added Pin To Net: NetName=NetC33_1 Pin=C33-1
Added Pin To Net: NetName=NetC33_1 Pin=C34-1
Added Pin To Net: NetName=NetC33_1 Pin=DD2-B1
Added Pin To Net: NetName=NetC33_1 Pin=DD2-C1
Added Pin To Net: NetName=NetC33_1 Pin=DD2-C4
Added Pin To Net: NetName=NetC33_1 Pin=L1-1
Added Pin To Net: NetName=NetC33_1 Pin=L2-2
Added Pin To Net: NetName=NetC33_1 Pin=DD2-A1
Added Pin To Net: NetName=NetC33_1 Pin=DD2-B2
Added Net: Name=NetC33_1
Added Pin To Net: NetName=NetC36_1 Pin=C36-1
Added Pin To Net: NetName=NetC36_1 Pin=DD2-E3
Added Pin To Net: NetName=NetC36_1 Pin=R36-2
Added Net: Name=NetC36_1
Added Pin To Net: NetName=NetC39_1 Pin=C39-1
Added Pin To Net: NetName=NetC39_1 Pin=R39-1
Added Net: Name=NetC39_1
Added Pin To Net: NetName=NetC42_1 Pin=C42-1
Added Pin To Net: NetName=NetC42_1 Pin=C43-1
Added Pin To Net: NetName=NetC42_1 Pin=L4-2
Added Pin To Net: NetName=NetC42_1 Pin=U1-2A
Added Pin To Net: NetName=NetC42_1 Pin=U1-2B
Added Net: Name=NetC42_1
Added Pin To Net: NetName=NetDD2_A2 Pin=DD2-A2
Added Pin To Net: NetName=NetDD2_A2 Pin=L3-1
Added Pin To Net: NetName=NetDD2_A2 Pin=VD3-2
Added Net: Name=NetDD2_A2
Added Pin To Net: NetName=NetDD2_A3, B3 Pin=L1-2
Added Pin To Net: NetName=NetDD2_A3, B3 Pin=R34-2
Added Pin To Net: NetName=NetDD2_A3, B3 Pin=VD2-1
Added Pin To Net: NetName=NetDD2_A3, B3 Pin=DD2-A3
Added Pin To Net: NetName=NetDD2_A3, B3 Pin=DD2-B3
Added Net: Name=NetDD2_A3, B3
Added Pin To Net: NetName=NetDD2_D4 Pin=DD2-D4
Added Pin To Net: NetName=NetDD2_D4 Pin=R34-1
Added Pin To Net: NetName=NetDD2_D4 Pin=R35-1
Added Net: Name=NetDD2_D4
Added Pin To Net: NetName=NetDD2_E1 Pin=DD2-E1
Added Pin To Net: NetName=NetDD2_E1 Pin=R37-2
Added Net: Name=NetDD2_E1
Added Pin To Net: NetName=NetDD2_E2 Pin=DD2-E2
Added Pin To Net: NetName=NetDD2_E2 Pin=R36-1
Added Pin To Net: NetName=NetDD2_E2 Pin=R38-1
Added Net: Name=NetDD2_E2
Added Pin To Net: NetName=NetDD2_E4 Pin=DD2-E4
Added Pin To Net: NetName=NetDD2_E4 Pin=R39-2
Added Net: Name=NetDD2_E4
Added Pin To Net: NetName=NetJ2_1 Pin=J2-1
Added Pin To Net: NetName=NetJ2_1 Pin=R10-1
Added Net: Name=NetJ2_1
Added Pin To Net: NetName=NetR10_2 Pin=R10-2
Added Pin To Net: NetName=NetR10_2 Pin=R11-2
Added Net: Name=NetR10_2
Added Member To Class: ClassName=Main Member=Component C26 10p
Added Member To Class: ClassName=Power Member=Component C51 4.7u
Added Member To Class: ClassName=Power Member=Component C52 0.1u
Added Member To Class: ClassName=Power Member=Component C53 4.7u
Added Member To Class: ClassName=Power Member=Component DA3 R05CTE05S-R
Added Member To Class: ClassName=Main Member=Component R13 1.5k
Added Member To Class: ClassName=Power Member=Component R34 1.5k
Added Member To Class: ClassName=Power Member=Component R39 1.5k
Added Member To Class: ClassName=Power Member=Component R40 10 k
Added Member To Class: ClassName=Power Member=Component R41 10 k
Added Member To Class: ClassName=Power Member=Component VD2 CDBQR40
Added Room: Name=Main
Added Room: Name=Power
