Removed Pin From Net: NetName=Signal_P Pin=C5-1
Removed Pin From Net: NetName=Signal_N Pin=C5-2
Removed Pin From Net: NetName=NetC1_2 Pin=C6-1
Removed Pin From Net: NetName=NetC8_1 Pin=C8-1
Removed Pin From Net: NetName=NetC4_2 Pin=C8-2
Removed Pin From Net: NetName=NetC1_2 Pin=DD1-4
Removed Pin From Net: NetName=Signal_P Pin=R1-1
Removed Pin From Net: NetName=Ain_N Pin=R1-2
Removed Pin From Net: NetName=Signal_P Pin=R2-1
Removed Pin From Net: NetName=NetC1_2 Pin=R2-2
Removed Pin From Net: NetName=NetC1_1 Pin=R3-1
Removed Pin From Net: NetName=Ain_N Pin=R3-2
Removed Pin From Net: NetName=NetC2_2 Pin=R4-1
Removed Pin From Net: NetName=NetC2_1 Pin=R4-2
Removed Pin From Net: NetName=NetC4_2 Pin=R5-1
Removed Pin From Net: NetName=Signal_P Pin=R5-2
Removed Pin From Net: NetName=Ain_N Pin=R6-1
Removed Pin From Net: NetName=NetC7_2 Pin=R6-2
Removed Pin From Net: NetName=Ain_P Pin=R7-1
Removed Pin From Net: NetName=Signal_N Pin=R9-1
Removed Pin From Net: NetName=Ain_P Pin=R10-2
Removed Pin From Net: NetName=NetC8_1 Pin=R11-1
Removed Pin From Net: NetName=Signal_N Pin=R11-2
Removed Pin From Net: NetName=Signal_N Pin=R12-1
Removed Pin From Net: NetName=Ain_P Pin=R12-2
Removed Pin From Net: NetName=NetC8_1 Pin=R13-1
Removed Pin From Net: NetName=GND Pin=R13-2
Removed Pin From Net: NetName=NetDD2_5 Pin=R14-1
Removed Pin From Net: NetName=Signal_P Pin=R14-2
Removed Pin From Net: NetName=NetDD2_6 Pin=R16-1
Removed Pin From Net: NetName=Signal_N Pin=R16-2
Removed Pin From Net: NetName=NetDD2_9 Pin=R18-1
Removed Pin From Net: NetName=\CS Pin=R18-2
Removed Pin From Net: NetName=GND Pin=R19-1
Removed Pin From Net: NetName=NetJ2_0 Pin=R19-2
Removed Pin From Net: NetName=NetDD2_10 Pin=R20-1
Removed Pin From Net: NetName=SCLK Pin=R20-2
Removed Pin From Net: NetName=NetDD2_11 Pin=R21-1
Removed Pin From Net: NetName=MISO Pin=R21-2
Removed Pin From Net: NetName=NetDD2_12 Pin=R23-1
Removed Pin From Net: NetName=AC/DC Pin=R23-2
Removed Pin From Net: NetName=NetDD2_18 Pin=R24-1
Removed Pin From Net: NetName=LED_R Pin=R24-2
Removed Pin From Net: NetName=NetDD2_19 Pin=R25-1
Removed Pin From Net: NetName=LED_G Pin=R25-2
Removed Pin From Net: NetName=NetDD2_20 Pin=R26-1
Removed Pin From Net: NetName=LED_B Pin=R26-2
Removed Pin From Net: NetName=NetC7_2 Pin=U1-7
Change Component Footprint: Designator=C1 Old Footprint=C0402 New Footprint=C0603
Change Component Footprint: Designator=C4 Old Footprint=C0402 New Footprint=C0603
Change Component Footprint: Designator=C5 Old Footprint=C0402 New Footprint=C0603
Change Component Footprint: Designator=C6 Old Footprint=C0402 New Footprint=C0603
Change Component Footprint: Designator=C7 Old Footprint=C0402 New Footprint=C0603
Change Component Footprint: Designator=C8 Old Footprint=C0402 New Footprint=C0603
Change Component Footprint: Designator=C9 Old Footprint=C0402 New Footprint=C0603
Change Component Designator: OldDesignator=TP2 NewDesignator=TP3
Change Component Designator: OldDesignator=TP3 NewDesignator=TP4
Change Component Designator: OldDesignator=TP4 NewDesignator=TP2
Added Pin To Net: NetName=Signal_P Pin=C6-1
Added Pin To Net: NetName=Signal_N Pin=C6-2
Added Pin To Net: NetName=NetC1_1 Pin=C7-1
Added Pin To Net: NetName=NetC4_2 Pin=C8-1
Added Pin To Net: NetName=NetC8_1 Pin=C8-2
Added Pin To Net: NetName=NetC7_2 Pin=C9-1
Added Pin To Net: NetName=NetC1_1 Pin=DD1-4
Added Pin To Net: NetName=NetC7_2 Pin=DD1-6
Added Pin To Net: NetName=Ain_N Pin=R1-1
Added Pin To Net: NetName=Signal_P Pin=R1-2
Added Pin To Net: NetName=NetC1_1 Pin=R2-1
Added Pin To Net: NetName=Signal_P Pin=R2-2
Added Pin To Net: NetName=Ain_N Pin=R3-1
Added Pin To Net: NetName=NetC1_2 Pin=R3-2
Added Pin To Net: NetName=NetC2_1 Pin=R4-1
Added Pin To Net: NetName=NetC2_2 Pin=R4-2
Added Pin To Net: NetName=Signal_P Pin=R5-1
Added Pin To Net: NetName=NetC4_2 Pin=R5-2
Added Pin To Net: NetName=Ain_N Pin=R6-2
Added Pin To Net: NetName=Ain_P Pin=R7-2
Added Pin To Net: NetName=NetC7_2 Pin=R9-1
Added Pin To Net: NetName=Signal_N Pin=R9-2
Added Pin To Net: NetName=Ain_P Pin=R10-1
Added Pin To Net: NetName=Signal_N Pin=R11-1
Added Pin To Net: NetName=NetC8_1 Pin=R11-2
Added Pin To Net: NetName=Ain_P Pin=R12-1
Added Pin To Net: NetName=Signal_N Pin=R12-2
Added Pin To Net: NetName=GND Pin=R13-1
Added Pin To Net: NetName=NetC8_1 Pin=R13-2
Added Pin To Net: NetName=Signal_P Pin=R14-1
Added Pin To Net: NetName=NetDD2_5 Pin=R14-2
Added Pin To Net: NetName=Signal_N Pin=R16-1
Added Pin To Net: NetName=NetDD2_6 Pin=R16-2
Added Pin To Net: NetName=\CS Pin=R18-1
Added Pin To Net: NetName=NetDD2_9 Pin=R18-2
Added Pin To Net: NetName=SCLK Pin=R19-1
Added Pin To Net: NetName=NetDD2_10 Pin=R19-2
Added Pin To Net: NetName=GND Pin=R20-1
Added Pin To Net: NetName=NetJ2_0 Pin=R20-2
Added Pin To Net: NetName=MISO Pin=R21-1
Added Pin To Net: NetName=NetDD2_11 Pin=R21-2
Added Pin To Net: NetName=AC/DC Pin=R23-1
Added Pin To Net: NetName=NetDD2_12 Pin=R23-2
Added Pin To Net: NetName=LED_R Pin=R24-1
Added Pin To Net: NetName=NetDD2_18 Pin=R24-2
Added Pin To Net: NetName=LED_G Pin=R25-1
Added Pin To Net: NetName=NetDD2_19 Pin=R25-2
Added Pin To Net: NetName=LED_B Pin=R26-1
Added Pin To Net: NetName=NetDD2_20 Pin=R26-2
Change Net Name : Old Net Name=NetC8_1 New Net Name=NetC8_2
Added Pin To Net: NetName=NetC5_1 Pin=C5-1
Added Pin To Net: NetName=NetC5_1 Pin=R6-1
Added Pin To Net: NetName=NetC5_1 Pin=U1-7
Added Net: Name=NetC5_1
Added Pin To Net: NetName=NetC5_2 Pin=C5-2
Added Pin To Net: NetName=NetC5_2 Pin=R7-1
Added Pin To Net: NetName=NetC5_2 Pin=U1-8
Added Net: Name=NetC5_2
Added Pin To Net: NetName=NetC9_2 Pin=C9-2
Added Pin To Net: NetName=NetC9_2 Pin=R10-2
Added Net: Name=NetC9_2
Added Room: Name=Digital
