Removed Pin From Net: NetName=NetC51_1 Pin=C51-1
Removed Pin From Net: NetName=GND Pin=C51-2
Removed Pin From Net: NetName=GND Pin=C54-2
Removed Pin From Net: NetName=GND Pin=C55-1
Removed Pin From Net: NetName=GND Pin=C56-1
Removed Pin From Net: NetName=GND Pin=C70-1
Removed Pin From Net: NetName=GND Pin=C71-2
Removed Pin From Net: NetName=GND Pin=C72-1
Removed Pin From Net: NetName=GND Pin=C73-1
Removed Pin From Net: NetName=GND Pin=DA3-15
Removed Pin From Net: NetName=GND Pin=DA3-28
Removed Pin From Net: NetName=GND Pin=DA3-28
Removed Pin From Net: NetName=GND Pin=DA3-31
Removed Pin From Net: NetName=GND Pin=J2-2
Removed Pin From Net: NetName=GND Pin=J2-2
Removed Pin From Net: NetName=GND Pin=J2-2
Removed Pin From Net: NetName=GND Pin=J2-2
Removed Pin From Net: NetName=GND Pin=R15-1
Removed Pin From Net: NetName=NetC51_1 Pin=R17-2
Removed Pin From Net: NetName=GND Pin=R20-1
Removed Pin From Net: NetName=GND Pin=R40-1
Removed Pin From Net: NetName=GND Pin=VD3-3
Change Component Designator: OldDesignator=C51 NewDesignator=C53
Change Component Designator: OldDesignator=C52 NewDesignator=C51
Change Component Designator: OldDesignator=C53 NewDesignator=C52
Change Component Designator: OldDesignator=C57 NewDesignator=C59
Change Component Designator: OldDesignator=C58 NewDesignator=C60
Change Component Designator: OldDesignator=C59 NewDesignator=C61
Change Component Designator: OldDesignator=C60 NewDesignator=C62
Change Component Designator: OldDesignator=C61 NewDesignator=C63
Change Component Designator: OldDesignator=C62 NewDesignator=C57
Change Component Designator: OldDesignator=C63 NewDesignator=C58
Change Component Designator: OldDesignator=C70 NewDesignator=C71
Change Component Designator: OldDesignator=C71 NewDesignator=C72
Change Component Designator: OldDesignator=C72 NewDesignator=C73
Change Component Designator: OldDesignator=C73 NewDesignator=C74
Change Component Designator: OldDesignator=C74 NewDesignator=C70
Change Component Designator: OldDesignator=R17 NewDesignator=R19
Change Component Designator: OldDesignator=R18 NewDesignator=R17
Change Component Designator: OldDesignator=R19 NewDesignator=R18
Change Component Designator: OldDesignator=R21 NewDesignator=R22
Change Component Designator: OldDesignator=R22 NewDesignator=R23
Change Component Designator: OldDesignator=R23 NewDesignator=R24
Change Component Designator: OldDesignator=R24 NewDesignator=R25
Change Component Designator: OldDesignator=R25 NewDesignator=R26
Change Component Designator: OldDesignator=R26 NewDesignator=R28
Change Component Designator: OldDesignator=R27 NewDesignator=R30
Change Component Designator: OldDesignator=R28 NewDesignator=R27
Change Component Designator: OldDesignator=R29 NewDesignator=R31
Change Component Designator: OldDesignator=R30 NewDesignator=R29
Change Component Designator: OldDesignator=R31 NewDesignator=R32
Change Component Designator: OldDesignator=R32 NewDesignator=R33
Change Component Designator: OldDesignator=R33 NewDesignator=R35
Change Component Designator: OldDesignator=R34 NewDesignator=R36
Change Component Designator: OldDesignator=R35 NewDesignator=R34
Change Component Designator: OldDesignator=R36 NewDesignator=R37
Change Component Designator: OldDesignator=R37 NewDesignator=R38
Change Component Designator: OldDesignator=R38 NewDesignator=R39
Change Component Designator: OldDesignator=R39 NewDesignator=R40
Change Component Designator: OldDesignator=R40 NewDesignator=R41
Change Component Designator: OldDesignator=R41 NewDesignator=R42
Change Component Designator: OldDesignator=R42 NewDesignator=R43
Change Component Designator: OldDesignator=R43 NewDesignator=R44
Change Component Designator: OldDesignator=R44 NewDesignator=R45
Change Component Designator: OldDesignator=R45 NewDesignator=R46
Change Component Designator: OldDesignator=R46 NewDesignator=R47
Change Component Designator: OldDesignator=R47 NewDesignator=R48
Change Component Designator: OldDesignator=R48 NewDesignator=R49
Change Component Designator: OldDesignator=R49 NewDesignator=R50
Change Component Designator: OldDesignator=R50 NewDesignator=R51
Change Component Designator: OldDesignator=R51 NewDesignator=R52
Change Component Designator: OldDesignator=R52 NewDesignator=R53
Added Component: Designator=R21(R0603)
Add component (AddParameter): Name = "Case"; Value = ""; VariantName = "[No Variations]"
Add component (AddParameter): Name = "Component Type"; Value = ""; VariantName = "[No Variations]"
Add component (AddParameter): Name = "ComponentLink1Description"; Value = "Datasheet"; VariantName = "[No Variations]"
Add component (AddParameter): Name = "ComponentLink1URL"; Value = ""; VariantName = "[No Variations]"
Add component (AddParameter): Name = "ComponentLink2Description"; Value = "Link"; VariantName = "[No Variations]"
Add component (AddParameter): Name = "ComponentLink2URL"; Value = ""; VariantName = "[No Variations]"
Add component (AddParameter): Name = "Manufacturer"; Value = ""; VariantName = "[No Variations]"
Add component (AddParameter): Name = "P/N"; Value = ""; VariantName = "[No Variations]"
Add component (AddParameter): Name = "Value"; Value = "0R"; VariantName = "[No Variations]"
Added Pin To Net: NetName=GND Pin=R21-1
Change Net Name : Old Net Name=NetC51_1 New Net Name=NetR13_1
Change Net Name : Old Net Name=NetC70_2 New Net Name=NetC71_2
Change Net Name : Old Net Name=NetR30_1 New Net Name=NetR29_1
Change Net Name : Old Net Name=NetR35_1 New Net Name=NetR34_1
Added Pin To Net: NetName=AGND Pin=C53-2
Added Pin To Net: NetName=AGND Pin=C54-2
Added Pin To Net: NetName=AGND Pin=C55-1
Added Pin To Net: NetName=AGND Pin=C56-1
Added Pin To Net: NetName=AGND Pin=C71-1
Added Pin To Net: NetName=AGND Pin=C72-2
Added Pin To Net: NetName=AGND Pin=C73-1
Added Pin To Net: NetName=AGND Pin=C74-1
Added Pin To Net: NetName=AGND Pin=DA3-15
Added Pin To Net: NetName=AGND Pin=J2-2
Added Pin To Net: NetName=AGND Pin=J2-2
Added Pin To Net: NetName=AGND Pin=J2-2
Added Pin To Net: NetName=AGND Pin=J2-2
Added Pin To Net: NetName=AGND Pin=R15-1
Added Pin To Net: NetName=AGND Pin=R20-1
Added Pin To Net: NetName=AGND Pin=R21-2
Added Pin To Net: NetName=AGND Pin=R41-1
Added Pin To Net: NetName=AGND Pin=VD3-3
Added Pin To Net: NetName=AGND Pin=DA3-28
Added Pin To Net: NetName=AGND Pin=DA3-28
Added Pin To Net: NetName=AGND Pin=DA3-31
Added Net: Name=AGND
Added Pin To Net: NetName=NetC53_1 Pin=C53-1
Added Pin To Net: NetName=NetC53_1 Pin=J2-1
Added Pin To Net: NetName=NetC53_1 Pin=R13-2
Added Pin To Net: NetName=NetC53_1 Pin=R19-2
Added Net: Name=NetC53_1
Added Member To Class: ClassName=Analog Member=Component R41 10 k
Added Room: Name=Analog
Added Room: Name=MCU
Added Room: Name=Power
