Removed Member From Class: ClassName=Main Member=C39
Removed Member From Class: ClassName=Main Member=R41
Removed Member From Class: ClassName=Main Member=R44
Removed Member From Class: ClassName=Main Member=R45
Removed Member From Class: ClassName=Main Member=R53
Change Component Footprint: Designator=C18 Old Footprint=C0603 New Footprint=C0402
Added Member To Class: ClassName=Main Member=Component C6 1u
Added Member To Class: ClassName=Main Member=Component C7 0.1u
Added Member To Class: ClassName=Main Member=Component C9 0.1u
Added Member To Class: ClassName=Main Member=Component C10 0.1u
Added Member To Class: ClassName=Main Member=Component C14 JR100
Added Member To Class: ClassName=Main Member=Component C27 10 uF
Added Member To Class: ClassName=Main Member=Component C33 0.1u
Added Member To Class: ClassName=Main Member=Component C34 0.1u
Added Member To Class: ClassName=Main Member=Component C35 10p
Added Member To Class: ClassName=Main Member=Component C36 10p
Added Member To Class: ClassName=Power Member=Component C38 10 uF
Added Member To Class: ClassName=Power Member=Component C40 10 uF
Added Member To Class: ClassName=Power Member=Component C41 0.1u
Added Member To Class: ClassName=Power Member=Component C42 2.2n
Added Member To Class: ClassName=Power Member=Component C43 390p
Added Member To Class: ClassName=Power Member=Component C45 0.1u
Added Member To Class: ClassName=Power Member=Component C46 0.1u
Added Member To Class: ClassName=Power Member=Component C47 0.1u
Added Member To Class: ClassName=Power Member=Component C48 0.1u
Added Member To Class: ClassName=Power Member=Component C49 10 uF
Added Member To Class: ClassName=Power Member=Component C50 0.1u
Added Member To Class: ClassName=Power Member=Component C52 10 uF
Added Member To Class: ClassName=Power Member=Component C53 0.1u
Added Member To Class: ClassName=Power Member=Component C55 10 uF
Added Member To Class: ClassName=Power Member=Component C57 0.1u
Added Member To Class: ClassName=Power Member=Component C59 1u
Added Member To Class: ClassName=Power Member=Component C60 0.1u
Added Member To Class: ClassName=Power Member=Component C62 10 uF
Added Member To Class: ClassName=Power Member=Component C63 1u
Added Member To Class: ClassName=Power Member=Component C66 390p
Added Member To Class: ClassName=Power Member=Component C67 10 uF
Added Member To Class: ClassName=Power Member=Component C68 10 uF
Added Member To Class: ClassName=Power Member=Component C69 0.1u
Added Member To Class: ClassName=Power Member=Component C71 10 uF
Added Member To Class: ClassName=Power Member=Component C72 0.1u
Added Member To Class: ClassName=Power Member=Component L5 BRC2016T220K
Added Member To Class: ClassName=Power Member=Component L8 BRC2016T220K
Added Member To Class: ClassName=Main Member=Component R1 0R
Added Member To Class: ClassName=Main Member=Component R2 1.5k
Added Member To Class: ClassName=Main Member=Component R3 1.5k
Added Member To Class: ClassName=Main Member=Component R5 *
Added Member To Class: ClassName=Main Member=Component R6 1.5k
Added Member To Class: ClassName=Main Member=Component R7 22 R
Added Member To Class: ClassName=Main Member=Component R8 1M
Added Member To Class: ClassName=Main Member=Component R9 10 k
Added Member To Class: ClassName=Main Member=Component R11 10 k
Added Member To Class: ClassName=Main Member=Component R22 1.5k
Added Member To Class: ClassName=Main Member=Component R29 1.5k
Added Member To Class: ClassName=Main Member=Component R32 1.5k
Added Member To Class: ClassName=Main Member=Component R34 22 R
Added Member To Class: ClassName=Main Member=Component R35 22 R
Added Member To Class: ClassName=Main Member=Component R36 1.5k
Added Member To Class: ClassName=Main Member=Component R37 22 R
Added Member To Class: ClassName=Main Member=Component R38 22 R
Added Member To Class: ClassName=Main Member=Component R39 1.5k
Added Member To Class: ClassName=Power Member=Component R40 22 R
Added Member To Class: ClassName=Power Member=Component R41 22 R
Added Member To Class: ClassName=Power Member=Component R42 1 M
Added Member To Class: ClassName=Power Member=Component R43 5k1
Added Member To Class: ClassName=Power Member=Component R44 5k1
Added Member To Class: ClassName=Power Member=Component R46 22 R
Added Member To Class: ClassName=Power Member=Component R47 1M
Added Member To Class: ClassName=Power Member=Component R48 100k
Added Member To Class: ClassName=Power Member=Component R49 100k
Added Member To Class: ClassName=Power Member=Component R50 10k
Added Member To Class: ClassName=Main Member=Component TP1 5117
Added Room: Name=Main
Added Room: Name=Power
