Removed Pin From Net: NetName=NetC9_1 Pin=C9-1
Removed Pin From Net: NetName=GND Pin=C42-1
Removed Pin From Net: NetName=GND Pin=C43-2
Removed Pin From Net: NetName=GND Pin=C44-1
Removed Pin From Net: NetName=-4.5V Pin=C44-2
Removed Pin From Net: NetName=-4.5V Pin=C45-1
Removed Pin From Net: NetName=GND Pin=C45-2
Removed Pin From Net: NetName=GND Pin=C51-2
Removed Pin From Net: NetName=GND Pin=DD3-C2
Removed Pin From Net: NetName=NetDD3_A2 Pin=L6-1
Removed Pin From Net: NetName=GND Pin=L6-2
Removed Pin From Net: NetName=NetJ2_1 Pin=R10-1
Removed Pin From Net: NetName=NetDD1_6 Pin=R13-1
Removed Pin From Net: NetName=D_1 Pin=R13-2
Removed Pin From Net: NetName=D_11 Pin=R14-1
Removed Pin From Net: NetName=NetDD1_13 Pin=R14-2
Removed Pin From Net: NetName=NetDD1_7 Pin=R15-1
Removed Pin From Net: NetName=D_2 Pin=R15-2
Removed Pin From Net: NetName=D_12 Pin=R16-1
Removed Pin From Net: NetName=NetDD1_26 Pin=R16-2
Removed Pin From Net: NetName=NetDD1_8 Pin=R17-1
Removed Pin From Net: NetName=D_3 Pin=R17-2
Removed Pin From Net: NetName=D_13 Pin=R18-1
Removed Pin From Net: NetName=NetDD1_27 Pin=R18-2
Removed Pin From Net: NetName=NetDD1_9 Pin=R19-1
Removed Pin From Net: NetName=D_4 Pin=R19-2
Removed Pin From Net: NetName=OTR Pin=R20-1
Removed Pin From Net: NetName=NetDD1_28 Pin=R20-2
Removed Pin From Net: NetName=NetDD1_10 Pin=R21-1
Removed Pin From Net: NetName=D_5 Pin=R21-2
Removed Pin From Net: NetName=Trigger Pin=R22-1
Removed Pin From Net: NetName=NetDD1_29 Pin=R22-2
Removed Pin From Net: NetName=NetDD1_11 Pin=R23-1
Removed Pin From Net: NetName=D_6 Pin=R23-2
Removed Pin From Net: NetName=USB_Pin Pin=R24-1
Removed Pin From Net: NetName=NetDD1_30 Pin=R24-2
Removed Pin From Net: NetName=NetDD1_12 Pin=R25-1
Removed Pin From Net: NetName=D_7 Pin=R25-2
Removed Pin From Net: NetName=NetDD1_18 Pin=R26-1
Removed Pin From Net: NetName=D_8 Pin=R26-2
Removed Pin From Net: NetName=NetDD1_19 Pin=R27-1
Removed Pin From Net: NetName=D_9 Pin=R27-2
Removed Pin From Net: NetName=NetDD1_20 Pin=R28-1
Removed Pin From Net: NetName=D_10 Pin=R28-2
Removed Pin From Net: NetName=OSC+ Pin=R29-1
Removed Pin From Net: NetName=NetC27_1 Pin=R29-2
Removed Pin From Net: NetName=ADC_CLK Pin=R30-1
Removed Pin From Net: NetName=NetDD1_4 Pin=R30-2
Removed Pin From Net: NetName=NetDD1_25 Pin=R31-1
Removed Pin From Net: NetName=PWM_LED Pin=R31-2
Removed Pin From Net: NetName=NetDD3_D4 Pin=R39-1
Removed Pin From Net: NetName=NetDD3_A3, B3 Pin=R39-2
Removed Pin From Net: NetName=GND Pin=R41-2
Removed Pin From Net: NetName=NetDD3_E2 Pin=R44-1
Removed Pin From Net: NetName=-4.5V Pin=R44-2
Removed Pin From Net: NetName=NetDD3_A3, B3 Pin=VD2-1
Removed Member From Class: ClassName=Power Member=C45
Removed Member From Class: ClassName=Power Member=R39
Removed Member From Class: ClassName=Main Member=S1
Removed Member From Class: ClassName=Main Member=S2
Removed Member From Class: ClassName=Power Member=VD2
Change Component Comment : Designator=R29 Old Comment=100R New Comment=1.5k
Change Component Designator: OldDesignator=C9 NewDesignator=C10
Change Component Designator: OldDesignator=C10 NewDesignator=C9
Change Component Designator: OldDesignator=C20 NewDesignator=C21
Change Component Designator: OldDesignator=C21 NewDesignator=C22
Change Component Designator: OldDesignator=C22 NewDesignator=C23
Change Component Designator: OldDesignator=C23 NewDesignator=C24
Change Component Designator: OldDesignator=C24 NewDesignator=C20
Change Component Designator: OldDesignator=C28 NewDesignator=C29
Change Component Designator: OldDesignator=C29 NewDesignator=C30
Change Component Designator: OldDesignator=C30 NewDesignator=C31
Change Component Designator: OldDesignator=C31 NewDesignator=C32
Change Component Designator: OldDesignator=C32 NewDesignator=C33
Change Component Designator: OldDesignator=C33 NewDesignator=C34
Change Component Designator: OldDesignator=C34 NewDesignator=C35
Change Component Designator: OldDesignator=C35 NewDesignator=C36
Change Component Designator: OldDesignator=C36 NewDesignator=C37
Change Component Designator: OldDesignator=C37 NewDesignator=C45
Change Component Designator: OldDesignator=C38 NewDesignator=C46
Change Component Designator: OldDesignator=C39 NewDesignator=C54
Change Component Designator: OldDesignator=C40 NewDesignator=C55
Change Component Designator: OldDesignator=C41 NewDesignator=C56
Change Component Designator: OldDesignator=C46 NewDesignator=C57
Change Component Designator: OldDesignator=C47 NewDesignator=C58
Change Component Designator: OldDesignator=C48 NewDesignator=C59
Change Component Designator: OldDesignator=C49 NewDesignator=C60
Change Component Designator: OldDesignator=C50 NewDesignator=C61
Change Component Designator: OldDesignator=C52 NewDesignator=C39
Change Component Designator: OldDesignator=C53 NewDesignator=C40
Change Component Designator: OldDesignator=C54 NewDesignator=C50
Change Component Designator: OldDesignator=C55 NewDesignator=C51
Change Component Designator: OldDesignator=C56 NewDesignator=C41
Change Component Designator: OldDesignator=C57 NewDesignator=C42
Change Component Designator: OldDesignator=C58 NewDesignator=C43
Change Component Designator: OldDesignator=C59 NewDesignator=C44
Change Component Designator: OldDesignator=R4 NewDesignator=R5
Change Component Designator: OldDesignator=R5 NewDesignator=R6
Change Component Designator: OldDesignator=R6 NewDesignator=R7
Change Component Designator: OldDesignator=R7 NewDesignator=R8
Change Component Designator: OldDesignator=R8 NewDesignator=R9
Change Component Designator: OldDesignator=R9 NewDesignator=R10
Change Component Designator: OldDesignator=R10 NewDesignator=R33
Change Component Designator: OldDesignator=R12 NewDesignator=R13
Change Component Designator: OldDesignator=R32 NewDesignator=R34
Change Component Designator: OldDesignator=R33 NewDesignator=R35
Change Component Designator: OldDesignator=R34 NewDesignator=R37
Change Component Designator: OldDesignator=R35 NewDesignator=R38
Change Component Designator: OldDesignator=R37 NewDesignator=R39
Change Component Designator: OldDesignator=R38 NewDesignator=R40
Change Component Designator: OldDesignator=R40 NewDesignator=R47
Change Component Designator: OldDesignator=R42 NewDesignator=R49
Change Component Designator: OldDesignator=R45 NewDesignator=R44
Change Component Designator: OldDesignator=R46 NewDesignator=R45
Change Component Designator: OldDesignator=U1 NewDesignator=U2
Change Component Designator: OldDesignator=U2 NewDesignator=U1
Change Component Designator: OldDesignator=VD1 NewDesignator=VD2
Change Component Designator: OldDesignator=VD3 NewDesignator=VD7
Change component parameters: Designator = "R41" ("R41"); Footprint = "R0402"; UniqueID = "\JHFOEODT" ("\JHFOEODT")
Change component parameters (AddParameter): Name = "Case"; Value = "0402"; VariantName = "[No Variations]"
Change component parameters (AddParameter): Name = "ComponentLink1Description"; Value = "Datasheet"; VariantName = "[No Variations]"
Change component parameters (AddParameter): Name = "ComponentLink1URL"; Value = "https://eu.mouser.com/datasheet/2/315/AOA0000C304-1149620.pdf"; VariantName = "[No Variations]"
Change component parameters (AddParameter): Name = "ComponentLink2Description"; Value = "Link"; VariantName = "[No Variations]"
Change component parameters (AddParameter): Name = "ComponentLink2URL"; Value = "https://eu.mouser.com/ProductDetail/Panasonic/ERJ-2RKF2202X?qs=sGAEpiMZZMvdGkrng054t8AJgcdMkx7xGCv6QlnvaAM%3D"; VariantName = "[No Variations]"
Change component parameters (AddParameter): Name = "Manufacturer"; Value = ""; VariantName = "[No Variations]"
Change component parameters (AddParameter): Name = "P/N"; Value = ""; VariantName = "[No Variations]"
Change component parameters (AddParameter): Name = "Value"; Value = ""; VariantName = "[No Variations]"
Change component parameters: Designator = "R43" ("R43"); Footprint = "R0402"; UniqueID = "\OKHDAYDR" ("\OKHDAYDR")
Change component parameters (AddParameter): Name = "Case"; Value = "0402"; VariantName = "[No Variations]"
Change component parameters (AddParameter): Name = "ComponentLink1Description"; Value = "Datasheet"; VariantName = "[No Variations]"
Change component parameters (AddParameter): Name = "ComponentLink1URL"; Value = ""; VariantName = "[No Variations]"
Change component parameters (AddParameter): Name = "ComponentLink2Description"; Value = "Link"; VariantName = "[No Variations]"
Change component parameters (AddParameter): Name = "ComponentLink2URL"; Value = ""; VariantName = "[No Variations]"
Change component parameters (AddParameter): Name = "Manufacturer"; Value = ""; VariantName = "[No Variations]"
Change component parameters (AddParameter): Name = "P/N"; Value = ""; VariantName = "[No Variations]"
Change component parameters (AddParameter): Name = "Value"; Value = ""; VariantName = "[No Variations]"
Change component parameters: Designator = "R29" ("R29"); Footprint = "R0402"; UniqueID = "\HTFVWCNJ" ("\HTFVWCNJ")
Change component parameters (AddParameter): Name = "Case"; Value = "0402"; VariantName = "[No Variations]"
Change component parameters (AddParameter): Name = "ComponentLink1Description"; Value = "Datasheet"; VariantName = "[No Variations]"
Change component parameters (AddParameter): Name = "ComponentLink1URL"; Value = "https://eu.mouser.com/datasheet/2/210/kamaya_products_RGC__english_20170424_101024-1651573.pdf"; VariantName = "[No Variations]"
Change component parameters (AddParameter): Name = "ComponentLink2Description"; Value = "Link"; VariantName = "[No Variations]"
Change component parameters (AddParameter): Name = "ComponentLink2URL"; Value = "https://eu.mouser.com/ProductDetail/Kamaya/RGC1-16SC1001DTH?qs=KAq9QXcE8HAz3iV8i32W5A%3D%3D"; VariantName = "[No Variations]"
Change component parameters (AddParameter): Name = "Manufacturer"; Value = ""; VariantName = "[No Variations]"
Change component parameters (AddParameter): Name = "P/N"; Value = ""; VariantName = "[No Variations]"
Change component parameters (AddParameter): Name = "Value"; Value = "1.5k"; VariantName = "[No Variations]"
Added Component: Designator=C28(C0402)
Add component (AddParameter): Name = "Case"; Value = "0402"; VariantName = "[No Variations]"
Add component (AddParameter): Name = "Component Type"; Value = "MLCC"; VariantName = "[No Variations]"
Add component (AddParameter): Name = "ComponentLink1Description"; Value = "Link"; VariantName = "[No Variations]"
Add component (AddParameter): Name = "ComponentLink1URL"; Value = "https://eu.mouser.com/ProductDetail/KEMET/C0402C100K5RACTU?qs=Mv7BduZupUgEdPvwNAxLRQ%3D%3D"; VariantName = "[No Variations]"
Add component (AddParameter): Name = "ComponentLink2Description"; Value = "Datasheet"; VariantName = "[No Variations]"
Add component (AddParameter): Name = "ComponentLink2URL"; Value = "https://eu.mouser.com/datasheet/2/447/KEM_C1002_X7R_SMD-3316098.pdf"; VariantName = "[No Variations]"
Add component (AddParameter): Name = "Manufacturer"; Value = "KEMET"; VariantName = "[No Variations]"
Add component (AddParameter): Name = "P/N"; Value = "C0402C100K5RACTU"; VariantName = "[No Variations]"
Add component (AddParameter): Name = "Value"; Value = "10p"; VariantName = "[No Variations]"
Added Component: Designator=C38(C0402)
Add component (AddParameter): Name = "Case"; Value = "0402"; VariantName = "[No Variations]"
Add component (AddParameter): Name = "Component Type"; Value = "MLCC"; VariantName = "[No Variations]"
Add component (AddParameter): Name = "ComponentLink1Description"; Value = "Link"; VariantName = "[No Variations]"
Add component (AddParameter): Name = "ComponentLink1URL"; Value = "https://eu.mouser.com/ProductDetail/Murata-Electronics/GRM155C81H104ME14D?qs=IPQhFcwEUOignsDjW4gFkg%3D%3D"; VariantName = "[No Variations]"
Add component (AddParameter): Name = "ComponentLink2Description"; Value = "Datasheet"; VariantName = "[No Variations]"
Add component (AddParameter): Name = "ComponentLink2URL"; Value = "https://eu.mouser.com/datasheet/2/281/1/GRM155C81H104ME14_01A-1983691.pdf"; VariantName = "[No Variations]"
Add component (AddParameter): Name = "Manufacturer"; Value = "Murata"; VariantName = "[No Variations]"
Add component (AddParameter): Name = "P/N"; Value = "GRM155C81H104ME14D"; VariantName = "[No Variations]"
Add component (AddParameter): Name = "Value"; Value = "0.1u"; VariantName = "[No Variations]"
Added Component: Designator=C47(C0402)
Add component (AddParameter): Name = "Case"; Value = "0402"; VariantName = "[No Variations]"
Add component (AddParameter): Name = "Component Type"; Value = "MLCC"; VariantName = "[No Variations]"
Add component (AddParameter): Name = "ComponentLink1Description"; Value = "Link"; VariantName = "[No Variations]"
Add component (AddParameter): Name = "ComponentLink1URL"; Value = "https://eu.mouser.com/ProductDetail/Murata-Electronics/GRT155C81A475ME13D?qs=ufv2HEpFn%252BRTWI1%252Bv%2F3NwA%3D%3D"; VariantName = "[No Variations]"
Add component (AddParameter): Name = "ComponentLink2Description"; Value = "Datasheet"; VariantName = "[No Variations]"
Add component (AddParameter): Name = "ComponentLink2URL"; Value = "https://eu.mouser.com/datasheet/2/281/1/GRT155C81A475ME13_01A-3135426.pdf"; VariantName = "[No Variations]"
Add component (AddParameter): Name = "Manufacturer"; Value = "Murata"; VariantName = "[No Variations]"
Add component (AddParameter): Name = "P/N"; Value = "GRM155R61A106ME11D"; VariantName = "[No Variations]"
Add component (AddParameter): Name = "Value"; Value = "10 uF"; VariantName = "[No Variations]"
Added Component: Designator=C48(C0402)
Add component (AddParameter): Name = "Case"; Value = "0402"; VariantName = "[No Variations]"
Add component (AddParameter): Name = "Component Type"; Value = "MLCC"; VariantName = "[No Variations]"
Add component (AddParameter): Name = "ComponentLink1Description"; Value = "Link"; VariantName = "[No Variations]"
Add component (AddParameter): Name = "ComponentLink1URL"; Value = ""; VariantName = "[No Variations]"
Add component (AddParameter): Name = "ComponentLink2Description"; Value = "Datasheet"; VariantName = "[No Variations]"
Add component (AddParameter): Name = "ComponentLink2URL"; Value = ""; VariantName = "[No Variations]"
Add component (AddParameter): Name = "Manufacturer"; Value = "Murata"; VariantName = "[No Variations]"
Add component (AddParameter): Name = "P/N"; Value = "GRM155C81H104ME14D"; VariantName = "[No Variations]"
Add component (AddParameter): Name = "Value"; Value = "0.1u"; VariantName = "[No Variations]"
Added Component: Designator=C49(C0402)
Add component (AddParameter): Name = "Case"; Value = "0402"; VariantName = "[No Variations]"
Add component (AddParameter): Name = "Component Type"; Value = "MLCC"; VariantName = "[No Variations]"
Add component (AddParameter): Name = "ComponentLink1Description"; Value = "Link"; VariantName = "[No Variations]"
Add component (AddParameter): Name = "ComponentLink1URL"; Value = "https://eu.mouser.com/ProductDetail/Murata-Electronics/GCM155C71A105ME38D?qs=QzBtWTOodeV5ddl%2FvWs3LA%3D%3D"; VariantName = "[No Variations]"
Add component (AddParameter): Name = "ComponentLink2Description"; Value = "Datasheet"; VariantName = "[No Variations]"
Add component (AddParameter): Name = "ComponentLink2URL"; Value = "https://eu.mouser.com/datasheet/2/281/1/GCM155C71A105ME38_01A-3142248.pdf"; VariantName = "[No Variations]"
Add component (AddParameter): Name = "Manufacturer"; Value = "Murata"; VariantName = "[No Variations]"
Add component (AddParameter): Name = "P/N"; Value = "GCM155C71A105ME38D"; VariantName = "[No Variations]"
Add component (AddParameter): Name = "Value"; Value = "1u"; VariantName = "[No Variations]"
Added Component: Designator=C52(C0402)
Add component (AddParameter): Name = "Case"; Value = "0402"; VariantName = "[No Variations]"
Add component (AddParameter): Name = "Component Type"; Value = "MLCC"; VariantName = "[No Variations]"
Add component (AddParameter): Name = "ComponentLink1Description"; Value = "Link"; VariantName = "[No Variations]"
Add component (AddParameter): Name = "ComponentLink1URL"; Value = "https://eu.mouser.com/ProductDetail/Murata-Electronics/GRT155C81A475ME13D?qs=ufv2HEpFn%252BRTWI1%252Bv%2F3NwA%3D%3D"; VariantName = "[No Variations]"
Add component (AddParameter): Name = "ComponentLink2Description"; Value = "Datasheet"; VariantName = "[No Variations]"
Add component (AddParameter): Name = "ComponentLink2URL"; Value = "https://eu.mouser.com/datasheet/2/281/1/GRT155C81A475ME13_01A-3135426.pdf"; VariantName = "[No Variations]"
Add component (AddParameter): Name = "Manufacturer"; Value = "Murata"; VariantName = "[No Variations]"
Add component (AddParameter): Name = "P/N"; Value = "GRM155R61A106ME11D"; VariantName = "[No Variations]"
Add component (AddParameter): Name = "Value"; Value = "10 uF"; VariantName = "[No Variations]"
Added Component: Designator=C53(C0402)
Add component (AddParameter): Name = "Case"; Value = "0402"; VariantName = "[No Variations]"
Add component (AddParameter): Name = "Component Type"; Value = "MLCC"; VariantName = "[No Variations]"
Add component (AddParameter): Name = "ComponentLink1Description"; Value = "Link"; VariantName = "[No Variations]"
Add component (AddParameter): Name = "ComponentLink1URL"; Value = ""; VariantName = "[No Variations]"
Add component (AddParameter): Name = "ComponentLink2Description"; Value = "Datasheet"; VariantName = "[No Variations]"
Add component (AddParameter): Name = "ComponentLink2URL"; Value = ""; VariantName = "[No Variations]"
Add component (AddParameter): Name = "Manufacturer"; Value = "Murata"; VariantName = "[No Variations]"
Add component (AddParameter): Name = "P/N"; Value = "GRM155C81H104ME14D"; VariantName = "[No Variations]"
Add component (AddParameter): Name = "Value"; Value = "0.1u"; VariantName = "[No Variations]"
Added Component: Designator=R4(R0402)
Add component (AddParameter): Name = "Case"; Value = ""; VariantName = "[No Variations]"
Add component (AddParameter): Name = "Component Type"; Value = ""; VariantName = "[No Variations]"
Add component (AddParameter): Name = "ComponentLink1Description"; Value = "Datasheet"; VariantName = "[No Variations]"
Add component (AddParameter): Name = "ComponentLink1URL"; Value = ""; VariantName = "[No Variations]"
Add component (AddParameter): Name = "ComponentLink2Description"; Value = "Link"; VariantName = "[No Variations]"
Add component (AddParameter): Name = "ComponentLink2URL"; Value = ""; VariantName = "[No Variations]"
Add component (AddParameter): Name = "Manufacturer"; Value = ""; VariantName = "[No Variations]"
Add component (AddParameter): Name = "P/N"; Value = ""; VariantName = "[No Variations]"
Add component (AddParameter): Name = "Value"; Value = ""; VariantName = "[No Variations]"
Added Component: Designator=R12(R0402)
Add component (AddParameter): Name = "Case"; Value = "0402"; VariantName = "[No Variations]"
Add component (AddParameter): Name = "ComponentLink1Description"; Value = "Datasheet"; VariantName = "[No Variations]"
Add component (AddParameter): Name = "ComponentLink1URL"; Value = "https://eu.mouser.com/datasheet/2/315/AOA0000C301-1488782.pdf"; VariantName = "[No Variations]"
Add component (AddParameter): Name = "ComponentLink2Description"; Value = "Link"; VariantName = "[No Variations]"
Add component (AddParameter): Name = "ComponentLink2URL"; Value = "https://eu.mouser.com/ProductDetail/Panasonic/ERJ-2GEJ101X?qs=sGAEpiMZZMvdGkrng054t8ugkoYZivkgDJYBiBKVgh4%3D"; VariantName = "[No Variations]"
Add component (AddParameter): Name = "Manufacturer"; Value = "Panasonic"; VariantName = "[No Variations]"
Add component (AddParameter): Name = "P/N"; Value = "ERJ-2GEJ101X"; VariantName = "[No Variations]"
Add component (AddParameter): Name = "Value"; Value = "100R"; VariantName = "[No Variations]"
Added Component: Designator=R32(R0402)
Add component (AddParameter): Name = "Case"; Value = "0402"; VariantName = "[No Variations]"
Add component (AddParameter): Name = "ComponentLink1Description"; Value = "Datasheet"; VariantName = "[No Variations]"
Add component (AddParameter): Name = "ComponentLink1URL"; Value = "https://eu.mouser.com/datasheet/2/210/kamaya_products_RGC__english_20170424_101024-1651573.pdf"; VariantName = "[No Variations]"
Add component (AddParameter): Name = "ComponentLink2Description"; Value = "Link"; VariantName = "[No Variations]"
Add component (AddParameter): Name = "ComponentLink2URL"; Value = "https://eu.mouser.com/ProductDetail/Kamaya/RGC1-16SC1001DTH?qs=KAq9QXcE8HAz3iV8i32W5A%3D%3D"; VariantName = "[No Variations]"
Add component (AddParameter): Name = "Manufacturer"; Value = ""; VariantName = "[No Variations]"
Add component (AddParameter): Name = "P/N"; Value = ""; VariantName = "[No Variations]"
Add component (AddParameter): Name = "Value"; Value = "1.5k"; VariantName = "[No Variations]"
Added Component: Designator=R42(R0402)
Add component (AddParameter): Name = "Case"; Value = "0402"; VariantName = "[No Variations]"
Add component (AddParameter): Name = "ComponentLink1Description"; Value = "Datasheet"; VariantName = "[No Variations]"
Add component (AddParameter): Name = "ComponentLink1URL"; Value = "https://eu.mouser.com/datasheet/2/315/AOA0000C304-1149620.pdf"; VariantName = "[No Variations]"
Add component (AddParameter): Name = "ComponentLink2Description"; Value = "Link"; VariantName = "[No Variations]"
Add component (AddParameter): Name = "ComponentLink2URL"; Value = "https://eu.mouser.com/ProductDetail/Panasonic/ERJ-2RKF2202X?qs=sGAEpiMZZMvdGkrng054t8AJgcdMkx7xGCv6QlnvaAM%3D"; VariantName = "[No Variations]"
Add component (AddParameter): Name = "Manufacturer"; Value = ""; VariantName = "[No Variations]"
Add component (AddParameter): Name = "P/N"; Value = ""; VariantName = "[No Variations]"
Add component (AddParameter): Name = "Value"; Value = ""; VariantName = "[No Variations]"
Added Component: Designator=R46(R0402)
Add component (AddParameter): Name = "Case"; Value = "0402"; VariantName = "[No Variations]"
Add component (AddParameter): Name = "ComponentLink1Description"; Value = "Datasheet"; VariantName = "[No Variations]"
Add component (AddParameter): Name = "ComponentLink1URL"; Value = "https://eu.mouser.com/datasheet/2/315/AOA0000C304-1149620.pdf"; VariantName = "[No Variations]"
Add component (AddParameter): Name = "ComponentLink2Description"; Value = "Link"; VariantName = "[No Variations]"
Add component (AddParameter): Name = "ComponentLink2URL"; Value = "https://eu.mouser.com/ProductDetail/Panasonic/ERJ-2RKF2202X?qs=sGAEpiMZZMvdGkrng054t8AJgcdMkx7xGCv6QlnvaAM%3D"; VariantName = "[No Variations]"
Add component (AddParameter): Name = "Manufacturer"; Value = ""; VariantName = "[No Variations]"
Add component (AddParameter): Name = "P/N"; Value = ""; VariantName = "[No Variations]"
Add component (AddParameter): Name = "Value"; Value = ""; VariantName = "[No Variations]"
Added Component: Designator=R48(R0402)
Add component (AddParameter): Name = "Case"; Value = "0402"; VariantName = "[No Variations]"
Add component (AddParameter): Name = "ComponentLink1Description"; Value = "Datasheet"; VariantName = "[No Variations]"
Add component (AddParameter): Name = "ComponentLink1URL"; Value = "https://eu.mouser.com/datasheet/2/315/AOA0000C304-1149620.pdf"; VariantName = "[No Variations]"
Add component (AddParameter): Name = "ComponentLink2Description"; Value = "Link"; VariantName = "[No Variations]"
Add component (AddParameter): Name = "ComponentLink2URL"; Value = "https://eu.mouser.com/ProductDetail/Panasonic/ERJ-2RKF2202X?qs=sGAEpiMZZMvdGkrng054t8AJgcdMkx7xGCv6QlnvaAM%3D"; VariantName = "[No Variations]"
Add component (AddParameter): Name = "Manufacturer"; Value = "Panasonic"; VariantName = "[No Variations]"
Add component (AddParameter): Name = "P/N"; Value = "ERJ-2RHD103X"; VariantName = "[No Variations]"
Add component (AddParameter): Name = "Value"; Value = "10 k"; VariantName = "[No Variations]"
Added Component: Designator=T1(PWB1010)
Add component (AddParameter): Name = "Case"; Value = ""; VariantName = "[No Variations]"
Add component (AddParameter): Name = "Component Type"; Value = ""; VariantName = "[No Variations]"
Add component (AddParameter): Name = "ComponentLink1Description"; Value = "Datasheet"; VariantName = "[No Variations]"
Add component (AddParameter): Name = "ComponentLink1URL"; Value = "https://eu.mouser.com/datasheet/2/597/pwb-463529.pdf"; VariantName = "[No Variations]"
Add component (AddParameter): Name = "ComponentLink2Description"; Value = "Link"; VariantName = "[No Variations]"
Add component (AddParameter): Name = "ComponentLink2URL"; Value = "https://eu.mouser.com/ProductDetail/Coilcraft/PWB1010LC?qs=ZYnrCdKdyeesEVMGru6ImA%3D%3D"; VariantName = "[No Variations]"
Add component (AddParameter): Name = "Manufacturer"; Value = "Coilcraft"; VariantName = "[No Variations]"
Add component (AddParameter): Name = "P/N"; Value = "PWB1010LC"; VariantName = "[No Variations]"
Add component (AddParameter): Name = "Value"; Value = "3.5 kHz to 125 MHz"; VariantName = "[No Variations]"
Added Component: Designator=VD1(SOT-9X3)
Add component (AddParameter): Name = "Case"; Value = "SOT-9X3"; VariantName = "[No Variations]"
Add component (AddParameter): Name = "Component Type"; Value = "ESD Suppressors / TVS Diodes"; VariantName = "[No Variations]"
Add component (AddParameter): Name = "ComponentLink1Description"; Value = "Datasheet"; VariantName = "[No Variations]"
Add component (AddParameter): Name = "ComponentLink1URL"; Value = "https://www.ti.com/lit/ds/symlink/tpd2eusb30.pdf?ts=1708175608995&ref_url=https%253A%252F%252Feu.mouser.com%252F"; VariantName = "[No Variations]"
Add component (AddParameter): Name = "ComponentLink2Description"; Value = "Link"; VariantName = "[No Variations]"
Add component (AddParameter): Name = "ComponentLink2URL"; Value = "https://eu.mouser.com/ProductDetail/Texas-Instruments/TPD2EUSB30ADRTR?qs=O1HRStiETCgOfMa6oTfOlg%3D%3D"; VariantName = "[No Variations]"
Add component (AddParameter): Name = "Manufacturer"; Value = "Texas Instruments"; VariantName = "[No Variations]"
Add component (AddParameter): Name = "P/N"; Value = "TPD2EUSB30ADRTR"; VariantName = "[No Variations]"
Add component (AddParameter): Name = "Value"; Value = "2 Channel, 4.5 V"; VariantName = "[No Variations]"
Added Component: Designator=VD3(0402_VD)
Add component (AddParameter): Name = "Case"; Value = "0402"; VariantName = "[No Variations]"
Add component (AddParameter): Name = "Component Type"; Value = "Schottky Diodes & Rectifiers"; VariantName = "[No Variations]"
Add component (AddParameter): Name = "ComponentLink1Description"; Value = "Datasheet"; VariantName = "[No Variations]"
Add component (AddParameter): Name = "ComponentLink1URL"; Value = "https://eu.mouser.com/datasheet/2/80/CDBQR40_HF_RevC811666-2488328.pdf"; VariantName = "[No Variations]"
Add component (AddParameter): Name = "ComponentLink2Description"; Value = "Link"; VariantName = "[No Variations]"
Add component (AddParameter): Name = "ComponentLink2URL"; Value = "https://eu.mouser.com/ProductDetail/Comchip-Technology/CDBQR40?qs=tw%252BuQ%2FB6PO2qnzfzuJamKw%3D%3D"; VariantName = "[No Variations]"
Add component (AddParameter): Name = "Manufacturer"; Value = "Comchip Technology"; VariantName = "[No Variations]"
Add component (AddParameter): Name = "P/N"; Value = "CDBQR40"; VariantName = "[No Variations]"
Add component (AddParameter): Name = "Value"; Value = "200mA, 40V"; VariantName = "[No Variations]"
Added Component: Designator=VD4(0402_VD)
Add component (AddParameter): Name = "Case"; Value = "0402"; VariantName = "[No Variations]"
Add component (AddParameter): Name = "Component Type"; Value = "Schottky Diodes & Rectifiers"; VariantName = "[No Variations]"
Add component (AddParameter): Name = "ComponentLink1Description"; Value = "Datasheet"; VariantName = "[No Variations]"
Add component (AddParameter): Name = "ComponentLink1URL"; Value = "https://eu.mouser.com/datasheet/2/80/CDBQR40_HF_RevC811666-2488328.pdf"; VariantName = "[No Variations]"
Add component (AddParameter): Name = "ComponentLink2Description"; Value = "Link"; VariantName = "[No Variations]"
Add component (AddParameter): Name = "ComponentLink2URL"; Value = "https://eu.mouser.com/ProductDetail/Comchip-Technology/CDBQR40?qs=tw%252BuQ%2FB6PO2qnzfzuJamKw%3D%3D"; VariantName = "[No Variations]"
Add component (AddParameter): Name = "Manufacturer"; Value = "Comchip Technology"; VariantName = "[No Variations]"
Add component (AddParameter): Name = "P/N"; Value = "CDBQR40"; VariantName = "[No Variations]"
Add component (AddParameter): Name = "Value"; Value = "200mA, 40V"; VariantName = "[No Variations]"
Added Component: Designator=VD5(SOT-9X3)
Add component (AddParameter): Name = "Case"; Value = "SOT-9X3"; VariantName = "[No Variations]"
Add component (AddParameter): Name = "Component Type"; Value = "ESD Suppressors / TVS Diodes"; VariantName = "[No Variations]"
Add component (AddParameter): Name = "ComponentLink1Description"; Value = "Datasheet"; VariantName = "[No Variations]"
Add component (AddParameter): Name = "ComponentLink1URL"; Value = "https://www.ti.com/lit/ds/symlink/tpd2eusb30.pdf?ts=1708175608995&ref_url=https%253A%252F%252Feu.mouser.com%252F"; VariantName = "[No Variations]"
Add component (AddParameter): Name = "ComponentLink2Description"; Value = "Link"; VariantName = "[No Variations]"
Add component (AddParameter): Name = "ComponentLink2URL"; Value = "https://eu.mouser.com/ProductDetail/Texas-Instruments/TPD2EUSB30ADRTR?qs=O1HRStiETCgOfMa6oTfOlg%3D%3D"; VariantName = "[No Variations]"
Add component (AddParameter): Name = "Manufacturer"; Value = "Texas Instruments"; VariantName = "[No Variations]"
Add component (AddParameter): Name = "P/N"; Value = "TPD2EUSB30ADRTR"; VariantName = "[No Variations]"
Add component (AddParameter): Name = "Value"; Value = "2 Channel, 4.5 V"; VariantName = "[No Variations]"
Added Component: Designator=VD6(0402_VD)
Add component (AddParameter): Name = "Case"; Value = "0402"; VariantName = "[No Variations]"
Add component (AddParameter): Name = "Component Type"; Value = "Schottky Diodes & Rectifiers"; VariantName = "[No Variations]"
Add component (AddParameter): Name = "ComponentLink1Description"; Value = "Datasheet"; VariantName = "[No Variations]"
Add component (AddParameter): Name = "ComponentLink1URL"; Value = "https://eu.mouser.com/datasheet/2/80/CDBQR40_HF_RevC811666-2488328.pdf"; VariantName = "[No Variations]"
Add component (AddParameter): Name = "ComponentLink2Description"; Value = "Link"; VariantName = "[No Variations]"
Add component (AddParameter): Name = "ComponentLink2URL"; Value = "https://eu.mouser.com/ProductDetail/Comchip-Technology/CDBQR40?qs=tw%252BuQ%2FB6PO2qnzfzuJamKw%3D%3D"; VariantName = "[No Variations]"
Add component (AddParameter): Name = "Manufacturer"; Value = "Comchip Technology"; VariantName = "[No Variations]"
Add component (AddParameter): Name = "P/N"; Value = "CDBQR40"; VariantName = "[No Variations]"
Add component (AddParameter): Name = "Value"; Value = "200mA, 40V"; VariantName = "[No Variations]"
Added Pin To Net: NetName=Trigger Pin=C28-1
Added Pin To Net: NetName=GND Pin=C28-2
Added Pin To Net: NetName=NetJ3_S1, S2, S3, S4 Pin=C38-1
Added Pin To Net: NetName=GNDusb Pin=C38-2
Added Pin To Net: NetName=GND Pin=C47-2
Added Pin To Net: NetName=GND Pin=C48-2
Added Pin To Net: NetName=GND Pin=C49-2
Added Pin To Net: NetName=-4.5V Pin=C52-1
Added Pin To Net: NetName=GND Pin=C52-2
Added Pin To Net: NetName=-4.5V Pin=C53-1
Added Pin To Net: NetName=GND Pin=C53-2
Added Pin To Net: NetName=+Vin Pin=DD3-C2
Added Pin To Net: NetName=GND Pin=DD3-D2
Added Pin To Net: NetName=GND Pin=L6-1
Added Pin To Net: NetName=NetDD3_A2 Pin=L6-2
Added Pin To Net: NetName=NetC9_1 Pin=R4-2
Added Pin To Net: NetName=OSC+ Pin=R12-1
Added Pin To Net: NetName=NetC27_1 Pin=R12-2
Added Pin To Net: NetName=NetDD1_6 Pin=R14-1
Added Pin To Net: NetName=D_1 Pin=R14-2
Added Pin To Net: NetName=D_11 Pin=R15-1
Added Pin To Net: NetName=NetDD1_13 Pin=R15-2
Added Pin To Net: NetName=NetDD1_7 Pin=R16-1
Added Pin To Net: NetName=D_2 Pin=R16-2
Added Pin To Net: NetName=D_12 Pin=R17-1
Added Pin To Net: NetName=NetDD1_26 Pin=R17-2
Added Pin To Net: NetName=NetDD1_8 Pin=R18-1
Added Pin To Net: NetName=D_3 Pin=R18-2
Added Pin To Net: NetName=D_13 Pin=R19-1
Added Pin To Net: NetName=NetDD1_27 Pin=R19-2
Added Pin To Net: NetName=NetDD1_9 Pin=R20-1
Added Pin To Net: NetName=D_4 Pin=R20-2
Added Pin To Net: NetName=OTR Pin=R21-1
Added Pin To Net: NetName=NetDD1_28 Pin=R21-2
Added Pin To Net: NetName=NetDD1_10 Pin=R22-1
Added Pin To Net: NetName=D_5 Pin=R22-2
Added Pin To Net: NetName=ADC_CLK Pin=R23-1
Added Pin To Net: NetName=NetDD1_29 Pin=R23-2
Added Pin To Net: NetName=NetDD1_11 Pin=R24-1
Added Pin To Net: NetName=D_6 Pin=R24-2
Added Pin To Net: NetName=USB_Pin Pin=R25-1
Added Pin To Net: NetName=NetDD1_30 Pin=R25-2
Added Pin To Net: NetName=NetDD1_12 Pin=R26-1
Added Pin To Net: NetName=D_7 Pin=R26-2
Added Pin To Net: NetName=NetDD1_18 Pin=R27-1
Added Pin To Net: NetName=D_8 Pin=R27-2
Added Pin To Net: NetName=NetDD1_19 Pin=R28-1
Added Pin To Net: NetName=D_9 Pin=R28-2
Added Pin To Net: NetName=NetDD1_20 Pin=R29-1
Added Pin To Net: NetName=D_10 Pin=R29-2
Added Pin To Net: NetName=Trigger Pin=R31-1
Added Pin To Net: NetName=NetDD1_4 Pin=R31-2
Added Pin To Net: NetName=NetDD1_25 Pin=R32-1
Added Pin To Net: NetName=PWM_LED Pin=R32-2
Added Pin To Net: NetName=GND Pin=R42-1
Added Pin To Net: NetName=NetDD3_D4 Pin=R42-2
Added Pin To Net: NetName=NetDD3_E2 Pin=R46-1
Added Pin To Net: NetName=-4.5V Pin=R46-2
Added Pin To Net: NetName=GND Pin=R48-2
Added Pin To Net: NetName=NetJ2_1 Pin=T1-1
Added Pin To Net: NetName=GND Pin=T1-4
Added Pin To Net: NetName=Signal_P Pin=VD1-1
Added Pin To Net: NetName=Signal_N Pin=VD1-2
Added Pin To Net: NetName=GND Pin=VD1-3
Added Pin To Net: NetName=Trigger Pin=VD3-2
Added Pin To Net: NetName=GND Pin=VD4-1
Added Pin To Net: NetName=UD_N Pin=VD5-1
Added Pin To Net: NetName=UD_P Pin=VD5-2
Added Pin To Net: NetName=GNDusb Pin=VD5-3
Added Pin To Net: NetName=NetDD3_A3, B3 Pin=VD6-1
Change Net Name : Old Net Name=-4.5V New Net Name=-Vneg
Change Net Name : Old Net Name=NetC9_1 New Net Name=NetJ1_1
Change Net Name : Old Net Name=NetC10_1 New Net Name=NetC9_1
Change Net Name : Old Net Name=NetC10_2 New Net Name=NetC9_2
Change Net Name : Old Net Name=NetC30_1 New Net Name=NetC31_1
Change Net Name : Old Net Name=NetC35_1 New Net Name=NetC36_1
Change Net Name : Old Net Name=NetC36_2 New Net Name=NetC37_2
Change Net Name : Old Net Name=NetC40_1 New Net Name=NetC55_1
Change Net Name : Old Net Name=NetC46_2 New Net Name=NetC57_2
Change Net Name : Old Net Name=NetC47_1 New Net Name=NetC58_1
Change Net Name : Old Net Name=NetC54_1 New Net Name=NetC50_1
Change Net Name : Old Net Name=NetC55_1 New Net Name=NetC51_1
Change Net Name : Old Net Name=NetC56_2 New Net Name=NetC41_2
Change Net Name : Old Net Name=NetJ3_S1, S2, S3, S4 New Net Name=NetC38_1
Added Pin To Net: NetName=+Vboost Pin=C2-2
Added Pin To Net: NetName=+Vboost Pin=C47-1
Added Pin To Net: NetName=+Vboost Pin=C48-1
Added Pin To Net: NetName=+Vboost Pin=DA1-14
Added Pin To Net: NetName=+Vboost Pin=R41-2
Added Pin To Net: NetName=+Vboost Pin=VD6-2
Added Net: Name=+Vboost
Added Pin To Net: NetName=NetC10_1 Pin=C10-1
Added Pin To Net: NetName=NetC10_1 Pin=R4-1
Added Net: Name=NetC10_1
Added Pin To Net: NetName=NetC49_1 Pin=C49-1
Added Pin To Net: NetName=NetC49_1 Pin=DD3-E3
Added Pin To Net: NetName=NetC49_1 Pin=R43-2
Added Net: Name=NetC49_1
Added Pin To Net: NetName=NetDD3_D3 Pin=DD3-D3
Added Pin To Net: NetName=NetDD3_D3 Pin=R48-1
Added Net: Name=NetDD3_D3
Added Pin To Net: NetName=NetJ2_2 Pin=J2-2
Added Pin To Net: NetName=NetJ2_2 Pin=J2-2
Added Pin To Net: NetName=NetJ2_2 Pin=J2-2
Added Pin To Net: NetName=NetJ2_2 Pin=J2-2
Added Pin To Net: NetName=NetJ2_2 Pin=R33-2
Added Net: Name=NetJ2_2
Added Pin To Net: NetName=NetR30_1 Pin=R30-1
Added Pin To Net: NetName=NetR30_1 Pin=T1-6
Added Net: Name=NetR30_1
Added Pin To Net: NetName=NetR30_2 Pin=R30-2
Added Pin To Net: NetName=NetR30_2 Pin=VD3-1
Added Pin To Net: NetName=NetR30_2 Pin=VD4-2
Added Net: Name=NetR30_2
Added Pin To Net: NetName=NetR33_1 Pin=R33-1
Added Pin To Net: NetName=NetR33_1 Pin=T1-3
Added Net: Name=NetR33_1
Added Member To Class: ClassName=Main Member=Component C28 10p
Added Member To Class: ClassName=Power Member=Component C60 10 uF
Added Member To Class: ClassName=Power Member=Component C61 0.1u
Added Member To Class: ClassName=Main Member=Component R32 1.5k
Added Member To Class: ClassName=Main Member=Component R33 1.5k
Added Member To Class: ClassName=Power Member=Component R48 10 k
Added Member To Class: ClassName=Power Member=Component R49 10 k
Added Member To Class: ClassName=Power Member=Component S1 MS130-10S
Added Member To Class: ClassName=Power Member=Component S2 MS130-10S
Added Member To Class: ClassName=Main Member=Component T1 PWB1010LC
Added Member To Class: ClassName=Main Member=Component VD2 WS2812C
Added Member To Class: ClassName=Main Member=Component VD3 CDBQR40
Added Member To Class: ClassName=Main Member=Component VD4 CDBQR40
Added Member To Class: ClassName=Power Member=Component VD5 TPD2EUSB30ADRTR
Added Member To Class: ClassName=Power Member=Component VD6 CDBQR40
Change Room Name: Old Name=Power_1 New Name=Power
