Added Member To Class: ClassName=Digital Member=Component C3 *
Added Member To Class: ClassName=Digital Member=Component C4 *
Added Member To Class: ClassName=Digital Member=Component C10 *
Added Member To Class: ClassName=Digital Member=Component C11 4.7u
Added Member To Class: ClassName=Digital Member=Component C12 100n
Added Member To Class: ClassName=Digital Member=Component C13 *
Added Member To Class: ClassName=Digital Member=Component C15 *
Added Member To Class: ClassName=Digital Member=Component C17 *
Added Member To Class: ClassName=Digital Member=Component C19 *
Added Member To Class: ClassName=Digital Member=Component C20 4.7u
Added Member To Class: ClassName=Digital Member=Component C22 100n
Added Member To Class: ClassName=Digital Member=Component C24 *
Added Member To Class: ClassName=Digital Member=Component C26 *
Added Member To Class: ClassName=Digital Member=Component C28 *
Added Member To Class: ClassName=Digital Member=Component R16 *
Added Member To Class: ClassName=Digital Member=Component R17 *
Added Member To Class: ClassName=Digital Member=Component R18 1M
Added Member To Class: ClassName=Digital Member=Component R21 *
Added Member To Class: ClassName=Digital Member=Component R27 *
Added Room: Name=Digital
