Removed Pin From Net: NetName=USB_N Pin=DD2-6
Removed Pin From Net: NetName=USB_P Pin=DD2-7
Removed Pin From Net: NetName=USB_N Pin=R32-2
Removed Pin From Net: NetName=USB_P Pin=R33-2
Added Pin To Net: NetName=UD_N Pin=DD2-6
Added Pin To Net: NetName=UD_N Pin=R32-2
Added Net: Name=UD_N
Added Pin To Net: NetName=UD_P Pin=DD2-7
Added Pin To Net: NetName=UD_P Pin=R33-2
Added Net: Name=UD_P
Added Differential Pair: Name=UD
Added Member To Class: ClassName=Power Member=Component C28 10 uF
Added Member To Class: ClassName=Power Member=Component C30 10 uF
Added Member To Class: ClassName=Power Member=Component C31 0.1u
Added Member To Class: ClassName=Power Member=Component C33 0.1u
Added Member To Class: ClassName=Power Member=Component C35 0.1u
Added Member To Class: ClassName=Power Member=Component C36 0.1u
Added Member To Class: ClassName=Power Member=Component C37 10 uF
Added Member To Class: ClassName=Power Member=Component C39 10 uF
Added Member To Class: ClassName=Power Member=Component C40 10 uF
Added Member To Class: ClassName=Power Member=Component C43 10 uF
Added Member To Class: ClassName=Power Member=Component C44 0.1u
Added Member To Class: ClassName=Power Member=Component C47 10 uF
Added Member To Class: ClassName=Power Member=Component C48 0.1u
Added Member To Class: ClassName=Power Member=Component C49 10 uF
Added Member To Class: ClassName=Power Member=Component C50 0.1u
Added Member To Class: ClassName=Power Member=Component C51 0.1u
Added Member To Class: ClassName=Power Member=Component C52 10 uF
Added Member To Class: ClassName=Power Member=Component C53 0.1u
Added Member To Class: ClassName=Power Member=Component C54 0.1u
Added Member To Class: ClassName=Power Member=Component C55 0.1u
Added Member To Class: ClassName=Power Member=Component DD2 ISOUSB111DWXR
Added Member To Class: ClassName=Main Member=Component R11 10 k
Added Member To Class: ClassName=Main Member=Component R13 1.5k
Added Member To Class: ClassName=Main Member=Component R16 1.5k
Added Member To Class: ClassName=Main Member=Component R18 1.5k
Added Member To Class: ClassName=Main Member=Component R20 1.5k
Added Member To Class: ClassName=Main Member=Component R22 1.5k
Added Member To Class: ClassName=Main Member=Component R24 1.5k
Added Member To Class: ClassName=Power Member=Component R35 5k1
Added Member To Class: ClassName=Power Member=Component R36 1 M
Added Member To Class: ClassName=Power Member=Component R37 22 R
Added Member To Class: ClassName=Power Member=Component R38 22 R
Added Member To Class: ClassName=Power Member=Component R40 10 k
Added Member To Class: ClassName=Power Member=Component R42 10 k
Added Room: Name=Main
Added Room: Name=Power
