Change Component Designator: Old Designator=C23 New Designator=C24
Change Component Designator: Old Designator=C24 New Designator=C25
Change Component Designator: Old Designator=C25 New Designator=C26
Change Component Designator: Old Designator=C51 New Designator=C23
Change Component Designator: Old Designator=R2 New Designator=R6
Change Component Designator: Old Designator=R3 New Designator=R2
Change Component Designator: Old Designator=R4 New Designator=R3
Change Component Designator: Old Designator=R5 New Designator=R4
Change Component Designator: Old Designator=R6 New Designator=R5
Change Component Designator: Old Designator=R10 New Designator=R12
Change Component Designator: Old Designator=R11 New Designator=R13
Change Component Designator: Old Designator=R12 New Designator=R14
Change Component Designator: Old Designator=R14 New Designator=R15
Change Component Designator: Old Designator=R15 New Designator=R16
Change Component Designator: Old Designator=R16 New Designator=R17
Change Component Designator: Old Designator=R17 New Designator=R18
Change Component Designator: Old Designator=R18 New Designator=R19
Change Component Designator: Old Designator=R19 New Designator=R20
Change Component Designator: Old Designator=R20 New Designator=R21
Change Component Designator: Old Designator=R21 New Designator=R22
Change Component Designator: Old Designator=R22 New Designator=R23
Change Component Designator: Old Designator=R23 New Designator=R24
Change Component Designator: Old Designator=R24 New Designator=R25
Change Component Designator: Old Designator=R25 New Designator=R26
Change Component Designator: Old Designator=R26 New Designator=R27
Change Component Designator: Old Designator=R27 New Designator=R28
Change Component Designator: Old Designator=R28 New Designator=R29
Change Component Designator: Old Designator=R29 New Designator=R30
Change Component Designator: Old Designator=R30 New Designator=R31
Change Component Designator: Old Designator=R31 New Designator=R32
Change Component Designator: Old Designator=R? New Designator=R10
Change Component Designator: Old Designator=R? New Designator=R11
Change Component Designator: Old Designator=TP2 New Designator=TP1
Change Component Designator: Old Designator=TP3 New Designator=TP2
Change Component Designator: Old Designator=TP4 New Designator=TP3
Change Component Designator: Old Designator=TP5 New Designator=TP4
Change Component Designator: Old Designator=VD2 New Designator=VD1
