Change Component Designator: Old Designator=C28 New Designator=C29
Change Component Designator: Old Designator=C29 New Designator=C30
Change Component Designator: Old Designator=C30 New Designator=C31
Change Component Designator: Old Designator=C31 New Designator=C32
Change Component Designator: Old Designator=C32 New Designator=C33
Change Component Designator: Old Designator=C33 New Designator=C34
Change Component Designator: Old Designator=C34 New Designator=C35
Change Component Designator: Old Designator=C35 New Designator=C36
Change Component Designator: Old Designator=C36 New Designator=C37
Change Component Designator: Old Designator=C37 New Designator=C45
Change Component Designator: Old Designator=C38 New Designator=C46
Change Component Designator: Old Designator=C39 New Designator=C54
Change Component Designator: Old Designator=C40 New Designator=C55
Change Component Designator: Old Designator=C41 New Designator=C56
Change Component Designator: Old Designator=C46 New Designator=C57
Change Component Designator: Old Designator=C47 New Designator=C58
Change Component Designator: Old Designator=C48 New Designator=C59
Change Component Designator: Old Designator=C49 New Designator=C60
Change Component Designator: Old Designator=C50 New Designator=C61
Change Component Designator: Old Designator=C52 New Designator=C39
Change Component Designator: Old Designator=C53 New Designator=C40
Change Component Designator: Old Designator=C54 New Designator=C50
Change Component Designator: Old Designator=C55 New Designator=C51
Change Component Designator: Old Designator=C56 New Designator=C41
Change Component Designator: Old Designator=C57 New Designator=C42
Change Component Designator: Old Designator=C58 New Designator=C43
Change Component Designator: Old Designator=C59 New Designator=C44
Change Component Designator: Old Designator=C? New Designator=C38
Change Component Designator: Old Designator=C? New Designator=C47
Change Component Designator: Old Designator=C? New Designator=C48
Change Component Designator: Old Designator=C? New Designator=C49
Change Component Designator: Old Designator=C? New Designator=C52
Change Component Designator: Old Designator=C? New Designator=C53
Change Component Designator: Old Designator=DD? New Designator=DD3
Change Component Designator: Old Designator=L? New Designator=L2
Change Component Designator: Old Designator=R32 New Designator=R34
Change Component Designator: Old Designator=R33 New Designator=R35
Change Component Designator: Old Designator=R34 New Designator=R37
Change Component Designator: Old Designator=R35 New Designator=R38
Change Component Designator: Old Designator=R37 New Designator=R39
Change Component Designator: Old Designator=R38 New Designator=R40
Change Component Designator: Old Designator=R40 New Designator=R47
Change Component Designator: Old Designator=R42 New Designator=R49
Change Component Designator: Old Designator=R45 New Designator=R44
Change Component Designator: Old Designator=R46 New Designator=R45
Change Component Designator: Old Designator=R? New Designator=R41
Change Component Designator: Old Designator=R? New Designator=R42
Change Component Designator: Old Designator=R? New Designator=R43
Change Component Designator: Old Designator=R? New Designator=R46
Change Component Designator: Old Designator=R? New Designator=R48
Change Component Designator: Old Designator=S? New Designator=S1
Change Component Designator: Old Designator=S? New Designator=S2
Change Component Designator: Old Designator=U1 New Designator=U2
Change Component Designator: Old Designator=U2 New Designator=U1
Change Component Designator: Old Designator=VD3 New Designator=VD7
Change Component Designator: Old Designator=VD? New Designator=VD5
Change Component Designator: Old Designator=VD? New Designator=VD6
