Change Component Designator: Old Designator=C38 New Designator=C1
Change Component Designator: Old Designator=C39 New Designator=C2
Change Component Designator: Old Designator=C40 New Designator=C3
Change Component Designator: Old Designator=C41 New Designator=C4
Change Component Designator: Old Designator=C42 New Designator=C5
Change Component Designator: Old Designator=C43 New Designator=C6
Change Component Designator: Old Designator=C44 New Designator=C7
Change Component Designator: Old Designator=C45 New Designator=C8
Change Component Designator: Old Designator=C46 New Designator=C9
Change Component Designator: Old Designator=C47 New Designator=C10
Change Component Designator: Old Designator=C48 New Designator=C11
Change Component Designator: Old Designator=C49 New Designator=C12
Change Component Designator: Old Designator=C50 New Designator=C13
Change Component Designator: Old Designator=C51 New Designator=C14
Change Component Designator: Old Designator=C52 New Designator=C15
Change Component Designator: Old Designator=C53 New Designator=C16
Change Component Designator: Old Designator=C54 New Designator=C17
Change Component Designator: Old Designator=C55 New Designator=C18
Change Component Designator: Old Designator=C56 New Designator=C19
Change Component Designator: Old Designator=C57 New Designator=C20
Change Component Designator: Old Designator=C58 New Designator=C21
Change Component Designator: Old Designator=C59 New Designator=C22
Change Component Designator: Old Designator=C60 New Designator=C23
Change Component Designator: Old Designator=C61 New Designator=C24
Change Component Designator: Old Designator=C62 New Designator=C25
Change Component Designator: Old Designator=C63 New Designator=C26
Change Component Designator: Old Designator=C64 New Designator=C27
Change Component Designator: Old Designator=C65 New Designator=C28
Change Component Designator: Old Designator=C66 New Designator=C29
Change Component Designator: Old Designator=C67 New Designator=C30
Change Component Designator: Old Designator=C68 New Designator=C31
Change Component Designator: Old Designator=C69 New Designator=C32
Change Component Designator: Old Designator=C70 New Designator=C33
Change Component Designator: Old Designator=C71 New Designator=C34
Change Component Designator: Old Designator=C72 New Designator=C35
Change Component Designator: Old Designator=C73 New Designator=C36
Change Component Designator: Old Designator=C74 New Designator=C37
Change Component Designator: Old Designator=C75 New Designator=C38
Change Component Designator: Old Designator=DA3 New Designator=DA1
Change Component Designator: Old Designator=DD2 New Designator=DD1
Change Component Designator: Old Designator=DD3 New Designator=DD2
Change Component Designator: Old Designator=F? New Designator=F1
Change Component Designator: Old Designator=J3 New Designator=J1
Change Component Designator: Old Designator=R40 New Designator=R1
Change Component Designator: Old Designator=R41 New Designator=R2
Change Component Designator: Old Designator=R42 New Designator=R3
Change Component Designator: Old Designator=R43 New Designator=R4
Change Component Designator: Old Designator=R44 New Designator=R5
Change Component Designator: Old Designator=R45 New Designator=R6
Change Component Designator: Old Designator=R46 New Designator=R7
Change Component Designator: Old Designator=R47 New Designator=R8
Change Component Designator: Old Designator=R48 New Designator=R9
Change Component Designator: Old Designator=R49 New Designator=R10
Change Component Designator: Old Designator=R50 New Designator=R11
Change Component Designator: Old Designator=R51 New Designator=R12
Change Component Designator: Old Designator=R52 New Designator=R13
Change Component Designator: Old Designator=R53 New Designator=R14
Change Component Designator: Old Designator=R54 New Designator=R15
Change Component Designator: Old Designator=R55 New Designator=R16
Change Component Designator: Old Designator=TP4 New Designator=TP1
Change Component Designator: Old Designator=VD5 New Designator=VD1
Change Component Designator: Old Designator=VD6 New Designator=VD2
Change Component Designator: Old Designator=VD7 New Designator=VD3
