Change Component Designator: Old Designator=C29 New Designator=C28
Change Component Designator: Old Designator=C30 New Designator=C29
Change Component Designator: Old Designator=C31 New Designator=C30
Change Component Designator: Old Designator=C32 New Designator=C31
Change Component Designator: Old Designator=C33 New Designator=C32
Change Component Designator: Old Designator=C35 New Designator=C37
Change Component Designator: Old Designator=C36 New Designator=C38
Change Component Designator: Old Designator=C37 New Designator=C39
Change Component Designator: Old Designator=C38 New Designator=C40
Change Component Designator: Old Designator=C39 New Designator=C41
Change Component Designator: Old Designator=C40 New Designator=C42
Change Component Designator: Old Designator=C41 New Designator=C43
Change Component Designator: Old Designator=C42 New Designator=C44
Change Component Designator: Old Designator=C43 New Designator=C45
Change Component Designator: Old Designator=C44 New Designator=C46
Change Component Designator: Old Designator=C45 New Designator=C47
Change Component Designator: Old Designator=C46 New Designator=C48
Change Component Designator: Old Designator=C47 New Designator=C49
Change Component Designator: Old Designator=C48 New Designator=C50
Change Component Designator: Old Designator=C49 New Designator=C51
Change Component Designator: Old Designator=C50 New Designator=C52
Change Component Designator: Old Designator=C51 New Designator=C53
Change Component Designator: Old Designator=C52 New Designator=C54
Change Component Designator: Old Designator=C53 New Designator=C55
Change Component Designator: Old Designator=C54 New Designator=C56
Change Component Designator: Old Designator=C55 New Designator=C57
Change Component Designator: Old Designator=C56 New Designator=C58
Change Component Designator: Old Designator=C57 New Designator=C59
Change Component Designator: Old Designator=C? New Designator=C33
Change Component Designator: Old Designator=C? New Designator=C35
Change Component Designator: Old Designator=C? New Designator=C36
Change Component Designator: Old Designator=DD2 New Designator=DD3
Change Component Designator: Old Designator=DD? New Designator=DD2
Change Component Designator: Old Designator=J? New Designator=J3
Change Component Designator: Old Designator=R35 New Designator=R39
Change Component Designator: Old Designator=R36 New Designator=R40
Change Component Designator: Old Designator=R37 New Designator=R41
Change Component Designator: Old Designator=R38 New Designator=R42
Change Component Designator: Old Designator=R39 New Designator=R43
Change Component Designator: Old Designator=R40 New Designator=R44
Change Component Designator: Old Designator=R41 New Designator=R45
Change Component Designator: Old Designator=R42 New Designator=R46
Change Component Designator: Old Designator=R? New Designator=R34
Change Component Designator: Old Designator=R? New Designator=R35
Change Component Designator: Old Designator=R? New Designator=R36
Change Component Designator: Old Designator=R? New Designator=R37
Change Component Designator: Old Designator=R? New Designator=R38
